[2024-02-10T15:00:13.887+0000] {taskinstance.py:1083} INFO - Dependencies all met for <TaskInstance: defaultargs.tsk3 scheduled__2024-02-10T14:00:00+00:00 [queued]>
[2024-02-10T15:00:13.899+0000] {taskinstance.py:1083} INFO - Dependencies all met for <TaskInstance: defaultargs.tsk3 scheduled__2024-02-10T14:00:00+00:00 [queued]>
[2024-02-10T15:00:13.900+0000] {taskinstance.py:1279} INFO - 
--------------------------------------------------------------------------------
[2024-02-10T15:00:13.900+0000] {taskinstance.py:1280} INFO - Starting attempt 1 of 2
[2024-02-10T15:00:13.900+0000] {taskinstance.py:1281} INFO - 
--------------------------------------------------------------------------------
[2024-02-10T15:00:13.915+0000] {taskinstance.py:1300} INFO - Executing <Task(BashOperator): tsk3> on 2024-02-10 14:00:00+00:00
[2024-02-10T15:00:13.921+0000] {standard_task_runner.py:55} INFO - Started process 11909 to run task
[2024-02-10T15:00:13.926+0000] {standard_task_runner.py:82} INFO - Running: ['***', 'tasks', 'run', 'defaultargs', 'tsk3', 'scheduled__2024-02-10T14:00:00+00:00', '--job-id', '890', '--raw', '--subdir', 'DAGS_FOLDER/defaultargs.py', '--cfg-path', '/tmp/tmpct6f6u9b']
[2024-02-10T15:00:13.926+0000] {standard_task_runner.py:83} INFO - Job 890: Subtask tsk3
[2024-02-10T15:00:14.030+0000] {task_command.py:388} INFO - Running <TaskInstance: defaultargs.tsk3 scheduled__2024-02-10T14:00:00+00:00 [running]> on host f8c98ce69515
[2024-02-10T15:00:14.138+0000] {taskinstance.py:1509} INFO - Exporting the following env vars:
AIRFLOW_CTX_DAG_EMAIL=teste@teste.com
AIRFLOW_CTX_DAG_OWNER=***
AIRFLOW_CTX_DAG_ID=defaultargs
AIRFLOW_CTX_TASK_ID=tsk3
AIRFLOW_CTX_EXECUTION_DATE=2024-02-10T14:00:00+00:00
AIRFLOW_CTX_TRY_NUMBER=1
AIRFLOW_CTX_DAG_RUN_ID=scheduled__2024-02-10T14:00:00+00:00
[2024-02-10T15:00:14.140+0000] {subprocess.py:63} INFO - Tmp dir root location: 
 /tmp
[2024-02-10T15:00:14.141+0000] {subprocess.py:75} INFO - Running command: ['/bin/bash', '-c', 'sleep 5']
[2024-02-10T15:00:14.153+0000] {subprocess.py:86} INFO - Output:
[2024-02-10T15:00:19.158+0000] {subprocess.py:97} INFO - Command exited with return code 0
[2024-02-10T15:00:19.203+0000] {taskinstance.py:1323} INFO - Marking task as SUCCESS. dag_id=defaultargs, task_id=tsk3, execution_date=20240210T140000, start_date=20240210T150013, end_date=20240210T150019
[2024-02-10T15:00:19.248+0000] {local_task_job.py:208} INFO - Task exited with return code 0
[2024-02-10T15:00:19.267+0000] {taskinstance.py:2578} INFO - 0 downstream tasks scheduled from follow-on schedule check
