[2024-02-12T12:00:31.517+0000] {taskinstance.py:1083} INFO - Dependencies all met for <TaskInstance: defaultargs.tsk1 scheduled__2024-02-12T11:00:00+00:00 [queued]>
[2024-02-12T12:00:31.619+0000] {taskinstance.py:1083} INFO - Dependencies all met for <TaskInstance: defaultargs.tsk1 scheduled__2024-02-12T11:00:00+00:00 [queued]>
[2024-02-12T12:00:31.619+0000] {taskinstance.py:1279} INFO - 
--------------------------------------------------------------------------------
[2024-02-12T12:00:31.619+0000] {taskinstance.py:1280} INFO - Starting attempt 1 of 4
[2024-02-12T12:00:31.620+0000] {taskinstance.py:1281} INFO - 
--------------------------------------------------------------------------------
[2024-02-12T12:00:31.752+0000] {taskinstance.py:1300} INFO - Executing <Task(BashOperator): tsk1> on 2024-02-12 11:00:00+00:00
[2024-02-12T12:00:31.799+0000] {standard_task_runner.py:55} INFO - Started process 1887 to run task
[2024-02-12T12:00:31.820+0000] {standard_task_runner.py:82} INFO - Running: ['***', 'tasks', 'run', 'defaultargs', 'tsk1', 'scheduled__2024-02-12T11:00:00+00:00', '--job-id', '1057', '--raw', '--subdir', 'DAGS_FOLDER/defaultargs.py', '--cfg-path', '/tmp/tmpq6ncm1_3']
[2024-02-12T12:00:31.838+0000] {standard_task_runner.py:83} INFO - Job 1057: Subtask tsk1
[2024-02-12T12:00:33.112+0000] {task_command.py:388} INFO - Running <TaskInstance: defaultargs.tsk1 scheduled__2024-02-12T11:00:00+00:00 [running]> on host 253264584ea3
[2024-02-12T12:00:38.127+0000] {taskinstance.py:1509} INFO - Exporting the following env vars:
AIRFLOW_CTX_DAG_EMAIL=teste@teste.com
AIRFLOW_CTX_DAG_OWNER=***
AIRFLOW_CTX_DAG_ID=defaultargs
AIRFLOW_CTX_TASK_ID=tsk1
AIRFLOW_CTX_EXECUTION_DATE=2024-02-12T11:00:00+00:00
AIRFLOW_CTX_TRY_NUMBER=1
AIRFLOW_CTX_DAG_RUN_ID=scheduled__2024-02-12T11:00:00+00:00
[2024-02-12T12:00:40.074+0000] {subprocess.py:63} INFO - Tmp dir root location: 
 /tmp
[2024-02-12T12:00:40.092+0000] {subprocess.py:75} INFO - Running command: ['/bin/bash', '-c', 'sleep 5']
[2024-02-12T12:00:40.272+0000] {subprocess.py:86} INFO - Output:
[2024-02-12T12:00:45.400+0000] {subprocess.py:97} INFO - Command exited with return code 0
[2024-02-12T12:00:45.553+0000] {taskinstance.py:1323} INFO - Marking task as SUCCESS. dag_id=defaultargs, task_id=tsk1, execution_date=20240212T110000, start_date=20240212T120031, end_date=20240212T120045
[2024-02-12T12:00:45.714+0000] {local_task_job.py:208} INFO - Task exited with return code 0
[2024-02-12T12:00:45.933+0000] {taskinstance.py:2578} INFO - 1 downstream tasks scheduled from follow-on schedule check
