[2024-02-02T12:02:19.351+0000] {taskinstance.py:1083} INFO - Dependencies all met for <TaskInstance: branch.par_task manual__2024-02-02T12:02:15.684438+00:00 [queued]>
[2024-02-02T12:02:19.366+0000] {taskinstance.py:1083} INFO - Dependencies all met for <TaskInstance: branch.par_task manual__2024-02-02T12:02:15.684438+00:00 [queued]>
[2024-02-02T12:02:19.366+0000] {taskinstance.py:1279} INFO - 
--------------------------------------------------------------------------------
[2024-02-02T12:02:19.367+0000] {taskinstance.py:1280} INFO - Starting attempt 1 of 1
[2024-02-02T12:02:19.367+0000] {taskinstance.py:1281} INFO - 
--------------------------------------------------------------------------------
[2024-02-02T12:02:19.382+0000] {taskinstance.py:1300} INFO - Executing <Task(BashOperator): par_task> on 2024-02-02 12:02:15.684438+00:00
[2024-02-02T12:02:19.388+0000] {standard_task_runner.py:55} INFO - Started process 4804 to run task
[2024-02-02T12:02:19.391+0000] {standard_task_runner.py:82} INFO - Running: ['***', 'tasks', 'run', 'branch', 'par_task', 'manual__2024-02-02T12:02:15.684438+00:00', '--job-id', '566', '--raw', '--subdir', 'DAGS_FOLDER/branchs.py', '--cfg-path', '/tmp/tmpo4mdyi6g']
[2024-02-02T12:02:19.392+0000] {standard_task_runner.py:83} INFO - Job 566: Subtask par_task
[2024-02-02T12:02:19.478+0000] {task_command.py:388} INFO - Running <TaskInstance: branch.par_task manual__2024-02-02T12:02:15.684438+00:00 [running]> on host 5b3777e64f6c
[2024-02-02T12:02:19.625+0000] {taskinstance.py:1509} INFO - Exporting the following env vars:
AIRFLOW_CTX_DAG_OWNER=***
AIRFLOW_CTX_DAG_ID=branch
AIRFLOW_CTX_TASK_ID=par_task
AIRFLOW_CTX_EXECUTION_DATE=2024-02-02T12:02:15.684438+00:00
AIRFLOW_CTX_TRY_NUMBER=1
AIRFLOW_CTX_DAG_RUN_ID=manual__2024-02-02T12:02:15.684438+00:00
[2024-02-02T12:02:19.630+0000] {subprocess.py:63} INFO - Tmp dir root location: 
 /tmp
[2024-02-02T12:02:19.632+0000] {subprocess.py:75} INFO - Running command: ['/bin/bash', '-c', 'sleep 5']
[2024-02-02T12:02:19.650+0000] {subprocess.py:86} INFO - Output:
[2024-02-02T12:02:24.657+0000] {subprocess.py:97} INFO - Command exited with return code 0
[2024-02-02T12:02:24.737+0000] {taskinstance.py:1323} INFO - Marking task as SUCCESS. dag_id=branch, task_id=par_task, execution_date=20240202T120215, start_date=20240202T120219, end_date=20240202T120224
[2024-02-02T12:02:24.794+0000] {local_task_job.py:208} INFO - Task exited with return code 0
[2024-02-02T12:02:24.821+0000] {taskinstance.py:2578} INFO - 0 downstream tasks scheduled from follow-on schedule check
