[2024-01-24T11:44:21.798+0000] {taskinstance.py:1083} INFO - Dependencies all met for <TaskInstance: daggroup.Ingestão.tsk7 manual__2024-01-24T11:43:54.828201+00:00 [queued]>
[2024-01-24T11:44:21.820+0000] {taskinstance.py:1083} INFO - Dependencies all met for <TaskInstance: daggroup.Ingestão.tsk7 manual__2024-01-24T11:43:54.828201+00:00 [queued]>
[2024-01-24T11:44:21.821+0000] {taskinstance.py:1279} INFO - 
--------------------------------------------------------------------------------
[2024-01-24T11:44:21.821+0000] {taskinstance.py:1280} INFO - Starting attempt 1 of 1
[2024-01-24T11:44:21.821+0000] {taskinstance.py:1281} INFO - 
--------------------------------------------------------------------------------
[2024-01-24T11:44:21.850+0000] {taskinstance.py:1300} INFO - Executing <Task(BashOperator): Ingestão.tsk7> on 2024-01-24 11:43:54.828201+00:00
[2024-01-24T11:44:21.859+0000] {standard_task_runner.py:55} INFO - Started process 5773 to run task
[2024-01-24T11:44:21.864+0000] {standard_task_runner.py:82} INFO - Running: ['***', 'tasks', 'run', 'daggroup', 'Ingestão.tsk7', 'manual__2024-01-24T11:43:54.828201+00:00', '--job-id', '69', '--raw', '--subdir', 'DAGS_FOLDER/daggroup.py', '--cfg-path', '/tmp/tmprpq2o7em']
[2024-01-24T11:44:21.865+0000] {standard_task_runner.py:83} INFO - Job 69: Subtask Ingestão.tsk7
[2024-01-24T11:44:21.979+0000] {task_command.py:388} INFO - Running <TaskInstance: daggroup.Ingestão.tsk7 manual__2024-01-24T11:43:54.828201+00:00 [running]> on host cd1b9fd02609
[2024-01-24T11:44:22.197+0000] {taskinstance.py:1509} INFO - Exporting the following env vars:
AIRFLOW_CTX_DAG_OWNER=***
AIRFLOW_CTX_DAG_ID=daggroup
AIRFLOW_CTX_TASK_ID=Ingestão.tsk7
AIRFLOW_CTX_EXECUTION_DATE=2024-01-24T11:43:54.828201+00:00
AIRFLOW_CTX_TRY_NUMBER=1
AIRFLOW_CTX_DAG_RUN_ID=manual__2024-01-24T11:43:54.828201+00:00
[2024-01-24T11:44:22.199+0000] {subprocess.py:63} INFO - Tmp dir root location: 
 /tmp
[2024-01-24T11:44:22.199+0000] {subprocess.py:75} INFO - Running command: ['/bin/bash', '-c', 'sleep 5']
[2024-01-24T11:44:22.243+0000] {subprocess.py:86} INFO - Output:
[2024-01-24T11:44:27.252+0000] {subprocess.py:97} INFO - Command exited with return code 0
[2024-01-24T11:44:27.300+0000] {taskinstance.py:1323} INFO - Marking task as SUCCESS. dag_id=daggroup, task_id=Ingestão.tsk7, execution_date=20240124T114354, start_date=20240124T114421, end_date=20240124T114427
[2024-01-24T11:44:27.358+0000] {local_task_job.py:208} INFO - Task exited with return code 0
[2024-01-24T11:44:27.390+0000] {taskinstance.py:2578} INFO - 0 downstream tasks scheduled from follow-on schedule check
