[2024-01-27T21:00:02.154+0000] {taskinstance.py:1083} INFO - Dependencies all met for <TaskInstance: defaultargs.tsk1 scheduled__2024-01-27T20:00:00+00:00 [queued]>
[2024-01-27T21:00:02.199+0000] {taskinstance.py:1083} INFO - Dependencies all met for <TaskInstance: defaultargs.tsk1 scheduled__2024-01-27T20:00:00+00:00 [queued]>
[2024-01-27T21:00:02.199+0000] {taskinstance.py:1279} INFO - 
--------------------------------------------------------------------------------
[2024-01-27T21:00:02.200+0000] {taskinstance.py:1280} INFO - Starting attempt 1 of 4
[2024-01-27T21:00:02.200+0000] {taskinstance.py:1281} INFO - 
--------------------------------------------------------------------------------
[2024-01-27T21:00:02.291+0000] {taskinstance.py:1300} INFO - Executing <Task(BashOperator): tsk1> on 2024-01-27 20:00:00+00:00
[2024-01-27T21:00:02.309+0000] {standard_task_runner.py:55} INFO - Started process 1014 to run task
[2024-01-27T21:00:02.319+0000] {standard_task_runner.py:82} INFO - Running: ['***', 'tasks', 'run', 'defaultargs', 'tsk1', 'scheduled__2024-01-27T20:00:00+00:00', '--job-id', '113', '--raw', '--subdir', 'DAGS_FOLDER/defaultargs.py', '--cfg-path', '/tmp/tmpmp7u_3x0']
[2024-01-27T21:00:02.325+0000] {standard_task_runner.py:83} INFO - Job 113: Subtask tsk1
[2024-01-27T21:00:02.694+0000] {task_command.py:388} INFO - Running <TaskInstance: defaultargs.tsk1 scheduled__2024-01-27T20:00:00+00:00 [running]> on host 5b3777e64f6c
[2024-01-27T21:00:03.071+0000] {taskinstance.py:1509} INFO - Exporting the following env vars:
AIRFLOW_CTX_DAG_EMAIL=teste@teste.com
AIRFLOW_CTX_DAG_OWNER=***
AIRFLOW_CTX_DAG_ID=defaultargs
AIRFLOW_CTX_TASK_ID=tsk1
AIRFLOW_CTX_EXECUTION_DATE=2024-01-27T20:00:00+00:00
AIRFLOW_CTX_TRY_NUMBER=1
AIRFLOW_CTX_DAG_RUN_ID=scheduled__2024-01-27T20:00:00+00:00
[2024-01-27T21:00:03.078+0000] {subprocess.py:63} INFO - Tmp dir root location: 
 /tmp
[2024-01-27T21:00:03.079+0000] {subprocess.py:75} INFO - Running command: ['/bin/bash', '-c', 'sleep 5']
[2024-01-27T21:00:03.116+0000] {subprocess.py:86} INFO - Output:
[2024-01-27T21:00:08.135+0000] {subprocess.py:97} INFO - Command exited with return code 0
[2024-01-27T21:00:08.261+0000] {taskinstance.py:1323} INFO - Marking task as SUCCESS. dag_id=defaultargs, task_id=tsk1, execution_date=20240127T200000, start_date=20240127T210002, end_date=20240127T210008
[2024-01-27T21:00:08.350+0000] {local_task_job.py:208} INFO - Task exited with return code 0
[2024-01-27T21:00:08.489+0000] {taskinstance.py:2578} INFO - 1 downstream tasks scheduled from follow-on schedule check
