[2024-02-12T14:43:17.192+0000] {taskinstance.py:1083} INFO - Dependencies all met for <TaskInstance: defaultargs.tsk1 scheduled__2024-02-12T13:00:00+00:00 [queued]>
[2024-02-12T14:43:17.205+0000] {taskinstance.py:1083} INFO - Dependencies all met for <TaskInstance: defaultargs.tsk1 scheduled__2024-02-12T13:00:00+00:00 [queued]>
[2024-02-12T14:43:17.206+0000] {taskinstance.py:1279} INFO - 
--------------------------------------------------------------------------------
[2024-02-12T14:43:17.206+0000] {taskinstance.py:1280} INFO - Starting attempt 1 of 4
[2024-02-12T14:43:17.206+0000] {taskinstance.py:1281} INFO - 
--------------------------------------------------------------------------------
[2024-02-12T14:43:17.225+0000] {taskinstance.py:1300} INFO - Executing <Task(BashOperator): tsk1> on 2024-02-12 13:00:00+00:00
[2024-02-12T14:43:17.233+0000] {standard_task_runner.py:55} INFO - Started process 67 to run task
[2024-02-12T14:43:17.238+0000] {standard_task_runner.py:82} INFO - Running: ['***', 'tasks', 'run', 'defaultargs', 'tsk1', 'scheduled__2024-02-12T13:00:00+00:00', '--job-id', '1065', '--raw', '--subdir', 'DAGS_FOLDER/defaultargs.py', '--cfg-path', '/tmp/tmp_xr3864v']
[2024-02-12T14:43:17.240+0000] {standard_task_runner.py:83} INFO - Job 1065: Subtask tsk1
[2024-02-12T14:43:17.343+0000] {task_command.py:388} INFO - Running <TaskInstance: defaultargs.tsk1 scheduled__2024-02-12T13:00:00+00:00 [running]> on host 253264584ea3
[2024-02-12T14:43:17.450+0000] {taskinstance.py:1509} INFO - Exporting the following env vars:
AIRFLOW_CTX_DAG_EMAIL=teste@teste.com
AIRFLOW_CTX_DAG_OWNER=***
AIRFLOW_CTX_DAG_ID=defaultargs
AIRFLOW_CTX_TASK_ID=tsk1
AIRFLOW_CTX_EXECUTION_DATE=2024-02-12T13:00:00+00:00
AIRFLOW_CTX_TRY_NUMBER=1
AIRFLOW_CTX_DAG_RUN_ID=scheduled__2024-02-12T13:00:00+00:00
[2024-02-12T14:43:17.452+0000] {subprocess.py:63} INFO - Tmp dir root location: 
 /tmp
[2024-02-12T14:43:17.452+0000] {subprocess.py:75} INFO - Running command: ['/bin/bash', '-c', 'sleep 5']
[2024-02-12T14:43:17.470+0000] {subprocess.py:86} INFO - Output:
[2024-02-12T14:43:22.479+0000] {subprocess.py:97} INFO - Command exited with return code 0
[2024-02-12T14:43:22.567+0000] {taskinstance.py:1323} INFO - Marking task as SUCCESS. dag_id=defaultargs, task_id=tsk1, execution_date=20240212T130000, start_date=20240212T144317, end_date=20240212T144322
[2024-02-12T14:43:22.612+0000] {local_task_job.py:208} INFO - Task exited with return code 0
[2024-02-12T14:43:22.649+0000] {taskinstance.py:2578} INFO - 1 downstream tasks scheduled from follow-on schedule check
