[2024-02-11T23:43:14.826+0000] {taskinstance.py:1083} INFO - Dependencies all met for <TaskInstance: primeira_dag.tsk2 manual__2024-02-11T23:43:04+00:00 [queued]>
[2024-02-11T23:43:14.914+0000] {taskinstance.py:1083} INFO - Dependencies all met for <TaskInstance: primeira_dag.tsk2 manual__2024-02-11T23:43:04+00:00 [queued]>
[2024-02-11T23:43:14.914+0000] {taskinstance.py:1279} INFO - 
--------------------------------------------------------------------------------
[2024-02-11T23:43:14.924+0000] {taskinstance.py:1280} INFO - Starting attempt 1 of 1
[2024-02-11T23:43:14.924+0000] {taskinstance.py:1281} INFO - 
--------------------------------------------------------------------------------
[2024-02-11T23:43:15.065+0000] {taskinstance.py:1300} INFO - Executing <Task(BashOperator): tsk2> on 2024-02-11 23:43:04+00:00
[2024-02-11T23:43:15.073+0000] {standard_task_runner.py:55} INFO - Started process 118103 to run task
[2024-02-11T23:43:15.112+0000] {standard_task_runner.py:82} INFO - Running: ['***', 'tasks', 'run', 'primeira_dag', 'tsk2', 'manual__2024-02-11T23:43:04+00:00', '--job-id', '1012', '--raw', '--subdir', 'DAGS_FOLDER/primeiradag.py', '--cfg-path', '/tmp/tmpi8qohq0t']
[2024-02-11T23:43:15.121+0000] {standard_task_runner.py:83} INFO - Job 1012: Subtask tsk2
[2024-02-11T23:43:15.454+0000] {task_command.py:388} INFO - Running <TaskInstance: primeira_dag.tsk2 manual__2024-02-11T23:43:04+00:00 [running]> on host f8c98ce69515
[2024-02-11T23:43:15.781+0000] {taskinstance.py:1509} INFO - Exporting the following env vars:
AIRFLOW_CTX_DAG_OWNER=***
AIRFLOW_CTX_DAG_ID=primeira_dag
AIRFLOW_CTX_TASK_ID=tsk2
AIRFLOW_CTX_EXECUTION_DATE=2024-02-11T23:43:04+00:00
AIRFLOW_CTX_TRY_NUMBER=1
AIRFLOW_CTX_DAG_RUN_ID=manual__2024-02-11T23:43:04+00:00
[2024-02-11T23:43:15.784+0000] {subprocess.py:63} INFO - Tmp dir root location: 
 /tmp
[2024-02-11T23:43:15.792+0000] {subprocess.py:75} INFO - Running command: ['/bin/bash', '-c', 'sleep 5']
[2024-02-11T23:43:15.826+0000] {subprocess.py:86} INFO - Output:
[2024-02-11T23:43:20.841+0000] {subprocess.py:97} INFO - Command exited with return code 0
[2024-02-11T23:43:20.926+0000] {taskinstance.py:1323} INFO - Marking task as SUCCESS. dag_id=primeira_dag, task_id=tsk2, execution_date=20240211T234304, start_date=20240211T234314, end_date=20240211T234320
[2024-02-11T23:43:21.009+0000] {local_task_job.py:208} INFO - Task exited with return code 0
[2024-02-11T23:43:21.059+0000] {taskinstance.py:2578} INFO - 1 downstream tasks scheduled from follow-on schedule check
