[2024-02-11T09:00:01.004+0000] {taskinstance.py:1083} INFO - Dependencies all met for <TaskInstance: defaultargs.tsk1 scheduled__2024-02-11T08:00:00+00:00 [queued]>
[2024-02-11T09:00:01.021+0000] {taskinstance.py:1083} INFO - Dependencies all met for <TaskInstance: defaultargs.tsk1 scheduled__2024-02-11T08:00:00+00:00 [queued]>
[2024-02-11T09:00:01.021+0000] {taskinstance.py:1279} INFO - 
--------------------------------------------------------------------------------
[2024-02-11T09:00:01.021+0000] {taskinstance.py:1280} INFO - Starting attempt 1 of 4
[2024-02-11T09:00:01.021+0000] {taskinstance.py:1281} INFO - 
--------------------------------------------------------------------------------
[2024-02-11T09:00:01.038+0000] {taskinstance.py:1300} INFO - Executing <Task(BashOperator): tsk1> on 2024-02-11 08:00:00+00:00
[2024-02-11T09:00:01.044+0000] {standard_task_runner.py:55} INFO - Started process 70163 to run task
[2024-02-11T09:00:01.048+0000] {standard_task_runner.py:82} INFO - Running: ['***', 'tasks', 'run', 'defaultargs', 'tsk1', 'scheduled__2024-02-11T08:00:00+00:00', '--job-id', '958', '--raw', '--subdir', 'DAGS_FOLDER/defaultargs.py', '--cfg-path', '/tmp/tmpkbvcxpvy']
[2024-02-11T09:00:01.049+0000] {standard_task_runner.py:83} INFO - Job 958: Subtask tsk1
[2024-02-11T09:00:01.125+0000] {task_command.py:388} INFO - Running <TaskInstance: defaultargs.tsk1 scheduled__2024-02-11T08:00:00+00:00 [running]> on host f8c98ce69515
[2024-02-11T09:00:01.216+0000] {taskinstance.py:1509} INFO - Exporting the following env vars:
AIRFLOW_CTX_DAG_EMAIL=teste@teste.com
AIRFLOW_CTX_DAG_OWNER=***
AIRFLOW_CTX_DAG_ID=defaultargs
AIRFLOW_CTX_TASK_ID=tsk1
AIRFLOW_CTX_EXECUTION_DATE=2024-02-11T08:00:00+00:00
AIRFLOW_CTX_TRY_NUMBER=1
AIRFLOW_CTX_DAG_RUN_ID=scheduled__2024-02-11T08:00:00+00:00
[2024-02-11T09:00:01.217+0000] {subprocess.py:63} INFO - Tmp dir root location: 
 /tmp
[2024-02-11T09:00:01.218+0000] {subprocess.py:75} INFO - Running command: ['/bin/bash', '-c', 'sleep 5']
[2024-02-11T09:00:01.229+0000] {subprocess.py:86} INFO - Output:
[2024-02-11T09:00:06.234+0000] {subprocess.py:97} INFO - Command exited with return code 0
[2024-02-11T09:00:06.275+0000] {taskinstance.py:1323} INFO - Marking task as SUCCESS. dag_id=defaultargs, task_id=tsk1, execution_date=20240211T080000, start_date=20240211T090001, end_date=20240211T090006
[2024-02-11T09:00:06.336+0000] {local_task_job.py:208} INFO - Task exited with return code 0
[2024-02-11T09:00:06.400+0000] {taskinstance.py:2578} INFO - 0 downstream tasks scheduled from follow-on schedule check
