[2024-02-12T04:00:08.540+0000] {taskinstance.py:1083} INFO - Dependencies all met for <TaskInstance: defaultargs.tsk2 scheduled__2024-02-12T03:00:00+00:00 [queued]>
[2024-02-12T04:00:08.559+0000] {taskinstance.py:1083} INFO - Dependencies all met for <TaskInstance: defaultargs.tsk2 scheduled__2024-02-12T03:00:00+00:00 [queued]>
[2024-02-12T04:00:08.559+0000] {taskinstance.py:1279} INFO - 
--------------------------------------------------------------------------------
[2024-02-12T04:00:08.559+0000] {taskinstance.py:1280} INFO - Starting attempt 1 of 2
[2024-02-12T04:00:08.559+0000] {taskinstance.py:1281} INFO - 
--------------------------------------------------------------------------------
[2024-02-12T04:00:08.587+0000] {taskinstance.py:1300} INFO - Executing <Task(BashOperator): tsk2> on 2024-02-12 03:00:00+00:00
[2024-02-12T04:00:08.594+0000] {standard_task_runner.py:55} INFO - Started process 131836 to run task
[2024-02-12T04:00:08.599+0000] {standard_task_runner.py:82} INFO - Running: ['***', 'tasks', 'run', 'defaultargs', 'tsk2', 'scheduled__2024-02-12T03:00:00+00:00', '--job-id', '1027', '--raw', '--subdir', 'DAGS_FOLDER/defaultargs.py', '--cfg-path', '/tmp/tmpfsog598y']
[2024-02-12T04:00:08.601+0000] {standard_task_runner.py:83} INFO - Job 1027: Subtask tsk2
[2024-02-12T04:00:08.718+0000] {task_command.py:388} INFO - Running <TaskInstance: defaultargs.tsk2 scheduled__2024-02-12T03:00:00+00:00 [running]> on host f8c98ce69515
[2024-02-12T04:00:08.867+0000] {taskinstance.py:1509} INFO - Exporting the following env vars:
AIRFLOW_CTX_DAG_EMAIL=teste@teste.com
AIRFLOW_CTX_DAG_OWNER=***
AIRFLOW_CTX_DAG_ID=defaultargs
AIRFLOW_CTX_TASK_ID=tsk2
AIRFLOW_CTX_EXECUTION_DATE=2024-02-12T03:00:00+00:00
AIRFLOW_CTX_TRY_NUMBER=1
AIRFLOW_CTX_DAG_RUN_ID=scheduled__2024-02-12T03:00:00+00:00
[2024-02-12T04:00:08.869+0000] {subprocess.py:63} INFO - Tmp dir root location: 
 /tmp
[2024-02-12T04:00:08.873+0000] {subprocess.py:75} INFO - Running command: ['/bin/bash', '-c', 'sleep 5']
[2024-02-12T04:00:08.901+0000] {subprocess.py:86} INFO - Output:
[2024-02-12T04:00:13.903+0000] {subprocess.py:97} INFO - Command exited with return code 0
[2024-02-12T04:00:13.963+0000] {taskinstance.py:1323} INFO - Marking task as SUCCESS. dag_id=defaultargs, task_id=tsk2, execution_date=20240212T030000, start_date=20240212T040008, end_date=20240212T040013
[2024-02-12T04:00:14.004+0000] {local_task_job.py:208} INFO - Task exited with return code 0
[2024-02-12T04:00:14.046+0000] {taskinstance.py:2578} INFO - 1 downstream tasks scheduled from follow-on schedule check
