[2024-01-23T11:36:36.997+0000] {taskinstance.py:1083} INFO - Dependencies all met for <TaskInstance: terceira_dag.tsk1 manual__2024-01-23T11:36:35.397021+00:00 [queued]>
[2024-01-23T11:36:37.020+0000] {taskinstance.py:1083} INFO - Dependencies all met for <TaskInstance: terceira_dag.tsk1 manual__2024-01-23T11:36:35.397021+00:00 [queued]>
[2024-01-23T11:36:37.020+0000] {taskinstance.py:1279} INFO - 
--------------------------------------------------------------------------------
[2024-01-23T11:36:37.020+0000] {taskinstance.py:1280} INFO - Starting attempt 1 of 1
[2024-01-23T11:36:37.021+0000] {taskinstance.py:1281} INFO - 
--------------------------------------------------------------------------------
[2024-01-23T11:36:37.045+0000] {taskinstance.py:1300} INFO - Executing <Task(BashOperator): tsk1> on 2024-01-23 11:36:35.397021+00:00
[2024-01-23T11:36:37.054+0000] {standard_task_runner.py:55} INFO - Started process 8645 to run task
[2024-01-23T11:36:37.058+0000] {standard_task_runner.py:82} INFO - Running: ['***', 'tasks', 'run', 'terceira_dag', 'tsk1', 'manual__2024-01-23T11:36:35.397021+00:00', '--job-id', '26', '--raw', '--subdir', 'DAGS_FOLDER/terceiradag.py', '--cfg-path', '/tmp/tmpbt_op8vs']
[2024-01-23T11:36:37.059+0000] {standard_task_runner.py:83} INFO - Job 26: Subtask tsk1
[2024-01-23T11:36:37.164+0000] {task_command.py:388} INFO - Running <TaskInstance: terceira_dag.tsk1 manual__2024-01-23T11:36:35.397021+00:00 [running]> on host cd1b9fd02609
[2024-01-23T11:36:37.311+0000] {taskinstance.py:1509} INFO - Exporting the following env vars:
AIRFLOW_CTX_DAG_OWNER=***
AIRFLOW_CTX_DAG_ID=terceira_dag
AIRFLOW_CTX_TASK_ID=tsk1
AIRFLOW_CTX_EXECUTION_DATE=2024-01-23T11:36:35.397021+00:00
AIRFLOW_CTX_TRY_NUMBER=1
AIRFLOW_CTX_DAG_RUN_ID=manual__2024-01-23T11:36:35.397021+00:00
[2024-01-23T11:36:37.312+0000] {subprocess.py:63} INFO - Tmp dir root location: 
 /tmp
[2024-01-23T11:36:37.313+0000] {subprocess.py:75} INFO - Running command: ['/bin/bash', '-c', 'sleep 5']
[2024-01-23T11:36:37.333+0000] {subprocess.py:86} INFO - Output:
[2024-01-23T11:36:42.340+0000] {subprocess.py:97} INFO - Command exited with return code 0
[2024-01-23T11:36:42.381+0000] {taskinstance.py:1323} INFO - Marking task as SUCCESS. dag_id=terceira_dag, task_id=tsk1, execution_date=20240123T113635, start_date=20240123T113637, end_date=20240123T113642
[2024-01-23T11:36:42.437+0000] {local_task_job.py:208} INFO - Task exited with return code 0
[2024-01-23T11:36:42.483+0000] {taskinstance.py:2578} INFO - 1 downstream tasks scheduled from follow-on schedule check
