[2024-02-12T19:21:02.244+0000] {taskinstance.py:1083} INFO - Dependencies all met for <TaskInstance: windturbine.file_sensor_task scheduled__2024-02-12T19:18:00+00:00 [queued]>
[2024-02-12T19:21:02.264+0000] {taskinstance.py:1083} INFO - Dependencies all met for <TaskInstance: windturbine.file_sensor_task scheduled__2024-02-12T19:18:00+00:00 [queued]>
[2024-02-12T19:21:02.264+0000] {taskinstance.py:1279} INFO - 
--------------------------------------------------------------------------------
[2024-02-12T19:21:02.264+0000] {taskinstance.py:1280} INFO - Starting attempt 1 of 2
[2024-02-12T19:21:02.264+0000] {taskinstance.py:1281} INFO - 
--------------------------------------------------------------------------------
[2024-02-12T19:21:02.310+0000] {taskinstance.py:1300} INFO - Executing <Task(FileSensor): file_sensor_task> on 2024-02-12 19:18:00+00:00
[2024-02-12T19:21:02.322+0000] {standard_task_runner.py:55} INFO - Started process 1789 to run task
[2024-02-12T19:21:02.327+0000] {standard_task_runner.py:82} INFO - Running: ['***', 'tasks', 'run', 'windturbine', 'file_sensor_task', 'scheduled__2024-02-12T19:18:00+00:00', '--job-id', '1113', '--raw', '--subdir', 'DAGS_FOLDER/windturbine.py', '--cfg-path', '/tmp/tmpcp5kbihd']
[2024-02-12T19:21:02.331+0000] {standard_task_runner.py:83} INFO - Job 1113: Subtask file_sensor_task
[2024-02-12T19:21:02.461+0000] {task_command.py:388} INFO - Running <TaskInstance: windturbine.file_sensor_task scheduled__2024-02-12T19:18:00+00:00 [running]> on host b5b8d61630c3
[2024-02-12T19:21:02.605+0000] {taskinstance.py:1509} INFO - Exporting the following env vars:
AIRFLOW_CTX_DAG_EMAIL=guilherme.ribeiro.business@gmail.com
AIRFLOW_CTX_DAG_OWNER=***
AIRFLOW_CTX_DAG_ID=windturbine
AIRFLOW_CTX_TASK_ID=file_sensor_task
AIRFLOW_CTX_EXECUTION_DATE=2024-02-12T19:18:00+00:00
AIRFLOW_CTX_TRY_NUMBER=1
AIRFLOW_CTX_DAG_RUN_ID=scheduled__2024-02-12T19:18:00+00:00
[2024-02-12T19:21:02.622+0000] {base.py:73} INFO - Using connection ID 'fs_default' for task execution.
[2024-02-12T19:21:02.622+0000] {filesystem.py:64} INFO - Poking for file /opt/***/data/data.json
[2024-02-12T19:21:12.640+0000] {base.py:73} INFO - Using connection ID 'fs_default' for task execution.
[2024-02-12T19:21:12.640+0000] {filesystem.py:64} INFO - Poking for file /opt/***/data/data.json
[2024-02-12T19:21:22.658+0000] {base.py:73} INFO - Using connection ID 'fs_default' for task execution.
[2024-02-12T19:21:22.659+0000] {filesystem.py:64} INFO - Poking for file /opt/***/data/data.json
[2024-02-12T19:21:32.677+0000] {base.py:73} INFO - Using connection ID 'fs_default' for task execution.
[2024-02-12T19:21:32.677+0000] {filesystem.py:64} INFO - Poking for file /opt/***/data/data.json
[2024-02-12T19:21:42.706+0000] {base.py:73} INFO - Using connection ID 'fs_default' for task execution.
[2024-02-12T19:21:42.706+0000] {filesystem.py:64} INFO - Poking for file /opt/***/data/data.json
[2024-02-12T19:21:52.724+0000] {base.py:73} INFO - Using connection ID 'fs_default' for task execution.
[2024-02-12T19:21:52.724+0000] {filesystem.py:64} INFO - Poking for file /opt/***/data/data.json
[2024-02-12T19:22:02.750+0000] {base.py:73} INFO - Using connection ID 'fs_default' for task execution.
[2024-02-12T19:22:02.750+0000] {filesystem.py:64} INFO - Poking for file /opt/***/data/data.json
[2024-02-12T19:22:12.779+0000] {base.py:73} INFO - Using connection ID 'fs_default' for task execution.
[2024-02-12T19:22:12.780+0000] {filesystem.py:64} INFO - Poking for file /opt/***/data/data.json
[2024-02-12T19:22:22.800+0000] {base.py:73} INFO - Using connection ID 'fs_default' for task execution.
[2024-02-12T19:22:22.800+0000] {filesystem.py:64} INFO - Poking for file /opt/***/data/data.json
[2024-02-12T19:22:32.820+0000] {base.py:73} INFO - Using connection ID 'fs_default' for task execution.
[2024-02-12T19:22:32.820+0000] {filesystem.py:64} INFO - Poking for file /opt/***/data/data.json
[2024-02-12T19:22:42.844+0000] {base.py:73} INFO - Using connection ID 'fs_default' for task execution.
[2024-02-12T19:22:42.844+0000] {filesystem.py:64} INFO - Poking for file /opt/***/data/data.json
[2024-02-12T19:22:52.876+0000] {base.py:73} INFO - Using connection ID 'fs_default' for task execution.
[2024-02-12T19:22:52.877+0000] {filesystem.py:64} INFO - Poking for file /opt/***/data/data.json
[2024-02-12T19:23:02.896+0000] {base.py:73} INFO - Using connection ID 'fs_default' for task execution.
[2024-02-12T19:23:02.896+0000] {filesystem.py:64} INFO - Poking for file /opt/***/data/data.json
[2024-02-12T19:23:12.914+0000] {base.py:73} INFO - Using connection ID 'fs_default' for task execution.
[2024-02-12T19:23:12.914+0000] {filesystem.py:64} INFO - Poking for file /opt/***/data/data.json
[2024-02-12T19:23:22.951+0000] {base.py:73} INFO - Using connection ID 'fs_default' for task execution.
[2024-02-12T19:23:22.951+0000] {filesystem.py:64} INFO - Poking for file /opt/***/data/data.json
[2024-02-12T19:23:32.974+0000] {base.py:73} INFO - Using connection ID 'fs_default' for task execution.
[2024-02-12T19:23:32.975+0000] {filesystem.py:64} INFO - Poking for file /opt/***/data/data.json
[2024-02-12T19:23:42.994+0000] {base.py:73} INFO - Using connection ID 'fs_default' for task execution.
[2024-02-12T19:23:42.994+0000] {filesystem.py:64} INFO - Poking for file /opt/***/data/data.json
[2024-02-12T19:23:53.021+0000] {base.py:73} INFO - Using connection ID 'fs_default' for task execution.
[2024-02-12T19:23:53.022+0000] {filesystem.py:64} INFO - Poking for file /opt/***/data/data.json
[2024-02-12T19:24:03.038+0000] {base.py:73} INFO - Using connection ID 'fs_default' for task execution.
[2024-02-12T19:24:03.038+0000] {filesystem.py:64} INFO - Poking for file /opt/***/data/data.json
[2024-02-12T19:24:13.057+0000] {base.py:73} INFO - Using connection ID 'fs_default' for task execution.
[2024-02-12T19:24:13.057+0000] {filesystem.py:64} INFO - Poking for file /opt/***/data/data.json
[2024-02-12T19:24:23.075+0000] {base.py:73} INFO - Using connection ID 'fs_default' for task execution.
[2024-02-12T19:24:23.076+0000] {filesystem.py:64} INFO - Poking for file /opt/***/data/data.json
[2024-02-12T19:24:33.108+0000] {base.py:73} INFO - Using connection ID 'fs_default' for task execution.
[2024-02-12T19:24:33.109+0000] {filesystem.py:64} INFO - Poking for file /opt/***/data/data.json
[2024-02-12T19:24:43.133+0000] {base.py:73} INFO - Using connection ID 'fs_default' for task execution.
[2024-02-12T19:24:43.134+0000] {filesystem.py:64} INFO - Poking for file /opt/***/data/data.json
[2024-02-12T19:24:53.155+0000] {base.py:73} INFO - Using connection ID 'fs_default' for task execution.
[2024-02-12T19:24:53.155+0000] {filesystem.py:64} INFO - Poking for file /opt/***/data/data.json
[2024-02-12T19:25:03.177+0000] {base.py:73} INFO - Using connection ID 'fs_default' for task execution.
[2024-02-12T19:25:03.177+0000] {filesystem.py:64} INFO - Poking for file /opt/***/data/data.json
[2024-02-12T19:25:13.195+0000] {base.py:73} INFO - Using connection ID 'fs_default' for task execution.
[2024-02-12T19:25:13.195+0000] {filesystem.py:64} INFO - Poking for file /opt/***/data/data.json
[2024-02-12T19:25:23.212+0000] {base.py:73} INFO - Using connection ID 'fs_default' for task execution.
[2024-02-12T19:25:23.212+0000] {filesystem.py:64} INFO - Poking for file /opt/***/data/data.json
[2024-02-12T19:25:33.229+0000] {base.py:73} INFO - Using connection ID 'fs_default' for task execution.
[2024-02-12T19:25:33.229+0000] {filesystem.py:64} INFO - Poking for file /opt/***/data/data.json
[2024-02-12T19:25:43.247+0000] {base.py:73} INFO - Using connection ID 'fs_default' for task execution.
[2024-02-12T19:25:43.248+0000] {filesystem.py:64} INFO - Poking for file /opt/***/data/data.json
[2024-02-12T19:25:53.276+0000] {base.py:73} INFO - Using connection ID 'fs_default' for task execution.
[2024-02-12T19:25:53.277+0000] {filesystem.py:64} INFO - Poking for file /opt/***/data/data.json
[2024-02-12T19:26:03.305+0000] {base.py:73} INFO - Using connection ID 'fs_default' for task execution.
[2024-02-12T19:26:03.305+0000] {filesystem.py:64} INFO - Poking for file /opt/***/data/data.json
[2024-02-12T19:26:13.328+0000] {base.py:73} INFO - Using connection ID 'fs_default' for task execution.
[2024-02-12T19:26:13.329+0000] {filesystem.py:64} INFO - Poking for file /opt/***/data/data.json
[2024-02-12T19:26:13.329+0000] {filesystem.py:69} INFO - Found File /opt/***/data/data.json last modified: 20240212192609
[2024-02-12T19:26:13.329+0000] {base.py:228} INFO - Success criteria met. Exiting.
[2024-02-12T19:26:13.353+0000] {taskinstance.py:1323} INFO - Marking task as SUCCESS. dag_id=windturbine, task_id=file_sensor_task, execution_date=20240212T191800, start_date=20240212T192102, end_date=20240212T192613
[2024-02-12T19:26:13.395+0000] {local_task_job.py:208} INFO - Task exited with return code 0
[2024-02-12T19:26:13.487+0000] {taskinstance.py:2578} INFO - 1 downstream tasks scheduled from follow-on schedule check
