[2024-02-12T14:53:34.388+0000] {taskinstance.py:1083} INFO - Dependencies all met for <TaskInstance: bigdata.big_data manual__2024-02-12T14:53:25.676556+00:00 [queued]>
[2024-02-12T14:53:34.421+0000] {taskinstance.py:1083} INFO - Dependencies all met for <TaskInstance: bigdata.big_data manual__2024-02-12T14:53:25.676556+00:00 [queued]>
[2024-02-12T14:53:34.422+0000] {taskinstance.py:1279} INFO - 
--------------------------------------------------------------------------------
[2024-02-12T14:53:34.422+0000] {taskinstance.py:1280} INFO - Starting attempt 1 of 1
[2024-02-12T14:53:34.422+0000] {taskinstance.py:1281} INFO - 
--------------------------------------------------------------------------------
[2024-02-12T14:53:34.488+0000] {taskinstance.py:1300} INFO - Executing <Task(BigDataOperator): big_data> on 2024-02-12 14:53:25.676556+00:00
[2024-02-12T14:53:34.507+0000] {standard_task_runner.py:55} INFO - Started process 361 to run task
[2024-02-12T14:53:34.516+0000] {standard_task_runner.py:82} INFO - Running: ['***', 'tasks', 'run', 'bigdata', 'big_data', 'manual__2024-02-12T14:53:25.676556+00:00', '--job-id', '1074', '--raw', '--subdir', 'DAGS_FOLDER/bigdata.py', '--cfg-path', '/tmp/tmpif27hhys']
[2024-02-12T14:53:34.526+0000] {standard_task_runner.py:83} INFO - Job 1074: Subtask big_data
[2024-02-12T14:53:34.660+0000] {task_command.py:388} INFO - Running <TaskInstance: bigdata.big_data manual__2024-02-12T14:53:25.676556+00:00 [running]> on host b5b8d61630c3
[2024-02-12T14:53:34.805+0000] {taskinstance.py:1509} INFO - Exporting the following env vars:
AIRFLOW_CTX_DAG_OWNER=***
AIRFLOW_CTX_DAG_ID=bigdata
AIRFLOW_CTX_TASK_ID=big_data
AIRFLOW_CTX_EXECUTION_DATE=2024-02-12T14:53:25.676556+00:00
AIRFLOW_CTX_TRY_NUMBER=1
AIRFLOW_CTX_DAG_RUN_ID=manual__2024-02-12T14:53:25.676556+00:00
[2024-02-12T14:53:35.111+0000] {taskinstance.py:1323} INFO - Marking task as SUCCESS. dag_id=bigdata, task_id=big_data, execution_date=20240212T145325, start_date=20240212T145334, end_date=20240212T145335
[2024-02-12T14:53:35.144+0000] {local_task_job.py:208} INFO - Task exited with return code 0
[2024-02-12T14:53:35.187+0000] {taskinstance.py:2578} INFO - 0 downstream tasks scheduled from follow-on schedule check
