[2024-01-27T18:11:18.825+0000] {taskinstance.py:1083} INFO - Dependencies all met for <TaskInstance: defaultargs.tsk3 manual__2024-01-27T18:11:02.255484+00:00 [queued]>
[2024-01-27T18:11:18.842+0000] {taskinstance.py:1083} INFO - Dependencies all met for <TaskInstance: defaultargs.tsk3 manual__2024-01-27T18:11:02.255484+00:00 [queued]>
[2024-01-27T18:11:18.842+0000] {taskinstance.py:1279} INFO - 
--------------------------------------------------------------------------------
[2024-01-27T18:11:18.843+0000] {taskinstance.py:1280} INFO - Starting attempt 1 of 2
[2024-01-27T18:11:18.843+0000] {taskinstance.py:1281} INFO - 
--------------------------------------------------------------------------------
[2024-01-27T18:11:18.868+0000] {taskinstance.py:1300} INFO - Executing <Task(BashOperator): tsk3> on 2024-01-27 18:11:02.255484+00:00
[2024-01-27T18:11:18.875+0000] {standard_task_runner.py:55} INFO - Started process 70367 to run task
[2024-01-27T18:11:18.882+0000] {standard_task_runner.py:82} INFO - Running: ['***', 'tasks', 'run', 'defaultargs', 'tsk3', 'manual__2024-01-27T18:11:02.255484+00:00', '--job-id', '87', '--raw', '--subdir', 'DAGS_FOLDER/defaultargs.py', '--cfg-path', '/tmp/tmp_k57b0tu']
[2024-01-27T18:11:18.883+0000] {standard_task_runner.py:83} INFO - Job 87: Subtask tsk3
[2024-01-27T18:11:18.979+0000] {task_command.py:388} INFO - Running <TaskInstance: defaultargs.tsk3 manual__2024-01-27T18:11:02.255484+00:00 [running]> on host cd1b9fd02609
[2024-01-27T18:11:19.106+0000] {taskinstance.py:1509} INFO - Exporting the following env vars:
AIRFLOW_CTX_DAG_EMAIL=teste@teste.com
AIRFLOW_CTX_DAG_OWNER=***
AIRFLOW_CTX_DAG_ID=defaultargs
AIRFLOW_CTX_TASK_ID=tsk3
AIRFLOW_CTX_EXECUTION_DATE=2024-01-27T18:11:02.255484+00:00
AIRFLOW_CTX_TRY_NUMBER=1
AIRFLOW_CTX_DAG_RUN_ID=manual__2024-01-27T18:11:02.255484+00:00
[2024-01-27T18:11:19.108+0000] {subprocess.py:63} INFO - Tmp dir root location: 
 /tmp
[2024-01-27T18:11:19.113+0000] {subprocess.py:75} INFO - Running command: ['/bin/bash', '-c', 'sleep 5']
[2024-01-27T18:11:19.134+0000] {subprocess.py:86} INFO - Output:
[2024-01-27T18:11:24.143+0000] {subprocess.py:97} INFO - Command exited with return code 0
[2024-01-27T18:11:24.258+0000] {taskinstance.py:1323} INFO - Marking task as SUCCESS. dag_id=defaultargs, task_id=tsk3, execution_date=20240127T181102, start_date=20240127T181118, end_date=20240127T181124
[2024-01-27T18:11:24.335+0000] {local_task_job.py:208} INFO - Task exited with return code 0
[2024-01-27T18:11:24.358+0000] {taskinstance.py:2578} INFO - 0 downstream tasks scheduled from follow-on schedule check
