[2024-01-23T00:00:02.410+0000] {taskinstance.py:1083} INFO - Dependencies all met for <TaskInstance: example_bash_operator.runme_2 scheduled__2024-01-22T00:00:00+00:00 [queued]>
[2024-01-23T00:00:02.440+0000] {taskinstance.py:1083} INFO - Dependencies all met for <TaskInstance: example_bash_operator.runme_2 scheduled__2024-01-22T00:00:00+00:00 [queued]>
[2024-01-23T00:00:02.440+0000] {taskinstance.py:1279} INFO - 
--------------------------------------------------------------------------------
[2024-01-23T00:00:02.440+0000] {taskinstance.py:1280} INFO - Starting attempt 1 of 1
[2024-01-23T00:00:02.440+0000] {taskinstance.py:1281} INFO - 
--------------------------------------------------------------------------------
[2024-01-23T00:00:02.491+0000] {taskinstance.py:1300} INFO - Executing <Task(BashOperator): runme_2> on 2024-01-22 00:00:00+00:00
[2024-01-23T00:00:02.507+0000] {standard_task_runner.py:55} INFO - Started process 10448 to run task
[2024-01-23T00:00:02.512+0000] {standard_task_runner.py:82} INFO - Running: ['***', 'tasks', 'run', 'example_bash_operator', 'runme_2', 'scheduled__2024-01-22T00:00:00+00:00', '--job-id', '14', '--raw', '--subdir', '/home/***/.local/lib/python3.7/site-packages/***/example_dags/example_bash_operator.py', '--cfg-path', '/tmp/tmpz_kebtp6']
[2024-01-23T00:00:02.513+0000] {standard_task_runner.py:83} INFO - Job 14: Subtask runme_2
[2024-01-23T00:00:02.683+0000] {task_command.py:388} INFO - Running <TaskInstance: example_bash_operator.runme_2 scheduled__2024-01-22T00:00:00+00:00 [running]> on host 3ffaf915da01
[2024-01-23T00:00:02.940+0000] {taskinstance.py:1509} INFO - Exporting the following env vars:
AIRFLOW_CTX_DAG_OWNER=***
AIRFLOW_CTX_DAG_ID=example_bash_operator
AIRFLOW_CTX_TASK_ID=runme_2
AIRFLOW_CTX_EXECUTION_DATE=2024-01-22T00:00:00+00:00
AIRFLOW_CTX_TRY_NUMBER=1
AIRFLOW_CTX_DAG_RUN_ID=scheduled__2024-01-22T00:00:00+00:00
[2024-01-23T00:00:02.942+0000] {subprocess.py:63} INFO - Tmp dir root location: 
 /tmp
[2024-01-23T00:00:02.943+0000] {subprocess.py:75} INFO - Running command: ['/bin/bash', '-c', 'echo "example_bash_operator__runme_2__20240122" && sleep 1']
[2024-01-23T00:00:02.961+0000] {subprocess.py:86} INFO - Output:
[2024-01-23T00:00:02.966+0000] {subprocess.py:93} INFO - example_bash_operator__runme_2__20240122
[2024-01-23T00:00:03.973+0000] {subprocess.py:97} INFO - Command exited with return code 0
[2024-01-23T00:00:04.021+0000] {taskinstance.py:1323} INFO - Marking task as SUCCESS. dag_id=example_bash_operator, task_id=runme_2, execution_date=20240122T000000, start_date=20240123T000002, end_date=20240123T000004
[2024-01-23T00:00:04.073+0000] {local_task_job.py:208} INFO - Task exited with return code 0
[2024-01-23T00:00:04.132+0000] {taskinstance.py:2578} INFO - 0 downstream tasks scheduled from follow-on schedule check
