[2024-01-24T11:44:21.819+0000] {taskinstance.py:1083} INFO - Dependencies all met for <TaskInstance: daggroup.Ingestão.tsk8 manual__2024-01-24T11:43:54.828201+00:00 [queued]>
[2024-01-24T11:44:21.838+0000] {taskinstance.py:1083} INFO - Dependencies all met for <TaskInstance: daggroup.Ingestão.tsk8 manual__2024-01-24T11:43:54.828201+00:00 [queued]>
[2024-01-24T11:44:21.838+0000] {taskinstance.py:1279} INFO - 
--------------------------------------------------------------------------------
[2024-01-24T11:44:21.838+0000] {taskinstance.py:1280} INFO - Starting attempt 1 of 1
[2024-01-24T11:44:21.839+0000] {taskinstance.py:1281} INFO - 
--------------------------------------------------------------------------------
[2024-01-24T11:44:21.866+0000] {taskinstance.py:1300} INFO - Executing <Task(BashOperator): Ingestão.tsk8> on 2024-01-24 11:43:54.828201+00:00
[2024-01-24T11:44:21.874+0000] {standard_task_runner.py:55} INFO - Started process 5774 to run task
[2024-01-24T11:44:21.880+0000] {standard_task_runner.py:82} INFO - Running: ['***', 'tasks', 'run', 'daggroup', 'Ingestão.tsk8', 'manual__2024-01-24T11:43:54.828201+00:00', '--job-id', '70', '--raw', '--subdir', 'DAGS_FOLDER/daggroup.py', '--cfg-path', '/tmp/tmphzpig8jo']
[2024-01-24T11:44:21.880+0000] {standard_task_runner.py:83} INFO - Job 70: Subtask Ingestão.tsk8
[2024-01-24T11:44:21.995+0000] {task_command.py:388} INFO - Running <TaskInstance: daggroup.Ingestão.tsk8 manual__2024-01-24T11:43:54.828201+00:00 [running]> on host cd1b9fd02609
[2024-01-24T11:44:22.236+0000] {taskinstance.py:1509} INFO - Exporting the following env vars:
AIRFLOW_CTX_DAG_OWNER=***
AIRFLOW_CTX_DAG_ID=daggroup
AIRFLOW_CTX_TASK_ID=Ingestão.tsk8
AIRFLOW_CTX_EXECUTION_DATE=2024-01-24T11:43:54.828201+00:00
AIRFLOW_CTX_TRY_NUMBER=1
AIRFLOW_CTX_DAG_RUN_ID=manual__2024-01-24T11:43:54.828201+00:00
[2024-01-24T11:44:22.238+0000] {subprocess.py:63} INFO - Tmp dir root location: 
 /tmp
[2024-01-24T11:44:22.239+0000] {subprocess.py:75} INFO - Running command: ['/bin/bash', '-c', 'sleep 5']
[2024-01-24T11:44:22.267+0000] {subprocess.py:86} INFO - Output:
[2024-01-24T11:44:27.275+0000] {subprocess.py:97} INFO - Command exited with return code 0
[2024-01-24T11:44:27.333+0000] {taskinstance.py:1323} INFO - Marking task as SUCCESS. dag_id=daggroup, task_id=Ingestão.tsk8, execution_date=20240124T114354, start_date=20240124T114421, end_date=20240124T114427
[2024-01-24T11:44:27.385+0000] {local_task_job.py:208} INFO - Task exited with return code 0
[2024-01-24T11:44:27.420+0000] {taskinstance.py:2578} INFO - 0 downstream tasks scheduled from follow-on schedule check
