[2024-02-02T11:22:53.859+0000] {taskinstance.py:1083} INFO - Dependencies all met for <TaskInstance: pool.tsk1 manual__2024-02-02T11:22:45.228179+00:00 [queued]>
[2024-02-02T11:22:53.875+0000] {taskinstance.py:1083} INFO - Dependencies all met for <TaskInstance: pool.tsk1 manual__2024-02-02T11:22:45.228179+00:00 [queued]>
[2024-02-02T11:22:53.875+0000] {taskinstance.py:1279} INFO - 
--------------------------------------------------------------------------------
[2024-02-02T11:22:53.876+0000] {taskinstance.py:1280} INFO - Starting attempt 1 of 1
[2024-02-02T11:22:53.876+0000] {taskinstance.py:1281} INFO - 
--------------------------------------------------------------------------------
[2024-02-02T11:22:53.908+0000] {taskinstance.py:1300} INFO - Executing <Task(BashOperator): tsk1> on 2024-02-02 11:22:45.228179+00:00
[2024-02-02T11:22:53.916+0000] {standard_task_runner.py:55} INFO - Started process 2801 to run task
[2024-02-02T11:22:53.923+0000] {standard_task_runner.py:82} INFO - Running: ['***', 'tasks', 'run', 'pool', 'tsk1', 'manual__2024-02-02T11:22:45.228179+00:00', '--job-id', '544', '--raw', '--subdir', 'DAGS_FOLDER/pool.py', '--cfg-path', '/tmp/tmpmbxn468m']
[2024-02-02T11:22:53.924+0000] {standard_task_runner.py:83} INFO - Job 544: Subtask tsk1
[2024-02-02T11:22:54.052+0000] {task_command.py:388} INFO - Running <TaskInstance: pool.tsk1 manual__2024-02-02T11:22:45.228179+00:00 [running]> on host 5b3777e64f6c
[2024-02-02T11:22:54.164+0000] {taskinstance.py:1509} INFO - Exporting the following env vars:
AIRFLOW_CTX_DAG_OWNER=***
AIRFLOW_CTX_DAG_ID=pool
AIRFLOW_CTX_TASK_ID=tsk1
AIRFLOW_CTX_EXECUTION_DATE=2024-02-02T11:22:45.228179+00:00
AIRFLOW_CTX_TRY_NUMBER=1
AIRFLOW_CTX_DAG_RUN_ID=manual__2024-02-02T11:22:45.228179+00:00
[2024-02-02T11:22:54.165+0000] {subprocess.py:63} INFO - Tmp dir root location: 
 /tmp
[2024-02-02T11:22:54.166+0000] {subprocess.py:75} INFO - Running command: ['/bin/bash', '-c', 'sleep 5']
[2024-02-02T11:22:54.179+0000] {subprocess.py:86} INFO - Output:
[2024-02-02T11:22:59.185+0000] {subprocess.py:97} INFO - Command exited with return code 0
[2024-02-02T11:22:59.236+0000] {taskinstance.py:1323} INFO - Marking task as SUCCESS. dag_id=pool, task_id=tsk1, execution_date=20240202T112245, start_date=20240202T112253, end_date=20240202T112259
[2024-02-02T11:22:59.278+0000] {local_task_job.py:208} INFO - Task exited with return code 0
[2024-02-02T11:22:59.310+0000] {taskinstance.py:2578} INFO - 0 downstream tasks scheduled from follow-on schedule check
