[2024-01-27T17:38:21.302+0000] {taskinstance.py:1083} INFO - Dependencies all met for <TaskInstance: dagrundag2.tsk1 manual__2024-01-27T17:37:52.866481+00:00 [queued]>
[2024-01-27T17:38:21.315+0000] {taskinstance.py:1083} INFO - Dependencies all met for <TaskInstance: dagrundag2.tsk1 manual__2024-01-27T17:37:52.866481+00:00 [queued]>
[2024-01-27T17:38:21.315+0000] {taskinstance.py:1279} INFO - 
--------------------------------------------------------------------------------
[2024-01-27T17:38:21.315+0000] {taskinstance.py:1280} INFO - Starting attempt 1 of 1
[2024-01-27T17:38:21.315+0000] {taskinstance.py:1281} INFO - 
--------------------------------------------------------------------------------
[2024-01-27T17:38:21.331+0000] {taskinstance.py:1300} INFO - Executing <Task(BashOperator): tsk1> on 2024-01-27 17:37:52.866481+00:00
[2024-01-27T17:38:21.337+0000] {standard_task_runner.py:55} INFO - Started process 68602 to run task
[2024-01-27T17:38:21.342+0000] {standard_task_runner.py:82} INFO - Running: ['***', 'tasks', 'run', 'dagrundag2', 'tsk1', 'manual__2024-01-27T17:37:52.866481+00:00', '--job-id', '77', '--raw', '--subdir', 'DAGS_FOLDER/dagrundag2.py', '--cfg-path', '/tmp/tmpn1_p_aku']
[2024-01-27T17:38:21.342+0000] {standard_task_runner.py:83} INFO - Job 77: Subtask tsk1
[2024-01-27T17:38:21.420+0000] {task_command.py:388} INFO - Running <TaskInstance: dagrundag2.tsk1 manual__2024-01-27T17:37:52.866481+00:00 [running]> on host cd1b9fd02609
[2024-01-27T17:38:21.512+0000] {taskinstance.py:1509} INFO - Exporting the following env vars:
AIRFLOW_CTX_DAG_OWNER=***
AIRFLOW_CTX_DAG_ID=dagrundag2
AIRFLOW_CTX_TASK_ID=tsk1
AIRFLOW_CTX_EXECUTION_DATE=2024-01-27T17:37:52.866481+00:00
AIRFLOW_CTX_TRY_NUMBER=1
AIRFLOW_CTX_DAG_RUN_ID=manual__2024-01-27T17:37:52.866481+00:00
[2024-01-27T17:38:21.514+0000] {subprocess.py:63} INFO - Tmp dir root location: 
 /tmp
[2024-01-27T17:38:21.515+0000] {subprocess.py:75} INFO - Running command: ['/bin/bash', '-c', 'sleep 5']
[2024-01-27T17:38:21.527+0000] {subprocess.py:86} INFO - Output:
[2024-01-27T17:38:26.533+0000] {subprocess.py:97} INFO - Command exited with return code 0
[2024-01-27T17:38:26.615+0000] {taskinstance.py:1323} INFO - Marking task as SUCCESS. dag_id=dagrundag2, task_id=tsk1, execution_date=20240127T173752, start_date=20240127T173821, end_date=20240127T173826
[2024-01-27T17:38:26.675+0000] {local_task_job.py:208} INFO - Task exited with return code 0
[2024-01-27T17:38:26.727+0000] {taskinstance.py:2578} INFO - 1 downstream tasks scheduled from follow-on schedule check
