[2024-01-28T14:00:01.987+0000] {taskinstance.py:1083} INFO - Dependencies all met for <TaskInstance: defaultargs.tsk1 scheduled__2024-01-28T13:00:00+00:00 [queued]>
[2024-01-28T14:00:02.005+0000] {taskinstance.py:1083} INFO - Dependencies all met for <TaskInstance: defaultargs.tsk1 scheduled__2024-01-28T13:00:00+00:00 [queued]>
[2024-01-28T14:00:02.005+0000] {taskinstance.py:1279} INFO - 
--------------------------------------------------------------------------------
[2024-01-28T14:00:02.005+0000] {taskinstance.py:1280} INFO - Starting attempt 1 of 4
[2024-01-28T14:00:02.006+0000] {taskinstance.py:1281} INFO - 
--------------------------------------------------------------------------------
[2024-01-28T14:00:02.042+0000] {taskinstance.py:1300} INFO - Executing <Task(BashOperator): tsk1> on 2024-01-28 13:00:00+00:00
[2024-01-28T14:00:02.054+0000] {standard_task_runner.py:55} INFO - Started process 57615 to run task
[2024-01-28T14:00:02.063+0000] {standard_task_runner.py:82} INFO - Running: ['***', 'tasks', 'run', 'defaultargs', 'tsk1', 'scheduled__2024-01-28T13:00:00+00:00', '--job-id', '273', '--raw', '--subdir', 'DAGS_FOLDER/defaultargs.py', '--cfg-path', '/tmp/tmphn3khk4w']
[2024-01-28T14:00:02.064+0000] {standard_task_runner.py:83} INFO - Job 273: Subtask tsk1
[2024-01-28T14:00:02.200+0000] {task_command.py:388} INFO - Running <TaskInstance: defaultargs.tsk1 scheduled__2024-01-28T13:00:00+00:00 [running]> on host 5b3777e64f6c
[2024-01-28T14:00:02.364+0000] {taskinstance.py:1509} INFO - Exporting the following env vars:
AIRFLOW_CTX_DAG_EMAIL=teste@teste.com
AIRFLOW_CTX_DAG_OWNER=***
AIRFLOW_CTX_DAG_ID=defaultargs
AIRFLOW_CTX_TASK_ID=tsk1
AIRFLOW_CTX_EXECUTION_DATE=2024-01-28T13:00:00+00:00
AIRFLOW_CTX_TRY_NUMBER=1
AIRFLOW_CTX_DAG_RUN_ID=scheduled__2024-01-28T13:00:00+00:00
[2024-01-28T14:00:02.366+0000] {subprocess.py:63} INFO - Tmp dir root location: 
 /tmp
[2024-01-28T14:00:02.367+0000] {subprocess.py:75} INFO - Running command: ['/bin/bash', '-c', 'sleep 5']
[2024-01-28T14:00:02.380+0000] {subprocess.py:86} INFO - Output:
[2024-01-28T14:00:07.387+0000] {subprocess.py:97} INFO - Command exited with return code 0
[2024-01-28T14:00:07.433+0000] {taskinstance.py:1323} INFO - Marking task as SUCCESS. dag_id=defaultargs, task_id=tsk1, execution_date=20240128T130000, start_date=20240128T140001, end_date=20240128T140007
[2024-01-28T14:00:07.482+0000] {local_task_job.py:208} INFO - Task exited with return code 0
[2024-01-28T14:00:07.528+0000] {taskinstance.py:2578} INFO - 1 downstream tasks scheduled from follow-on schedule check
