[2024-01-31T02:00:15.103+0000] {taskinstance.py:1083} INFO - Dependencies all met for <TaskInstance: defaultargs.tsk3 scheduled__2024-01-31T01:00:00+00:00 [queued]>
[2024-01-31T02:00:15.123+0000] {taskinstance.py:1083} INFO - Dependencies all met for <TaskInstance: defaultargs.tsk3 scheduled__2024-01-31T01:00:00+00:00 [queued]>
[2024-01-31T02:00:15.123+0000] {taskinstance.py:1279} INFO - 
--------------------------------------------------------------------------------
[2024-01-31T02:00:15.123+0000] {taskinstance.py:1280} INFO - Starting attempt 1 of 2
[2024-01-31T02:00:15.124+0000] {taskinstance.py:1281} INFO - 
--------------------------------------------------------------------------------
[2024-01-31T02:00:15.157+0000] {taskinstance.py:1300} INFO - Executing <Task(BashOperator): tsk3> on 2024-01-31 01:00:00+00:00
[2024-01-31T02:00:15.164+0000] {standard_task_runner.py:55} INFO - Started process 16734 to run task
[2024-01-31T02:00:15.169+0000] {standard_task_runner.py:82} INFO - Running: ['***', 'tasks', 'run', 'defaultargs', 'tsk3', 'scheduled__2024-01-31T01:00:00+00:00', '--job-id', '439', '--raw', '--subdir', 'DAGS_FOLDER/defaultargs.py', '--cfg-path', '/tmp/tmppfmszsjp']
[2024-01-31T02:00:15.170+0000] {standard_task_runner.py:83} INFO - Job 439: Subtask tsk3
[2024-01-31T02:00:15.265+0000] {task_command.py:388} INFO - Running <TaskInstance: defaultargs.tsk3 scheduled__2024-01-31T01:00:00+00:00 [running]> on host 5b3777e64f6c
[2024-01-31T02:00:15.356+0000] {taskinstance.py:1509} INFO - Exporting the following env vars:
AIRFLOW_CTX_DAG_EMAIL=teste@teste.com
AIRFLOW_CTX_DAG_OWNER=***
AIRFLOW_CTX_DAG_ID=defaultargs
AIRFLOW_CTX_TASK_ID=tsk3
AIRFLOW_CTX_EXECUTION_DATE=2024-01-31T01:00:00+00:00
AIRFLOW_CTX_TRY_NUMBER=1
AIRFLOW_CTX_DAG_RUN_ID=scheduled__2024-01-31T01:00:00+00:00
[2024-01-31T02:00:15.358+0000] {subprocess.py:63} INFO - Tmp dir root location: 
 /tmp
[2024-01-31T02:00:15.358+0000] {subprocess.py:75} INFO - Running command: ['/bin/bash', '-c', 'sleep 5']
[2024-01-31T02:00:15.370+0000] {subprocess.py:86} INFO - Output:
[2024-01-31T02:00:20.376+0000] {subprocess.py:97} INFO - Command exited with return code 0
[2024-01-31T02:00:20.425+0000] {taskinstance.py:1323} INFO - Marking task as SUCCESS. dag_id=defaultargs, task_id=tsk3, execution_date=20240131T010000, start_date=20240131T020015, end_date=20240131T020020
[2024-01-31T02:00:20.452+0000] {local_task_job.py:208} INFO - Task exited with return code 0
[2024-01-31T02:00:20.478+0000] {taskinstance.py:2578} INFO - 0 downstream tasks scheduled from follow-on schedule check
