[2024-02-07T10:39:56.750+0000] {taskinstance.py:1083} INFO - Dependencies all met for <TaskInstance: defaultargs.tsk1 scheduled__2024-02-07T00:00:00+00:00 [queued]>
[2024-02-07T10:39:56.846+0000] {taskinstance.py:1083} INFO - Dependencies all met for <TaskInstance: defaultargs.tsk1 scheduled__2024-02-07T00:00:00+00:00 [queued]>
[2024-02-07T10:39:56.846+0000] {taskinstance.py:1279} INFO - 
--------------------------------------------------------------------------------
[2024-02-07T10:39:56.846+0000] {taskinstance.py:1280} INFO - Starting attempt 1 of 4
[2024-02-07T10:39:56.847+0000] {taskinstance.py:1281} INFO - 
--------------------------------------------------------------------------------
[2024-02-07T10:39:56.999+0000] {taskinstance.py:1300} INFO - Executing <Task(BashOperator): tsk1> on 2024-02-07 00:00:00+00:00
[2024-02-07T10:39:57.014+0000] {standard_task_runner.py:55} INFO - Started process 6858 to run task
[2024-02-07T10:39:57.023+0000] {standard_task_runner.py:82} INFO - Running: ['***', 'tasks', 'run', 'defaultargs', 'tsk1', 'scheduled__2024-02-07T00:00:00+00:00', '--job-id', '842', '--raw', '--subdir', 'DAGS_FOLDER/defaultargs.py', '--cfg-path', '/tmp/tmpe7hqwwg3']
[2024-02-07T10:39:57.027+0000] {standard_task_runner.py:83} INFO - Job 842: Subtask tsk1
[2024-02-07T10:39:57.189+0000] {task_command.py:388} INFO - Running <TaskInstance: defaultargs.tsk1 scheduled__2024-02-07T00:00:00+00:00 [running]> on host f8c98ce69515
[2024-02-07T10:39:57.470+0000] {taskinstance.py:1509} INFO - Exporting the following env vars:
AIRFLOW_CTX_DAG_EMAIL=teste@teste.com
AIRFLOW_CTX_DAG_OWNER=***
AIRFLOW_CTX_DAG_ID=defaultargs
AIRFLOW_CTX_TASK_ID=tsk1
AIRFLOW_CTX_EXECUTION_DATE=2024-02-07T00:00:00+00:00
AIRFLOW_CTX_TRY_NUMBER=1
AIRFLOW_CTX_DAG_RUN_ID=scheduled__2024-02-07T00:00:00+00:00
[2024-02-07T10:39:57.473+0000] {subprocess.py:63} INFO - Tmp dir root location: 
 /tmp
[2024-02-07T10:39:57.474+0000] {subprocess.py:75} INFO - Running command: ['/bin/bash', '-c', 'sleep 5']
[2024-02-07T10:39:57.512+0000] {subprocess.py:86} INFO - Output:
[2024-02-07T10:40:02.517+0000] {subprocess.py:97} INFO - Command exited with return code 0
[2024-02-07T10:40:02.640+0000] {taskinstance.py:1323} INFO - Marking task as SUCCESS. dag_id=defaultargs, task_id=tsk1, execution_date=20240207T000000, start_date=20240207T103956, end_date=20240207T104002
[2024-02-07T10:40:02.726+0000] {local_task_job.py:208} INFO - Task exited with return code 0
[2024-02-07T10:40:02.875+0000] {taskinstance.py:2578} INFO - 1 downstream tasks scheduled from follow-on schedule check
