[2024-02-03T19:00:08.207+0000] {taskinstance.py:1083} INFO - Dependencies all met for <TaskInstance: defaultargs.tsk2 scheduled__2024-02-03T18:00:00+00:00 [queued]>
[2024-02-03T19:00:08.220+0000] {taskinstance.py:1083} INFO - Dependencies all met for <TaskInstance: defaultargs.tsk2 scheduled__2024-02-03T18:00:00+00:00 [queued]>
[2024-02-03T19:00:08.220+0000] {taskinstance.py:1279} INFO - 
--------------------------------------------------------------------------------
[2024-02-03T19:00:08.220+0000] {taskinstance.py:1280} INFO - Starting attempt 1 of 2
[2024-02-03T19:00:08.220+0000] {taskinstance.py:1281} INFO - 
--------------------------------------------------------------------------------
[2024-02-03T19:00:08.240+0000] {taskinstance.py:1300} INFO - Executing <Task(BashOperator): tsk2> on 2024-02-03 18:00:00+00:00
[2024-02-03T19:00:08.245+0000] {standard_task_runner.py:55} INFO - Started process 1550 to run task
[2024-02-03T19:00:08.249+0000] {standard_task_runner.py:82} INFO - Running: ['***', 'tasks', 'run', 'defaultargs', 'tsk2', 'scheduled__2024-02-03T18:00:00+00:00', '--job-id', '595', '--raw', '--subdir', 'DAGS_FOLDER/defaultargs.py', '--cfg-path', '/tmp/tmp0dackh0h']
[2024-02-03T19:00:08.250+0000] {standard_task_runner.py:83} INFO - Job 595: Subtask tsk2
[2024-02-03T19:00:08.345+0000] {task_command.py:388} INFO - Running <TaskInstance: defaultargs.tsk2 scheduled__2024-02-03T18:00:00+00:00 [running]> on host 5b3777e64f6c
[2024-02-03T19:00:08.501+0000] {taskinstance.py:1509} INFO - Exporting the following env vars:
AIRFLOW_CTX_DAG_EMAIL=teste@teste.com
AIRFLOW_CTX_DAG_OWNER=***
AIRFLOW_CTX_DAG_ID=defaultargs
AIRFLOW_CTX_TASK_ID=tsk2
AIRFLOW_CTX_EXECUTION_DATE=2024-02-03T18:00:00+00:00
AIRFLOW_CTX_TRY_NUMBER=1
AIRFLOW_CTX_DAG_RUN_ID=scheduled__2024-02-03T18:00:00+00:00
[2024-02-03T19:00:08.503+0000] {subprocess.py:63} INFO - Tmp dir root location: 
 /tmp
[2024-02-03T19:00:08.503+0000] {subprocess.py:75} INFO - Running command: ['/bin/bash', '-c', 'sleep 5']
[2024-02-03T19:00:08.521+0000] {subprocess.py:86} INFO - Output:
[2024-02-03T19:00:13.528+0000] {subprocess.py:97} INFO - Command exited with return code 0
[2024-02-03T19:00:13.566+0000] {taskinstance.py:1323} INFO - Marking task as SUCCESS. dag_id=defaultargs, task_id=tsk2, execution_date=20240203T180000, start_date=20240203T190008, end_date=20240203T190013
[2024-02-03T19:00:13.599+0000] {local_task_job.py:208} INFO - Task exited with return code 0
[2024-02-03T19:00:13.635+0000] {taskinstance.py:2578} INFO - 1 downstream tasks scheduled from follow-on schedule check
