[2024-01-28T12:00:15.583+0000] {taskinstance.py:1083} INFO - Dependencies all met for <TaskInstance: defaultargs.tsk3 scheduled__2024-01-28T11:00:00+00:00 [queued]>
[2024-01-28T12:00:15.596+0000] {taskinstance.py:1083} INFO - Dependencies all met for <TaskInstance: defaultargs.tsk3 scheduled__2024-01-28T11:00:00+00:00 [queued]>
[2024-01-28T12:00:15.596+0000] {taskinstance.py:1279} INFO - 
--------------------------------------------------------------------------------
[2024-01-28T12:00:15.596+0000] {taskinstance.py:1280} INFO - Starting attempt 1 of 2
[2024-01-28T12:00:15.596+0000] {taskinstance.py:1281} INFO - 
--------------------------------------------------------------------------------
[2024-01-28T12:00:15.613+0000] {taskinstance.py:1300} INFO - Executing <Task(BashOperator): tsk3> on 2024-01-28 11:00:00+00:00
[2024-01-28T12:00:15.619+0000] {standard_task_runner.py:55} INFO - Started process 50965 to run task
[2024-01-28T12:00:15.624+0000] {standard_task_runner.py:82} INFO - Running: ['***', 'tasks', 'run', 'defaultargs', 'tsk3', 'scheduled__2024-01-28T11:00:00+00:00', '--job-id', '259', '--raw', '--subdir', 'DAGS_FOLDER/defaultargs.py', '--cfg-path', '/tmp/tmpoo0prdtb']
[2024-01-28T12:00:15.624+0000] {standard_task_runner.py:83} INFO - Job 259: Subtask tsk3
[2024-01-28T12:00:15.718+0000] {task_command.py:388} INFO - Running <TaskInstance: defaultargs.tsk3 scheduled__2024-01-28T11:00:00+00:00 [running]> on host 5b3777e64f6c
[2024-01-28T12:00:15.843+0000] {taskinstance.py:1509} INFO - Exporting the following env vars:
AIRFLOW_CTX_DAG_EMAIL=teste@teste.com
AIRFLOW_CTX_DAG_OWNER=***
AIRFLOW_CTX_DAG_ID=defaultargs
AIRFLOW_CTX_TASK_ID=tsk3
AIRFLOW_CTX_EXECUTION_DATE=2024-01-28T11:00:00+00:00
AIRFLOW_CTX_TRY_NUMBER=1
AIRFLOW_CTX_DAG_RUN_ID=scheduled__2024-01-28T11:00:00+00:00
[2024-01-28T12:00:15.845+0000] {subprocess.py:63} INFO - Tmp dir root location: 
 /tmp
[2024-01-28T12:00:15.846+0000] {subprocess.py:75} INFO - Running command: ['/bin/bash', '-c', 'sleep 5']
[2024-01-28T12:00:15.861+0000] {subprocess.py:86} INFO - Output:
[2024-01-28T12:00:20.866+0000] {subprocess.py:97} INFO - Command exited with return code 0
[2024-01-28T12:00:20.902+0000] {taskinstance.py:1323} INFO - Marking task as SUCCESS. dag_id=defaultargs, task_id=tsk3, execution_date=20240128T110000, start_date=20240128T120015, end_date=20240128T120020
[2024-01-28T12:00:20.932+0000] {local_task_job.py:208} INFO - Task exited with return code 0
[2024-01-28T12:00:20.954+0000] {taskinstance.py:2578} INFO - 0 downstream tasks scheduled from follow-on schedule check
