[2024-02-12T18:58:40.655+0000] {taskinstance.py:1083} INFO - Dependencies all met for <TaskInstance: windturbine.get_data manual__2024-02-12T18:58:30.253119+00:00 [queued]>
[2024-02-12T18:58:40.678+0000] {taskinstance.py:1083} INFO - Dependencies all met for <TaskInstance: windturbine.get_data manual__2024-02-12T18:58:30.253119+00:00 [queued]>
[2024-02-12T18:58:40.679+0000] {taskinstance.py:1279} INFO - 
--------------------------------------------------------------------------------
[2024-02-12T18:58:40.679+0000] {taskinstance.py:1280} INFO - Starting attempt 1 of 2
[2024-02-12T18:58:40.679+0000] {taskinstance.py:1281} INFO - 
--------------------------------------------------------------------------------
[2024-02-12T18:58:40.721+0000] {taskinstance.py:1300} INFO - Executing <Task(PythonOperator): get_data> on 2024-02-12 18:58:30.253119+00:00
[2024-02-12T18:58:40.735+0000] {standard_task_runner.py:55} INFO - Started process 596 to run task
[2024-02-12T18:58:40.745+0000] {standard_task_runner.py:82} INFO - Running: ['***', 'tasks', 'run', 'windturbine', 'get_data', 'manual__2024-02-12T18:58:30.253119+00:00', '--job-id', '1092', '--raw', '--subdir', 'DAGS_FOLDER/windturbine.py', '--cfg-path', '/tmp/tmpx3kssq5i']
[2024-02-12T18:58:40.750+0000] {standard_task_runner.py:83} INFO - Job 1092: Subtask get_data
[2024-02-12T18:58:40.984+0000] {task_command.py:388} INFO - Running <TaskInstance: windturbine.get_data manual__2024-02-12T18:58:30.253119+00:00 [running]> on host b5b8d61630c3
[2024-02-12T18:58:41.160+0000] {taskinstance.py:1509} INFO - Exporting the following env vars:
AIRFLOW_CTX_DAG_EMAIL=guilherme.ribeiro.business@gmail.com
AIRFLOW_CTX_DAG_OWNER=***
AIRFLOW_CTX_DAG_ID=windturbine
AIRFLOW_CTX_TASK_ID=get_data
AIRFLOW_CTX_EXECUTION_DATE=2024-02-12T18:58:30.253119+00:00
AIRFLOW_CTX_TRY_NUMBER=1
AIRFLOW_CTX_DAG_RUN_ID=manual__2024-02-12T18:58:30.253119+00:00
[2024-02-12T18:58:41.347+0000] {python.py:177} INFO - Done. Returned value was: None
[2024-02-12T18:58:41.369+0000] {taskinstance.py:1323} INFO - Marking task as SUCCESS. dag_id=windturbine, task_id=get_data, execution_date=20240212T185830, start_date=20240212T185840, end_date=20240212T185841
[2024-02-12T18:58:41.399+0000] {local_task_job.py:208} INFO - Task exited with return code 0
[2024-02-12T18:58:41.482+0000] {taskinstance.py:2578} INFO - 2 downstream tasks scheduled from follow-on schedule check
