[2024-01-31T01:00:01.699+0000] {taskinstance.py:1083} INFO - Dependencies all met for <TaskInstance: defaultargs.tsk1 scheduled__2024-01-31T00:00:00+00:00 [queued]>
[2024-01-31T01:00:01.717+0000] {taskinstance.py:1083} INFO - Dependencies all met for <TaskInstance: defaultargs.tsk1 scheduled__2024-01-31T00:00:00+00:00 [queued]>
[2024-01-31T01:00:01.717+0000] {taskinstance.py:1279} INFO - 
--------------------------------------------------------------------------------
[2024-01-31T01:00:01.717+0000] {taskinstance.py:1280} INFO - Starting attempt 1 of 4
[2024-01-31T01:00:01.718+0000] {taskinstance.py:1281} INFO - 
--------------------------------------------------------------------------------
[2024-01-31T01:00:01.750+0000] {taskinstance.py:1300} INFO - Executing <Task(BashOperator): tsk1> on 2024-01-31 00:00:00+00:00
[2024-01-31T01:00:01.760+0000] {standard_task_runner.py:55} INFO - Started process 13337 to run task
[2024-01-31T01:00:01.764+0000] {standard_task_runner.py:82} INFO - Running: ['***', 'tasks', 'run', 'defaultargs', 'tsk1', 'scheduled__2024-01-31T00:00:00+00:00', '--job-id', '426', '--raw', '--subdir', 'DAGS_FOLDER/defaultargs.py', '--cfg-path', '/tmp/tmpidin7moz']
[2024-01-31T01:00:01.765+0000] {standard_task_runner.py:83} INFO - Job 426: Subtask tsk1
[2024-01-31T01:00:01.877+0000] {task_command.py:388} INFO - Running <TaskInstance: defaultargs.tsk1 scheduled__2024-01-31T00:00:00+00:00 [running]> on host 5b3777e64f6c
[2024-01-31T01:00:02.031+0000] {taskinstance.py:1509} INFO - Exporting the following env vars:
AIRFLOW_CTX_DAG_EMAIL=teste@teste.com
AIRFLOW_CTX_DAG_OWNER=***
AIRFLOW_CTX_DAG_ID=defaultargs
AIRFLOW_CTX_TASK_ID=tsk1
AIRFLOW_CTX_EXECUTION_DATE=2024-01-31T00:00:00+00:00
AIRFLOW_CTX_TRY_NUMBER=1
AIRFLOW_CTX_DAG_RUN_ID=scheduled__2024-01-31T00:00:00+00:00
[2024-01-31T01:00:02.033+0000] {subprocess.py:63} INFO - Tmp dir root location: 
 /tmp
[2024-01-31T01:00:02.034+0000] {subprocess.py:75} INFO - Running command: ['/bin/bash', '-c', 'sleep 5']
[2024-01-31T01:00:02.045+0000] {subprocess.py:86} INFO - Output:
[2024-01-31T01:00:07.050+0000] {subprocess.py:97} INFO - Command exited with return code 0
[2024-01-31T01:00:07.093+0000] {taskinstance.py:1323} INFO - Marking task as SUCCESS. dag_id=defaultargs, task_id=tsk1, execution_date=20240131T000000, start_date=20240131T010001, end_date=20240131T010007
[2024-01-31T01:00:07.151+0000] {local_task_job.py:208} INFO - Task exited with return code 0
[2024-01-31T01:00:07.188+0000] {taskinstance.py:2578} INFO - 1 downstream tasks scheduled from follow-on schedule check
