[2024-02-04T21:00:15.875+0000] {taskinstance.py:1083} INFO - Dependencies all met for <TaskInstance: defaultargs.tsk3 scheduled__2024-02-04T20:00:00+00:00 [queued]>
[2024-02-04T21:00:15.888+0000] {taskinstance.py:1083} INFO - Dependencies all met for <TaskInstance: defaultargs.tsk3 scheduled__2024-02-04T20:00:00+00:00 [queued]>
[2024-02-04T21:00:15.888+0000] {taskinstance.py:1279} INFO - 
--------------------------------------------------------------------------------
[2024-02-04T21:00:15.888+0000] {taskinstance.py:1280} INFO - Starting attempt 1 of 2
[2024-02-04T21:00:15.888+0000] {taskinstance.py:1281} INFO - 
--------------------------------------------------------------------------------
[2024-02-04T21:00:15.912+0000] {taskinstance.py:1300} INFO - Executing <Task(BashOperator): tsk3> on 2024-02-04 20:00:00+00:00
[2024-02-04T21:00:15.919+0000] {standard_task_runner.py:55} INFO - Started process 31830 to run task
[2024-02-04T21:00:15.925+0000] {standard_task_runner.py:82} INFO - Running: ['***', 'tasks', 'run', 'defaultargs', 'tsk3', 'scheduled__2024-02-04T20:00:00+00:00', '--job-id', '695', '--raw', '--subdir', 'DAGS_FOLDER/defaultargs.py', '--cfg-path', '/tmp/tmp6wb0qaof']
[2024-02-04T21:00:15.926+0000] {standard_task_runner.py:83} INFO - Job 695: Subtask tsk3
[2024-02-04T21:00:16.003+0000] {task_command.py:388} INFO - Running <TaskInstance: defaultargs.tsk3 scheduled__2024-02-04T20:00:00+00:00 [running]> on host 5b3777e64f6c
[2024-02-04T21:00:16.096+0000] {taskinstance.py:1509} INFO - Exporting the following env vars:
AIRFLOW_CTX_DAG_EMAIL=teste@teste.com
AIRFLOW_CTX_DAG_OWNER=***
AIRFLOW_CTX_DAG_ID=defaultargs
AIRFLOW_CTX_TASK_ID=tsk3
AIRFLOW_CTX_EXECUTION_DATE=2024-02-04T20:00:00+00:00
AIRFLOW_CTX_TRY_NUMBER=1
AIRFLOW_CTX_DAG_RUN_ID=scheduled__2024-02-04T20:00:00+00:00
[2024-02-04T21:00:16.097+0000] {subprocess.py:63} INFO - Tmp dir root location: 
 /tmp
[2024-02-04T21:00:16.098+0000] {subprocess.py:75} INFO - Running command: ['/bin/bash', '-c', 'sleep 5']
[2024-02-04T21:00:16.110+0000] {subprocess.py:86} INFO - Output:
[2024-02-04T21:00:21.117+0000] {subprocess.py:97} INFO - Command exited with return code 0
[2024-02-04T21:00:21.218+0000] {taskinstance.py:1323} INFO - Marking task as SUCCESS. dag_id=defaultargs, task_id=tsk3, execution_date=20240204T200000, start_date=20240204T210015, end_date=20240204T210021
[2024-02-04T21:00:21.284+0000] {local_task_job.py:208} INFO - Task exited with return code 0
[2024-02-04T21:00:21.314+0000] {taskinstance.py:2578} INFO - 0 downstream tasks scheduled from follow-on schedule check
