[2024-02-10T20:00:13.483+0000] {taskinstance.py:1083} INFO - Dependencies all met for <TaskInstance: defaultargs.tsk3 scheduled__2024-02-10T19:00:00+00:00 [queued]>
[2024-02-10T20:00:13.495+0000] {taskinstance.py:1083} INFO - Dependencies all met for <TaskInstance: defaultargs.tsk3 scheduled__2024-02-10T19:00:00+00:00 [queued]>
[2024-02-10T20:00:13.495+0000] {taskinstance.py:1279} INFO - 
--------------------------------------------------------------------------------
[2024-02-10T20:00:13.495+0000] {taskinstance.py:1280} INFO - Starting attempt 1 of 2
[2024-02-10T20:00:13.495+0000] {taskinstance.py:1281} INFO - 
--------------------------------------------------------------------------------
[2024-02-10T20:00:13.511+0000] {taskinstance.py:1300} INFO - Executing <Task(BashOperator): tsk3> on 2024-02-10 19:00:00+00:00
[2024-02-10T20:00:13.515+0000] {standard_task_runner.py:55} INFO - Started process 27933 to run task
[2024-02-10T20:00:13.519+0000] {standard_task_runner.py:82} INFO - Running: ['***', 'tasks', 'run', 'defaultargs', 'tsk3', 'scheduled__2024-02-10T19:00:00+00:00', '--job-id', '911', '--raw', '--subdir', 'DAGS_FOLDER/defaultargs.py', '--cfg-path', '/tmp/tmpyx8wj9je']
[2024-02-10T20:00:13.520+0000] {standard_task_runner.py:83} INFO - Job 911: Subtask tsk3
[2024-02-10T20:00:13.594+0000] {task_command.py:388} INFO - Running <TaskInstance: defaultargs.tsk3 scheduled__2024-02-10T19:00:00+00:00 [running]> on host f8c98ce69515
[2024-02-10T20:00:13.681+0000] {taskinstance.py:1509} INFO - Exporting the following env vars:
AIRFLOW_CTX_DAG_EMAIL=teste@teste.com
AIRFLOW_CTX_DAG_OWNER=***
AIRFLOW_CTX_DAG_ID=defaultargs
AIRFLOW_CTX_TASK_ID=tsk3
AIRFLOW_CTX_EXECUTION_DATE=2024-02-10T19:00:00+00:00
AIRFLOW_CTX_TRY_NUMBER=1
AIRFLOW_CTX_DAG_RUN_ID=scheduled__2024-02-10T19:00:00+00:00
[2024-02-10T20:00:13.683+0000] {subprocess.py:63} INFO - Tmp dir root location: 
 /tmp
[2024-02-10T20:00:13.683+0000] {subprocess.py:75} INFO - Running command: ['/bin/bash', '-c', 'sleep 5']
[2024-02-10T20:00:13.698+0000] {subprocess.py:86} INFO - Output:
[2024-02-10T20:00:18.703+0000] {subprocess.py:97} INFO - Command exited with return code 0
[2024-02-10T20:00:18.742+0000] {taskinstance.py:1323} INFO - Marking task as SUCCESS. dag_id=defaultargs, task_id=tsk3, execution_date=20240210T190000, start_date=20240210T200013, end_date=20240210T200018
[2024-02-10T20:00:18.764+0000] {local_task_job.py:208} INFO - Task exited with return code 0
[2024-02-10T20:00:18.794+0000] {taskinstance.py:2578} INFO - 0 downstream tasks scheduled from follow-on schedule check
