[2024-02-02T10:39:47.870+0000] {processor.py:153} INFO - Started process (PID=1772) to work on /opt/airflow/dags/dummy.py
[2024-02-02T10:39:47.877+0000] {processor.py:743} INFO - Processing file /opt/airflow/dags/dummy.py for tasks to queue
[2024-02-02T10:39:47.878+0000] {logging_mixin.py:137} INFO - [2024-02-02T10:39:47.878+0000] {dagbag.py:538} INFO - Filling up the DagBag from /opt/airflow/dags/dummy.py
[2024-02-02T10:39:47.899+0000] {logging_mixin.py:137} INFO - [2024-02-02T10:39:47.897+0000] {dagbag.py:343} ERROR - Failed to import: /opt/airflow/dags/dummy.py
Traceback (most recent call last):
  File "/home/airflow/.local/lib/python3.7/site-packages/airflow/models/dagbag.py", line 339, in parse
    loader.exec_module(new_module)
  File "<frozen importlib._bootstrap_external>", line 728, in exec_module
  File "<frozen importlib._bootstrap>", line 219, in _call_with_frames_removed
  File "/opt/airflow/dags/dummy.py", line 4, in <module>
    from airflow.operators.bash_dummy import BashDummy
ModuleNotFoundError: No module named 'airflow.operators.bash_dummy'
[2024-02-02T10:39:47.899+0000] {processor.py:755} WARNING - No viable dags retrieved from /opt/airflow/dags/dummy.py
[2024-02-02T10:39:48.017+0000] {processor.py:175} INFO - Processing /opt/airflow/dags/dummy.py took 0.163 seconds
[2024-02-02T10:39:53.758+0000] {processor.py:153} INFO - Started process (PID=1795) to work on /opt/airflow/dags/dummy.py
[2024-02-02T10:39:53.759+0000] {processor.py:743} INFO - Processing file /opt/airflow/dags/dummy.py for tasks to queue
[2024-02-02T10:39:53.760+0000] {logging_mixin.py:137} INFO - [2024-02-02T10:39:53.760+0000] {dagbag.py:538} INFO - Filling up the DagBag from /opt/airflow/dags/dummy.py
[2024-02-02T10:39:53.782+0000] {logging_mixin.py:137} INFO - [2024-02-02T10:39:53.781+0000] {dagbag.py:343} ERROR - Failed to import: /opt/airflow/dags/dummy.py
Traceback (most recent call last):
  File "/home/airflow/.local/lib/python3.7/site-packages/airflow/models/dagbag.py", line 339, in parse
    loader.exec_module(new_module)
  File "<frozen importlib._bootstrap_external>", line 728, in exec_module
  File "<frozen importlib._bootstrap>", line 219, in _call_with_frames_removed
  File "/opt/airflow/dags/dummy.py", line 4, in <module>
    from airflow.operators.bash_dummy import BashDummy
ModuleNotFoundError: No module named 'airflow.operators.bash_dummy'
[2024-02-02T10:39:53.783+0000] {processor.py:755} WARNING - No viable dags retrieved from /opt/airflow/dags/dummy.py
[2024-02-02T10:39:53.826+0000] {processor.py:175} INFO - Processing /opt/airflow/dags/dummy.py took 0.087 seconds
[2024-02-02T10:39:58.953+0000] {processor.py:153} INFO - Started process (PID=1808) to work on /opt/airflow/dags/dummy.py
[2024-02-02T10:39:58.955+0000] {processor.py:743} INFO - Processing file /opt/airflow/dags/dummy.py for tasks to queue
[2024-02-02T10:39:58.958+0000] {logging_mixin.py:137} INFO - [2024-02-02T10:39:58.957+0000] {dagbag.py:538} INFO - Filling up the DagBag from /opt/airflow/dags/dummy.py
[2024-02-02T10:39:58.982+0000] {logging_mixin.py:137} INFO - [2024-02-02T10:39:58.980+0000] {dagbag.py:343} ERROR - Failed to import: /opt/airflow/dags/dummy.py
Traceback (most recent call last):
  File "/home/airflow/.local/lib/python3.7/site-packages/airflow/models/dagbag.py", line 339, in parse
    loader.exec_module(new_module)
  File "<frozen importlib._bootstrap_external>", line 728, in exec_module
  File "<frozen importlib._bootstrap>", line 219, in _call_with_frames_removed
  File "/opt/airflow/dags/dummy.py", line 4, in <module>
    from airflow.operators.bash_dummy import BashDummy
ModuleNotFoundError: No module named 'airflow.operators.bash_dummy'
[2024-02-02T10:39:58.983+0000] {processor.py:755} WARNING - No viable dags retrieved from /opt/airflow/dags/dummy.py
[2024-02-02T10:39:59.021+0000] {processor.py:175} INFO - Processing /opt/airflow/dags/dummy.py took 0.082 seconds
[2024-02-02T10:40:04.186+0000] {processor.py:153} INFO - Started process (PID=1823) to work on /opt/airflow/dags/dummy.py
[2024-02-02T10:40:04.188+0000] {processor.py:743} INFO - Processing file /opt/airflow/dags/dummy.py for tasks to queue
[2024-02-02T10:40:04.189+0000] {logging_mixin.py:137} INFO - [2024-02-02T10:40:04.189+0000] {dagbag.py:538} INFO - Filling up the DagBag from /opt/airflow/dags/dummy.py
[2024-02-02T10:40:04.199+0000] {logging_mixin.py:137} INFO - [2024-02-02T10:40:04.198+0000] {dagbag.py:343} ERROR - Failed to import: /opt/airflow/dags/dummy.py
Traceback (most recent call last):
  File "/home/airflow/.local/lib/python3.7/site-packages/airflow/models/dagbag.py", line 339, in parse
    loader.exec_module(new_module)
  File "<frozen importlib._bootstrap_external>", line 728, in exec_module
  File "<frozen importlib._bootstrap>", line 219, in _call_with_frames_removed
  File "/opt/airflow/dags/dummy.py", line 4, in <module>
    from airflow.operators.bash_dummy import BashDummy
ModuleNotFoundError: No module named 'airflow.operators.bash_dummy'
[2024-02-02T10:40:04.200+0000] {processor.py:755} WARNING - No viable dags retrieved from /opt/airflow/dags/dummy.py
[2024-02-02T10:40:04.224+0000] {processor.py:175} INFO - Processing /opt/airflow/dags/dummy.py took 0.043 seconds
[2024-02-02T10:40:09.627+0000] {processor.py:153} INFO - Started process (PID=1851) to work on /opt/airflow/dags/dummy.py
[2024-02-02T10:40:09.628+0000] {processor.py:743} INFO - Processing file /opt/airflow/dags/dummy.py for tasks to queue
[2024-02-02T10:40:09.629+0000] {logging_mixin.py:137} INFO - [2024-02-02T10:40:09.629+0000] {dagbag.py:538} INFO - Filling up the DagBag from /opt/airflow/dags/dummy.py
[2024-02-02T10:40:09.638+0000] {logging_mixin.py:137} INFO - [2024-02-02T10:40:09.637+0000] {dagbag.py:343} ERROR - Failed to import: /opt/airflow/dags/dummy.py
Traceback (most recent call last):
  File "/home/airflow/.local/lib/python3.7/site-packages/airflow/models/dagbag.py", line 339, in parse
    loader.exec_module(new_module)
  File "<frozen importlib._bootstrap_external>", line 728, in exec_module
  File "<frozen importlib._bootstrap>", line 219, in _call_with_frames_removed
  File "/opt/airflow/dags/dummy.py", line 4, in <module>
    from airflow.operators.bash_dummy import BashDummy
ModuleNotFoundError: No module named 'airflow.operators.bash_dummy'
[2024-02-02T10:40:09.639+0000] {processor.py:755} WARNING - No viable dags retrieved from /opt/airflow/dags/dummy.py
[2024-02-02T10:40:09.671+0000] {processor.py:175} INFO - Processing /opt/airflow/dags/dummy.py took 0.051 seconds
[2024-02-02T10:40:15.135+0000] {processor.py:153} INFO - Started process (PID=1866) to work on /opt/airflow/dags/dummy.py
[2024-02-02T10:40:15.138+0000] {processor.py:743} INFO - Processing file /opt/airflow/dags/dummy.py for tasks to queue
[2024-02-02T10:40:15.141+0000] {logging_mixin.py:137} INFO - [2024-02-02T10:40:15.140+0000] {dagbag.py:538} INFO - Filling up the DagBag from /opt/airflow/dags/dummy.py
[2024-02-02T10:40:15.160+0000] {logging_mixin.py:137} INFO - [2024-02-02T10:40:15.157+0000] {dagbag.py:343} ERROR - Failed to import: /opt/airflow/dags/dummy.py
Traceback (most recent call last):
  File "/home/airflow/.local/lib/python3.7/site-packages/airflow/models/dagbag.py", line 339, in parse
    loader.exec_module(new_module)
  File "<frozen importlib._bootstrap_external>", line 728, in exec_module
  File "<frozen importlib._bootstrap>", line 219, in _call_with_frames_removed
  File "/opt/airflow/dags/dummy.py", line 4, in <module>
    from airflow.operators.bash_dummy import BashDummy
ModuleNotFoundError: No module named 'airflow.operators.bash_dummy'
[2024-02-02T10:40:15.163+0000] {processor.py:755} WARNING - No viable dags retrieved from /opt/airflow/dags/dummy.py
[2024-02-02T10:40:15.209+0000] {processor.py:175} INFO - Processing /opt/airflow/dags/dummy.py took 0.085 seconds
[2024-02-02T10:40:20.440+0000] {processor.py:153} INFO - Started process (PID=1881) to work on /opt/airflow/dags/dummy.py
[2024-02-02T10:40:20.441+0000] {processor.py:743} INFO - Processing file /opt/airflow/dags/dummy.py for tasks to queue
[2024-02-02T10:40:20.442+0000] {logging_mixin.py:137} INFO - [2024-02-02T10:40:20.442+0000] {dagbag.py:538} INFO - Filling up the DagBag from /opt/airflow/dags/dummy.py
[2024-02-02T10:40:20.452+0000] {logging_mixin.py:137} INFO - [2024-02-02T10:40:20.450+0000] {dagbag.py:343} ERROR - Failed to import: /opt/airflow/dags/dummy.py
Traceback (most recent call last):
  File "/home/airflow/.local/lib/python3.7/site-packages/airflow/models/dagbag.py", line 339, in parse
    loader.exec_module(new_module)
  File "<frozen importlib._bootstrap_external>", line 728, in exec_module
  File "<frozen importlib._bootstrap>", line 219, in _call_with_frames_removed
  File "/opt/airflow/dags/dummy.py", line 4, in <module>
    from airflow.operators.bash_dummy import BashDummy
ModuleNotFoundError: No module named 'airflow.operators.bash_dummy'
[2024-02-02T10:40:20.452+0000] {processor.py:755} WARNING - No viable dags retrieved from /opt/airflow/dags/dummy.py
[2024-02-02T10:40:20.485+0000] {processor.py:175} INFO - Processing /opt/airflow/dags/dummy.py took 0.051 seconds
[2024-02-02T10:40:25.765+0000] {processor.py:153} INFO - Started process (PID=1908) to work on /opt/airflow/dags/dummy.py
[2024-02-02T10:40:25.767+0000] {processor.py:743} INFO - Processing file /opt/airflow/dags/dummy.py for tasks to queue
[2024-02-02T10:40:25.769+0000] {logging_mixin.py:137} INFO - [2024-02-02T10:40:25.768+0000] {dagbag.py:538} INFO - Filling up the DagBag from /opt/airflow/dags/dummy.py
[2024-02-02T10:40:25.785+0000] {logging_mixin.py:137} INFO - [2024-02-02T10:40:25.783+0000] {dagbag.py:343} ERROR - Failed to import: /opt/airflow/dags/dummy.py
Traceback (most recent call last):
  File "/home/airflow/.local/lib/python3.7/site-packages/airflow/models/dagbag.py", line 339, in parse
    loader.exec_module(new_module)
  File "<frozen importlib._bootstrap_external>", line 728, in exec_module
  File "<frozen importlib._bootstrap>", line 219, in _call_with_frames_removed
  File "/opt/airflow/dags/dummy.py", line 4, in <module>
    from airflow.operators.bash_dummy import BashDummy
ModuleNotFoundError: No module named 'airflow.operators.bash_dummy'
[2024-02-02T10:40:25.786+0000] {processor.py:755} WARNING - No viable dags retrieved from /opt/airflow/dags/dummy.py
[2024-02-02T10:40:25.825+0000] {processor.py:175} INFO - Processing /opt/airflow/dags/dummy.py took 0.066 seconds
[2024-02-02T10:40:30.901+0000] {processor.py:153} INFO - Started process (PID=1923) to work on /opt/airflow/dags/dummy.py
[2024-02-02T10:40:30.902+0000] {processor.py:743} INFO - Processing file /opt/airflow/dags/dummy.py for tasks to queue
[2024-02-02T10:40:30.903+0000] {logging_mixin.py:137} INFO - [2024-02-02T10:40:30.902+0000] {dagbag.py:538} INFO - Filling up the DagBag from /opt/airflow/dags/dummy.py
[2024-02-02T10:40:30.910+0000] {logging_mixin.py:137} INFO - [2024-02-02T10:40:30.909+0000] {dagbag.py:343} ERROR - Failed to import: /opt/airflow/dags/dummy.py
Traceback (most recent call last):
  File "/home/airflow/.local/lib/python3.7/site-packages/airflow/models/dagbag.py", line 339, in parse
    loader.exec_module(new_module)
  File "<frozen importlib._bootstrap_external>", line 728, in exec_module
  File "<frozen importlib._bootstrap>", line 219, in _call_with_frames_removed
  File "/opt/airflow/dags/dummy.py", line 4, in <module>
    from airflow.operators.bash_dummy import BashDummy
ModuleNotFoundError: No module named 'airflow.operators.bash_dummy'
[2024-02-02T10:40:30.911+0000] {processor.py:755} WARNING - No viable dags retrieved from /opt/airflow/dags/dummy.py
[2024-02-02T10:40:30.936+0000] {processor.py:175} INFO - Processing /opt/airflow/dags/dummy.py took 0.039 seconds
[2024-02-02T10:40:36.413+0000] {processor.py:153} INFO - Started process (PID=1948) to work on /opt/airflow/dags/dummy.py
[2024-02-02T10:40:36.415+0000] {processor.py:743} INFO - Processing file /opt/airflow/dags/dummy.py for tasks to queue
[2024-02-02T10:40:36.416+0000] {logging_mixin.py:137} INFO - [2024-02-02T10:40:36.416+0000] {dagbag.py:538} INFO - Filling up the DagBag from /opt/airflow/dags/dummy.py
[2024-02-02T10:40:36.426+0000] {logging_mixin.py:137} INFO - [2024-02-02T10:40:36.425+0000] {dagbag.py:343} ERROR - Failed to import: /opt/airflow/dags/dummy.py
Traceback (most recent call last):
  File "/home/airflow/.local/lib/python3.7/site-packages/airflow/models/dagbag.py", line 339, in parse
    loader.exec_module(new_module)
  File "<frozen importlib._bootstrap_external>", line 728, in exec_module
  File "<frozen importlib._bootstrap>", line 219, in _call_with_frames_removed
  File "/opt/airflow/dags/dummy.py", line 4, in <module>
    from airflow.operators.bash_dummy import BashDummy
ModuleNotFoundError: No module named 'airflow.operators.bash_dummy'
[2024-02-02T10:40:36.426+0000] {processor.py:755} WARNING - No viable dags retrieved from /opt/airflow/dags/dummy.py
[2024-02-02T10:40:36.451+0000] {processor.py:175} INFO - Processing /opt/airflow/dags/dummy.py took 0.045 seconds
[2024-02-02T10:40:41.571+0000] {processor.py:153} INFO - Started process (PID=1966) to work on /opt/airflow/dags/dummy.py
[2024-02-02T10:40:41.572+0000] {processor.py:743} INFO - Processing file /opt/airflow/dags/dummy.py for tasks to queue
[2024-02-02T10:40:41.574+0000] {logging_mixin.py:137} INFO - [2024-02-02T10:40:41.573+0000] {dagbag.py:538} INFO - Filling up the DagBag from /opt/airflow/dags/dummy.py
[2024-02-02T10:40:41.583+0000] {logging_mixin.py:137} INFO - [2024-02-02T10:40:41.582+0000] {dagbag.py:343} ERROR - Failed to import: /opt/airflow/dags/dummy.py
Traceback (most recent call last):
  File "/home/airflow/.local/lib/python3.7/site-packages/airflow/models/dagbag.py", line 339, in parse
    loader.exec_module(new_module)
  File "<frozen importlib._bootstrap_external>", line 728, in exec_module
  File "<frozen importlib._bootstrap>", line 219, in _call_with_frames_removed
  File "/opt/airflow/dags/dummy.py", line 4, in <module>
    from airflow.operators.bash_dummy import BashDummy
ModuleNotFoundError: No module named 'airflow.operators.bash_dummy'
[2024-02-02T10:40:41.584+0000] {processor.py:755} WARNING - No viable dags retrieved from /opt/airflow/dags/dummy.py
[2024-02-02T10:40:41.606+0000] {processor.py:175} INFO - Processing /opt/airflow/dags/dummy.py took 0.044 seconds
[2024-02-02T10:40:47.196+0000] {processor.py:153} INFO - Started process (PID=1981) to work on /opt/airflow/dags/dummy.py
[2024-02-02T10:40:47.197+0000] {processor.py:743} INFO - Processing file /opt/airflow/dags/dummy.py for tasks to queue
[2024-02-02T10:40:47.198+0000] {logging_mixin.py:137} INFO - [2024-02-02T10:40:47.198+0000] {dagbag.py:538} INFO - Filling up the DagBag from /opt/airflow/dags/dummy.py
[2024-02-02T10:40:47.221+0000] {logging_mixin.py:137} INFO - [2024-02-02T10:40:47.220+0000] {dagbag.py:343} ERROR - Failed to import: /opt/airflow/dags/dummy.py
Traceback (most recent call last):
  File "/home/airflow/.local/lib/python3.7/site-packages/airflow/models/dagbag.py", line 339, in parse
    loader.exec_module(new_module)
  File "<frozen importlib._bootstrap_external>", line 728, in exec_module
  File "<frozen importlib._bootstrap>", line 219, in _call_with_frames_removed
  File "/opt/airflow/dags/dummy.py", line 4, in <module>
    from airflow.operators.dummy import BashDummy
ImportError: cannot import name 'BashDummy' from 'airflow.operators.dummy' (unknown location)
[2024-02-02T10:40:47.230+0000] {processor.py:755} WARNING - No viable dags retrieved from /opt/airflow/dags/dummy.py
[2024-02-02T10:40:47.302+0000] {processor.py:175} INFO - Processing /opt/airflow/dags/dummy.py took 0.124 seconds
[2024-02-02T10:40:48.857+0000] {processor.py:153} INFO - Started process (PID=1995) to work on /opt/airflow/dags/dummy.py
[2024-02-02T10:40:48.859+0000] {processor.py:743} INFO - Processing file /opt/airflow/dags/dummy.py for tasks to queue
[2024-02-02T10:40:48.870+0000] {logging_mixin.py:137} INFO - [2024-02-02T10:40:48.870+0000] {dagbag.py:538} INFO - Filling up the DagBag from /opt/airflow/dags/dummy.py
[2024-02-02T10:40:48.882+0000] {logging_mixin.py:137} INFO - [2024-02-02T10:40:48.881+0000] {dagbag.py:343} ERROR - Failed to import: /opt/airflow/dags/dummy.py
Traceback (most recent call last):
  File "/home/airflow/.local/lib/python3.7/site-packages/airflow/models/dagbag.py", line 339, in parse
    loader.exec_module(new_module)
  File "<frozen importlib._bootstrap_external>", line 728, in exec_module
  File "<frozen importlib._bootstrap>", line 219, in _call_with_frames_removed
  File "/opt/airflow/dags/dummy.py", line 4, in <module>
    from airflow.operators.dummy import BashDummy
ImportError: cannot import name 'BashDummy' from 'airflow.operators.dummy' (unknown location)
[2024-02-02T10:40:48.883+0000] {processor.py:755} WARNING - No viable dags retrieved from /opt/airflow/dags/dummy.py
[2024-02-02T10:40:48.975+0000] {processor.py:175} INFO - Processing /opt/airflow/dags/dummy.py took 0.124 seconds
[2024-02-02T10:40:51.624+0000] {processor.py:153} INFO - Started process (PID=2006) to work on /opt/airflow/dags/dummy.py
[2024-02-02T10:40:51.626+0000] {processor.py:743} INFO - Processing file /opt/airflow/dags/dummy.py for tasks to queue
[2024-02-02T10:40:51.628+0000] {logging_mixin.py:137} INFO - [2024-02-02T10:40:51.627+0000] {dagbag.py:538} INFO - Filling up the DagBag from /opt/airflow/dags/dummy.py
[2024-02-02T10:40:51.640+0000] {logging_mixin.py:137} INFO - [2024-02-02T10:40:51.638+0000] {dagbag.py:343} ERROR - Failed to import: /opt/airflow/dags/dummy.py
Traceback (most recent call last):
  File "/home/airflow/.local/lib/python3.7/site-packages/airflow/models/dagbag.py", line 339, in parse
    loader.exec_module(new_module)
  File "<frozen importlib._bootstrap_external>", line 728, in exec_module
  File "<frozen importlib._bootstrap>", line 219, in _call_with_frames_removed
  File "/opt/airflow/dags/dummy.py", line 4, in <module>
    from airflow.operators.dummy import BashDummy
ImportError: cannot import name 'BashDummy' from 'airflow.operators.dummy' (unknown location)
[2024-02-02T10:40:51.640+0000] {processor.py:755} WARNING - No viable dags retrieved from /opt/airflow/dags/dummy.py
[2024-02-02T10:40:51.697+0000] {processor.py:175} INFO - Processing /opt/airflow/dags/dummy.py took 0.078 seconds
[2024-02-02T10:40:53.020+0000] {processor.py:153} INFO - Started process (PID=2009) to work on /opt/airflow/dags/dummy.py
[2024-02-02T10:40:53.022+0000] {processor.py:743} INFO - Processing file /opt/airflow/dags/dummy.py for tasks to queue
[2024-02-02T10:40:53.023+0000] {logging_mixin.py:137} INFO - [2024-02-02T10:40:53.023+0000] {dagbag.py:538} INFO - Filling up the DagBag from /opt/airflow/dags/dummy.py
[2024-02-02T10:40:53.035+0000] {logging_mixin.py:137} INFO - [2024-02-02T10:40:53.034+0000] {dagbag.py:343} ERROR - Failed to import: /opt/airflow/dags/dummy.py
Traceback (most recent call last):
  File "/home/airflow/.local/lib/python3.7/site-packages/airflow/models/dagbag.py", line 339, in parse
    loader.exec_module(new_module)
  File "<frozen importlib._bootstrap_external>", line 728, in exec_module
  File "<frozen importlib._bootstrap>", line 219, in _call_with_frames_removed
  File "/opt/airflow/dags/dummy.py", line 4, in <module>
    from airflow.operators.dummy import BashDummy
ImportError: cannot import name 'BashDummy' from 'airflow.operators.dummy' (unknown location)
[2024-02-02T10:40:53.036+0000] {processor.py:755} WARNING - No viable dags retrieved from /opt/airflow/dags/dummy.py
[2024-02-02T10:40:53.086+0000] {processor.py:175} INFO - Processing /opt/airflow/dags/dummy.py took 0.075 seconds
[2024-02-02T10:40:58.731+0000] {processor.py:153} INFO - Started process (PID=2024) to work on /opt/airflow/dags/dummy.py
[2024-02-02T10:40:58.732+0000] {processor.py:743} INFO - Processing file /opt/airflow/dags/dummy.py for tasks to queue
[2024-02-02T10:40:58.733+0000] {logging_mixin.py:137} INFO - [2024-02-02T10:40:58.733+0000] {dagbag.py:538} INFO - Filling up the DagBag from /opt/airflow/dags/dummy.py
[2024-02-02T10:40:58.744+0000] {logging_mixin.py:137} INFO - [2024-02-02T10:40:58.743+0000] {dagbag.py:343} ERROR - Failed to import: /opt/airflow/dags/dummy.py
Traceback (most recent call last):
  File "/home/airflow/.local/lib/python3.7/site-packages/airflow/models/dagbag.py", line 339, in parse
    loader.exec_module(new_module)
  File "<frozen importlib._bootstrap_external>", line 728, in exec_module
  File "<frozen importlib._bootstrap>", line 219, in _call_with_frames_removed
  File "/opt/airflow/dags/dummy.py", line 4, in <module>
    from airflow.operators.dummy import BashDummy
ImportError: cannot import name 'BashDummy' from 'airflow.operators.dummy' (unknown location)
[2024-02-02T10:40:58.745+0000] {processor.py:755} WARNING - No viable dags retrieved from /opt/airflow/dags/dummy.py
[2024-02-02T10:40:58.783+0000] {processor.py:175} INFO - Processing /opt/airflow/dags/dummy.py took 0.061 seconds
[2024-02-02T10:41:04.364+0000] {processor.py:153} INFO - Started process (PID=2047) to work on /opt/airflow/dags/dummy.py
[2024-02-02T10:41:04.364+0000] {processor.py:743} INFO - Processing file /opt/airflow/dags/dummy.py for tasks to queue
[2024-02-02T10:41:04.365+0000] {logging_mixin.py:137} INFO - [2024-02-02T10:41:04.365+0000] {dagbag.py:538} INFO - Filling up the DagBag from /opt/airflow/dags/dummy.py
[2024-02-02T10:41:04.373+0000] {logging_mixin.py:137} INFO - [2024-02-02T10:41:04.371+0000] {dagbag.py:343} ERROR - Failed to import: /opt/airflow/dags/dummy.py
Traceback (most recent call last):
  File "/home/airflow/.local/lib/python3.7/site-packages/airflow/models/dagbag.py", line 339, in parse
    loader.exec_module(new_module)
  File "<frozen importlib._bootstrap_external>", line 728, in exec_module
  File "<frozen importlib._bootstrap>", line 219, in _call_with_frames_removed
  File "/opt/airflow/dags/dummy.py", line 4, in <module>
    from airflow.operators.dummy import BashDummy
ImportError: cannot import name 'BashDummy' from 'airflow.operators.dummy' (unknown location)
[2024-02-02T10:41:04.373+0000] {processor.py:755} WARNING - No viable dags retrieved from /opt/airflow/dags/dummy.py
[2024-02-02T10:41:04.452+0000] {processor.py:175} INFO - Processing /opt/airflow/dags/dummy.py took 0.094 seconds
[2024-02-02T10:41:09.993+0000] {processor.py:153} INFO - Started process (PID=2065) to work on /opt/airflow/dags/dummy.py
[2024-02-02T10:41:09.996+0000] {processor.py:743} INFO - Processing file /opt/airflow/dags/dummy.py for tasks to queue
[2024-02-02T10:41:10.000+0000] {logging_mixin.py:137} INFO - [2024-02-02T10:41:09.999+0000] {dagbag.py:538} INFO - Filling up the DagBag from /opt/airflow/dags/dummy.py
[2024-02-02T10:41:10.019+0000] {logging_mixin.py:137} INFO - [2024-02-02T10:41:10.016+0000] {dagbag.py:343} ERROR - Failed to import: /opt/airflow/dags/dummy.py
Traceback (most recent call last):
  File "/home/airflow/.local/lib/python3.7/site-packages/airflow/models/dagbag.py", line 339, in parse
    loader.exec_module(new_module)
  File "<frozen importlib._bootstrap_external>", line 728, in exec_module
  File "<frozen importlib._bootstrap>", line 219, in _call_with_frames_removed
  File "/opt/airflow/dags/dummy.py", line 4, in <module>
    from airflow.operators.dummy import BashDummy
ImportError: cannot import name 'BashDummy' from 'airflow.operators.dummy' (unknown location)
[2024-02-02T10:41:10.020+0000] {processor.py:755} WARNING - No viable dags retrieved from /opt/airflow/dags/dummy.py
[2024-02-02T10:41:10.059+0000] {processor.py:175} INFO - Processing /opt/airflow/dags/dummy.py took 0.093 seconds
[2024-02-02T10:41:10.315+0000] {processor.py:153} INFO - Started process (PID=2068) to work on /opt/airflow/dags/dummy.py
[2024-02-02T10:41:10.315+0000] {processor.py:743} INFO - Processing file /opt/airflow/dags/dummy.py for tasks to queue
[2024-02-02T10:41:10.316+0000] {logging_mixin.py:137} INFO - [2024-02-02T10:41:10.316+0000] {dagbag.py:538} INFO - Filling up the DagBag from /opt/airflow/dags/dummy.py
[2024-02-02T10:41:10.324+0000] {logging_mixin.py:137} INFO - [2024-02-02T10:41:10.323+0000] {dagbag.py:343} ERROR - Failed to import: /opt/airflow/dags/dummy.py
Traceback (most recent call last):
  File "/home/airflow/.local/lib/python3.7/site-packages/airflow/models/dagbag.py", line 339, in parse
    loader.exec_module(new_module)
  File "<frozen importlib._bootstrap_external>", line 728, in exec_module
  File "<frozen importlib._bootstrap>", line 219, in _call_with_frames_removed
  File "/opt/airflow/dags/dummy.py", line 4, in <module>
    from airflow.operators.dummy_ import BashDummy
ModuleNotFoundError: No module named 'airflow.operators.dummy_'
[2024-02-02T10:41:10.324+0000] {processor.py:755} WARNING - No viable dags retrieved from /opt/airflow/dags/dummy.py
[2024-02-02T10:41:10.347+0000] {processor.py:175} INFO - Processing /opt/airflow/dags/dummy.py took 0.036 seconds
[2024-02-02T10:41:14.453+0000] {processor.py:153} INFO - Started process (PID=2081) to work on /opt/airflow/dags/dummy.py
[2024-02-02T10:41:14.454+0000] {processor.py:743} INFO - Processing file /opt/airflow/dags/dummy.py for tasks to queue
[2024-02-02T10:41:14.455+0000] {logging_mixin.py:137} INFO - [2024-02-02T10:41:14.455+0000] {dagbag.py:538} INFO - Filling up the DagBag from /opt/airflow/dags/dummy.py
[2024-02-02T10:41:14.462+0000] {logging_mixin.py:137} INFO - [2024-02-02T10:41:14.461+0000] {dagbag.py:343} ERROR - Failed to import: /opt/airflow/dags/dummy.py
Traceback (most recent call last):
  File "/home/airflow/.local/lib/python3.7/site-packages/airflow/models/dagbag.py", line 339, in parse
    loader.exec_module(new_module)
  File "<frozen importlib._bootstrap_external>", line 728, in exec_module
  File "<frozen importlib._bootstrap>", line 219, in _call_with_frames_removed
  File "/opt/airflow/dags/dummy.py", line 4, in <module>
    from airflow.operators.dummy_operator import BashDummy
ImportError: cannot import name 'BashDummy' from 'airflow.operators.dummy_operator' (unknown location)
[2024-02-02T10:41:14.462+0000] {processor.py:755} WARNING - No viable dags retrieved from /opt/airflow/dags/dummy.py
[2024-02-02T10:41:14.488+0000] {processor.py:175} INFO - Processing /opt/airflow/dags/dummy.py took 0.040 seconds
[2024-02-02T10:41:15.470+0000] {processor.py:153} INFO - Started process (PID=2082) to work on /opt/airflow/dags/dummy.py
[2024-02-02T10:41:15.472+0000] {processor.py:743} INFO - Processing file /opt/airflow/dags/dummy.py for tasks to queue
[2024-02-02T10:41:15.473+0000] {logging_mixin.py:137} INFO - [2024-02-02T10:41:15.473+0000] {dagbag.py:538} INFO - Filling up the DagBag from /opt/airflow/dags/dummy.py
[2024-02-02T10:41:15.484+0000] {logging_mixin.py:137} INFO - [2024-02-02T10:41:15.482+0000] {dagbag.py:343} ERROR - Failed to import: /opt/airflow/dags/dummy.py
Traceback (most recent call last):
  File "/home/airflow/.local/lib/python3.7/site-packages/airflow/models/dagbag.py", line 339, in parse
    loader.exec_module(new_module)
  File "<frozen importlib._bootstrap_external>", line 728, in exec_module
  File "<frozen importlib._bootstrap>", line 219, in _call_with_frames_removed
  File "/opt/airflow/dags/dummy.py", line 4, in <module>
    from airflow.operators.dummy_operator import BashDummy
ImportError: cannot import name 'BashDummy' from 'airflow.operators.dummy_operator' (unknown location)
[2024-02-02T10:41:15.485+0000] {processor.py:755} WARNING - No viable dags retrieved from /opt/airflow/dags/dummy.py
[2024-02-02T10:41:15.519+0000] {processor.py:175} INFO - Processing /opt/airflow/dags/dummy.py took 0.057 seconds
[2024-02-02T10:41:21.467+0000] {processor.py:153} INFO - Started process (PID=2109) to work on /opt/airflow/dags/dummy.py
[2024-02-02T10:41:21.468+0000] {processor.py:743} INFO - Processing file /opt/airflow/dags/dummy.py for tasks to queue
[2024-02-02T10:41:21.469+0000] {logging_mixin.py:137} INFO - [2024-02-02T10:41:21.469+0000] {dagbag.py:538} INFO - Filling up the DagBag from /opt/airflow/dags/dummy.py
[2024-02-02T10:41:21.482+0000] {logging_mixin.py:137} INFO - [2024-02-02T10:41:21.481+0000] {dagbag.py:343} ERROR - Failed to import: /opt/airflow/dags/dummy.py
Traceback (most recent call last):
  File "/home/airflow/.local/lib/python3.7/site-packages/airflow/models/dagbag.py", line 339, in parse
    loader.exec_module(new_module)
  File "<frozen importlib._bootstrap_external>", line 728, in exec_module
  File "<frozen importlib._bootstrap>", line 219, in _call_with_frames_removed
  File "/opt/airflow/dags/dummy.py", line 4, in <module>
    from airflow.operators.dummy_operator import BashDummy
ImportError: cannot import name 'BashDummy' from 'airflow.operators.dummy_operator' (unknown location)
[2024-02-02T10:41:21.483+0000] {processor.py:755} WARNING - No viable dags retrieved from /opt/airflow/dags/dummy.py
[2024-02-02T10:41:21.524+0000] {processor.py:175} INFO - Processing /opt/airflow/dags/dummy.py took 0.064 seconds
[2024-02-02T10:41:26.827+0000] {processor.py:153} INFO - Started process (PID=2124) to work on /opt/airflow/dags/dummy.py
[2024-02-02T10:41:26.832+0000] {processor.py:743} INFO - Processing file /opt/airflow/dags/dummy.py for tasks to queue
[2024-02-02T10:41:26.833+0000] {logging_mixin.py:137} INFO - [2024-02-02T10:41:26.833+0000] {dagbag.py:538} INFO - Filling up the DagBag from /opt/airflow/dags/dummy.py
[2024-02-02T10:41:26.850+0000] {logging_mixin.py:137} INFO - [2024-02-02T10:41:26.849+0000] {dagbag.py:343} ERROR - Failed to import: /opt/airflow/dags/dummy.py
Traceback (most recent call last):
  File "/home/airflow/.local/lib/python3.7/site-packages/airflow/models/dagbag.py", line 339, in parse
    loader.exec_module(new_module)
  File "<frozen importlib._bootstrap_external>", line 728, in exec_module
  File "<frozen importlib._bootstrap>", line 219, in _call_with_frames_removed
  File "/opt/airflow/dags/dummy.py", line 4, in <module>
    from airflow.operators.dummy_operator import BashDummy
ImportError: cannot import name 'BashDummy' from 'airflow.operators.dummy_operator' (unknown location)
[2024-02-02T10:41:26.851+0000] {processor.py:755} WARNING - No viable dags retrieved from /opt/airflow/dags/dummy.py
[2024-02-02T10:41:26.899+0000] {processor.py:175} INFO - Processing /opt/airflow/dags/dummy.py took 0.080 seconds
[2024-02-02T10:41:32.470+0000] {processor.py:153} INFO - Started process (PID=2145) to work on /opt/airflow/dags/dummy.py
[2024-02-02T10:41:32.476+0000] {processor.py:743} INFO - Processing file /opt/airflow/dags/dummy.py for tasks to queue
[2024-02-02T10:41:32.479+0000] {logging_mixin.py:137} INFO - [2024-02-02T10:41:32.478+0000] {dagbag.py:538} INFO - Filling up the DagBag from /opt/airflow/dags/dummy.py
[2024-02-02T10:41:32.490+0000] {logging_mixin.py:137} INFO - [2024-02-02T10:41:32.489+0000] {dagbag.py:343} ERROR - Failed to import: /opt/airflow/dags/dummy.py
Traceback (most recent call last):
  File "/home/airflow/.local/lib/python3.7/site-packages/airflow/models/dagbag.py", line 339, in parse
    loader.exec_module(new_module)
  File "<frozen importlib._bootstrap_external>", line 728, in exec_module
  File "<frozen importlib._bootstrap>", line 219, in _call_with_frames_removed
  File "/opt/airflow/dags/dummy.py", line 4, in <module>
    from airflow.operators.dummy_operator import BashDummy
ImportError: cannot import name 'BashDummy' from 'airflow.operators.dummy_operator' (unknown location)
[2024-02-02T10:41:32.491+0000] {processor.py:755} WARNING - No viable dags retrieved from /opt/airflow/dags/dummy.py
[2024-02-02T10:41:32.540+0000] {processor.py:175} INFO - Processing /opt/airflow/dags/dummy.py took 0.089 seconds
[2024-02-02T10:41:37.674+0000] {processor.py:153} INFO - Started process (PID=2166) to work on /opt/airflow/dags/dummy.py
[2024-02-02T10:41:37.675+0000] {processor.py:743} INFO - Processing file /opt/airflow/dags/dummy.py for tasks to queue
[2024-02-02T10:41:37.677+0000] {logging_mixin.py:137} INFO - [2024-02-02T10:41:37.676+0000] {dagbag.py:538} INFO - Filling up the DagBag from /opt/airflow/dags/dummy.py
[2024-02-02T10:41:37.694+0000] {logging_mixin.py:137} INFO - [2024-02-02T10:41:37.692+0000] {dagbag.py:343} ERROR - Failed to import: /opt/airflow/dags/dummy.py
Traceback (most recent call last):
  File "/home/airflow/.local/lib/python3.7/site-packages/airflow/models/dagbag.py", line 339, in parse
    loader.exec_module(new_module)
  File "<frozen importlib._bootstrap_external>", line 728, in exec_module
  File "<frozen importlib._bootstrap>", line 219, in _call_with_frames_removed
  File "/opt/airflow/dags/dummy.py", line 4, in <module>
    from airflow.operators.dummy_operator import BashDummy
ImportError: cannot import name 'BashDummy' from 'airflow.operators.dummy_operator' (unknown location)
[2024-02-02T10:41:37.694+0000] {processor.py:755} WARNING - No viable dags retrieved from /opt/airflow/dags/dummy.py
[2024-02-02T10:41:37.735+0000] {processor.py:175} INFO - Processing /opt/airflow/dags/dummy.py took 0.072 seconds
[2024-02-02T10:41:43.168+0000] {processor.py:153} INFO - Started process (PID=2181) to work on /opt/airflow/dags/dummy.py
[2024-02-02T10:41:43.169+0000] {processor.py:743} INFO - Processing file /opt/airflow/dags/dummy.py for tasks to queue
[2024-02-02T10:41:43.170+0000] {logging_mixin.py:137} INFO - [2024-02-02T10:41:43.170+0000] {dagbag.py:538} INFO - Filling up the DagBag from /opt/airflow/dags/dummy.py
[2024-02-02T10:41:43.203+0000] {logging_mixin.py:137} INFO - [2024-02-02T10:41:43.202+0000] {dagbag.py:343} ERROR - Failed to import: /opt/airflow/dags/dummy.py
Traceback (most recent call last):
  File "/home/airflow/.local/lib/python3.7/site-packages/airflow/models/dagbag.py", line 339, in parse
    loader.exec_module(new_module)
  File "<frozen importlib._bootstrap_external>", line 728, in exec_module
  File "<frozen importlib._bootstrap>", line 219, in _call_with_frames_removed
  File "/opt/airflow/dags/dummy.py", line 4, in <module>
    from airflow.operators.dummy_operator import BashDummy
ImportError: cannot import name 'BashDummy' from 'airflow.operators.dummy_operator' (unknown location)
[2024-02-02T10:41:43.206+0000] {processor.py:755} WARNING - No viable dags retrieved from /opt/airflow/dags/dummy.py
[2024-02-02T10:41:43.283+0000] {processor.py:175} INFO - Processing /opt/airflow/dags/dummy.py took 0.130 seconds
[2024-02-02T10:41:44.735+0000] {processor.py:153} INFO - Started process (PID=2184) to work on /opt/airflow/dags/dummy.py
[2024-02-02T10:41:44.736+0000] {processor.py:743} INFO - Processing file /opt/airflow/dags/dummy.py for tasks to queue
[2024-02-02T10:41:44.737+0000] {logging_mixin.py:137} INFO - [2024-02-02T10:41:44.737+0000] {dagbag.py:538} INFO - Filling up the DagBag from /opt/airflow/dags/dummy.py
[2024-02-02T10:41:44.755+0000] {logging_mixin.py:137} INFO - [2024-02-02T10:41:44.753+0000] {dagbag.py:343} ERROR - Failed to import: /opt/airflow/dags/dummy.py
Traceback (most recent call last):
  File "/home/airflow/.local/lib/python3.7/site-packages/airflow/models/dagbag.py", line 339, in parse
    loader.exec_module(new_module)
  File "<frozen importlib._bootstrap_external>", line 728, in exec_module
  File "<frozen importlib._bootstrap>", line 219, in _call_with_frames_removed
  File "/opt/airflow/dags/dummy.py", line 4, in <module>
    from airflow.operators.dummy_operator import Dummyummy
ImportError: cannot import name 'Dummyummy' from 'airflow.operators.dummy_operator' (unknown location)
[2024-02-02T10:41:44.765+0000] {processor.py:755} WARNING - No viable dags retrieved from /opt/airflow/dags/dummy.py
[2024-02-02T10:41:44.802+0000] {processor.py:175} INFO - Processing /opt/airflow/dags/dummy.py took 0.074 seconds
[2024-02-02T10:41:47.928+0000] {processor.py:153} INFO - Started process (PID=2204) to work on /opt/airflow/dags/dummy.py
[2024-02-02T10:41:47.930+0000] {processor.py:743} INFO - Processing file /opt/airflow/dags/dummy.py for tasks to queue
[2024-02-02T10:41:47.931+0000] {logging_mixin.py:137} INFO - [2024-02-02T10:41:47.931+0000] {dagbag.py:538} INFO - Filling up the DagBag from /opt/airflow/dags/dummy.py
[2024-02-02T10:41:47.943+0000] {logging_mixin.py:137} INFO - [2024-02-02T10:41:47.942+0000] {dagbag.py:343} ERROR - Failed to import: /opt/airflow/dags/dummy.py
Traceback (most recent call last):
  File "/home/airflow/.local/lib/python3.7/site-packages/airflow/models/dagbag.py", line 339, in parse
    loader.exec_module(new_module)
  File "<frozen importlib._bootstrap_external>", line 728, in exec_module
  File "<frozen importlib._bootstrap>", line 219, in _call_with_frames_removed
  File "/opt/airflow/dags/dummy.py", line 4, in <module>
    from airflow.operators.dummy_operator import BashDummy
ImportError: cannot import name 'BashDummy' from 'airflow.operators.dummy_operator' (unknown location)
[2024-02-02T10:41:47.945+0000] {processor.py:755} WARNING - No viable dags retrieved from /opt/airflow/dags/dummy.py
[2024-02-02T10:41:47.987+0000] {processor.py:175} INFO - Processing /opt/airflow/dags/dummy.py took 0.065 seconds
[2024-02-02T10:41:51.850+0000] {processor.py:153} INFO - Started process (PID=2216) to work on /opt/airflow/dags/dummy.py
[2024-02-02T10:41:51.853+0000] {processor.py:743} INFO - Processing file /opt/airflow/dags/dummy.py for tasks to queue
[2024-02-02T10:41:51.854+0000] {logging_mixin.py:137} INFO - [2024-02-02T10:41:51.854+0000] {dagbag.py:538} INFO - Filling up the DagBag from /opt/airflow/dags/dummy.py
[2024-02-02T10:41:51.871+0000] {logging_mixin.py:137} INFO - [2024-02-02T10:41:51.869+0000] {dagbag.py:343} ERROR - Failed to import: /opt/airflow/dags/dummy.py
Traceback (most recent call last):
  File "/home/airflow/.local/lib/python3.7/site-packages/airflow/models/dagbag.py", line 339, in parse
    loader.exec_module(new_module)
  File "<frozen importlib._bootstrap_external>", line 728, in exec_module
  File "<frozen importlib._bootstrap>", line 219, in _call_with_frames_removed
  File "/opt/airflow/dags/dummy.py", line 4, in <module>
    from airflow.operators.dummy_operator import Dummy
ImportError: cannot import name 'Dummy' from 'airflow.operators.dummy_operator' (unknown location)
[2024-02-02T10:41:51.871+0000] {processor.py:755} WARNING - No viable dags retrieved from /opt/airflow/dags/dummy.py
[2024-02-02T10:41:51.903+0000] {processor.py:175} INFO - Processing /opt/airflow/dags/dummy.py took 0.069 seconds
[2024-02-02T10:41:57.429+0000] {processor.py:153} INFO - Started process (PID=2231) to work on /opt/airflow/dags/dummy.py
[2024-02-02T10:41:57.431+0000] {processor.py:743} INFO - Processing file /opt/airflow/dags/dummy.py for tasks to queue
[2024-02-02T10:41:57.434+0000] {logging_mixin.py:137} INFO - [2024-02-02T10:41:57.433+0000] {dagbag.py:538} INFO - Filling up the DagBag from /opt/airflow/dags/dummy.py
[2024-02-02T10:41:57.456+0000] {logging_mixin.py:137} INFO - [2024-02-02T10:41:57.455+0000] {dagbag.py:343} ERROR - Failed to import: /opt/airflow/dags/dummy.py
Traceback (most recent call last):
  File "/home/airflow/.local/lib/python3.7/site-packages/airflow/models/dagbag.py", line 339, in parse
    loader.exec_module(new_module)
  File "<frozen importlib._bootstrap_external>", line 728, in exec_module
  File "<frozen importlib._bootstrap>", line 219, in _call_with_frames_removed
  File "/opt/airflow/dags/dummy.py", line 20, in <module>
    taskdummy = BashDummy(task_id="tskdummy",dag=dag)
NameError: name 'BashDummy' is not defined
[2024-02-02T10:41:57.456+0000] {processor.py:755} WARNING - No viable dags retrieved from /opt/airflow/dags/dummy.py
[2024-02-02T10:41:57.489+0000] {processor.py:175} INFO - Processing /opt/airflow/dags/dummy.py took 0.084 seconds
[2024-02-02T10:42:00.352+0000] {processor.py:153} INFO - Started process (PID=2240) to work on /opt/airflow/dags/dummy.py
[2024-02-02T10:42:00.359+0000] {processor.py:743} INFO - Processing file /opt/airflow/dags/dummy.py for tasks to queue
[2024-02-02T10:42:00.360+0000] {logging_mixin.py:137} INFO - [2024-02-02T10:42:00.360+0000] {dagbag.py:538} INFO - Filling up the DagBag from /opt/airflow/dags/dummy.py
[2024-02-02T10:42:00.385+0000] {logging_mixin.py:137} INFO - [2024-02-02T10:42:00.383+0000] {dagbag.py:343} ERROR - Failed to import: /opt/airflow/dags/dummy.py
Traceback (most recent call last):
  File "/home/airflow/.local/lib/python3.7/site-packages/airflow/models/dagbag.py", line 339, in parse
    loader.exec_module(new_module)
  File "<frozen importlib._bootstrap_external>", line 728, in exec_module
  File "<frozen importlib._bootstrap>", line 219, in _call_with_frames_removed
  File "/opt/airflow/dags/dummy.py", line 20, in <module>
    taskdummy = BashDummy(task_id="tskdummy",dag=dag)
NameError: name 'BashDummy' is not defined
[2024-02-02T10:42:00.385+0000] {processor.py:755} WARNING - No viable dags retrieved from /opt/airflow/dags/dummy.py
[2024-02-02T10:42:00.419+0000] {processor.py:175} INFO - Processing /opt/airflow/dags/dummy.py took 0.074 seconds
[2024-02-02T10:42:05.858+0000] {processor.py:153} INFO - Started process (PID=2267) to work on /opt/airflow/dags/dummy.py
[2024-02-02T10:42:05.858+0000] {processor.py:743} INFO - Processing file /opt/airflow/dags/dummy.py for tasks to queue
[2024-02-02T10:42:05.859+0000] {logging_mixin.py:137} INFO - [2024-02-02T10:42:05.859+0000] {dagbag.py:538} INFO - Filling up the DagBag from /opt/airflow/dags/dummy.py
[2024-02-02T10:42:05.878+0000] {logging_mixin.py:137} INFO - [2024-02-02T10:42:05.876+0000] {dagbag.py:343} ERROR - Failed to import: /opt/airflow/dags/dummy.py
Traceback (most recent call last):
  File "/home/airflow/.local/lib/python3.7/site-packages/airflow/models/dagbag.py", line 339, in parse
    loader.exec_module(new_module)
  File "<frozen importlib._bootstrap_external>", line 728, in exec_module
  File "<frozen importlib._bootstrap>", line 219, in _call_with_frames_removed
  File "/opt/airflow/dags/dummy.py", line 20, in <module>
    taskdummy = BashDummy(task_id="tskdummy",dag=dag)
NameError: name 'BashDummy' is not defined
[2024-02-02T10:42:05.879+0000] {processor.py:755} WARNING - No viable dags retrieved from /opt/airflow/dags/dummy.py
[2024-02-02T10:42:05.910+0000] {processor.py:175} INFO - Processing /opt/airflow/dags/dummy.py took 0.058 seconds
[2024-02-02T10:42:11.272+0000] {processor.py:153} INFO - Started process (PID=2282) to work on /opt/airflow/dags/dummy.py
[2024-02-02T10:42:11.276+0000] {processor.py:743} INFO - Processing file /opt/airflow/dags/dummy.py for tasks to queue
[2024-02-02T10:42:11.277+0000] {logging_mixin.py:137} INFO - [2024-02-02T10:42:11.277+0000] {dagbag.py:538} INFO - Filling up the DagBag from /opt/airflow/dags/dummy.py
[2024-02-02T10:42:11.295+0000] {logging_mixin.py:137} INFO - [2024-02-02T10:42:11.293+0000] {dagbag.py:343} ERROR - Failed to import: /opt/airflow/dags/dummy.py
Traceback (most recent call last):
  File "/home/airflow/.local/lib/python3.7/site-packages/airflow/models/dagbag.py", line 339, in parse
    loader.exec_module(new_module)
  File "<frozen importlib._bootstrap_external>", line 728, in exec_module
  File "<frozen importlib._bootstrap>", line 219, in _call_with_frames_removed
  File "/opt/airflow/dags/dummy.py", line 20, in <module>
    taskdummy = BashDummy(task_id="tskdummy",dag=dag)
NameError: name 'BashDummy' is not defined
[2024-02-02T10:42:11.297+0000] {processor.py:755} WARNING - No viable dags retrieved from /opt/airflow/dags/dummy.py
[2024-02-02T10:42:11.369+0000] {processor.py:175} INFO - Processing /opt/airflow/dags/dummy.py took 0.102 seconds
[2024-02-02T10:42:11.601+0000] {processor.py:153} INFO - Started process (PID=2285) to work on /opt/airflow/dags/dummy.py
[2024-02-02T10:42:11.602+0000] {processor.py:743} INFO - Processing file /opt/airflow/dags/dummy.py for tasks to queue
[2024-02-02T10:42:11.603+0000] {logging_mixin.py:137} INFO - [2024-02-02T10:42:11.603+0000] {dagbag.py:538} INFO - Filling up the DagBag from /opt/airflow/dags/dummy.py
[2024-02-02T10:42:11.657+0000] {processor.py:753} INFO - DAG(s) dict_keys(['Dummy']) retrieved from /opt/airflow/dags/dummy.py
[2024-02-02T10:42:12.205+0000] {logging_mixin.py:137} INFO - [2024-02-02T10:42:12.205+0000] {manager.py:504} INFO - Created Permission View: can edit on DAG:Dummy
[2024-02-02T10:42:12.234+0000] {logging_mixin.py:137} INFO - [2024-02-02T10:42:12.234+0000] {manager.py:504} INFO - Created Permission View: can read on DAG:Dummy
[2024-02-02T10:42:12.252+0000] {logging_mixin.py:137} INFO - [2024-02-02T10:42:12.251+0000] {manager.py:504} INFO - Created Permission View: can delete on DAG:Dummy
[2024-02-02T10:42:12.252+0000] {logging_mixin.py:137} INFO - [2024-02-02T10:42:12.252+0000] {dag.py:2690} INFO - Sync 1 DAGs
[2024-02-02T10:42:12.296+0000] {logging_mixin.py:137} INFO - [2024-02-02T10:42:12.296+0000] {dag.py:2711} INFO - Creating ORM DAG for Dummy
[2024-02-02T10:42:12.320+0000] {logging_mixin.py:137} INFO - [2024-02-02T10:42:12.319+0000] {dag.py:3441} INFO - Setting next_dagrun for Dummy to None, run_after=None
[2024-02-02T10:42:12.364+0000] {processor.py:175} INFO - Processing /opt/airflow/dags/dummy.py took 0.768 seconds
[2024-02-02T10:42:14.896+0000] {processor.py:153} INFO - Started process (PID=2291) to work on /opt/airflow/dags/dummy.py
[2024-02-02T10:42:14.897+0000] {processor.py:743} INFO - Processing file /opt/airflow/dags/dummy.py for tasks to queue
[2024-02-02T10:42:14.898+0000] {logging_mixin.py:137} INFO - [2024-02-02T10:42:14.898+0000] {dagbag.py:538} INFO - Filling up the DagBag from /opt/airflow/dags/dummy.py
[2024-02-02T10:42:14.945+0000] {processor.py:753} INFO - DAG(s) dict_keys(['Dummy']) retrieved from /opt/airflow/dags/dummy.py
[2024-02-02T10:42:14.970+0000] {logging_mixin.py:137} INFO - [2024-02-02T10:42:14.970+0000] {dag.py:2690} INFO - Sync 1 DAGs
[2024-02-02T10:42:15.059+0000] {logging_mixin.py:137} INFO - [2024-02-02T10:42:15.058+0000] {dag.py:3441} INFO - Setting next_dagrun for Dummy to None, run_after=None
[2024-02-02T10:42:15.118+0000] {processor.py:175} INFO - Processing /opt/airflow/dags/dummy.py took 0.234 seconds
[2024-02-02T10:42:20.176+0000] {processor.py:153} INFO - Started process (PID=2317) to work on /opt/airflow/dags/dummy.py
[2024-02-02T10:42:20.178+0000] {processor.py:743} INFO - Processing file /opt/airflow/dags/dummy.py for tasks to queue
[2024-02-02T10:42:20.179+0000] {logging_mixin.py:137} INFO - [2024-02-02T10:42:20.179+0000] {dagbag.py:538} INFO - Filling up the DagBag from /opt/airflow/dags/dummy.py
[2024-02-02T10:42:20.211+0000] {processor.py:753} INFO - DAG(s) dict_keys(['Dummy']) retrieved from /opt/airflow/dags/dummy.py
[2024-02-02T10:42:20.235+0000] {logging_mixin.py:137} INFO - [2024-02-02T10:42:20.235+0000] {dag.py:2690} INFO - Sync 1 DAGs
[2024-02-02T10:42:20.290+0000] {logging_mixin.py:137} INFO - [2024-02-02T10:42:20.289+0000] {dag.py:3441} INFO - Setting next_dagrun for Dummy to None, run_after=None
[2024-02-02T10:42:20.327+0000] {processor.py:175} INFO - Processing /opt/airflow/dags/dummy.py took 0.157 seconds
[2024-02-02T10:42:25.528+0000] {processor.py:153} INFO - Started process (PID=2331) to work on /opt/airflow/dags/dummy.py
[2024-02-02T10:42:25.530+0000] {processor.py:743} INFO - Processing file /opt/airflow/dags/dummy.py for tasks to queue
[2024-02-02T10:42:25.532+0000] {logging_mixin.py:137} INFO - [2024-02-02T10:42:25.531+0000] {dagbag.py:538} INFO - Filling up the DagBag from /opt/airflow/dags/dummy.py
[2024-02-02T10:42:25.562+0000] {processor.py:753} INFO - DAG(s) dict_keys(['Dummy']) retrieved from /opt/airflow/dags/dummy.py
[2024-02-02T10:42:25.584+0000] {logging_mixin.py:137} INFO - [2024-02-02T10:42:25.584+0000] {dag.py:2690} INFO - Sync 1 DAGs
[2024-02-02T10:42:25.638+0000] {logging_mixin.py:137} INFO - [2024-02-02T10:42:25.638+0000] {dag.py:3441} INFO - Setting next_dagrun for Dummy to None, run_after=None
[2024-02-02T10:42:25.671+0000] {processor.py:175} INFO - Processing /opt/airflow/dags/dummy.py took 0.149 seconds
[2024-02-02T10:42:31.338+0000] {processor.py:153} INFO - Started process (PID=2355) to work on /opt/airflow/dags/dummy.py
[2024-02-02T10:42:31.340+0000] {processor.py:743} INFO - Processing file /opt/airflow/dags/dummy.py for tasks to queue
[2024-02-02T10:42:31.346+0000] {logging_mixin.py:137} INFO - [2024-02-02T10:42:31.345+0000] {dagbag.py:538} INFO - Filling up the DagBag from /opt/airflow/dags/dummy.py
[2024-02-02T10:42:31.452+0000] {processor.py:753} INFO - DAG(s) dict_keys(['Dummy']) retrieved from /opt/airflow/dags/dummy.py
[2024-02-02T10:42:31.546+0000] {logging_mixin.py:137} INFO - [2024-02-02T10:42:31.546+0000] {dag.py:2690} INFO - Sync 1 DAGs
[2024-02-02T10:42:31.797+0000] {logging_mixin.py:137} INFO - [2024-02-02T10:42:31.797+0000] {dag.py:3441} INFO - Setting next_dagrun for Dummy to None, run_after=None
[2024-02-02T10:42:31.845+0000] {processor.py:175} INFO - Processing /opt/airflow/dags/dummy.py took 0.522 seconds
[2024-02-02T10:42:37.666+0000] {processor.py:153} INFO - Started process (PID=2373) to work on /opt/airflow/dags/dummy.py
[2024-02-02T10:42:37.673+0000] {processor.py:743} INFO - Processing file /opt/airflow/dags/dummy.py for tasks to queue
[2024-02-02T10:42:37.677+0000] {logging_mixin.py:137} INFO - [2024-02-02T10:42:37.676+0000] {dagbag.py:538} INFO - Filling up the DagBag from /opt/airflow/dags/dummy.py
[2024-02-02T10:42:37.751+0000] {processor.py:753} INFO - DAG(s) dict_keys(['Dummy']) retrieved from /opt/airflow/dags/dummy.py
[2024-02-02T10:42:37.771+0000] {logging_mixin.py:137} INFO - [2024-02-02T10:42:37.771+0000] {dag.py:2690} INFO - Sync 1 DAGs
[2024-02-02T10:42:37.824+0000] {logging_mixin.py:137} INFO - [2024-02-02T10:42:37.824+0000] {dag.py:3441} INFO - Setting next_dagrun for Dummy to None, run_after=None
[2024-02-02T10:42:37.856+0000] {processor.py:175} INFO - Processing /opt/airflow/dags/dummy.py took 0.209 seconds
[2024-02-02T10:42:40.573+0000] {processor.py:153} INFO - Started process (PID=2384) to work on /opt/airflow/dags/dummy.py
[2024-02-02T10:42:40.573+0000] {processor.py:743} INFO - Processing file /opt/airflow/dags/dummy.py for tasks to queue
[2024-02-02T10:42:40.574+0000] {logging_mixin.py:137} INFO - [2024-02-02T10:42:40.574+0000] {dagbag.py:538} INFO - Filling up the DagBag from /opt/airflow/dags/dummy.py
[2024-02-02T10:42:40.596+0000] {processor.py:753} INFO - DAG(s) dict_keys(['Dummy']) retrieved from /opt/airflow/dags/dummy.py
[2024-02-02T10:42:40.615+0000] {logging_mixin.py:137} INFO - [2024-02-02T10:42:40.615+0000] {dag.py:2690} INFO - Sync 1 DAGs
[2024-02-02T10:42:40.660+0000] {logging_mixin.py:137} INFO - [2024-02-02T10:42:40.660+0000] {dag.py:3441} INFO - Setting next_dagrun for Dummy to None, run_after=None
[2024-02-02T10:42:40.690+0000] {processor.py:175} INFO - Processing /opt/airflow/dags/dummy.py took 0.123 seconds
[2024-02-02T10:42:46.195+0000] {processor.py:153} INFO - Started process (PID=2408) to work on /opt/airflow/dags/dummy.py
[2024-02-02T10:42:46.196+0000] {processor.py:743} INFO - Processing file /opt/airflow/dags/dummy.py for tasks to queue
[2024-02-02T10:42:46.198+0000] {logging_mixin.py:137} INFO - [2024-02-02T10:42:46.197+0000] {dagbag.py:538} INFO - Filling up the DagBag from /opt/airflow/dags/dummy.py
[2024-02-02T10:42:46.230+0000] {processor.py:753} INFO - DAG(s) dict_keys(['Dummy']) retrieved from /opt/airflow/dags/dummy.py
[2024-02-02T10:42:46.383+0000] {logging_mixin.py:137} INFO - [2024-02-02T10:42:46.383+0000] {dag.py:2690} INFO - Sync 1 DAGs
[2024-02-02T10:42:46.446+0000] {logging_mixin.py:137} INFO - [2024-02-02T10:42:46.446+0000] {dag.py:3441} INFO - Setting next_dagrun for Dummy to None, run_after=None
[2024-02-02T10:42:46.482+0000] {processor.py:175} INFO - Processing /opt/airflow/dags/dummy.py took 0.293 seconds
[2024-02-02T10:42:50.531+0000] {processor.py:153} INFO - Started process (PID=2423) to work on /opt/airflow/dags/dummy.py
[2024-02-02T10:42:50.532+0000] {processor.py:743} INFO - Processing file /opt/airflow/dags/dummy.py for tasks to queue
[2024-02-02T10:42:50.533+0000] {logging_mixin.py:137} INFO - [2024-02-02T10:42:50.533+0000] {dagbag.py:538} INFO - Filling up the DagBag from /opt/airflow/dags/dummy.py
[2024-02-02T10:42:50.554+0000] {processor.py:753} INFO - DAG(s) dict_keys(['Dummy']) retrieved from /opt/airflow/dags/dummy.py
[2024-02-02T10:42:50.571+0000] {logging_mixin.py:137} INFO - [2024-02-02T10:42:50.571+0000] {dag.py:2690} INFO - Sync 1 DAGs
[2024-02-02T10:42:50.623+0000] {logging_mixin.py:137} INFO - [2024-02-02T10:42:50.623+0000] {dag.py:3441} INFO - Setting next_dagrun for Dummy to None, run_after=None
[2024-02-02T10:42:50.656+0000] {processor.py:175} INFO - Processing /opt/airflow/dags/dummy.py took 0.129 seconds
[2024-02-02T10:42:55.969+0000] {processor.py:153} INFO - Started process (PID=2438) to work on /opt/airflow/dags/dummy.py
[2024-02-02T10:42:55.970+0000] {processor.py:743} INFO - Processing file /opt/airflow/dags/dummy.py for tasks to queue
[2024-02-02T10:42:55.971+0000] {logging_mixin.py:137} INFO - [2024-02-02T10:42:55.971+0000] {dagbag.py:538} INFO - Filling up the DagBag from /opt/airflow/dags/dummy.py
[2024-02-02T10:42:55.993+0000] {processor.py:753} INFO - DAG(s) dict_keys(['Dummy']) retrieved from /opt/airflow/dags/dummy.py
[2024-02-02T10:42:56.010+0000] {logging_mixin.py:137} INFO - [2024-02-02T10:42:56.009+0000] {dag.py:2690} INFO - Sync 1 DAGs
[2024-02-02T10:42:56.047+0000] {logging_mixin.py:137} INFO - [2024-02-02T10:42:56.047+0000] {dag.py:3441} INFO - Setting next_dagrun for Dummy to None, run_after=None
[2024-02-02T10:42:56.069+0000] {processor.py:175} INFO - Processing /opt/airflow/dags/dummy.py took 0.107 seconds
[2024-02-02T10:43:01.365+0000] {processor.py:153} INFO - Started process (PID=2462) to work on /opt/airflow/dags/dummy.py
[2024-02-02T10:43:01.367+0000] {processor.py:743} INFO - Processing file /opt/airflow/dags/dummy.py for tasks to queue
[2024-02-02T10:43:01.368+0000] {logging_mixin.py:137} INFO - [2024-02-02T10:43:01.368+0000] {dagbag.py:538} INFO - Filling up the DagBag from /opt/airflow/dags/dummy.py
[2024-02-02T10:43:01.400+0000] {processor.py:753} INFO - DAG(s) dict_keys(['Dummy']) retrieved from /opt/airflow/dags/dummy.py
[2024-02-02T10:43:01.422+0000] {logging_mixin.py:137} INFO - [2024-02-02T10:43:01.422+0000] {dag.py:2690} INFO - Sync 1 DAGs
[2024-02-02T10:43:01.497+0000] {logging_mixin.py:137} INFO - [2024-02-02T10:43:01.496+0000] {dag.py:3441} INFO - Setting next_dagrun for Dummy to None, run_after=None
[2024-02-02T10:43:01.530+0000] {processor.py:175} INFO - Processing /opt/airflow/dags/dummy.py took 0.171 seconds
[2024-02-02T10:43:06.700+0000] {processor.py:153} INFO - Started process (PID=2485) to work on /opt/airflow/dags/dummy.py
[2024-02-02T10:43:06.701+0000] {processor.py:743} INFO - Processing file /opt/airflow/dags/dummy.py for tasks to queue
[2024-02-02T10:43:06.702+0000] {logging_mixin.py:137} INFO - [2024-02-02T10:43:06.702+0000] {dagbag.py:538} INFO - Filling up the DagBag from /opt/airflow/dags/dummy.py
[2024-02-02T10:43:06.730+0000] {processor.py:753} INFO - DAG(s) dict_keys(['Dummy']) retrieved from /opt/airflow/dags/dummy.py
[2024-02-02T10:43:06.750+0000] {logging_mixin.py:137} INFO - [2024-02-02T10:43:06.750+0000] {dag.py:2690} INFO - Sync 1 DAGs
[2024-02-02T10:43:06.809+0000] {logging_mixin.py:137} INFO - [2024-02-02T10:43:06.809+0000] {dag.py:3441} INFO - Setting next_dagrun for Dummy to None, run_after=None
[2024-02-02T10:43:06.842+0000] {processor.py:175} INFO - Processing /opt/airflow/dags/dummy.py took 0.147 seconds
[2024-02-02T10:43:12.277+0000] {processor.py:153} INFO - Started process (PID=2499) to work on /opt/airflow/dags/dummy.py
[2024-02-02T10:43:12.278+0000] {processor.py:743} INFO - Processing file /opt/airflow/dags/dummy.py for tasks to queue
[2024-02-02T10:43:12.279+0000] {logging_mixin.py:137} INFO - [2024-02-02T10:43:12.279+0000] {dagbag.py:538} INFO - Filling up the DagBag from /opt/airflow/dags/dummy.py
[2024-02-02T10:43:12.303+0000] {processor.py:753} INFO - DAG(s) dict_keys(['Dummy']) retrieved from /opt/airflow/dags/dummy.py
[2024-02-02T10:43:12.318+0000] {logging_mixin.py:137} INFO - [2024-02-02T10:43:12.318+0000] {dag.py:2690} INFO - Sync 1 DAGs
[2024-02-02T10:43:12.358+0000] {logging_mixin.py:137} INFO - [2024-02-02T10:43:12.358+0000] {dag.py:3441} INFO - Setting next_dagrun for Dummy to None, run_after=None
[2024-02-02T10:43:12.389+0000] {processor.py:175} INFO - Processing /opt/airflow/dags/dummy.py took 0.116 seconds
[2024-02-02T10:43:18.133+0000] {processor.py:153} INFO - Started process (PID=2527) to work on /opt/airflow/dags/dummy.py
[2024-02-02T10:43:18.134+0000] {processor.py:743} INFO - Processing file /opt/airflow/dags/dummy.py for tasks to queue
[2024-02-02T10:43:18.135+0000] {logging_mixin.py:137} INFO - [2024-02-02T10:43:18.135+0000] {dagbag.py:538} INFO - Filling up the DagBag from /opt/airflow/dags/dummy.py
[2024-02-02T10:43:18.157+0000] {processor.py:753} INFO - DAG(s) dict_keys(['Dummy']) retrieved from /opt/airflow/dags/dummy.py
[2024-02-02T10:43:18.189+0000] {logging_mixin.py:137} INFO - [2024-02-02T10:43:18.189+0000] {dag.py:2690} INFO - Sync 1 DAGs
[2024-02-02T10:43:18.224+0000] {logging_mixin.py:137} INFO - [2024-02-02T10:43:18.223+0000] {dag.py:3441} INFO - Setting next_dagrun for Dummy to None, run_after=None
[2024-02-02T10:43:18.249+0000] {processor.py:175} INFO - Processing /opt/airflow/dags/dummy.py took 0.126 seconds
[2024-02-02T10:43:23.293+0000] {processor.py:153} INFO - Started process (PID=2542) to work on /opt/airflow/dags/dummy.py
[2024-02-02T10:43:23.294+0000] {processor.py:743} INFO - Processing file /opt/airflow/dags/dummy.py for tasks to queue
[2024-02-02T10:43:23.295+0000] {logging_mixin.py:137} INFO - [2024-02-02T10:43:23.295+0000] {dagbag.py:538} INFO - Filling up the DagBag from /opt/airflow/dags/dummy.py
[2024-02-02T10:43:23.315+0000] {processor.py:753} INFO - DAG(s) dict_keys(['Dummy']) retrieved from /opt/airflow/dags/dummy.py
[2024-02-02T10:43:23.346+0000] {logging_mixin.py:137} INFO - [2024-02-02T10:43:23.345+0000] {dag.py:2690} INFO - Sync 1 DAGs
[2024-02-02T10:43:23.377+0000] {logging_mixin.py:137} INFO - [2024-02-02T10:43:23.377+0000] {dag.py:3441} INFO - Setting next_dagrun for Dummy to None, run_after=None
[2024-02-02T10:43:23.406+0000] {processor.py:175} INFO - Processing /opt/airflow/dags/dummy.py took 0.116 seconds
[2024-02-02T10:43:28.535+0000] {processor.py:153} INFO - Started process (PID=2566) to work on /opt/airflow/dags/dummy.py
[2024-02-02T10:43:28.536+0000] {processor.py:743} INFO - Processing file /opt/airflow/dags/dummy.py for tasks to queue
[2024-02-02T10:43:28.537+0000] {logging_mixin.py:137} INFO - [2024-02-02T10:43:28.537+0000] {dagbag.py:538} INFO - Filling up the DagBag from /opt/airflow/dags/dummy.py
[2024-02-02T10:43:28.566+0000] {processor.py:753} INFO - DAG(s) dict_keys(['Dummy']) retrieved from /opt/airflow/dags/dummy.py
[2024-02-02T10:43:28.611+0000] {logging_mixin.py:137} INFO - [2024-02-02T10:43:28.611+0000] {dag.py:2690} INFO - Sync 1 DAGs
[2024-02-02T10:43:28.669+0000] {logging_mixin.py:137} INFO - [2024-02-02T10:43:28.669+0000] {dag.py:3441} INFO - Setting next_dagrun for Dummy to None, run_after=None
[2024-02-02T10:43:28.705+0000] {processor.py:175} INFO - Processing /opt/airflow/dags/dummy.py took 0.175 seconds
[2024-02-02T10:43:34.369+0000] {processor.py:153} INFO - Started process (PID=2584) to work on /opt/airflow/dags/dummy.py
[2024-02-02T10:43:34.371+0000] {processor.py:743} INFO - Processing file /opt/airflow/dags/dummy.py for tasks to queue
[2024-02-02T10:43:34.372+0000] {logging_mixin.py:137} INFO - [2024-02-02T10:43:34.372+0000] {dagbag.py:538} INFO - Filling up the DagBag from /opt/airflow/dags/dummy.py
[2024-02-02T10:43:34.397+0000] {processor.py:753} INFO - DAG(s) dict_keys(['Dummy']) retrieved from /opt/airflow/dags/dummy.py
[2024-02-02T10:43:34.449+0000] {logging_mixin.py:137} INFO - [2024-02-02T10:43:34.449+0000] {dag.py:2690} INFO - Sync 1 DAGs
[2024-02-02T10:43:34.502+0000] {logging_mixin.py:137} INFO - [2024-02-02T10:43:34.501+0000] {dag.py:3441} INFO - Setting next_dagrun for Dummy to None, run_after=None
[2024-02-02T10:43:34.533+0000] {processor.py:175} INFO - Processing /opt/airflow/dags/dummy.py took 0.171 seconds
[2024-02-02T10:43:40.272+0000] {processor.py:153} INFO - Started process (PID=2599) to work on /opt/airflow/dags/dummy.py
[2024-02-02T10:43:40.273+0000] {processor.py:743} INFO - Processing file /opt/airflow/dags/dummy.py for tasks to queue
[2024-02-02T10:43:40.278+0000] {logging_mixin.py:137} INFO - [2024-02-02T10:43:40.278+0000] {dagbag.py:538} INFO - Filling up the DagBag from /opt/airflow/dags/dummy.py
[2024-02-02T10:43:40.323+0000] {processor.py:753} INFO - DAG(s) dict_keys(['Dummy']) retrieved from /opt/airflow/dags/dummy.py
[2024-02-02T10:43:40.378+0000] {logging_mixin.py:137} INFO - [2024-02-02T10:43:40.378+0000] {dag.py:2690} INFO - Sync 1 DAGs
[2024-02-02T10:43:40.448+0000] {logging_mixin.py:137} INFO - [2024-02-02T10:43:40.448+0000] {dag.py:3441} INFO - Setting next_dagrun for Dummy to None, run_after=None
[2024-02-02T10:43:40.519+0000] {processor.py:175} INFO - Processing /opt/airflow/dags/dummy.py took 0.253 seconds
[2024-02-02T10:43:45.992+0000] {processor.py:153} INFO - Started process (PID=2626) to work on /opt/airflow/dags/dummy.py
[2024-02-02T10:43:45.993+0000] {processor.py:743} INFO - Processing file /opt/airflow/dags/dummy.py for tasks to queue
[2024-02-02T10:43:45.995+0000] {logging_mixin.py:137} INFO - [2024-02-02T10:43:45.994+0000] {dagbag.py:538} INFO - Filling up the DagBag from /opt/airflow/dags/dummy.py
[2024-02-02T10:43:46.026+0000] {processor.py:753} INFO - DAG(s) dict_keys(['Dummy']) retrieved from /opt/airflow/dags/dummy.py
[2024-02-02T10:43:46.071+0000] {logging_mixin.py:137} INFO - [2024-02-02T10:43:46.071+0000] {dag.py:2690} INFO - Sync 1 DAGs
[2024-02-02T10:43:46.122+0000] {logging_mixin.py:137} INFO - [2024-02-02T10:43:46.122+0000] {dag.py:3441} INFO - Setting next_dagrun for Dummy to None, run_after=None
[2024-02-02T10:43:46.154+0000] {processor.py:175} INFO - Processing /opt/airflow/dags/dummy.py took 0.166 seconds
[2024-02-02T10:43:51.639+0000] {processor.py:153} INFO - Started process (PID=2641) to work on /opt/airflow/dags/dummy.py
[2024-02-02T10:43:51.639+0000] {processor.py:743} INFO - Processing file /opt/airflow/dags/dummy.py for tasks to queue
[2024-02-02T10:43:51.640+0000] {logging_mixin.py:137} INFO - [2024-02-02T10:43:51.640+0000] {dagbag.py:538} INFO - Filling up the DagBag from /opt/airflow/dags/dummy.py
[2024-02-02T10:43:51.661+0000] {processor.py:753} INFO - DAG(s) dict_keys(['Dummy']) retrieved from /opt/airflow/dags/dummy.py
[2024-02-02T10:43:51.693+0000] {logging_mixin.py:137} INFO - [2024-02-02T10:43:51.693+0000] {dag.py:2690} INFO - Sync 1 DAGs
[2024-02-02T10:43:51.733+0000] {logging_mixin.py:137} INFO - [2024-02-02T10:43:51.732+0000] {dag.py:3441} INFO - Setting next_dagrun for Dummy to None, run_after=None
[2024-02-02T10:43:51.761+0000] {processor.py:175} INFO - Processing /opt/airflow/dags/dummy.py took 0.126 seconds
[2024-02-02T10:43:56.986+0000] {processor.py:153} INFO - Started process (PID=2665) to work on /opt/airflow/dags/dummy.py
[2024-02-02T10:43:56.987+0000] {processor.py:743} INFO - Processing file /opt/airflow/dags/dummy.py for tasks to queue
[2024-02-02T10:43:56.988+0000] {logging_mixin.py:137} INFO - [2024-02-02T10:43:56.987+0000] {dagbag.py:538} INFO - Filling up the DagBag from /opt/airflow/dags/dummy.py
[2024-02-02T10:43:57.008+0000] {processor.py:753} INFO - DAG(s) dict_keys(['Dummy']) retrieved from /opt/airflow/dags/dummy.py
[2024-02-02T10:43:57.043+0000] {logging_mixin.py:137} INFO - [2024-02-02T10:43:57.042+0000] {dag.py:2690} INFO - Sync 1 DAGs
[2024-02-02T10:43:57.082+0000] {logging_mixin.py:137} INFO - [2024-02-02T10:43:57.082+0000] {dag.py:3441} INFO - Setting next_dagrun for Dummy to None, run_after=None
[2024-02-02T10:43:57.119+0000] {processor.py:175} INFO - Processing /opt/airflow/dags/dummy.py took 0.139 seconds
[2024-02-02T10:44:02.653+0000] {processor.py:153} INFO - Started process (PID=2683) to work on /opt/airflow/dags/dummy.py
[2024-02-02T10:44:02.654+0000] {processor.py:743} INFO - Processing file /opt/airflow/dags/dummy.py for tasks to queue
[2024-02-02T10:44:02.655+0000] {logging_mixin.py:137} INFO - [2024-02-02T10:44:02.654+0000] {dagbag.py:538} INFO - Filling up the DagBag from /opt/airflow/dags/dummy.py
[2024-02-02T10:44:02.675+0000] {processor.py:753} INFO - DAG(s) dict_keys(['Dummy']) retrieved from /opt/airflow/dags/dummy.py
[2024-02-02T10:44:02.709+0000] {logging_mixin.py:137} INFO - [2024-02-02T10:44:02.708+0000] {dag.py:2690} INFO - Sync 1 DAGs
[2024-02-02T10:44:02.746+0000] {logging_mixin.py:137} INFO - [2024-02-02T10:44:02.745+0000] {dag.py:3441} INFO - Setting next_dagrun for Dummy to None, run_after=None
[2024-02-02T10:44:02.775+0000] {processor.py:175} INFO - Processing /opt/airflow/dags/dummy.py took 0.126 seconds
[2024-02-02T10:44:07.986+0000] {processor.py:153} INFO - Started process (PID=2698) to work on /opt/airflow/dags/dummy.py
[2024-02-02T10:44:07.987+0000] {processor.py:743} INFO - Processing file /opt/airflow/dags/dummy.py for tasks to queue
[2024-02-02T10:44:07.988+0000] {logging_mixin.py:137} INFO - [2024-02-02T10:44:07.988+0000] {dagbag.py:538} INFO - Filling up the DagBag from /opt/airflow/dags/dummy.py
[2024-02-02T10:44:08.016+0000] {processor.py:753} INFO - DAG(s) dict_keys(['Dummy']) retrieved from /opt/airflow/dags/dummy.py
[2024-02-02T10:44:08.065+0000] {logging_mixin.py:137} INFO - [2024-02-02T10:44:08.065+0000] {dag.py:2690} INFO - Sync 1 DAGs
[2024-02-02T10:44:08.123+0000] {logging_mixin.py:137} INFO - [2024-02-02T10:44:08.123+0000] {dag.py:3441} INFO - Setting next_dagrun for Dummy to None, run_after=None
[2024-02-02T10:44:08.159+0000] {processor.py:175} INFO - Processing /opt/airflow/dags/dummy.py took 0.179 seconds
[2024-02-02T10:44:13.511+0000] {processor.py:153} INFO - Started process (PID=2725) to work on /opt/airflow/dags/dummy.py
[2024-02-02T10:44:13.512+0000] {processor.py:743} INFO - Processing file /opt/airflow/dags/dummy.py for tasks to queue
[2024-02-02T10:44:13.513+0000] {logging_mixin.py:137} INFO - [2024-02-02T10:44:13.513+0000] {dagbag.py:538} INFO - Filling up the DagBag from /opt/airflow/dags/dummy.py
[2024-02-02T10:44:13.545+0000] {processor.py:753} INFO - DAG(s) dict_keys(['Dummy']) retrieved from /opt/airflow/dags/dummy.py
[2024-02-02T10:44:13.596+0000] {logging_mixin.py:137} INFO - [2024-02-02T10:44:13.595+0000] {dag.py:2690} INFO - Sync 1 DAGs
[2024-02-02T10:44:13.664+0000] {logging_mixin.py:137} INFO - [2024-02-02T10:44:13.664+0000] {dag.py:3441} INFO - Setting next_dagrun for Dummy to None, run_after=None
[2024-02-02T10:44:13.703+0000] {processor.py:175} INFO - Processing /opt/airflow/dags/dummy.py took 0.200 seconds
[2024-02-02T10:44:19.231+0000] {processor.py:153} INFO - Started process (PID=2740) to work on /opt/airflow/dags/dummy.py
[2024-02-02T10:44:19.232+0000] {processor.py:743} INFO - Processing file /opt/airflow/dags/dummy.py for tasks to queue
[2024-02-02T10:44:19.235+0000] {logging_mixin.py:137} INFO - [2024-02-02T10:44:19.235+0000] {dagbag.py:538} INFO - Filling up the DagBag from /opt/airflow/dags/dummy.py
[2024-02-02T10:44:19.276+0000] {processor.py:753} INFO - DAG(s) dict_keys(['Dummy']) retrieved from /opt/airflow/dags/dummy.py
[2024-02-02T10:44:19.327+0000] {logging_mixin.py:137} INFO - [2024-02-02T10:44:19.326+0000] {dag.py:2690} INFO - Sync 1 DAGs
[2024-02-02T10:44:19.393+0000] {logging_mixin.py:137} INFO - [2024-02-02T10:44:19.393+0000] {dag.py:3441} INFO - Setting next_dagrun for Dummy to None, run_after=None
[2024-02-02T10:44:19.435+0000] {processor.py:175} INFO - Processing /opt/airflow/dags/dummy.py took 0.214 seconds
[2024-02-02T10:44:24.771+0000] {processor.py:153} INFO - Started process (PID=2764) to work on /opt/airflow/dags/dummy.py
[2024-02-02T10:44:24.773+0000] {processor.py:743} INFO - Processing file /opt/airflow/dags/dummy.py for tasks to queue
[2024-02-02T10:44:24.774+0000] {logging_mixin.py:137} INFO - [2024-02-02T10:44:24.774+0000] {dagbag.py:538} INFO - Filling up the DagBag from /opt/airflow/dags/dummy.py
[2024-02-02T10:44:24.810+0000] {processor.py:753} INFO - DAG(s) dict_keys(['Dummy']) retrieved from /opt/airflow/dags/dummy.py
[2024-02-02T10:44:24.865+0000] {logging_mixin.py:137} INFO - [2024-02-02T10:44:24.864+0000] {dag.py:2690} INFO - Sync 1 DAGs
[2024-02-02T10:44:24.928+0000] {logging_mixin.py:137} INFO - [2024-02-02T10:44:24.928+0000] {dag.py:3441} INFO - Setting next_dagrun for Dummy to None, run_after=None
[2024-02-02T10:44:25.008+0000] {processor.py:175} INFO - Processing /opt/airflow/dags/dummy.py took 0.242 seconds
[2024-02-02T10:44:30.395+0000] {processor.py:153} INFO - Started process (PID=2782) to work on /opt/airflow/dags/dummy.py
[2024-02-02T10:44:30.397+0000] {processor.py:743} INFO - Processing file /opt/airflow/dags/dummy.py for tasks to queue
[2024-02-02T10:44:30.399+0000] {logging_mixin.py:137} INFO - [2024-02-02T10:44:30.398+0000] {dagbag.py:538} INFO - Filling up the DagBag from /opt/airflow/dags/dummy.py
[2024-02-02T10:44:30.435+0000] {processor.py:753} INFO - DAG(s) dict_keys(['Dummy']) retrieved from /opt/airflow/dags/dummy.py
[2024-02-02T10:44:30.490+0000] {logging_mixin.py:137} INFO - [2024-02-02T10:44:30.490+0000] {dag.py:2690} INFO - Sync 1 DAGs
[2024-02-02T10:44:30.554+0000] {logging_mixin.py:137} INFO - [2024-02-02T10:44:30.554+0000] {dag.py:3441} INFO - Setting next_dagrun for Dummy to None, run_after=None
[2024-02-02T10:44:30.579+0000] {processor.py:175} INFO - Processing /opt/airflow/dags/dummy.py took 0.192 seconds
[2024-02-02T10:44:35.857+0000] {processor.py:153} INFO - Started process (PID=2797) to work on /opt/airflow/dags/dummy.py
[2024-02-02T10:44:35.858+0000] {processor.py:743} INFO - Processing file /opt/airflow/dags/dummy.py for tasks to queue
[2024-02-02T10:44:35.860+0000] {logging_mixin.py:137} INFO - [2024-02-02T10:44:35.859+0000] {dagbag.py:538} INFO - Filling up the DagBag from /opt/airflow/dags/dummy.py
[2024-02-02T10:44:35.893+0000] {processor.py:753} INFO - DAG(s) dict_keys(['Dummy']) retrieved from /opt/airflow/dags/dummy.py
[2024-02-02T10:44:35.957+0000] {logging_mixin.py:137} INFO - [2024-02-02T10:44:35.957+0000] {dag.py:2690} INFO - Sync 1 DAGs
[2024-02-02T10:44:36.012+0000] {logging_mixin.py:137} INFO - [2024-02-02T10:44:36.012+0000] {dag.py:3441} INFO - Setting next_dagrun for Dummy to None, run_after=None
[2024-02-02T10:44:36.045+0000] {processor.py:175} INFO - Processing /opt/airflow/dags/dummy.py took 0.192 seconds
[2024-02-02T10:44:41.504+0000] {processor.py:153} INFO - Started process (PID=2824) to work on /opt/airflow/dags/dummy.py
[2024-02-02T10:44:41.506+0000] {processor.py:743} INFO - Processing file /opt/airflow/dags/dummy.py for tasks to queue
[2024-02-02T10:44:41.507+0000] {logging_mixin.py:137} INFO - [2024-02-02T10:44:41.507+0000] {dagbag.py:538} INFO - Filling up the DagBag from /opt/airflow/dags/dummy.py
[2024-02-02T10:44:41.545+0000] {processor.py:753} INFO - DAG(s) dict_keys(['Dummy']) retrieved from /opt/airflow/dags/dummy.py
[2024-02-02T10:44:41.596+0000] {logging_mixin.py:137} INFO - [2024-02-02T10:44:41.595+0000] {dag.py:2690} INFO - Sync 1 DAGs
[2024-02-02T10:44:41.671+0000] {logging_mixin.py:137} INFO - [2024-02-02T10:44:41.671+0000] {dag.py:3441} INFO - Setting next_dagrun for Dummy to None, run_after=None
[2024-02-02T10:44:41.729+0000] {processor.py:175} INFO - Processing /opt/airflow/dags/dummy.py took 0.230 seconds
[2024-02-02T10:44:47.360+0000] {processor.py:153} INFO - Started process (PID=2839) to work on /opt/airflow/dags/dummy.py
[2024-02-02T10:44:47.362+0000] {processor.py:743} INFO - Processing file /opt/airflow/dags/dummy.py for tasks to queue
[2024-02-02T10:44:47.364+0000] {logging_mixin.py:137} INFO - [2024-02-02T10:44:47.364+0000] {dagbag.py:538} INFO - Filling up the DagBag from /opt/airflow/dags/dummy.py
[2024-02-02T10:44:47.409+0000] {processor.py:753} INFO - DAG(s) dict_keys(['Dummy']) retrieved from /opt/airflow/dags/dummy.py
[2024-02-02T10:44:47.451+0000] {logging_mixin.py:137} INFO - [2024-02-02T10:44:47.451+0000] {dag.py:2690} INFO - Sync 1 DAGs
[2024-02-02T10:44:47.484+0000] {logging_mixin.py:137} INFO - [2024-02-02T10:44:47.484+0000] {dag.py:3441} INFO - Setting next_dagrun for Dummy to None, run_after=None
[2024-02-02T10:44:47.508+0000] {processor.py:175} INFO - Processing /opt/airflow/dags/dummy.py took 0.158 seconds
[2024-02-02T10:44:53.271+0000] {processor.py:153} INFO - Started process (PID=2863) to work on /opt/airflow/dags/dummy.py
[2024-02-02T10:44:53.272+0000] {processor.py:743} INFO - Processing file /opt/airflow/dags/dummy.py for tasks to queue
[2024-02-02T10:44:53.273+0000] {logging_mixin.py:137} INFO - [2024-02-02T10:44:53.273+0000] {dagbag.py:538} INFO - Filling up the DagBag from /opt/airflow/dags/dummy.py
[2024-02-02T10:44:53.331+0000] {processor.py:753} INFO - DAG(s) dict_keys(['Dummy']) retrieved from /opt/airflow/dags/dummy.py
[2024-02-02T10:44:53.422+0000] {logging_mixin.py:137} INFO - [2024-02-02T10:44:53.422+0000] {dag.py:2690} INFO - Sync 1 DAGs
[2024-02-02T10:44:53.502+0000] {logging_mixin.py:137} INFO - [2024-02-02T10:44:53.502+0000] {dag.py:3441} INFO - Setting next_dagrun for Dummy to None, run_after=None
[2024-02-02T10:44:53.551+0000] {processor.py:175} INFO - Processing /opt/airflow/dags/dummy.py took 0.327 seconds
[2024-02-02T10:44:58.905+0000] {processor.py:153} INFO - Started process (PID=2881) to work on /opt/airflow/dags/dummy.py
[2024-02-02T10:44:58.906+0000] {processor.py:743} INFO - Processing file /opt/airflow/dags/dummy.py for tasks to queue
[2024-02-02T10:44:58.907+0000] {logging_mixin.py:137} INFO - [2024-02-02T10:44:58.907+0000] {dagbag.py:538} INFO - Filling up the DagBag from /opt/airflow/dags/dummy.py
[2024-02-02T10:44:58.927+0000] {processor.py:753} INFO - DAG(s) dict_keys(['Dummy']) retrieved from /opt/airflow/dags/dummy.py
[2024-02-02T10:44:58.961+0000] {logging_mixin.py:137} INFO - [2024-02-02T10:44:58.960+0000] {dag.py:2690} INFO - Sync 1 DAGs
[2024-02-02T10:44:58.993+0000] {logging_mixin.py:137} INFO - [2024-02-02T10:44:58.993+0000] {dag.py:3441} INFO - Setting next_dagrun for Dummy to None, run_after=None
[2024-02-02T10:44:59.017+0000] {processor.py:175} INFO - Processing /opt/airflow/dags/dummy.py took 0.115 seconds
[2024-02-02T10:45:04.345+0000] {processor.py:153} INFO - Started process (PID=2896) to work on /opt/airflow/dags/dummy.py
[2024-02-02T10:45:04.347+0000] {processor.py:743} INFO - Processing file /opt/airflow/dags/dummy.py for tasks to queue
[2024-02-02T10:45:04.350+0000] {logging_mixin.py:137} INFO - [2024-02-02T10:45:04.349+0000] {dagbag.py:538} INFO - Filling up the DagBag from /opt/airflow/dags/dummy.py
[2024-02-02T10:45:04.387+0000] {processor.py:753} INFO - DAG(s) dict_keys(['Dummy']) retrieved from /opt/airflow/dags/dummy.py
[2024-02-02T10:45:04.438+0000] {logging_mixin.py:137} INFO - [2024-02-02T10:45:04.438+0000] {dag.py:2690} INFO - Sync 1 DAGs
[2024-02-02T10:45:04.492+0000] {logging_mixin.py:137} INFO - [2024-02-02T10:45:04.492+0000] {dag.py:3441} INFO - Setting next_dagrun for Dummy to None, run_after=None
[2024-02-02T10:45:04.552+0000] {processor.py:175} INFO - Processing /opt/airflow/dags/dummy.py took 0.218 seconds
[2024-02-02T10:45:09.899+0000] {processor.py:153} INFO - Started process (PID=2923) to work on /opt/airflow/dags/dummy.py
[2024-02-02T10:45:09.900+0000] {processor.py:743} INFO - Processing file /opt/airflow/dags/dummy.py for tasks to queue
[2024-02-02T10:45:09.901+0000] {logging_mixin.py:137} INFO - [2024-02-02T10:45:09.901+0000] {dagbag.py:538} INFO - Filling up the DagBag from /opt/airflow/dags/dummy.py
[2024-02-02T10:45:09.940+0000] {processor.py:753} INFO - DAG(s) dict_keys(['Dummy']) retrieved from /opt/airflow/dags/dummy.py
[2024-02-02T10:45:09.993+0000] {logging_mixin.py:137} INFO - [2024-02-02T10:45:09.993+0000] {dag.py:2690} INFO - Sync 1 DAGs
[2024-02-02T10:45:10.067+0000] {logging_mixin.py:137} INFO - [2024-02-02T10:45:10.067+0000] {dag.py:3441} INFO - Setting next_dagrun for Dummy to None, run_after=None
[2024-02-02T10:45:10.107+0000] {processor.py:175} INFO - Processing /opt/airflow/dags/dummy.py took 0.213 seconds
[2024-02-02T10:45:15.419+0000] {processor.py:153} INFO - Started process (PID=2938) to work on /opt/airflow/dags/dummy.py
[2024-02-02T10:45:15.420+0000] {processor.py:743} INFO - Processing file /opt/airflow/dags/dummy.py for tasks to queue
[2024-02-02T10:45:15.422+0000] {logging_mixin.py:137} INFO - [2024-02-02T10:45:15.422+0000] {dagbag.py:538} INFO - Filling up the DagBag from /opt/airflow/dags/dummy.py
[2024-02-02T10:45:15.444+0000] {processor.py:753} INFO - DAG(s) dict_keys(['Dummy']) retrieved from /opt/airflow/dags/dummy.py
[2024-02-02T10:45:15.476+0000] {logging_mixin.py:137} INFO - [2024-02-02T10:45:15.476+0000] {dag.py:2690} INFO - Sync 1 DAGs
[2024-02-02T10:45:15.509+0000] {logging_mixin.py:137} INFO - [2024-02-02T10:45:15.509+0000] {dag.py:3441} INFO - Setting next_dagrun for Dummy to None, run_after=None
[2024-02-02T10:45:15.532+0000] {processor.py:175} INFO - Processing /opt/airflow/dags/dummy.py took 0.120 seconds
[2024-02-02T10:45:20.804+0000] {processor.py:153} INFO - Started process (PID=2953) to work on /opt/airflow/dags/dummy.py
[2024-02-02T10:45:20.806+0000] {processor.py:743} INFO - Processing file /opt/airflow/dags/dummy.py for tasks to queue
[2024-02-02T10:45:20.807+0000] {logging_mixin.py:137} INFO - [2024-02-02T10:45:20.807+0000] {dagbag.py:538} INFO - Filling up the DagBag from /opt/airflow/dags/dummy.py
[2024-02-02T10:45:20.839+0000] {processor.py:753} INFO - DAG(s) dict_keys(['Dummy']) retrieved from /opt/airflow/dags/dummy.py
[2024-02-02T10:45:20.890+0000] {logging_mixin.py:137} INFO - [2024-02-02T10:45:20.890+0000] {dag.py:2690} INFO - Sync 1 DAGs
[2024-02-02T10:45:20.967+0000] {logging_mixin.py:137} INFO - [2024-02-02T10:45:20.967+0000] {dag.py:3441} INFO - Setting next_dagrun for Dummy to None, run_after=None
[2024-02-02T10:45:20.996+0000] {processor.py:175} INFO - Processing /opt/airflow/dags/dummy.py took 0.199 seconds
[2024-02-02T10:45:26.308+0000] {processor.py:153} INFO - Started process (PID=2980) to work on /opt/airflow/dags/dummy.py
[2024-02-02T10:45:26.309+0000] {processor.py:743} INFO - Processing file /opt/airflow/dags/dummy.py for tasks to queue
[2024-02-02T10:45:26.310+0000] {logging_mixin.py:137} INFO - [2024-02-02T10:45:26.310+0000] {dagbag.py:538} INFO - Filling up the DagBag from /opt/airflow/dags/dummy.py
[2024-02-02T10:45:26.333+0000] {processor.py:753} INFO - DAG(s) dict_keys(['Dummy']) retrieved from /opt/airflow/dags/dummy.py
[2024-02-02T10:45:26.370+0000] {logging_mixin.py:137} INFO - [2024-02-02T10:45:26.370+0000] {dag.py:2690} INFO - Sync 1 DAGs
[2024-02-02T10:45:26.403+0000] {logging_mixin.py:137} INFO - [2024-02-02T10:45:26.403+0000] {dag.py:3441} INFO - Setting next_dagrun for Dummy to None, run_after=None
[2024-02-02T10:45:26.433+0000] {processor.py:175} INFO - Processing /opt/airflow/dags/dummy.py took 0.136 seconds
[2024-02-02T10:45:31.495+0000] {processor.py:153} INFO - Started process (PID=2995) to work on /opt/airflow/dags/dummy.py
[2024-02-02T10:45:31.497+0000] {processor.py:743} INFO - Processing file /opt/airflow/dags/dummy.py for tasks to queue
[2024-02-02T10:45:31.499+0000] {logging_mixin.py:137} INFO - [2024-02-02T10:45:31.499+0000] {dagbag.py:538} INFO - Filling up the DagBag from /opt/airflow/dags/dummy.py
[2024-02-02T10:45:31.525+0000] {processor.py:753} INFO - DAG(s) dict_keys(['Dummy']) retrieved from /opt/airflow/dags/dummy.py
[2024-02-02T10:45:31.561+0000] {logging_mixin.py:137} INFO - [2024-02-02T10:45:31.561+0000] {dag.py:2690} INFO - Sync 1 DAGs
[2024-02-02T10:45:31.595+0000] {logging_mixin.py:137} INFO - [2024-02-02T10:45:31.595+0000] {dag.py:3441} INFO - Setting next_dagrun for Dummy to None, run_after=None
[2024-02-02T10:45:31.619+0000] {processor.py:175} INFO - Processing /opt/airflow/dags/dummy.py took 0.134 seconds
[2024-02-02T10:45:36.805+0000] {processor.py:153} INFO - Started process (PID=3019) to work on /opt/airflow/dags/dummy.py
[2024-02-02T10:45:36.809+0000] {processor.py:743} INFO - Processing file /opt/airflow/dags/dummy.py for tasks to queue
[2024-02-02T10:45:36.810+0000] {logging_mixin.py:137} INFO - [2024-02-02T10:45:36.810+0000] {dagbag.py:538} INFO - Filling up the DagBag from /opt/airflow/dags/dummy.py
[2024-02-02T10:45:36.840+0000] {processor.py:753} INFO - DAG(s) dict_keys(['Dummy']) retrieved from /opt/airflow/dags/dummy.py
[2024-02-02T10:45:36.884+0000] {logging_mixin.py:137} INFO - [2024-02-02T10:45:36.884+0000] {dag.py:2690} INFO - Sync 1 DAGs
[2024-02-02T10:45:37.003+0000] {logging_mixin.py:137} INFO - [2024-02-02T10:45:37.002+0000] {dag.py:3441} INFO - Setting next_dagrun for Dummy to None, run_after=None
[2024-02-02T10:45:37.043+0000] {processor.py:175} INFO - Processing /opt/airflow/dags/dummy.py took 0.243 seconds
[2024-02-02T10:45:42.153+0000] {processor.py:153} INFO - Started process (PID=3037) to work on /opt/airflow/dags/dummy.py
[2024-02-02T10:45:42.157+0000] {processor.py:743} INFO - Processing file /opt/airflow/dags/dummy.py for tasks to queue
[2024-02-02T10:45:42.158+0000] {logging_mixin.py:137} INFO - [2024-02-02T10:45:42.158+0000] {dagbag.py:538} INFO - Filling up the DagBag from /opt/airflow/dags/dummy.py
[2024-02-02T10:45:42.180+0000] {processor.py:753} INFO - DAG(s) dict_keys(['Dummy']) retrieved from /opt/airflow/dags/dummy.py
[2024-02-02T10:45:42.219+0000] {logging_mixin.py:137} INFO - [2024-02-02T10:45:42.218+0000] {dag.py:2690} INFO - Sync 1 DAGs
[2024-02-02T10:45:42.264+0000] {logging_mixin.py:137} INFO - [2024-02-02T10:45:42.264+0000] {dag.py:3441} INFO - Setting next_dagrun for Dummy to None, run_after=None
[2024-02-02T10:45:42.289+0000] {processor.py:175} INFO - Processing /opt/airflow/dags/dummy.py took 0.143 seconds
[2024-02-02T10:45:47.581+0000] {processor.py:153} INFO - Started process (PID=3052) to work on /opt/airflow/dags/dummy.py
[2024-02-02T10:45:47.583+0000] {processor.py:743} INFO - Processing file /opt/airflow/dags/dummy.py for tasks to queue
[2024-02-02T10:45:47.584+0000] {logging_mixin.py:137} INFO - [2024-02-02T10:45:47.584+0000] {dagbag.py:538} INFO - Filling up the DagBag from /opt/airflow/dags/dummy.py
[2024-02-02T10:45:47.616+0000] {processor.py:753} INFO - DAG(s) dict_keys(['Dummy']) retrieved from /opt/airflow/dags/dummy.py
[2024-02-02T10:45:47.664+0000] {logging_mixin.py:137} INFO - [2024-02-02T10:45:47.664+0000] {dag.py:2690} INFO - Sync 1 DAGs
[2024-02-02T10:45:47.723+0000] {logging_mixin.py:137} INFO - [2024-02-02T10:45:47.723+0000] {dag.py:3441} INFO - Setting next_dagrun for Dummy to None, run_after=None
[2024-02-02T10:45:47.754+0000] {processor.py:175} INFO - Processing /opt/airflow/dags/dummy.py took 0.180 seconds
