[2024-01-24T00:32:50.842+0000] {taskinstance.py:1083} INFO - Dependencies all met for <TaskInstance: quarta_dag.tsk2 manual__2024-01-24T00:32:42.467380+00:00 [queued]>
[2024-01-24T00:32:50.862+0000] {taskinstance.py:1083} INFO - Dependencies all met for <TaskInstance: quarta_dag.tsk2 manual__2024-01-24T00:32:42.467380+00:00 [queued]>
[2024-01-24T00:32:50.862+0000] {taskinstance.py:1279} INFO - 
--------------------------------------------------------------------------------
[2024-01-24T00:32:50.862+0000] {taskinstance.py:1280} INFO - Starting attempt 1 of 1
[2024-01-24T00:32:50.862+0000] {taskinstance.py:1281} INFO - 
--------------------------------------------------------------------------------
[2024-01-24T00:32:50.893+0000] {taskinstance.py:1300} INFO - Executing <Task(BashOperator): tsk2> on 2024-01-24 00:32:42.467380+00:00
[2024-01-24T00:32:50.900+0000] {standard_task_runner.py:55} INFO - Started process 1360 to run task
[2024-01-24T00:32:50.905+0000] {standard_task_runner.py:82} INFO - Running: ['***', 'tasks', 'run', 'quarta_dag', 'tsk2', 'manual__2024-01-24T00:32:42.467380+00:00', '--job-id', '35', '--raw', '--subdir', 'DAGS_FOLDER/quartadag.py', '--cfg-path', '/tmp/tmpr1klbhn8']
[2024-01-24T00:32:50.906+0000] {standard_task_runner.py:83} INFO - Job 35: Subtask tsk2
[2024-01-24T00:32:51.018+0000] {task_command.py:388} INFO - Running <TaskInstance: quarta_dag.tsk2 manual__2024-01-24T00:32:42.467380+00:00 [running]> on host cd1b9fd02609
[2024-01-24T00:32:51.166+0000] {taskinstance.py:1509} INFO - Exporting the following env vars:
AIRFLOW_CTX_DAG_OWNER=***
AIRFLOW_CTX_DAG_ID=quarta_dag
AIRFLOW_CTX_TASK_ID=tsk2
AIRFLOW_CTX_EXECUTION_DATE=2024-01-24T00:32:42.467380+00:00
AIRFLOW_CTX_TRY_NUMBER=1
AIRFLOW_CTX_DAG_RUN_ID=manual__2024-01-24T00:32:42.467380+00:00
[2024-01-24T00:32:51.167+0000] {subprocess.py:63} INFO - Tmp dir root location: 
 /tmp
[2024-01-24T00:32:51.169+0000] {subprocess.py:75} INFO - Running command: ['/bin/bash', '-c', 'sleep 5']
[2024-01-24T00:32:51.186+0000] {subprocess.py:86} INFO - Output:
[2024-01-24T00:32:56.195+0000] {subprocess.py:97} INFO - Command exited with return code 0
[2024-01-24T00:32:56.343+0000] {taskinstance.py:1323} INFO - Marking task as SUCCESS. dag_id=quarta_dag, task_id=tsk2, execution_date=20240124T003242, start_date=20240124T003250, end_date=20240124T003256
[2024-01-24T00:32:56.427+0000] {local_task_job.py:208} INFO - Task exited with return code 0
[2024-01-24T00:32:56.460+0000] {taskinstance.py:2578} INFO - 0 downstream tasks scheduled from follow-on schedule check
