[2024-02-12T01:00:08.612+0000] {taskinstance.py:1083} INFO - Dependencies all met for <TaskInstance: defaultargs.tsk2 scheduled__2024-02-12T00:00:00+00:00 [queued]>
[2024-02-12T01:00:08.644+0000] {taskinstance.py:1083} INFO - Dependencies all met for <TaskInstance: defaultargs.tsk2 scheduled__2024-02-12T00:00:00+00:00 [queued]>
[2024-02-12T01:00:08.644+0000] {taskinstance.py:1279} INFO - 
--------------------------------------------------------------------------------
[2024-02-12T01:00:08.645+0000] {taskinstance.py:1280} INFO - Starting attempt 1 of 2
[2024-02-12T01:00:08.646+0000] {taskinstance.py:1281} INFO - 
--------------------------------------------------------------------------------
[2024-02-12T01:00:08.684+0000] {taskinstance.py:1300} INFO - Executing <Task(BashOperator): tsk2> on 2024-02-12 00:00:00+00:00
[2024-02-12T01:00:08.692+0000] {standard_task_runner.py:55} INFO - Started process 122205 to run task
[2024-02-12T01:00:08.705+0000] {standard_task_runner.py:82} INFO - Running: ['***', 'tasks', 'run', 'defaultargs', 'tsk2', 'scheduled__2024-02-12T00:00:00+00:00', '--job-id', '1018', '--raw', '--subdir', 'DAGS_FOLDER/defaultargs.py', '--cfg-path', '/tmp/tmpk8miniu1']
[2024-02-12T01:00:08.706+0000] {standard_task_runner.py:83} INFO - Job 1018: Subtask tsk2
[2024-02-12T01:00:08.943+0000] {task_command.py:388} INFO - Running <TaskInstance: defaultargs.tsk2 scheduled__2024-02-12T00:00:00+00:00 [running]> on host f8c98ce69515
[2024-02-12T01:00:09.139+0000] {taskinstance.py:1509} INFO - Exporting the following env vars:
AIRFLOW_CTX_DAG_EMAIL=teste@teste.com
AIRFLOW_CTX_DAG_OWNER=***
AIRFLOW_CTX_DAG_ID=defaultargs
AIRFLOW_CTX_TASK_ID=tsk2
AIRFLOW_CTX_EXECUTION_DATE=2024-02-12T00:00:00+00:00
AIRFLOW_CTX_TRY_NUMBER=1
AIRFLOW_CTX_DAG_RUN_ID=scheduled__2024-02-12T00:00:00+00:00
[2024-02-12T01:00:09.141+0000] {subprocess.py:63} INFO - Tmp dir root location: 
 /tmp
[2024-02-12T01:00:09.142+0000] {subprocess.py:75} INFO - Running command: ['/bin/bash', '-c', 'sleep 5']
[2024-02-12T01:00:09.157+0000] {subprocess.py:86} INFO - Output:
[2024-02-12T01:00:14.165+0000] {subprocess.py:97} INFO - Command exited with return code 0
[2024-02-12T01:00:14.217+0000] {taskinstance.py:1323} INFO - Marking task as SUCCESS. dag_id=defaultargs, task_id=tsk2, execution_date=20240212T000000, start_date=20240212T010008, end_date=20240212T010014
[2024-02-12T01:00:14.274+0000] {local_task_job.py:208} INFO - Task exited with return code 0
[2024-02-12T01:00:14.305+0000] {taskinstance.py:2578} INFO - 1 downstream tasks scheduled from follow-on schedule check
