[2024-01-27T21:00:10.493+0000] {taskinstance.py:1083} INFO - Dependencies all met for <TaskInstance: defaultargs.tsk2 scheduled__2024-01-27T20:00:00+00:00 [queued]>
[2024-01-27T21:00:10.515+0000] {taskinstance.py:1083} INFO - Dependencies all met for <TaskInstance: defaultargs.tsk2 scheduled__2024-01-27T20:00:00+00:00 [queued]>
[2024-01-27T21:00:10.515+0000] {taskinstance.py:1279} INFO - 
--------------------------------------------------------------------------------
[2024-01-27T21:00:10.515+0000] {taskinstance.py:1280} INFO - Starting attempt 1 of 2
[2024-01-27T21:00:10.515+0000] {taskinstance.py:1281} INFO - 
--------------------------------------------------------------------------------
[2024-01-27T21:00:10.549+0000] {taskinstance.py:1300} INFO - Executing <Task(BashOperator): tsk2> on 2024-01-27 20:00:00+00:00
[2024-01-27T21:00:10.558+0000] {standard_task_runner.py:55} INFO - Started process 1036 to run task
[2024-01-27T21:00:10.570+0000] {standard_task_runner.py:82} INFO - Running: ['***', 'tasks', 'run', 'defaultargs', 'tsk2', 'scheduled__2024-01-27T20:00:00+00:00', '--job-id', '116', '--raw', '--subdir', 'DAGS_FOLDER/defaultargs.py', '--cfg-path', '/tmp/tmpmrqd39r9']
[2024-01-27T21:00:10.571+0000] {standard_task_runner.py:83} INFO - Job 116: Subtask tsk2
[2024-01-27T21:00:10.701+0000] {task_command.py:388} INFO - Running <TaskInstance: defaultargs.tsk2 scheduled__2024-01-27T20:00:00+00:00 [running]> on host 5b3777e64f6c
[2024-01-27T21:00:10.905+0000] {taskinstance.py:1509} INFO - Exporting the following env vars:
AIRFLOW_CTX_DAG_EMAIL=teste@teste.com
AIRFLOW_CTX_DAG_OWNER=***
AIRFLOW_CTX_DAG_ID=defaultargs
AIRFLOW_CTX_TASK_ID=tsk2
AIRFLOW_CTX_EXECUTION_DATE=2024-01-27T20:00:00+00:00
AIRFLOW_CTX_TRY_NUMBER=1
AIRFLOW_CTX_DAG_RUN_ID=scheduled__2024-01-27T20:00:00+00:00
[2024-01-27T21:00:10.907+0000] {subprocess.py:63} INFO - Tmp dir root location: 
 /tmp
[2024-01-27T21:00:10.913+0000] {subprocess.py:75} INFO - Running command: ['/bin/bash', '-c', 'sleep 5']
[2024-01-27T21:00:10.948+0000] {subprocess.py:86} INFO - Output:
[2024-01-27T21:00:15.958+0000] {subprocess.py:97} INFO - Command exited with return code 0
[2024-01-27T21:00:16.029+0000] {taskinstance.py:1323} INFO - Marking task as SUCCESS. dag_id=defaultargs, task_id=tsk2, execution_date=20240127T200000, start_date=20240127T210010, end_date=20240127T210016
[2024-01-27T21:00:16.090+0000] {local_task_job.py:208} INFO - Task exited with return code 0
[2024-01-27T21:00:16.120+0000] {taskinstance.py:2578} INFO - 1 downstream tasks scheduled from follow-on schedule check
