[2024-01-24T11:42:42.526+0000] {taskinstance.py:1083} INFO - Dependencies all met for <TaskInstance: daggroup.tsk6 manual__2024-01-24T11:42:20.445128+00:00 [queued]>
[2024-01-24T11:42:42.542+0000] {taskinstance.py:1083} INFO - Dependencies all met for <TaskInstance: daggroup.tsk6 manual__2024-01-24T11:42:20.445128+00:00 [queued]>
[2024-01-24T11:42:42.542+0000] {taskinstance.py:1279} INFO - 
--------------------------------------------------------------------------------
[2024-01-24T11:42:42.543+0000] {taskinstance.py:1280} INFO - Starting attempt 1 of 1
[2024-01-24T11:42:42.543+0000] {taskinstance.py:1281} INFO - 
--------------------------------------------------------------------------------
[2024-01-24T11:42:42.560+0000] {taskinstance.py:1300} INFO - Executing <Task(BashOperator): tsk6> on 2024-01-24 11:42:20.445128+00:00
[2024-01-24T11:42:42.567+0000] {standard_task_runner.py:55} INFO - Started process 5649 to run task
[2024-01-24T11:42:42.570+0000] {standard_task_runner.py:82} INFO - Running: ['***', 'tasks', 'run', 'daggroup', 'tsk6', 'manual__2024-01-24T11:42:20.445128+00:00', '--job-id', '60', '--raw', '--subdir', 'DAGS_FOLDER/daggroup.py', '--cfg-path', '/tmp/tmp0ssukmq7']
[2024-01-24T11:42:42.571+0000] {standard_task_runner.py:83} INFO - Job 60: Subtask tsk6
[2024-01-24T11:42:42.651+0000] {task_command.py:388} INFO - Running <TaskInstance: daggroup.tsk6 manual__2024-01-24T11:42:20.445128+00:00 [running]> on host cd1b9fd02609
[2024-01-24T11:42:42.758+0000] {taskinstance.py:1509} INFO - Exporting the following env vars:
AIRFLOW_CTX_DAG_OWNER=***
AIRFLOW_CTX_DAG_ID=daggroup
AIRFLOW_CTX_TASK_ID=tsk6
AIRFLOW_CTX_EXECUTION_DATE=2024-01-24T11:42:20.445128+00:00
AIRFLOW_CTX_TRY_NUMBER=1
AIRFLOW_CTX_DAG_RUN_ID=manual__2024-01-24T11:42:20.445128+00:00
[2024-01-24T11:42:42.760+0000] {subprocess.py:63} INFO - Tmp dir root location: 
 /tmp
[2024-01-24T11:42:42.760+0000] {subprocess.py:75} INFO - Running command: ['/bin/bash', '-c', 'sleep 5']
[2024-01-24T11:42:42.774+0000] {subprocess.py:86} INFO - Output:
[2024-01-24T11:42:47.781+0000] {subprocess.py:97} INFO - Command exited with return code 0
[2024-01-24T11:42:47.853+0000] {taskinstance.py:1323} INFO - Marking task as SUCCESS. dag_id=daggroup, task_id=tsk6, execution_date=20240124T114220, start_date=20240124T114242, end_date=20240124T114247
[2024-01-24T11:42:47.882+0000] {local_task_job.py:208} INFO - Task exited with return code 0
[2024-01-24T11:42:47.919+0000] {taskinstance.py:2578} INFO - 2 downstream tasks scheduled from follow-on schedule check
