[2024-02-06T12:00:02.417+0000] {taskinstance.py:1083} INFO - Dependencies all met for <TaskInstance: defaultargs.tsk1 scheduled__2024-02-06T11:00:00+00:00 [queued]>
[2024-02-06T12:00:02.453+0000] {taskinstance.py:1083} INFO - Dependencies all met for <TaskInstance: defaultargs.tsk1 scheduled__2024-02-06T11:00:00+00:00 [queued]>
[2024-02-06T12:00:02.454+0000] {taskinstance.py:1279} INFO - 
--------------------------------------------------------------------------------
[2024-02-06T12:00:02.454+0000] {taskinstance.py:1280} INFO - Starting attempt 1 of 4
[2024-02-06T12:00:02.454+0000] {taskinstance.py:1281} INFO - 
--------------------------------------------------------------------------------
[2024-02-06T12:00:02.508+0000] {taskinstance.py:1300} INFO - Executing <Task(BashOperator): tsk1> on 2024-02-06 11:00:00+00:00
[2024-02-06T12:00:02.519+0000] {standard_task_runner.py:55} INFO - Started process 48472 to run task
[2024-02-06T12:00:02.529+0000] {standard_task_runner.py:82} INFO - Running: ['***', 'tasks', 'run', 'defaultargs', 'tsk1', 'scheduled__2024-02-06T11:00:00+00:00', '--job-id', '819', '--raw', '--subdir', 'DAGS_FOLDER/defaultargs.py', '--cfg-path', '/tmp/tmp21hh5fu9']
[2024-02-06T12:00:02.530+0000] {standard_task_runner.py:83} INFO - Job 819: Subtask tsk1
[2024-02-06T12:00:02.717+0000] {task_command.py:388} INFO - Running <TaskInstance: defaultargs.tsk1 scheduled__2024-02-06T11:00:00+00:00 [running]> on host f8c98ce69515
[2024-02-06T12:00:02.967+0000] {taskinstance.py:1509} INFO - Exporting the following env vars:
AIRFLOW_CTX_DAG_EMAIL=teste@teste.com
AIRFLOW_CTX_DAG_OWNER=***
AIRFLOW_CTX_DAG_ID=defaultargs
AIRFLOW_CTX_TASK_ID=tsk1
AIRFLOW_CTX_EXECUTION_DATE=2024-02-06T11:00:00+00:00
AIRFLOW_CTX_TRY_NUMBER=1
AIRFLOW_CTX_DAG_RUN_ID=scheduled__2024-02-06T11:00:00+00:00
[2024-02-06T12:00:02.973+0000] {subprocess.py:63} INFO - Tmp dir root location: 
 /tmp
[2024-02-06T12:00:02.975+0000] {subprocess.py:75} INFO - Running command: ['/bin/bash', '-c', 'sleep 5']
[2024-02-06T12:00:03.002+0000] {subprocess.py:86} INFO - Output:
[2024-02-06T12:00:08.024+0000] {subprocess.py:97} INFO - Command exited with return code 0
[2024-02-06T12:00:08.110+0000] {taskinstance.py:1323} INFO - Marking task as SUCCESS. dag_id=defaultargs, task_id=tsk1, execution_date=20240206T110000, start_date=20240206T120002, end_date=20240206T120008
[2024-02-06T12:00:08.156+0000] {local_task_job.py:208} INFO - Task exited with return code 0
[2024-02-06T12:00:08.222+0000] {taskinstance.py:2578} INFO - 1 downstream tasks scheduled from follow-on schedule check
