[2024-02-12T06:00:07.676+0000] {taskinstance.py:1083} INFO - Dependencies all met for <TaskInstance: defaultargs.tsk2 scheduled__2024-02-12T05:00:00+00:00 [queued]>
[2024-02-12T06:00:07.697+0000] {taskinstance.py:1083} INFO - Dependencies all met for <TaskInstance: defaultargs.tsk2 scheduled__2024-02-12T05:00:00+00:00 [queued]>
[2024-02-12T06:00:07.698+0000] {taskinstance.py:1279} INFO - 
--------------------------------------------------------------------------------
[2024-02-12T06:00:07.698+0000] {taskinstance.py:1280} INFO - Starting attempt 1 of 2
[2024-02-12T06:00:07.699+0000] {taskinstance.py:1281} INFO - 
--------------------------------------------------------------------------------
[2024-02-12T06:00:07.730+0000] {taskinstance.py:1300} INFO - Executing <Task(BashOperator): tsk2> on 2024-02-12 05:00:00+00:00
[2024-02-12T06:00:07.738+0000] {standard_task_runner.py:55} INFO - Started process 138342 to run task
[2024-02-12T06:00:07.747+0000] {standard_task_runner.py:82} INFO - Running: ['***', 'tasks', 'run', 'defaultargs', 'tsk2', 'scheduled__2024-02-12T05:00:00+00:00', '--job-id', '1033', '--raw', '--subdir', 'DAGS_FOLDER/defaultargs.py', '--cfg-path', '/tmp/tmpy3z60amm']
[2024-02-12T06:00:07.748+0000] {standard_task_runner.py:83} INFO - Job 1033: Subtask tsk2
[2024-02-12T06:00:07.875+0000] {task_command.py:388} INFO - Running <TaskInstance: defaultargs.tsk2 scheduled__2024-02-12T05:00:00+00:00 [running]> on host f8c98ce69515
[2024-02-12T06:00:08.046+0000] {taskinstance.py:1509} INFO - Exporting the following env vars:
AIRFLOW_CTX_DAG_EMAIL=teste@teste.com
AIRFLOW_CTX_DAG_OWNER=***
AIRFLOW_CTX_DAG_ID=defaultargs
AIRFLOW_CTX_TASK_ID=tsk2
AIRFLOW_CTX_EXECUTION_DATE=2024-02-12T05:00:00+00:00
AIRFLOW_CTX_TRY_NUMBER=1
AIRFLOW_CTX_DAG_RUN_ID=scheduled__2024-02-12T05:00:00+00:00
[2024-02-12T06:00:08.047+0000] {subprocess.py:63} INFO - Tmp dir root location: 
 /tmp
[2024-02-12T06:00:08.048+0000] {subprocess.py:75} INFO - Running command: ['/bin/bash', '-c', 'sleep 5']
[2024-02-12T06:00:08.061+0000] {subprocess.py:86} INFO - Output:
[2024-02-12T06:00:13.066+0000] {subprocess.py:97} INFO - Command exited with return code 0
[2024-02-12T06:00:13.135+0000] {taskinstance.py:1323} INFO - Marking task as SUCCESS. dag_id=defaultargs, task_id=tsk2, execution_date=20240212T050000, start_date=20240212T060007, end_date=20240212T060013
[2024-02-12T06:00:13.208+0000] {local_task_job.py:208} INFO - Task exited with return code 0
[2024-02-12T06:00:13.259+0000] {taskinstance.py:2578} INFO - 1 downstream tasks scheduled from follow-on schedule check
