[2024-02-12T18:58:43.795+0000] {taskinstance.py:1083} INFO - Dependencies all met for <TaskInstance: windturbine.group_check_temp.check_temp_branc manual__2024-02-12T18:58:30.253119+00:00 [queued]>
[2024-02-12T18:58:43.834+0000] {taskinstance.py:1083} INFO - Dependencies all met for <TaskInstance: windturbine.group_check_temp.check_temp_branc manual__2024-02-12T18:58:30.253119+00:00 [queued]>
[2024-02-12T18:58:43.834+0000] {taskinstance.py:1279} INFO - 
--------------------------------------------------------------------------------
[2024-02-12T18:58:43.834+0000] {taskinstance.py:1280} INFO - Starting attempt 1 of 2
[2024-02-12T18:58:43.834+0000] {taskinstance.py:1281} INFO - 
--------------------------------------------------------------------------------
[2024-02-12T18:58:43.887+0000] {taskinstance.py:1300} INFO - Executing <Task(BranchPythonOperator): group_check_temp.check_temp_branc> on 2024-02-12 18:58:30.253119+00:00
[2024-02-12T18:58:43.903+0000] {standard_task_runner.py:55} INFO - Started process 601 to run task
[2024-02-12T18:58:43.919+0000] {standard_task_runner.py:82} INFO - Running: ['***', 'tasks', 'run', 'windturbine', 'group_check_temp.check_temp_branc', 'manual__2024-02-12T18:58:30.253119+00:00', '--job-id', '1093', '--raw', '--subdir', 'DAGS_FOLDER/windturbine.py', '--cfg-path', '/tmp/tmp4lzb3ls0']
[2024-02-12T18:58:43.925+0000] {standard_task_runner.py:83} INFO - Job 1093: Subtask group_check_temp.check_temp_branc
[2024-02-12T18:58:44.190+0000] {task_command.py:388} INFO - Running <TaskInstance: windturbine.group_check_temp.check_temp_branc manual__2024-02-12T18:58:30.253119+00:00 [running]> on host b5b8d61630c3
[2024-02-12T18:58:44.452+0000] {taskinstance.py:1509} INFO - Exporting the following env vars:
AIRFLOW_CTX_DAG_EMAIL=guilherme.ribeiro.business@gmail.com
AIRFLOW_CTX_DAG_OWNER=***
AIRFLOW_CTX_DAG_ID=windturbine
AIRFLOW_CTX_TASK_ID=group_check_temp.check_temp_branc
AIRFLOW_CTX_EXECUTION_DATE=2024-02-12T18:58:30.253119+00:00
AIRFLOW_CTX_TRY_NUMBER=1
AIRFLOW_CTX_DAG_RUN_ID=manual__2024-02-12T18:58:30.253119+00:00
[2024-02-12T18:58:44.490+0000] {python.py:177} INFO - Done. Returned value was: group_check_temp.send_email_normal
[2024-02-12T18:58:44.490+0000] {python.py:211} INFO - Branch callable return group_check_temp.send_email_normal
[2024-02-12T18:58:44.490+0000] {skipmixin.py:155} INFO - Following branch group_check_temp.send_email_normal
[2024-02-12T18:58:44.491+0000] {skipmixin.py:211} INFO - Skipping tasks ['group_check_temp.send_email_alert']
[2024-02-12T18:58:44.595+0000] {taskinstance.py:1323} INFO - Marking task as SUCCESS. dag_id=windturbine, task_id=group_check_temp.check_temp_branc, execution_date=20240212T185830, start_date=20240212T185843, end_date=20240212T185844
[2024-02-12T18:58:44.632+0000] {local_task_job.py:208} INFO - Task exited with return code 0
[2024-02-12T18:58:44.673+0000] {taskinstance.py:2578} INFO - 0 downstream tasks scheduled from follow-on schedule check
