[2024-01-27T17:38:27.860+0000] {taskinstance.py:1083} INFO - Dependencies all met for <TaskInstance: dagrundag2.tsk2 manual__2024-01-27T17:37:52.866481+00:00 [queued]>
[2024-01-27T17:38:27.873+0000] {taskinstance.py:1083} INFO - Dependencies all met for <TaskInstance: dagrundag2.tsk2 manual__2024-01-27T17:37:52.866481+00:00 [queued]>
[2024-01-27T17:38:27.873+0000] {taskinstance.py:1279} INFO - 
--------------------------------------------------------------------------------
[2024-01-27T17:38:27.873+0000] {taskinstance.py:1280} INFO - Starting attempt 1 of 1
[2024-01-27T17:38:27.873+0000] {taskinstance.py:1281} INFO - 
--------------------------------------------------------------------------------
[2024-01-27T17:38:27.892+0000] {taskinstance.py:1300} INFO - Executing <Task(BashOperator): tsk2> on 2024-01-27 17:37:52.866481+00:00
[2024-01-27T17:38:27.899+0000] {standard_task_runner.py:55} INFO - Started process 68617 to run task
[2024-01-27T17:38:27.904+0000] {standard_task_runner.py:82} INFO - Running: ['***', 'tasks', 'run', 'dagrundag2', 'tsk2', 'manual__2024-01-27T17:37:52.866481+00:00', '--job-id', '78', '--raw', '--subdir', 'DAGS_FOLDER/dagrundag2.py', '--cfg-path', '/tmp/tmpi4j6_gxl']
[2024-01-27T17:38:27.905+0000] {standard_task_runner.py:83} INFO - Job 78: Subtask tsk2
[2024-01-27T17:38:27.986+0000] {task_command.py:388} INFO - Running <TaskInstance: dagrundag2.tsk2 manual__2024-01-27T17:37:52.866481+00:00 [running]> on host cd1b9fd02609
[2024-01-27T17:38:28.090+0000] {taskinstance.py:1509} INFO - Exporting the following env vars:
AIRFLOW_CTX_DAG_OWNER=***
AIRFLOW_CTX_DAG_ID=dagrundag2
AIRFLOW_CTX_TASK_ID=tsk2
AIRFLOW_CTX_EXECUTION_DATE=2024-01-27T17:37:52.866481+00:00
AIRFLOW_CTX_TRY_NUMBER=1
AIRFLOW_CTX_DAG_RUN_ID=manual__2024-01-27T17:37:52.866481+00:00
[2024-01-27T17:38:28.095+0000] {subprocess.py:63} INFO - Tmp dir root location: 
 /tmp
[2024-01-27T17:38:28.096+0000] {subprocess.py:75} INFO - Running command: ['/bin/bash', '-c', 'sleep 5']
[2024-01-27T17:38:28.115+0000] {subprocess.py:86} INFO - Output:
[2024-01-27T17:38:33.123+0000] {subprocess.py:97} INFO - Command exited with return code 0
[2024-01-27T17:38:33.167+0000] {taskinstance.py:1323} INFO - Marking task as SUCCESS. dag_id=dagrundag2, task_id=tsk2, execution_date=20240127T173752, start_date=20240127T173827, end_date=20240127T173833
[2024-01-27T17:38:33.218+0000] {local_task_job.py:208} INFO - Task exited with return code 0
[2024-01-27T17:38:33.246+0000] {taskinstance.py:2578} INFO - 0 downstream tasks scheduled from follow-on schedule check
