[2024-02-12T19:26:20.057+0000] {taskinstance.py:1083} INFO - Dependencies all met for <TaskInstance: windturbine.group_database.create_table scheduled__2024-02-12T19:18:00+00:00 [queued]>
[2024-02-12T19:26:20.139+0000] {taskinstance.py:1083} INFO - Dependencies all met for <TaskInstance: windturbine.group_database.create_table scheduled__2024-02-12T19:18:00+00:00 [queued]>
[2024-02-12T19:26:20.140+0000] {taskinstance.py:1279} INFO - 
--------------------------------------------------------------------------------
[2024-02-12T19:26:20.143+0000] {taskinstance.py:1280} INFO - Starting attempt 1 of 2
[2024-02-12T19:26:20.144+0000] {taskinstance.py:1281} INFO - 
--------------------------------------------------------------------------------
[2024-02-12T19:26:20.217+0000] {taskinstance.py:1300} INFO - Executing <Task(PostgresOperator): group_database.create_table> on 2024-02-12 19:18:00+00:00
[2024-02-12T19:26:20.241+0000] {standard_task_runner.py:55} INFO - Started process 2077 to run task
[2024-02-12T19:26:20.297+0000] {standard_task_runner.py:82} INFO - Running: ['***', 'tasks', 'run', 'windturbine', 'group_database.create_table', 'scheduled__2024-02-12T19:18:00+00:00', '--job-id', '1119', '--raw', '--subdir', 'DAGS_FOLDER/windturbine.py', '--cfg-path', '/tmp/tmpn45_zxsh']
[2024-02-12T19:26:20.318+0000] {standard_task_runner.py:83} INFO - Job 1119: Subtask group_database.create_table
[2024-02-12T19:26:20.936+0000] {task_command.py:388} INFO - Running <TaskInstance: windturbine.group_database.create_table scheduled__2024-02-12T19:18:00+00:00 [running]> on host b5b8d61630c3
[2024-02-12T19:26:21.369+0000] {taskinstance.py:1509} INFO - Exporting the following env vars:
AIRFLOW_CTX_DAG_EMAIL=guilherme.ribeiro.business@gmail.com
AIRFLOW_CTX_DAG_OWNER=***
AIRFLOW_CTX_DAG_ID=windturbine
AIRFLOW_CTX_TASK_ID=group_database.create_table
AIRFLOW_CTX_EXECUTION_DATE=2024-02-12T19:18:00+00:00
AIRFLOW_CTX_TRY_NUMBER=1
AIRFLOW_CTX_DAG_RUN_ID=scheduled__2024-02-12T19:18:00+00:00
[2024-02-12T19:26:21.369+0000] {sql.py:254} INFO - Executing: create table if not exists
                                sensors (idtemp varchar, powerfactor varchar,
                                hydraulicpressure varchar, temperature varchar,
                                timestamp varchar);
                                
[2024-02-12T19:26:21.408+0000] {base.py:73} INFO - Using connection ID 'postgres' for task execution.
[2024-02-12T19:26:22.228+0000] {base.py:73} INFO - Using connection ID 'postgres' for task execution.
[2024-02-12T19:26:22.237+0000] {sql.py:375} INFO - Running statement: create table if not exists
                                sensors (idtemp varchar, powerfactor varchar,
                                hydraulicpressure varchar, temperature varchar,
                                timestamp varchar);
                                , parameters: None
[2024-02-12T19:26:22.271+0000] {taskinstance.py:1323} INFO - Marking task as SUCCESS. dag_id=windturbine, task_id=group_database.create_table, execution_date=20240212T191800, start_date=20240212T192620, end_date=20240212T192622
[2024-02-12T19:26:22.337+0000] {local_task_job.py:208} INFO - Task exited with return code 0
[2024-02-12T19:26:22.420+0000] {taskinstance.py:2578} INFO - 1 downstream tasks scheduled from follow-on schedule check
