[2024-02-02T10:43:14.090+0000] {taskinstance.py:1083} INFO - Dependencies all met for <TaskInstance: Dummy.tsk6 manual__2024-02-02T10:43:01.312444+00:00 [queued]>
[2024-02-02T10:43:14.112+0000] {taskinstance.py:1083} INFO - Dependencies all met for <TaskInstance: Dummy.tsk6 manual__2024-02-02T10:43:01.312444+00:00 [queued]>
[2024-02-02T10:43:14.113+0000] {taskinstance.py:1279} INFO - 
--------------------------------------------------------------------------------
[2024-02-02T10:43:14.113+0000] {taskinstance.py:1280} INFO - Starting attempt 1 of 1
[2024-02-02T10:43:14.114+0000] {taskinstance.py:1281} INFO - 
--------------------------------------------------------------------------------
[2024-02-02T10:43:14.149+0000] {taskinstance.py:1300} INFO - Executing <Task(BashOperator): tsk6> on 2024-02-02 10:43:01.312444+00:00
[2024-02-02T10:43:14.157+0000] {standard_task_runner.py:55} INFO - Started process 678 to run task
[2024-02-02T10:43:14.162+0000] {standard_task_runner.py:82} INFO - Running: ['***', 'tasks', 'run', 'Dummy', 'tsk6', 'manual__2024-02-02T10:43:01.312444+00:00', '--job-id', '527', '--raw', '--subdir', 'DAGS_FOLDER/dummy.py', '--cfg-path', '/tmp/tmplb5z216_']
[2024-02-02T10:43:14.163+0000] {standard_task_runner.py:83} INFO - Job 527: Subtask tsk6
[2024-02-02T10:43:14.247+0000] {task_command.py:388} INFO - Running <TaskInstance: Dummy.tsk6 manual__2024-02-02T10:43:01.312444+00:00 [running]> on host 5b3777e64f6c
[2024-02-02T10:43:14.349+0000] {taskinstance.py:1509} INFO - Exporting the following env vars:
AIRFLOW_CTX_DAG_OWNER=***
AIRFLOW_CTX_DAG_ID=Dummy
AIRFLOW_CTX_TASK_ID=tsk6
AIRFLOW_CTX_EXECUTION_DATE=2024-02-02T10:43:01.312444+00:00
AIRFLOW_CTX_TRY_NUMBER=1
AIRFLOW_CTX_DAG_RUN_ID=manual__2024-02-02T10:43:01.312444+00:00
[2024-02-02T10:43:14.350+0000] {subprocess.py:63} INFO - Tmp dir root location: 
 /tmp
[2024-02-02T10:43:14.351+0000] {subprocess.py:75} INFO - Running command: ['/bin/bash', '-c', 'sleep 5']
[2024-02-02T10:43:14.366+0000] {subprocess.py:86} INFO - Output:
[2024-02-02T10:43:19.372+0000] {subprocess.py:97} INFO - Command exited with return code 0
[2024-02-02T10:43:19.414+0000] {taskinstance.py:1323} INFO - Marking task as SUCCESS. dag_id=Dummy, task_id=tsk6, execution_date=20240202T104301, start_date=20240202T104314, end_date=20240202T104319
[2024-02-02T10:43:19.453+0000] {local_task_job.py:208} INFO - Task exited with return code 0
[2024-02-02T10:43:19.480+0000] {taskinstance.py:2578} INFO - 0 downstream tasks scheduled from follow-on schedule check
