[2024-02-12T19:27:04.848+0000] {taskinstance.py:1083} INFO - Dependencies all met for <TaskInstance: windturbine.get_data scheduled__2024-02-12T19:24:00+00:00 [queued]>
[2024-02-12T19:27:04.865+0000] {taskinstance.py:1083} INFO - Dependencies all met for <TaskInstance: windturbine.get_data scheduled__2024-02-12T19:24:00+00:00 [queued]>
[2024-02-12T19:27:04.865+0000] {taskinstance.py:1279} INFO - 
--------------------------------------------------------------------------------
[2024-02-12T19:27:04.866+0000] {taskinstance.py:1280} INFO - Starting attempt 1 of 2
[2024-02-12T19:27:04.866+0000] {taskinstance.py:1281} INFO - 
--------------------------------------------------------------------------------
[2024-02-12T19:27:04.890+0000] {taskinstance.py:1300} INFO - Executing <Task(PythonOperator): get_data> on 2024-02-12 19:24:00+00:00
[2024-02-12T19:27:04.898+0000] {standard_task_runner.py:55} INFO - Started process 2143 to run task
[2024-02-12T19:27:04.903+0000] {standard_task_runner.py:82} INFO - Running: ['***', 'tasks', 'run', 'windturbine', 'get_data', 'scheduled__2024-02-12T19:24:00+00:00', '--job-id', '1129', '--raw', '--subdir', 'DAGS_FOLDER/windturbine.py', '--cfg-path', '/tmp/tmp0n1crx8p']
[2024-02-12T19:27:04.905+0000] {standard_task_runner.py:83} INFO - Job 1129: Subtask get_data
[2024-02-12T19:27:04.993+0000] {task_command.py:388} INFO - Running <TaskInstance: windturbine.get_data scheduled__2024-02-12T19:24:00+00:00 [running]> on host b5b8d61630c3
[2024-02-12T19:27:05.094+0000] {taskinstance.py:1509} INFO - Exporting the following env vars:
AIRFLOW_CTX_DAG_EMAIL=guilherme.ribeiro.business@gmail.com
AIRFLOW_CTX_DAG_OWNER=***
AIRFLOW_CTX_DAG_ID=windturbine
AIRFLOW_CTX_TASK_ID=get_data
AIRFLOW_CTX_EXECUTION_DATE=2024-02-12T19:24:00+00:00
AIRFLOW_CTX_TRY_NUMBER=1
AIRFLOW_CTX_DAG_RUN_ID=scheduled__2024-02-12T19:24:00+00:00
[2024-02-12T19:27:05.198+0000] {python.py:177} INFO - Done. Returned value was: None
[2024-02-12T19:27:05.219+0000] {taskinstance.py:1323} INFO - Marking task as SUCCESS. dag_id=windturbine, task_id=get_data, execution_date=20240212T192400, start_date=20240212T192704, end_date=20240212T192705
[2024-02-12T19:27:05.276+0000] {local_task_job.py:208} INFO - Task exited with return code 0
[2024-02-12T19:27:05.361+0000] {taskinstance.py:2578} INFO - 0 downstream tasks scheduled from follow-on schedule check
