[2024-01-27T22:00:14.082+0000] {taskinstance.py:1083} INFO - Dependencies all met for <TaskInstance: defaultargs.tsk3 scheduled__2024-01-27T21:00:00+00:00 [queued]>
[2024-01-27T22:00:14.094+0000] {taskinstance.py:1083} INFO - Dependencies all met for <TaskInstance: defaultargs.tsk3 scheduled__2024-01-27T21:00:00+00:00 [queued]>
[2024-01-27T22:00:14.094+0000] {taskinstance.py:1279} INFO - 
--------------------------------------------------------------------------------
[2024-01-27T22:00:14.094+0000] {taskinstance.py:1280} INFO - Starting attempt 1 of 2
[2024-01-27T22:00:14.094+0000] {taskinstance.py:1281} INFO - 
--------------------------------------------------------------------------------
[2024-01-27T22:00:14.127+0000] {taskinstance.py:1300} INFO - Executing <Task(BashOperator): tsk3> on 2024-01-27 21:00:00+00:00
[2024-01-27T22:00:14.139+0000] {standard_task_runner.py:55} INFO - Started process 4357 to run task
[2024-01-27T22:00:14.144+0000] {standard_task_runner.py:82} INFO - Running: ['***', 'tasks', 'run', 'defaultargs', 'tsk3', 'scheduled__2024-01-27T21:00:00+00:00', '--job-id', '133', '--raw', '--subdir', 'DAGS_FOLDER/defaultargs.py', '--cfg-path', '/tmp/tmpcj3mwug7']
[2024-01-27T22:00:14.145+0000] {standard_task_runner.py:83} INFO - Job 133: Subtask tsk3
[2024-01-27T22:00:14.247+0000] {task_command.py:388} INFO - Running <TaskInstance: defaultargs.tsk3 scheduled__2024-01-27T21:00:00+00:00 [running]> on host 5b3777e64f6c
[2024-01-27T22:00:14.378+0000] {taskinstance.py:1509} INFO - Exporting the following env vars:
AIRFLOW_CTX_DAG_EMAIL=teste@teste.com
AIRFLOW_CTX_DAG_OWNER=***
AIRFLOW_CTX_DAG_ID=defaultargs
AIRFLOW_CTX_TASK_ID=tsk3
AIRFLOW_CTX_EXECUTION_DATE=2024-01-27T21:00:00+00:00
AIRFLOW_CTX_TRY_NUMBER=1
AIRFLOW_CTX_DAG_RUN_ID=scheduled__2024-01-27T21:00:00+00:00
[2024-01-27T22:00:14.379+0000] {subprocess.py:63} INFO - Tmp dir root location: 
 /tmp
[2024-01-27T22:00:14.380+0000] {subprocess.py:75} INFO - Running command: ['/bin/bash', '-c', 'sleep 5']
[2024-01-27T22:00:14.398+0000] {subprocess.py:86} INFO - Output:
[2024-01-27T22:00:19.404+0000] {subprocess.py:97} INFO - Command exited with return code 0
[2024-01-27T22:00:19.472+0000] {taskinstance.py:1323} INFO - Marking task as SUCCESS. dag_id=defaultargs, task_id=tsk3, execution_date=20240127T210000, start_date=20240127T220014, end_date=20240127T220019
[2024-01-27T22:00:19.552+0000] {local_task_job.py:208} INFO - Task exited with return code 0
[2024-01-27T22:00:19.624+0000] {taskinstance.py:2578} INFO - 0 downstream tasks scheduled from follow-on schedule check
