[2024-02-10T18:05:49.039+0000] {taskinstance.py:1083} INFO - Dependencies all met for <TaskInstance: producer.t1 manual__2024-02-10T18:05:46.782867+00:00 [queued]>
[2024-02-10T18:05:49.062+0000] {taskinstance.py:1083} INFO - Dependencies all met for <TaskInstance: producer.t1 manual__2024-02-10T18:05:46.782867+00:00 [queued]>
[2024-02-10T18:05:49.062+0000] {taskinstance.py:1279} INFO - 
--------------------------------------------------------------------------------
[2024-02-10T18:05:49.062+0000] {taskinstance.py:1280} INFO - Starting attempt 1 of 1
[2024-02-10T18:05:49.062+0000] {taskinstance.py:1281} INFO - 
--------------------------------------------------------------------------------
[2024-02-10T18:05:49.104+0000] {taskinstance.py:1300} INFO - Executing <Task(PythonOperator): t1> on 2024-02-10 18:05:46.782867+00:00
[2024-02-10T18:05:49.112+0000] {standard_task_runner.py:55} INFO - Started process 22028 to run task
[2024-02-10T18:05:49.118+0000] {standard_task_runner.py:82} INFO - Running: ['***', 'tasks', 'run', 'producer', 't1', 'manual__2024-02-10T18:05:46.782867+00:00', '--job-id', '902', '--raw', '--subdir', 'DAGS_FOLDER/producer.py', '--cfg-path', '/tmp/tmpw71y80t4']
[2024-02-10T18:05:49.128+0000] {standard_task_runner.py:83} INFO - Job 902: Subtask t1
[2024-02-10T18:05:49.295+0000] {task_command.py:388} INFO - Running <TaskInstance: producer.t1 manual__2024-02-10T18:05:46.782867+00:00 [running]> on host f8c98ce69515
[2024-02-10T18:05:49.525+0000] {taskinstance.py:1509} INFO - Exporting the following env vars:
AIRFLOW_CTX_DAG_OWNER=***
AIRFLOW_CTX_DAG_ID=producer
AIRFLOW_CTX_TASK_ID=t1
AIRFLOW_CTX_EXECUTION_DATE=2024-02-10T18:05:46.782867+00:00
AIRFLOW_CTX_TRY_NUMBER=1
AIRFLOW_CTX_DAG_RUN_ID=manual__2024-02-10T18:05:46.782867+00:00
[2024-02-10T18:05:49.557+0000] {python.py:177} INFO - Done. Returned value was: None
[2024-02-10T18:05:49.559+0000] {warnings.py:110} WARNING - /home/***/.local/lib/python3.7/site-packages/***/models/baseoperator.py:1376: RemovedInAirflow3Warning: Passing 'execution_date' to 'TaskInstance.xcom_push()' is deprecated.
  context["ti"].xcom_push(key=key, value=value, execution_date=execution_date)

[2024-02-10T18:05:49.623+0000] {taskinstance.py:1323} INFO - Marking task as SUCCESS. dag_id=producer, task_id=t1, execution_date=20240210T180546, start_date=20240210T180549, end_date=20240210T180549
[2024-02-10T18:05:49.701+0000] {local_task_job.py:208} INFO - Task exited with return code 0
[2024-02-10T18:05:49.752+0000] {taskinstance.py:2578} INFO - 0 downstream tasks scheduled from follow-on schedule check
