[2024-01-23T11:51:43.678+0000] {taskinstance.py:1083} INFO - Dependencies all met for <TaskInstance: quarta_dag.tsk2 manual__2024-01-23T11:51:36.121892+00:00 [queued]>
[2024-01-23T11:51:43.691+0000] {taskinstance.py:1083} INFO - Dependencies all met for <TaskInstance: quarta_dag.tsk2 manual__2024-01-23T11:51:36.121892+00:00 [queued]>
[2024-01-23T11:51:43.691+0000] {taskinstance.py:1279} INFO - 
--------------------------------------------------------------------------------
[2024-01-23T11:51:43.692+0000] {taskinstance.py:1280} INFO - Starting attempt 1 of 1
[2024-01-23T11:51:43.692+0000] {taskinstance.py:1281} INFO - 
--------------------------------------------------------------------------------
[2024-01-23T11:51:43.709+0000] {taskinstance.py:1300} INFO - Executing <Task(BashOperator): tsk2> on 2024-01-23 11:51:36.121892+00:00
[2024-01-23T11:51:43.716+0000] {standard_task_runner.py:55} INFO - Started process 9480 to run task
[2024-01-23T11:51:43.719+0000] {standard_task_runner.py:82} INFO - Running: ['***', 'tasks', 'run', 'quarta_dag', 'tsk2', 'manual__2024-01-23T11:51:36.121892+00:00', '--job-id', '30', '--raw', '--subdir', 'DAGS_FOLDER/quartadag.py', '--cfg-path', '/tmp/tmp28sccnq7']
[2024-01-23T11:51:43.720+0000] {standard_task_runner.py:83} INFO - Job 30: Subtask tsk2
[2024-01-23T11:51:43.798+0000] {task_command.py:388} INFO - Running <TaskInstance: quarta_dag.tsk2 manual__2024-01-23T11:51:36.121892+00:00 [running]> on host cd1b9fd02609
[2024-01-23T11:51:43.906+0000] {taskinstance.py:1509} INFO - Exporting the following env vars:
AIRFLOW_CTX_DAG_OWNER=***
AIRFLOW_CTX_DAG_ID=quarta_dag
AIRFLOW_CTX_TASK_ID=tsk2
AIRFLOW_CTX_EXECUTION_DATE=2024-01-23T11:51:36.121892+00:00
AIRFLOW_CTX_TRY_NUMBER=1
AIRFLOW_CTX_DAG_RUN_ID=manual__2024-01-23T11:51:36.121892+00:00
[2024-01-23T11:51:43.908+0000] {subprocess.py:63} INFO - Tmp dir root location: 
 /tmp
[2024-01-23T11:51:43.909+0000] {subprocess.py:75} INFO - Running command: ['/bin/bash', '-c', 'sleep 5']
[2024-01-23T11:51:43.925+0000] {subprocess.py:86} INFO - Output:
[2024-01-23T11:51:48.934+0000] {subprocess.py:97} INFO - Command exited with return code 0
[2024-01-23T11:51:48.988+0000] {taskinstance.py:1323} INFO - Marking task as SUCCESS. dag_id=quarta_dag, task_id=tsk2, execution_date=20240123T115136, start_date=20240123T115143, end_date=20240123T115148
[2024-01-23T11:51:49.054+0000] {local_task_job.py:208} INFO - Task exited with return code 0
[2024-01-23T11:51:49.080+0000] {taskinstance.py:2578} INFO - 1 downstream tasks scheduled from follow-on schedule check
