[2024-02-11T23:00:13.936+0000] {taskinstance.py:1083} INFO - Dependencies all met for <TaskInstance: defaultargs.tsk3 scheduled__2024-02-11T22:00:00+00:00 [queued]>
[2024-02-11T23:00:13.955+0000] {taskinstance.py:1083} INFO - Dependencies all met for <TaskInstance: defaultargs.tsk3 scheduled__2024-02-11T22:00:00+00:00 [queued]>
[2024-02-11T23:00:13.956+0000] {taskinstance.py:1279} INFO - 
--------------------------------------------------------------------------------
[2024-02-11T23:00:13.956+0000] {taskinstance.py:1280} INFO - Starting attempt 1 of 2
[2024-02-11T23:00:13.956+0000] {taskinstance.py:1281} INFO - 
--------------------------------------------------------------------------------
[2024-02-11T23:00:13.986+0000] {taskinstance.py:1300} INFO - Executing <Task(BashOperator): tsk3> on 2024-02-11 22:00:00+00:00
[2024-02-11T23:00:13.993+0000] {standard_task_runner.py:55} INFO - Started process 115818 to run task
[2024-02-11T23:00:14.001+0000] {standard_task_runner.py:82} INFO - Running: ['***', 'tasks', 'run', 'defaultargs', 'tsk3', 'scheduled__2024-02-11T22:00:00+00:00', '--job-id', '1002', '--raw', '--subdir', 'DAGS_FOLDER/defaultargs.py', '--cfg-path', '/tmp/tmp6m2jwk0i']
[2024-02-11T23:00:14.004+0000] {standard_task_runner.py:83} INFO - Job 1002: Subtask tsk3
[2024-02-11T23:00:14.138+0000] {task_command.py:388} INFO - Running <TaskInstance: defaultargs.tsk3 scheduled__2024-02-11T22:00:00+00:00 [running]> on host f8c98ce69515
[2024-02-11T23:00:14.313+0000] {taskinstance.py:1509} INFO - Exporting the following env vars:
AIRFLOW_CTX_DAG_EMAIL=teste@teste.com
AIRFLOW_CTX_DAG_OWNER=***
AIRFLOW_CTX_DAG_ID=defaultargs
AIRFLOW_CTX_TASK_ID=tsk3
AIRFLOW_CTX_EXECUTION_DATE=2024-02-11T22:00:00+00:00
AIRFLOW_CTX_TRY_NUMBER=1
AIRFLOW_CTX_DAG_RUN_ID=scheduled__2024-02-11T22:00:00+00:00
[2024-02-11T23:00:14.319+0000] {subprocess.py:63} INFO - Tmp dir root location: 
 /tmp
[2024-02-11T23:00:14.320+0000] {subprocess.py:75} INFO - Running command: ['/bin/bash', '-c', 'sleep 5']
[2024-02-11T23:00:14.338+0000] {subprocess.py:86} INFO - Output:
[2024-02-11T23:00:19.346+0000] {subprocess.py:97} INFO - Command exited with return code 0
[2024-02-11T23:00:19.416+0000] {taskinstance.py:1323} INFO - Marking task as SUCCESS. dag_id=defaultargs, task_id=tsk3, execution_date=20240211T220000, start_date=20240211T230013, end_date=20240211T230019
[2024-02-11T23:00:19.460+0000] {local_task_job.py:208} INFO - Task exited with return code 0
[2024-02-11T23:00:19.502+0000] {taskinstance.py:2578} INFO - 0 downstream tasks scheduled from follow-on schedule check
