[2024-01-24T11:30:05.385+0000] {taskinstance.py:1083} INFO - Dependencies all met for <TaskInstance: dagcomplexa.tsk4 manual__2024-01-24T11:29:56.936033+00:00 [queued]>
[2024-01-24T11:30:05.409+0000] {taskinstance.py:1083} INFO - Dependencies all met for <TaskInstance: dagcomplexa.tsk4 manual__2024-01-24T11:29:56.936033+00:00 [queued]>
[2024-01-24T11:30:05.409+0000] {taskinstance.py:1279} INFO - 
--------------------------------------------------------------------------------
[2024-01-24T11:30:05.410+0000] {taskinstance.py:1280} INFO - Starting attempt 1 of 1
[2024-01-24T11:30:05.410+0000] {taskinstance.py:1281} INFO - 
--------------------------------------------------------------------------------
[2024-01-24T11:30:05.441+0000] {taskinstance.py:1300} INFO - Executing <Task(BashOperator): tsk4> on 2024-01-24 11:29:56.936033+00:00
[2024-01-24T11:30:05.448+0000] {standard_task_runner.py:55} INFO - Started process 4949 to run task
[2024-01-24T11:30:05.457+0000] {standard_task_runner.py:82} INFO - Running: ['***', 'tasks', 'run', 'dagcomplexa', 'tsk4', 'manual__2024-01-24T11:29:56.936033+00:00', '--job-id', '49', '--raw', '--subdir', 'DAGS_FOLDER/dagcomplexa.py', '--cfg-path', '/tmp/tmp76lm53po']
[2024-01-24T11:30:05.458+0000] {standard_task_runner.py:83} INFO - Job 49: Subtask tsk4
[2024-01-24T11:30:05.585+0000] {task_command.py:388} INFO - Running <TaskInstance: dagcomplexa.tsk4 manual__2024-01-24T11:29:56.936033+00:00 [running]> on host cd1b9fd02609
[2024-01-24T11:30:05.732+0000] {taskinstance.py:1509} INFO - Exporting the following env vars:
AIRFLOW_CTX_DAG_OWNER=***
AIRFLOW_CTX_DAG_ID=dagcomplexa
AIRFLOW_CTX_TASK_ID=tsk4
AIRFLOW_CTX_EXECUTION_DATE=2024-01-24T11:29:56.936033+00:00
AIRFLOW_CTX_TRY_NUMBER=1
AIRFLOW_CTX_DAG_RUN_ID=manual__2024-01-24T11:29:56.936033+00:00
[2024-01-24T11:30:05.734+0000] {subprocess.py:63} INFO - Tmp dir root location: 
 /tmp
[2024-01-24T11:30:05.734+0000] {subprocess.py:75} INFO - Running command: ['/bin/bash', '-c', 'sleep 5']
[2024-01-24T11:30:05.758+0000] {subprocess.py:86} INFO - Output:
[2024-01-24T11:30:10.771+0000] {subprocess.py:97} INFO - Command exited with return code 0
[2024-01-24T11:30:10.858+0000] {taskinstance.py:1323} INFO - Marking task as SUCCESS. dag_id=dagcomplexa, task_id=tsk4, execution_date=20240124T112956, start_date=20240124T113005, end_date=20240124T113010
[2024-01-24T11:30:10.918+0000] {local_task_job.py:208} INFO - Task exited with return code 0
[2024-01-24T11:30:10.953+0000] {taskinstance.py:2578} INFO - 0 downstream tasks scheduled from follow-on schedule check
