[2024-01-30T21:04:00.421+0000] {taskinstance.py:1083} INFO - Dependencies all met for <TaskInstance: defaultargs.tsk1 scheduled__2024-01-30T20:00:00+00:00 [queued]>
[2024-01-30T21:04:00.454+0000] {taskinstance.py:1083} INFO - Dependencies all met for <TaskInstance: defaultargs.tsk1 scheduled__2024-01-30T20:00:00+00:00 [queued]>
[2024-01-30T21:04:00.454+0000] {taskinstance.py:1279} INFO - 
--------------------------------------------------------------------------------
[2024-01-30T21:04:00.454+0000] {taskinstance.py:1280} INFO - Starting attempt 1 of 4
[2024-01-30T21:04:00.455+0000] {taskinstance.py:1281} INFO - 
--------------------------------------------------------------------------------
[2024-01-30T21:04:00.531+0000] {taskinstance.py:1300} INFO - Executing <Task(BashOperator): tsk1> on 2024-01-30 20:00:00+00:00
[2024-01-30T21:04:00.538+0000] {standard_task_runner.py:55} INFO - Started process 73 to run task
[2024-01-30T21:04:00.573+0000] {standard_task_runner.py:82} INFO - Running: ['***', 'tasks', 'run', 'defaultargs', 'tsk1', 'scheduled__2024-01-30T20:00:00+00:00', '--job-id', '384', '--raw', '--subdir', 'DAGS_FOLDER/defaultargs.py', '--cfg-path', '/tmp/tmpef1s32ku']
[2024-01-30T21:04:00.574+0000] {standard_task_runner.py:83} INFO - Job 384: Subtask tsk1
[2024-01-30T21:04:01.016+0000] {task_command.py:388} INFO - Running <TaskInstance: defaultargs.tsk1 scheduled__2024-01-30T20:00:00+00:00 [running]> on host 5b3777e64f6c
[2024-01-30T21:04:01.217+0000] {taskinstance.py:1509} INFO - Exporting the following env vars:
AIRFLOW_CTX_DAG_EMAIL=teste@teste.com
AIRFLOW_CTX_DAG_OWNER=***
AIRFLOW_CTX_DAG_ID=defaultargs
AIRFLOW_CTX_TASK_ID=tsk1
AIRFLOW_CTX_EXECUTION_DATE=2024-01-30T20:00:00+00:00
AIRFLOW_CTX_TRY_NUMBER=1
AIRFLOW_CTX_DAG_RUN_ID=scheduled__2024-01-30T20:00:00+00:00
[2024-01-30T21:04:01.219+0000] {subprocess.py:63} INFO - Tmp dir root location: 
 /tmp
[2024-01-30T21:04:01.220+0000] {subprocess.py:75} INFO - Running command: ['/bin/bash', '-c', 'sleep 5']
[2024-01-30T21:04:01.232+0000] {subprocess.py:86} INFO - Output:
[2024-01-30T21:04:06.237+0000] {subprocess.py:97} INFO - Command exited with return code 0
[2024-01-30T21:04:06.282+0000] {taskinstance.py:1323} INFO - Marking task as SUCCESS. dag_id=defaultargs, task_id=tsk1, execution_date=20240130T200000, start_date=20240130T210400, end_date=20240130T210406
[2024-01-30T21:04:06.352+0000] {local_task_job.py:208} INFO - Task exited with return code 0
[2024-01-30T21:04:06.453+0000] {taskinstance.py:2578} INFO - 1 downstream tasks scheduled from follow-on schedule check
