[2024-01-24T00:32:56.962+0000] {taskinstance.py:1083} INFO - Dependencies all met for <TaskInstance: quarta_dag.tsk1 manual__2024-01-24T00:32:42.467380+00:00 [queued]>
[2024-01-24T00:32:56.975+0000] {taskinstance.py:1083} INFO - Dependencies all met for <TaskInstance: quarta_dag.tsk1 manual__2024-01-24T00:32:42.467380+00:00 [queued]>
[2024-01-24T00:32:56.975+0000] {taskinstance.py:1279} INFO - 
--------------------------------------------------------------------------------
[2024-01-24T00:32:56.975+0000] {taskinstance.py:1280} INFO - Starting attempt 1 of 1
[2024-01-24T00:32:56.976+0000] {taskinstance.py:1281} INFO - 
--------------------------------------------------------------------------------
[2024-01-24T00:32:56.996+0000] {taskinstance.py:1300} INFO - Executing <Task(BashOperator): tsk1> on 2024-01-24 00:32:42.467380+00:00
[2024-01-24T00:32:57.001+0000] {standard_task_runner.py:55} INFO - Started process 1368 to run task
[2024-01-24T00:32:57.005+0000] {standard_task_runner.py:82} INFO - Running: ['***', 'tasks', 'run', 'quarta_dag', 'tsk1', 'manual__2024-01-24T00:32:42.467380+00:00', '--job-id', '36', '--raw', '--subdir', 'DAGS_FOLDER/quartadag.py', '--cfg-path', '/tmp/tmpxbm9b1kl']
[2024-01-24T00:32:57.006+0000] {standard_task_runner.py:83} INFO - Job 36: Subtask tsk1
[2024-01-24T00:32:57.085+0000] {task_command.py:388} INFO - Running <TaskInstance: quarta_dag.tsk1 manual__2024-01-24T00:32:42.467380+00:00 [running]> on host cd1b9fd02609
[2024-01-24T00:32:57.225+0000] {taskinstance.py:1509} INFO - Exporting the following env vars:
AIRFLOW_CTX_DAG_OWNER=***
AIRFLOW_CTX_DAG_ID=quarta_dag
AIRFLOW_CTX_TASK_ID=tsk1
AIRFLOW_CTX_EXECUTION_DATE=2024-01-24T00:32:42.467380+00:00
AIRFLOW_CTX_TRY_NUMBER=1
AIRFLOW_CTX_DAG_RUN_ID=manual__2024-01-24T00:32:42.467380+00:00
[2024-01-24T00:32:57.226+0000] {subprocess.py:63} INFO - Tmp dir root location: 
 /tmp
[2024-01-24T00:32:57.227+0000] {subprocess.py:75} INFO - Running command: ['/bin/bash', '-c', 'sleep 5']
[2024-01-24T00:32:57.243+0000] {subprocess.py:86} INFO - Output:
[2024-01-24T00:33:02.250+0000] {subprocess.py:97} INFO - Command exited with return code 0
[2024-01-24T00:33:02.317+0000] {taskinstance.py:1323} INFO - Marking task as SUCCESS. dag_id=quarta_dag, task_id=tsk1, execution_date=20240124T003242, start_date=20240124T003256, end_date=20240124T003302
[2024-01-24T00:33:02.379+0000] {local_task_job.py:208} INFO - Task exited with return code 0
[2024-01-24T00:33:02.408+0000] {taskinstance.py:2578} INFO - 0 downstream tasks scheduled from follow-on schedule check
