[2024-02-11T23:26:46.362+0000] {taskinstance.py:1083} INFO - Dependencies all met for <TaskInstance: hook.insert_data_task manual__2024-02-11T23:26:43.562242+00:00 [queued]>
[2024-02-11T23:26:46.381+0000] {taskinstance.py:1083} INFO - Dependencies all met for <TaskInstance: hook.insert_data_task manual__2024-02-11T23:26:43.562242+00:00 [queued]>
[2024-02-11T23:26:46.382+0000] {taskinstance.py:1279} INFO - 
--------------------------------------------------------------------------------
[2024-02-11T23:26:46.382+0000] {taskinstance.py:1280} INFO - Starting attempt 1 of 1
[2024-02-11T23:26:46.382+0000] {taskinstance.py:1281} INFO - 
--------------------------------------------------------------------------------
[2024-02-11T23:26:46.413+0000] {taskinstance.py:1300} INFO - Executing <Task(PythonOperator): insert_data_task> on 2024-02-11 23:26:43.562242+00:00
[2024-02-11T23:26:46.425+0000] {standard_task_runner.py:55} INFO - Started process 117252 to run task
[2024-02-11T23:26:46.430+0000] {standard_task_runner.py:82} INFO - Running: ['***', 'tasks', 'run', 'hook', 'insert_data_task', 'manual__2024-02-11T23:26:43.562242+00:00', '--job-id', '1008', '--raw', '--subdir', 'DAGS_FOLDER/hooks.py', '--cfg-path', '/tmp/tmpu7l4r7x_']
[2024-02-11T23:26:46.433+0000] {standard_task_runner.py:83} INFO - Job 1008: Subtask insert_data_task
[2024-02-11T23:26:46.583+0000] {task_command.py:388} INFO - Running <TaskInstance: hook.insert_data_task manual__2024-02-11T23:26:43.562242+00:00 [running]> on host f8c98ce69515
[2024-02-11T23:26:46.745+0000] {taskinstance.py:1509} INFO - Exporting the following env vars:
AIRFLOW_CTX_DAG_OWNER=***
AIRFLOW_CTX_DAG_ID=hook
AIRFLOW_CTX_TASK_ID=insert_data_task
AIRFLOW_CTX_EXECUTION_DATE=2024-02-11T23:26:43.562242+00:00
AIRFLOW_CTX_TRY_NUMBER=1
AIRFLOW_CTX_DAG_RUN_ID=manual__2024-02-11T23:26:43.562242+00:00
[2024-02-11T23:26:46.761+0000] {base.py:73} INFO - Using connection ID 'postgres' for task execution.
[2024-02-11T23:26:46.774+0000] {sql.py:375} INFO - Running statement: insert into teste2 values(1);, parameters: None
[2024-02-11T23:26:46.777+0000] {sql.py:384} INFO - Rows affected: 1
[2024-02-11T23:26:46.777+0000] {python.py:177} INFO - Done. Returned value was: None
[2024-02-11T23:26:46.799+0000] {taskinstance.py:1323} INFO - Marking task as SUCCESS. dag_id=hook, task_id=insert_data_task, execution_date=20240211T232643, start_date=20240211T232646, end_date=20240211T232646
[2024-02-11T23:26:46.849+0000] {local_task_job.py:208} INFO - Task exited with return code 0
[2024-02-11T23:26:46.927+0000] {taskinstance.py:2578} INFO - 1 downstream tasks scheduled from follow-on schedule check
