[2024-02-10T18:05:51.761+0000] {taskinstance.py:1083} INFO - Dependencies all met for <TaskInstance: consumer.t1 dataset_triggered__2024-02-10T18:05:49.658632+00:00 [queued]>
[2024-02-10T18:05:51.785+0000] {taskinstance.py:1083} INFO - Dependencies all met for <TaskInstance: consumer.t1 dataset_triggered__2024-02-10T18:05:49.658632+00:00 [queued]>
[2024-02-10T18:05:51.786+0000] {taskinstance.py:1279} INFO - 
--------------------------------------------------------------------------------
[2024-02-10T18:05:51.786+0000] {taskinstance.py:1280} INFO - Starting attempt 1 of 1
[2024-02-10T18:05:51.786+0000] {taskinstance.py:1281} INFO - 
--------------------------------------------------------------------------------
[2024-02-10T18:05:51.820+0000] {taskinstance.py:1300} INFO - Executing <Task(PythonOperator): t1> on 2024-02-10 18:05:49.658632+00:00
[2024-02-10T18:05:51.830+0000] {standard_task_runner.py:55} INFO - Started process 22031 to run task
[2024-02-10T18:05:51.838+0000] {standard_task_runner.py:82} INFO - Running: ['***', 'tasks', 'run', 'consumer', 't1', 'dataset_triggered__2024-02-10T18:05:49.658632+00:00', '--job-id', '903', '--raw', '--subdir', 'DAGS_FOLDER/consumer.py', '--cfg-path', '/tmp/tmp8ibga0e_']
[2024-02-10T18:05:51.841+0000] {standard_task_runner.py:83} INFO - Job 903: Subtask t1
[2024-02-10T18:05:51.966+0000] {task_command.py:388} INFO - Running <TaskInstance: consumer.t1 dataset_triggered__2024-02-10T18:05:49.658632+00:00 [running]> on host f8c98ce69515
[2024-02-10T18:05:52.114+0000] {taskinstance.py:1509} INFO - Exporting the following env vars:
AIRFLOW_CTX_DAG_OWNER=***
AIRFLOW_CTX_DAG_ID=consumer
AIRFLOW_CTX_TASK_ID=t1
AIRFLOW_CTX_EXECUTION_DATE=2024-02-10T18:05:49.658632+00:00
AIRFLOW_CTX_TRY_NUMBER=1
AIRFLOW_CTX_DAG_RUN_ID=dataset_triggered__2024-02-10T18:05:49.658632+00:00
[2024-02-10T18:05:52.127+0000] {logging_mixin.py:137} INFO - Deu tudo certo manin
[2024-02-10T18:05:52.127+0000] {python.py:177} INFO - Done. Returned value was: None
[2024-02-10T18:05:52.145+0000] {taskinstance.py:1323} INFO - Marking task as SUCCESS. dag_id=consumer, task_id=t1, execution_date=20240210T180549, start_date=20240210T180551, end_date=20240210T180552
[2024-02-10T18:05:52.208+0000] {local_task_job.py:208} INFO - Task exited with return code 0
[2024-02-10T18:05:52.252+0000] {taskinstance.py:2578} INFO - 0 downstream tasks scheduled from follow-on schedule check
