[2024-01-24T00:32:44.222+0000] {taskinstance.py:1083} INFO - Dependencies all met for <TaskInstance: quarta_dag.tsk3 manual__2024-01-24T00:32:42.467380+00:00 [queued]>
[2024-01-24T00:32:44.241+0000] {taskinstance.py:1083} INFO - Dependencies all met for <TaskInstance: quarta_dag.tsk3 manual__2024-01-24T00:32:42.467380+00:00 [queued]>
[2024-01-24T00:32:44.241+0000] {taskinstance.py:1279} INFO - 
--------------------------------------------------------------------------------
[2024-01-24T00:32:44.241+0000] {taskinstance.py:1280} INFO - Starting attempt 1 of 1
[2024-01-24T00:32:44.241+0000] {taskinstance.py:1281} INFO - 
--------------------------------------------------------------------------------
[2024-01-24T00:32:44.269+0000] {taskinstance.py:1300} INFO - Executing <Task(BashOperator): tsk3> on 2024-01-24 00:32:42.467380+00:00
[2024-01-24T00:32:44.275+0000] {standard_task_runner.py:55} INFO - Started process 1350 to run task
[2024-01-24T00:32:44.279+0000] {standard_task_runner.py:82} INFO - Running: ['***', 'tasks', 'run', 'quarta_dag', 'tsk3', 'manual__2024-01-24T00:32:42.467380+00:00', '--job-id', '34', '--raw', '--subdir', 'DAGS_FOLDER/quartadag.py', '--cfg-path', '/tmp/tmpqz68bdum']
[2024-01-24T00:32:44.280+0000] {standard_task_runner.py:83} INFO - Job 34: Subtask tsk3
[2024-01-24T00:32:44.363+0000] {task_command.py:388} INFO - Running <TaskInstance: quarta_dag.tsk3 manual__2024-01-24T00:32:42.467380+00:00 [running]> on host cd1b9fd02609
[2024-01-24T00:32:44.472+0000] {taskinstance.py:1509} INFO - Exporting the following env vars:
AIRFLOW_CTX_DAG_OWNER=***
AIRFLOW_CTX_DAG_ID=quarta_dag
AIRFLOW_CTX_TASK_ID=tsk3
AIRFLOW_CTX_EXECUTION_DATE=2024-01-24T00:32:42.467380+00:00
AIRFLOW_CTX_TRY_NUMBER=1
AIRFLOW_CTX_DAG_RUN_ID=manual__2024-01-24T00:32:42.467380+00:00
[2024-01-24T00:32:44.474+0000] {subprocess.py:63} INFO - Tmp dir root location: 
 /tmp
[2024-01-24T00:32:44.475+0000] {subprocess.py:75} INFO - Running command: ['/bin/bash', '-c', 'sleep 5']
[2024-01-24T00:32:44.487+0000] {subprocess.py:86} INFO - Output:
[2024-01-24T00:32:49.497+0000] {subprocess.py:97} INFO - Command exited with return code 0
[2024-01-24T00:32:49.539+0000] {taskinstance.py:1323} INFO - Marking task as SUCCESS. dag_id=quarta_dag, task_id=tsk3, execution_date=20240124T003242, start_date=20240124T003244, end_date=20240124T003249
[2024-01-24T00:32:49.594+0000] {local_task_job.py:208} INFO - Task exited with return code 0
[2024-01-24T00:32:49.646+0000] {taskinstance.py:2578} INFO - 1 downstream tasks scheduled from follow-on schedule check
