[2024-01-24T00:52:55.609+0000] {taskinstance.py:1083} INFO - Dependencies all met for <TaskInstance: triggerDag2.tsk2 manual__2024-01-24T00:52:53.558046+00:00 [queued]>
[2024-01-24T00:52:55.651+0000] {taskinstance.py:1083} INFO - Dependencies all met for <TaskInstance: triggerDag2.tsk2 manual__2024-01-24T00:52:53.558046+00:00 [queued]>
[2024-01-24T00:52:55.651+0000] {taskinstance.py:1279} INFO - 
--------------------------------------------------------------------------------
[2024-01-24T00:52:55.651+0000] {taskinstance.py:1280} INFO - Starting attempt 1 of 1
[2024-01-24T00:52:55.651+0000] {taskinstance.py:1281} INFO - 
--------------------------------------------------------------------------------
[2024-01-24T00:52:55.712+0000] {taskinstance.py:1300} INFO - Executing <Task(BashOperator): tsk2> on 2024-01-24 00:52:53.558046+00:00
[2024-01-24T00:52:55.728+0000] {standard_task_runner.py:55} INFO - Started process 2420 to run task
[2024-01-24T00:52:55.739+0000] {standard_task_runner.py:82} INFO - Running: ['***', 'tasks', 'run', 'triggerDag2', 'tsk2', 'manual__2024-01-24T00:52:53.558046+00:00', '--job-id', '42', '--raw', '--subdir', 'DAGS_FOLDER/triggerDag2.py', '--cfg-path', '/tmp/tmp9qs_ogy2']
[2024-01-24T00:52:55.740+0000] {standard_task_runner.py:83} INFO - Job 42: Subtask tsk2
[2024-01-24T00:52:55.898+0000] {task_command.py:388} INFO - Running <TaskInstance: triggerDag2.tsk2 manual__2024-01-24T00:52:53.558046+00:00 [running]> on host cd1b9fd02609
[2024-01-24T00:52:56.073+0000] {taskinstance.py:1509} INFO - Exporting the following env vars:
AIRFLOW_CTX_DAG_OWNER=***
AIRFLOW_CTX_DAG_ID=triggerDag2
AIRFLOW_CTX_TASK_ID=tsk2
AIRFLOW_CTX_EXECUTION_DATE=2024-01-24T00:52:53.558046+00:00
AIRFLOW_CTX_TRY_NUMBER=1
AIRFLOW_CTX_DAG_RUN_ID=manual__2024-01-24T00:52:53.558046+00:00
[2024-01-24T00:52:56.075+0000] {subprocess.py:63} INFO - Tmp dir root location: 
 /tmp
[2024-01-24T00:52:56.076+0000] {subprocess.py:75} INFO - Running command: ['/bin/bash', '-c', 'sleep 5']
[2024-01-24T00:52:56.099+0000] {subprocess.py:86} INFO - Output:
[2024-01-24T00:53:01.111+0000] {subprocess.py:97} INFO - Command exited with return code 0
[2024-01-24T00:53:01.163+0000] {taskinstance.py:1323} INFO - Marking task as SUCCESS. dag_id=triggerDag2, task_id=tsk2, execution_date=20240124T005253, start_date=20240124T005255, end_date=20240124T005301
[2024-01-24T00:53:01.207+0000] {local_task_job.py:208} INFO - Task exited with return code 0
[2024-01-24T00:53:01.234+0000] {taskinstance.py:2578} INFO - 0 downstream tasks scheduled from follow-on schedule check
