[2024-02-10T22:00:02.921+0000] {taskinstance.py:1083} INFO - Dependencies all met for <TaskInstance: defaultargs.tsk1 scheduled__2024-02-10T21:00:00+00:00 [queued]>
[2024-02-10T22:00:02.960+0000] {taskinstance.py:1083} INFO - Dependencies all met for <TaskInstance: defaultargs.tsk1 scheduled__2024-02-10T21:00:00+00:00 [queued]>
[2024-02-10T22:00:02.960+0000] {taskinstance.py:1279} INFO - 
--------------------------------------------------------------------------------
[2024-02-10T22:00:02.960+0000] {taskinstance.py:1280} INFO - Starting attempt 1 of 4
[2024-02-10T22:00:02.960+0000] {taskinstance.py:1281} INFO - 
--------------------------------------------------------------------------------
[2024-02-10T22:00:03.006+0000] {taskinstance.py:1300} INFO - Executing <Task(BashOperator): tsk1> on 2024-02-10 21:00:00+00:00
[2024-02-10T22:00:03.014+0000] {standard_task_runner.py:55} INFO - Started process 34373 to run task
[2024-02-10T22:00:03.022+0000] {standard_task_runner.py:82} INFO - Running: ['***', 'tasks', 'run', 'defaultargs', 'tsk1', 'scheduled__2024-02-10T21:00:00+00:00', '--job-id', '915', '--raw', '--subdir', 'DAGS_FOLDER/defaultargs.py', '--cfg-path', '/tmp/tmph3t_104a']
[2024-02-10T22:00:03.023+0000] {standard_task_runner.py:83} INFO - Job 915: Subtask tsk1
[2024-02-10T22:00:03.264+0000] {task_command.py:388} INFO - Running <TaskInstance: defaultargs.tsk1 scheduled__2024-02-10T21:00:00+00:00 [running]> on host f8c98ce69515
[2024-02-10T22:00:03.588+0000] {taskinstance.py:1509} INFO - Exporting the following env vars:
AIRFLOW_CTX_DAG_EMAIL=teste@teste.com
AIRFLOW_CTX_DAG_OWNER=***
AIRFLOW_CTX_DAG_ID=defaultargs
AIRFLOW_CTX_TASK_ID=tsk1
AIRFLOW_CTX_EXECUTION_DATE=2024-02-10T21:00:00+00:00
AIRFLOW_CTX_TRY_NUMBER=1
AIRFLOW_CTX_DAG_RUN_ID=scheduled__2024-02-10T21:00:00+00:00
[2024-02-10T22:00:03.597+0000] {subprocess.py:63} INFO - Tmp dir root location: 
 /tmp
[2024-02-10T22:00:03.599+0000] {subprocess.py:75} INFO - Running command: ['/bin/bash', '-c', 'sleep 5']
[2024-02-10T22:00:03.623+0000] {subprocess.py:86} INFO - Output:
[2024-02-10T22:00:08.635+0000] {subprocess.py:97} INFO - Command exited with return code 0
[2024-02-10T22:00:08.682+0000] {taskinstance.py:1323} INFO - Marking task as SUCCESS. dag_id=defaultargs, task_id=tsk1, execution_date=20240210T210000, start_date=20240210T220002, end_date=20240210T220008
[2024-02-10T22:00:08.714+0000] {local_task_job.py:208} INFO - Task exited with return code 0
[2024-02-10T22:00:08.764+0000] {taskinstance.py:2578} INFO - 1 downstream tasks scheduled from follow-on schedule check
