[2024-01-27T18:11:11.916+0000] {taskinstance.py:1083} INFO - Dependencies all met for <TaskInstance: defaultargs.tsk2 manual__2024-01-27T18:11:02.255484+00:00 [queued]>
[2024-01-27T18:11:11.933+0000] {taskinstance.py:1083} INFO - Dependencies all met for <TaskInstance: defaultargs.tsk2 manual__2024-01-27T18:11:02.255484+00:00 [queued]>
[2024-01-27T18:11:11.933+0000] {taskinstance.py:1279} INFO - 
--------------------------------------------------------------------------------
[2024-01-27T18:11:11.933+0000] {taskinstance.py:1280} INFO - Starting attempt 1 of 2
[2024-01-27T18:11:11.934+0000] {taskinstance.py:1281} INFO - 
--------------------------------------------------------------------------------
[2024-01-27T18:11:11.952+0000] {taskinstance.py:1300} INFO - Executing <Task(BashOperator): tsk2> on 2024-01-27 18:11:02.255484+00:00
[2024-01-27T18:11:11.960+0000] {standard_task_runner.py:55} INFO - Started process 70349 to run task
[2024-01-27T18:11:11.966+0000] {standard_task_runner.py:82} INFO - Running: ['***', 'tasks', 'run', 'defaultargs', 'tsk2', 'manual__2024-01-27T18:11:02.255484+00:00', '--job-id', '85', '--raw', '--subdir', 'DAGS_FOLDER/defaultargs.py', '--cfg-path', '/tmp/tmp647732o4']
[2024-01-27T18:11:11.969+0000] {standard_task_runner.py:83} INFO - Job 85: Subtask tsk2
[2024-01-27T18:11:12.086+0000] {task_command.py:388} INFO - Running <TaskInstance: defaultargs.tsk2 manual__2024-01-27T18:11:02.255484+00:00 [running]> on host cd1b9fd02609
[2024-01-27T18:11:12.226+0000] {taskinstance.py:1509} INFO - Exporting the following env vars:
AIRFLOW_CTX_DAG_EMAIL=teste@teste.com
AIRFLOW_CTX_DAG_OWNER=***
AIRFLOW_CTX_DAG_ID=defaultargs
AIRFLOW_CTX_TASK_ID=tsk2
AIRFLOW_CTX_EXECUTION_DATE=2024-01-27T18:11:02.255484+00:00
AIRFLOW_CTX_TRY_NUMBER=1
AIRFLOW_CTX_DAG_RUN_ID=manual__2024-01-27T18:11:02.255484+00:00
[2024-01-27T18:11:12.228+0000] {subprocess.py:63} INFO - Tmp dir root location: 
 /tmp
[2024-01-27T18:11:12.229+0000] {subprocess.py:75} INFO - Running command: ['/bin/bash', '-c', 'sleep 5']
[2024-01-27T18:11:12.246+0000] {subprocess.py:86} INFO - Output:
[2024-01-27T18:11:17.255+0000] {subprocess.py:97} INFO - Command exited with return code 0
[2024-01-27T18:11:17.304+0000] {taskinstance.py:1323} INFO - Marking task as SUCCESS. dag_id=defaultargs, task_id=tsk2, execution_date=20240127T181102, start_date=20240127T181111, end_date=20240127T181117
[2024-01-27T18:11:17.338+0000] {local_task_job.py:208} INFO - Task exited with return code 0
[2024-01-27T18:11:17.393+0000] {taskinstance.py:2578} INFO - 1 downstream tasks scheduled from follow-on schedule check
