[2024-02-02T11:23:36.921+0000] {taskinstance.py:1083} INFO - Dependencies all met for <TaskInstance: pool.tsk4 manual__2024-02-02T11:23:35.940003+00:00 [queued]>
[2024-02-02T11:23:36.936+0000] {taskinstance.py:1083} INFO - Dependencies all met for <TaskInstance: pool.tsk4 manual__2024-02-02T11:23:35.940003+00:00 [queued]>
[2024-02-02T11:23:36.937+0000] {taskinstance.py:1279} INFO - 
--------------------------------------------------------------------------------
[2024-02-02T11:23:36.937+0000] {taskinstance.py:1280} INFO - Starting attempt 1 of 1
[2024-02-02T11:23:36.937+0000] {taskinstance.py:1281} INFO - 
--------------------------------------------------------------------------------
[2024-02-02T11:23:36.966+0000] {taskinstance.py:1300} INFO - Executing <Task(BashOperator): tsk4> on 2024-02-02 11:23:35.940003+00:00
[2024-02-02T11:23:36.974+0000] {standard_task_runner.py:55} INFO - Started process 2844 to run task
[2024-02-02T11:23:36.980+0000] {standard_task_runner.py:82} INFO - Running: ['***', 'tasks', 'run', 'pool', 'tsk4', 'manual__2024-02-02T11:23:35.940003+00:00', '--job-id', '546', '--raw', '--subdir', 'DAGS_FOLDER/pool.py', '--cfg-path', '/tmp/tmphrrlsdw6']
[2024-02-02T11:23:36.981+0000] {standard_task_runner.py:83} INFO - Job 546: Subtask tsk4
[2024-02-02T11:23:37.114+0000] {task_command.py:388} INFO - Running <TaskInstance: pool.tsk4 manual__2024-02-02T11:23:35.940003+00:00 [running]> on host 5b3777e64f6c
[2024-02-02T11:23:37.243+0000] {taskinstance.py:1509} INFO - Exporting the following env vars:
AIRFLOW_CTX_DAG_OWNER=***
AIRFLOW_CTX_DAG_ID=pool
AIRFLOW_CTX_TASK_ID=tsk4
AIRFLOW_CTX_EXECUTION_DATE=2024-02-02T11:23:35.940003+00:00
AIRFLOW_CTX_TRY_NUMBER=1
AIRFLOW_CTX_DAG_RUN_ID=manual__2024-02-02T11:23:35.940003+00:00
[2024-02-02T11:23:37.244+0000] {subprocess.py:63} INFO - Tmp dir root location: 
 /tmp
[2024-02-02T11:23:37.245+0000] {subprocess.py:75} INFO - Running command: ['/bin/bash', '-c', 'sleep 5']
[2024-02-02T11:23:37.268+0000] {subprocess.py:86} INFO - Output:
[2024-02-02T11:23:42.278+0000] {subprocess.py:97} INFO - Command exited with return code 0
[2024-02-02T11:23:42.322+0000] {taskinstance.py:1323} INFO - Marking task as SUCCESS. dag_id=pool, task_id=tsk4, execution_date=20240202T112335, start_date=20240202T112336, end_date=20240202T112342
[2024-02-02T11:23:42.376+0000] {local_task_job.py:208} INFO - Task exited with return code 0
[2024-02-02T11:23:42.404+0000] {taskinstance.py:2578} INFO - 0 downstream tasks scheduled from follow-on schedule check
