[2024-01-24T11:30:05.598+0000] {taskinstance.py:1083} INFO - Dependencies all met for <TaskInstance: dagcomplexa.tsk2 manual__2024-01-24T11:29:56.936033+00:00 [queued]>
[2024-01-24T11:30:05.621+0000] {taskinstance.py:1083} INFO - Dependencies all met for <TaskInstance: dagcomplexa.tsk2 manual__2024-01-24T11:29:56.936033+00:00 [queued]>
[2024-01-24T11:30:05.622+0000] {taskinstance.py:1279} INFO - 
--------------------------------------------------------------------------------
[2024-01-24T11:30:05.622+0000] {taskinstance.py:1280} INFO - Starting attempt 1 of 1
[2024-01-24T11:30:05.622+0000] {taskinstance.py:1281} INFO - 
--------------------------------------------------------------------------------
[2024-01-24T11:30:05.656+0000] {taskinstance.py:1300} INFO - Executing <Task(BashOperator): tsk2> on 2024-01-24 11:29:56.936033+00:00
[2024-01-24T11:30:05.663+0000] {standard_task_runner.py:55} INFO - Started process 4950 to run task
[2024-01-24T11:30:05.671+0000] {standard_task_runner.py:82} INFO - Running: ['***', 'tasks', 'run', 'dagcomplexa', 'tsk2', 'manual__2024-01-24T11:29:56.936033+00:00', '--job-id', '50', '--raw', '--subdir', 'DAGS_FOLDER/dagcomplexa.py', '--cfg-path', '/tmp/tmpvj5nobph']
[2024-01-24T11:30:05.672+0000] {standard_task_runner.py:83} INFO - Job 50: Subtask tsk2
[2024-01-24T11:30:05.798+0000] {task_command.py:388} INFO - Running <TaskInstance: dagcomplexa.tsk2 manual__2024-01-24T11:29:56.936033+00:00 [running]> on host cd1b9fd02609
[2024-01-24T11:30:05.937+0000] {taskinstance.py:1509} INFO - Exporting the following env vars:
AIRFLOW_CTX_DAG_OWNER=***
AIRFLOW_CTX_DAG_ID=dagcomplexa
AIRFLOW_CTX_TASK_ID=tsk2
AIRFLOW_CTX_EXECUTION_DATE=2024-01-24T11:29:56.936033+00:00
AIRFLOW_CTX_TRY_NUMBER=1
AIRFLOW_CTX_DAG_RUN_ID=manual__2024-01-24T11:29:56.936033+00:00
[2024-01-24T11:30:05.944+0000] {subprocess.py:63} INFO - Tmp dir root location: 
 /tmp
[2024-01-24T11:30:05.944+0000] {subprocess.py:75} INFO - Running command: ['/bin/bash', '-c', 'sleep 5']
[2024-01-24T11:30:05.961+0000] {subprocess.py:86} INFO - Output:
[2024-01-24T11:30:10.969+0000] {subprocess.py:97} INFO - Command exited with return code 0
[2024-01-24T11:30:11.005+0000] {taskinstance.py:1323} INFO - Marking task as SUCCESS. dag_id=dagcomplexa, task_id=tsk2, execution_date=20240124T112956, start_date=20240124T113005, end_date=20240124T113011
[2024-01-24T11:30:11.035+0000] {local_task_job.py:208} INFO - Task exited with return code 0
[2024-01-24T11:30:11.068+0000] {taskinstance.py:2578} INFO - 1 downstream tasks scheduled from follow-on schedule check
