[2024-02-12T18:00:08.762+0000] {taskinstance.py:1083} INFO - Dependencies all met for <TaskInstance: defaultargs.tsk2 scheduled__2024-02-12T17:00:00+00:00 [queued]>
[2024-02-12T18:00:08.784+0000] {taskinstance.py:1083} INFO - Dependencies all met for <TaskInstance: defaultargs.tsk2 scheduled__2024-02-12T17:00:00+00:00 [queued]>
[2024-02-12T18:00:08.785+0000] {taskinstance.py:1279} INFO - 
--------------------------------------------------------------------------------
[2024-02-12T18:00:08.785+0000] {taskinstance.py:1280} INFO - Starting attempt 1 of 2
[2024-02-12T18:00:08.785+0000] {taskinstance.py:1281} INFO - 
--------------------------------------------------------------------------------
[2024-02-12T18:00:08.816+0000] {taskinstance.py:1300} INFO - Executing <Task(BashOperator): tsk2> on 2024-02-12 17:00:00+00:00
[2024-02-12T18:00:08.824+0000] {standard_task_runner.py:55} INFO - Started process 10173 to run task
[2024-02-12T18:00:08.829+0000] {standard_task_runner.py:82} INFO - Running: ['***', 'tasks', 'run', 'defaultargs', 'tsk2', 'scheduled__2024-02-12T17:00:00+00:00', '--job-id', '1087', '--raw', '--subdir', 'DAGS_FOLDER/defaultargs.py', '--cfg-path', '/tmp/tmp54vvwvyc']
[2024-02-12T18:00:08.832+0000] {standard_task_runner.py:83} INFO - Job 1087: Subtask tsk2
[2024-02-12T18:00:08.934+0000] {task_command.py:388} INFO - Running <TaskInstance: defaultargs.tsk2 scheduled__2024-02-12T17:00:00+00:00 [running]> on host b5b8d61630c3
[2024-02-12T18:00:09.107+0000] {taskinstance.py:1509} INFO - Exporting the following env vars:
AIRFLOW_CTX_DAG_EMAIL=teste@teste.com
AIRFLOW_CTX_DAG_OWNER=***
AIRFLOW_CTX_DAG_ID=defaultargs
AIRFLOW_CTX_TASK_ID=tsk2
AIRFLOW_CTX_EXECUTION_DATE=2024-02-12T17:00:00+00:00
AIRFLOW_CTX_TRY_NUMBER=1
AIRFLOW_CTX_DAG_RUN_ID=scheduled__2024-02-12T17:00:00+00:00
[2024-02-12T18:00:09.109+0000] {subprocess.py:63} INFO - Tmp dir root location: 
 /tmp
[2024-02-12T18:00:09.110+0000] {subprocess.py:75} INFO - Running command: ['/bin/bash', '-c', 'sleep 5']
[2024-02-12T18:00:09.130+0000] {subprocess.py:86} INFO - Output:
[2024-02-12T18:00:14.135+0000] {subprocess.py:97} INFO - Command exited with return code 0
[2024-02-12T18:00:14.182+0000] {taskinstance.py:1323} INFO - Marking task as SUCCESS. dag_id=defaultargs, task_id=tsk2, execution_date=20240212T170000, start_date=20240212T180008, end_date=20240212T180014
[2024-02-12T18:00:14.223+0000] {local_task_job.py:208} INFO - Task exited with return code 0
[2024-02-12T18:00:14.250+0000] {taskinstance.py:2578} INFO - 1 downstream tasks scheduled from follow-on schedule check
