[2024-02-10T23:00:14.762+0000] {taskinstance.py:1083} INFO - Dependencies all met for <TaskInstance: defaultargs.tsk3 scheduled__2024-02-10T22:00:00+00:00 [queued]>
[2024-02-10T23:00:14.775+0000] {taskinstance.py:1083} INFO - Dependencies all met for <TaskInstance: defaultargs.tsk3 scheduled__2024-02-10T22:00:00+00:00 [queued]>
[2024-02-10T23:00:14.775+0000] {taskinstance.py:1279} INFO - 
--------------------------------------------------------------------------------
[2024-02-10T23:00:14.775+0000] {taskinstance.py:1280} INFO - Starting attempt 1 of 2
[2024-02-10T23:00:14.776+0000] {taskinstance.py:1281} INFO - 
--------------------------------------------------------------------------------
[2024-02-10T23:00:14.796+0000] {taskinstance.py:1300} INFO - Executing <Task(BashOperator): tsk3> on 2024-02-10 22:00:00+00:00
[2024-02-10T23:00:14.802+0000] {standard_task_runner.py:55} INFO - Started process 37550 to run task
[2024-02-10T23:00:14.807+0000] {standard_task_runner.py:82} INFO - Running: ['***', 'tasks', 'run', 'defaultargs', 'tsk3', 'scheduled__2024-02-10T22:00:00+00:00', '--job-id', '930', '--raw', '--subdir', 'DAGS_FOLDER/defaultargs.py', '--cfg-path', '/tmp/tmpck537d_l']
[2024-02-10T23:00:14.808+0000] {standard_task_runner.py:83} INFO - Job 930: Subtask tsk3
[2024-02-10T23:00:14.890+0000] {task_command.py:388} INFO - Running <TaskInstance: defaultargs.tsk3 scheduled__2024-02-10T22:00:00+00:00 [running]> on host f8c98ce69515
[2024-02-10T23:00:14.979+0000] {taskinstance.py:1509} INFO - Exporting the following env vars:
AIRFLOW_CTX_DAG_EMAIL=teste@teste.com
AIRFLOW_CTX_DAG_OWNER=***
AIRFLOW_CTX_DAG_ID=defaultargs
AIRFLOW_CTX_TASK_ID=tsk3
AIRFLOW_CTX_EXECUTION_DATE=2024-02-10T22:00:00+00:00
AIRFLOW_CTX_TRY_NUMBER=1
AIRFLOW_CTX_DAG_RUN_ID=scheduled__2024-02-10T22:00:00+00:00
[2024-02-10T23:00:14.980+0000] {subprocess.py:63} INFO - Tmp dir root location: 
 /tmp
[2024-02-10T23:00:14.981+0000] {subprocess.py:75} INFO - Running command: ['/bin/bash', '-c', 'sleep 5']
[2024-02-10T23:00:14.992+0000] {subprocess.py:86} INFO - Output:
[2024-02-10T23:00:19.997+0000] {subprocess.py:97} INFO - Command exited with return code 0
[2024-02-10T23:00:20.031+0000] {taskinstance.py:1323} INFO - Marking task as SUCCESS. dag_id=defaultargs, task_id=tsk3, execution_date=20240210T220000, start_date=20240210T230014, end_date=20240210T230020
[2024-02-10T23:00:20.060+0000] {local_task_job.py:208} INFO - Task exited with return code 0
[2024-02-10T23:00:20.080+0000] {taskinstance.py:2578} INFO - 0 downstream tasks scheduled from follow-on schedule check
