[2024-02-02T12:00:02.891+0000] {taskinstance.py:1083} INFO - Dependencies all met for <TaskInstance: defaultargs.tsk1 scheduled__2024-02-02T11:00:00+00:00 [queued]>
[2024-02-02T12:00:02.960+0000] {taskinstance.py:1083} INFO - Dependencies all met for <TaskInstance: defaultargs.tsk1 scheduled__2024-02-02T11:00:00+00:00 [queued]>
[2024-02-02T12:00:02.961+0000] {taskinstance.py:1279} INFO - 
--------------------------------------------------------------------------------
[2024-02-02T12:00:02.961+0000] {taskinstance.py:1280} INFO - Starting attempt 1 of 4
[2024-02-02T12:00:02.961+0000] {taskinstance.py:1281} INFO - 
--------------------------------------------------------------------------------
[2024-02-02T12:00:03.156+0000] {taskinstance.py:1300} INFO - Executing <Task(BashOperator): tsk1> on 2024-02-02 11:00:00+00:00
[2024-02-02T12:00:03.171+0000] {standard_task_runner.py:55} INFO - Started process 4660 to run task
[2024-02-02T12:00:03.183+0000] {standard_task_runner.py:82} INFO - Running: ['***', 'tasks', 'run', 'defaultargs', 'tsk1', 'scheduled__2024-02-02T11:00:00+00:00', '--job-id', '552', '--raw', '--subdir', 'DAGS_FOLDER/defaultargs.py', '--cfg-path', '/tmp/tmps0s9vk1j']
[2024-02-02T12:00:03.184+0000] {standard_task_runner.py:83} INFO - Job 552: Subtask tsk1
[2024-02-02T12:00:03.632+0000] {task_command.py:388} INFO - Running <TaskInstance: defaultargs.tsk1 scheduled__2024-02-02T11:00:00+00:00 [running]> on host 5b3777e64f6c
[2024-02-02T12:00:04.062+0000] {taskinstance.py:1509} INFO - Exporting the following env vars:
AIRFLOW_CTX_DAG_EMAIL=teste@teste.com
AIRFLOW_CTX_DAG_OWNER=***
AIRFLOW_CTX_DAG_ID=defaultargs
AIRFLOW_CTX_TASK_ID=tsk1
AIRFLOW_CTX_EXECUTION_DATE=2024-02-02T11:00:00+00:00
AIRFLOW_CTX_TRY_NUMBER=1
AIRFLOW_CTX_DAG_RUN_ID=scheduled__2024-02-02T11:00:00+00:00
[2024-02-02T12:00:04.063+0000] {subprocess.py:63} INFO - Tmp dir root location: 
 /tmp
[2024-02-02T12:00:04.064+0000] {subprocess.py:75} INFO - Running command: ['/bin/bash', '-c', 'sleep 5']
[2024-02-02T12:00:04.099+0000] {subprocess.py:86} INFO - Output:
[2024-02-02T12:00:09.114+0000] {subprocess.py:97} INFO - Command exited with return code 0
[2024-02-02T12:00:09.175+0000] {taskinstance.py:1323} INFO - Marking task as SUCCESS. dag_id=defaultargs, task_id=tsk1, execution_date=20240202T110000, start_date=20240202T120002, end_date=20240202T120009
[2024-02-02T12:00:09.274+0000] {local_task_job.py:208} INFO - Task exited with return code 0
[2024-02-02T12:00:09.469+0000] {taskinstance.py:2578} INFO - 1 downstream tasks scheduled from follow-on schedule check
