[2024-01-24T11:43:56.669+0000] {taskinstance.py:1083} INFO - Dependencies all met for <TaskInstance: daggroup.tsk1 manual__2024-01-24T11:43:54.828201+00:00 [queued]>
[2024-01-24T11:43:56.683+0000] {taskinstance.py:1083} INFO - Dependencies all met for <TaskInstance: daggroup.tsk1 manual__2024-01-24T11:43:54.828201+00:00 [queued]>
[2024-01-24T11:43:56.684+0000] {taskinstance.py:1279} INFO - 
--------------------------------------------------------------------------------
[2024-01-24T11:43:56.684+0000] {taskinstance.py:1280} INFO - Starting attempt 1 of 1
[2024-01-24T11:43:56.684+0000] {taskinstance.py:1281} INFO - 
--------------------------------------------------------------------------------
[2024-01-24T11:43:56.703+0000] {taskinstance.py:1300} INFO - Executing <Task(BashOperator): tsk1> on 2024-01-24 11:43:54.828201+00:00
[2024-01-24T11:43:56.711+0000] {standard_task_runner.py:55} INFO - Started process 5732 to run task
[2024-01-24T11:43:56.716+0000] {standard_task_runner.py:82} INFO - Running: ['***', 'tasks', 'run', 'daggroup', 'tsk1', 'manual__2024-01-24T11:43:54.828201+00:00', '--job-id', '64', '--raw', '--subdir', 'DAGS_FOLDER/daggroup.py', '--cfg-path', '/tmp/tmpsqupt54e']
[2024-01-24T11:43:56.716+0000] {standard_task_runner.py:83} INFO - Job 64: Subtask tsk1
[2024-01-24T11:43:56.815+0000] {task_command.py:388} INFO - Running <TaskInstance: daggroup.tsk1 manual__2024-01-24T11:43:54.828201+00:00 [running]> on host cd1b9fd02609
[2024-01-24T11:43:56.921+0000] {taskinstance.py:1509} INFO - Exporting the following env vars:
AIRFLOW_CTX_DAG_OWNER=***
AIRFLOW_CTX_DAG_ID=daggroup
AIRFLOW_CTX_TASK_ID=tsk1
AIRFLOW_CTX_EXECUTION_DATE=2024-01-24T11:43:54.828201+00:00
AIRFLOW_CTX_TRY_NUMBER=1
AIRFLOW_CTX_DAG_RUN_ID=manual__2024-01-24T11:43:54.828201+00:00
[2024-01-24T11:43:56.922+0000] {subprocess.py:63} INFO - Tmp dir root location: 
 /tmp
[2024-01-24T11:43:56.922+0000] {subprocess.py:75} INFO - Running command: ['/bin/bash', '-c', 'sleep 5']
[2024-01-24T11:43:56.935+0000] {subprocess.py:86} INFO - Output:
[2024-01-24T11:44:01.942+0000] {subprocess.py:97} INFO - Command exited with return code 0
[2024-01-24T11:44:02.008+0000] {taskinstance.py:1323} INFO - Marking task as SUCCESS. dag_id=daggroup, task_id=tsk1, execution_date=20240124T114354, start_date=20240124T114356, end_date=20240124T114402
[2024-01-24T11:44:02.063+0000] {local_task_job.py:208} INFO - Task exited with return code 0
[2024-01-24T11:44:02.136+0000] {taskinstance.py:2578} INFO - 1 downstream tasks scheduled from follow-on schedule check
