[2024-02-04T19:00:09.095+0000] {taskinstance.py:1083} INFO - Dependencies all met for <TaskInstance: defaultargs.tsk2 scheduled__2024-02-04T18:00:00+00:00 [queued]>
[2024-02-04T19:00:09.108+0000] {taskinstance.py:1083} INFO - Dependencies all met for <TaskInstance: defaultargs.tsk2 scheduled__2024-02-04T18:00:00+00:00 [queued]>
[2024-02-04T19:00:09.108+0000] {taskinstance.py:1279} INFO - 
--------------------------------------------------------------------------------
[2024-02-04T19:00:09.108+0000] {taskinstance.py:1280} INFO - Starting attempt 1 of 2
[2024-02-04T19:00:09.108+0000] {taskinstance.py:1281} INFO - 
--------------------------------------------------------------------------------
[2024-02-04T19:00:09.124+0000] {taskinstance.py:1300} INFO - Executing <Task(BashOperator): tsk2> on 2024-02-04 18:00:00+00:00
[2024-02-04T19:00:09.130+0000] {standard_task_runner.py:55} INFO - Started process 25156 to run task
[2024-02-04T19:00:09.135+0000] {standard_task_runner.py:82} INFO - Running: ['***', 'tasks', 'run', 'defaultargs', 'tsk2', 'scheduled__2024-02-04T18:00:00+00:00', '--job-id', '676', '--raw', '--subdir', 'DAGS_FOLDER/defaultargs.py', '--cfg-path', '/tmp/tmp811k33a1']
[2024-02-04T19:00:09.136+0000] {standard_task_runner.py:83} INFO - Job 676: Subtask tsk2
[2024-02-04T19:00:09.219+0000] {task_command.py:388} INFO - Running <TaskInstance: defaultargs.tsk2 scheduled__2024-02-04T18:00:00+00:00 [running]> on host 5b3777e64f6c
[2024-02-04T19:00:09.327+0000] {taskinstance.py:1509} INFO - Exporting the following env vars:
AIRFLOW_CTX_DAG_EMAIL=teste@teste.com
AIRFLOW_CTX_DAG_OWNER=***
AIRFLOW_CTX_DAG_ID=defaultargs
AIRFLOW_CTX_TASK_ID=tsk2
AIRFLOW_CTX_EXECUTION_DATE=2024-02-04T18:00:00+00:00
AIRFLOW_CTX_TRY_NUMBER=1
AIRFLOW_CTX_DAG_RUN_ID=scheduled__2024-02-04T18:00:00+00:00
[2024-02-04T19:00:09.329+0000] {subprocess.py:63} INFO - Tmp dir root location: 
 /tmp
[2024-02-04T19:00:09.330+0000] {subprocess.py:75} INFO - Running command: ['/bin/bash', '-c', 'sleep 5']
[2024-02-04T19:00:09.342+0000] {subprocess.py:86} INFO - Output:
[2024-02-04T19:00:14.348+0000] {subprocess.py:97} INFO - Command exited with return code 0
[2024-02-04T19:00:14.392+0000] {taskinstance.py:1323} INFO - Marking task as SUCCESS. dag_id=defaultargs, task_id=tsk2, execution_date=20240204T180000, start_date=20240204T190009, end_date=20240204T190014
[2024-02-04T19:00:14.432+0000] {local_task_job.py:208} INFO - Task exited with return code 0
[2024-02-04T19:00:14.467+0000] {taskinstance.py:2578} INFO - 1 downstream tasks scheduled from follow-on schedule check
