[2024-02-12T20:09:02.086+0000] {taskinstance.py:1083} INFO - Dependencies all met for <TaskInstance: windturbine.file_sensor_task scheduled__2024-02-12T20:06:00+00:00 [queued]>
[2024-02-12T20:09:02.113+0000] {taskinstance.py:1083} INFO - Dependencies all met for <TaskInstance: windturbine.file_sensor_task scheduled__2024-02-12T20:06:00+00:00 [queued]>
[2024-02-12T20:09:02.114+0000] {taskinstance.py:1279} INFO - 
--------------------------------------------------------------------------------
[2024-02-12T20:09:02.114+0000] {taskinstance.py:1280} INFO - Starting attempt 1 of 2
[2024-02-12T20:09:02.114+0000] {taskinstance.py:1281} INFO - 
--------------------------------------------------------------------------------
[2024-02-12T20:09:02.163+0000] {taskinstance.py:1300} INFO - Executing <Task(FileSensor): file_sensor_task> on 2024-02-12 20:06:00+00:00
[2024-02-12T20:09:02.188+0000] {standard_task_runner.py:55} INFO - Started process 4342 to run task
[2024-02-12T20:09:02.197+0000] {standard_task_runner.py:82} INFO - Running: ['***', 'tasks', 'run', 'windturbine', 'file_sensor_task', 'scheduled__2024-02-12T20:06:00+00:00', '--job-id', '1161', '--raw', '--subdir', 'DAGS_FOLDER/windturbine.py', '--cfg-path', '/tmp/tmp_dkbhd65']
[2024-02-12T20:09:02.200+0000] {standard_task_runner.py:83} INFO - Job 1161: Subtask file_sensor_task
[2024-02-12T20:09:02.388+0000] {task_command.py:388} INFO - Running <TaskInstance: windturbine.file_sensor_task scheduled__2024-02-12T20:06:00+00:00 [running]> on host b5b8d61630c3
[2024-02-12T20:09:02.625+0000] {taskinstance.py:1509} INFO - Exporting the following env vars:
AIRFLOW_CTX_DAG_EMAIL=guilherme.ribeiro.business@gmail.com
AIRFLOW_CTX_DAG_OWNER=***
AIRFLOW_CTX_DAG_ID=windturbine
AIRFLOW_CTX_TASK_ID=file_sensor_task
AIRFLOW_CTX_EXECUTION_DATE=2024-02-12T20:06:00+00:00
AIRFLOW_CTX_TRY_NUMBER=1
AIRFLOW_CTX_DAG_RUN_ID=scheduled__2024-02-12T20:06:00+00:00
[2024-02-12T20:09:02.653+0000] {base.py:73} INFO - Using connection ID 'fs_default' for task execution.
[2024-02-12T20:09:02.653+0000] {filesystem.py:64} INFO - Poking for file /opt/***/data/data.json
[2024-02-12T20:09:12.682+0000] {base.py:73} INFO - Using connection ID 'fs_default' for task execution.
[2024-02-12T20:09:12.683+0000] {filesystem.py:64} INFO - Poking for file /opt/***/data/data.json
[2024-02-12T20:09:22.702+0000] {base.py:73} INFO - Using connection ID 'fs_default' for task execution.
[2024-02-12T20:09:22.703+0000] {filesystem.py:64} INFO - Poking for file /opt/***/data/data.json
[2024-02-12T20:09:32.727+0000] {base.py:73} INFO - Using connection ID 'fs_default' for task execution.
[2024-02-12T20:09:32.728+0000] {filesystem.py:64} INFO - Poking for file /opt/***/data/data.json
[2024-02-12T20:09:42.747+0000] {base.py:73} INFO - Using connection ID 'fs_default' for task execution.
[2024-02-12T20:09:42.749+0000] {filesystem.py:64} INFO - Poking for file /opt/***/data/data.json
[2024-02-12T20:09:52.772+0000] {base.py:73} INFO - Using connection ID 'fs_default' for task execution.
[2024-02-12T20:09:52.772+0000] {filesystem.py:64} INFO - Poking for file /opt/***/data/data.json
[2024-02-12T20:10:02.799+0000] {base.py:73} INFO - Using connection ID 'fs_default' for task execution.
[2024-02-12T20:10:02.799+0000] {filesystem.py:64} INFO - Poking for file /opt/***/data/data.json
[2024-02-12T20:10:12.822+0000] {base.py:73} INFO - Using connection ID 'fs_default' for task execution.
[2024-02-12T20:10:12.822+0000] {filesystem.py:64} INFO - Poking for file /opt/***/data/data.json
[2024-02-12T20:10:22.846+0000] {base.py:73} INFO - Using connection ID 'fs_default' for task execution.
[2024-02-12T20:10:22.847+0000] {filesystem.py:64} INFO - Poking for file /opt/***/data/data.json
[2024-02-12T20:10:32.866+0000] {base.py:73} INFO - Using connection ID 'fs_default' for task execution.
[2024-02-12T20:10:32.867+0000] {filesystem.py:64} INFO - Poking for file /opt/***/data/data.json
[2024-02-12T20:10:42.893+0000] {base.py:73} INFO - Using connection ID 'fs_default' for task execution.
[2024-02-12T20:10:42.894+0000] {filesystem.py:64} INFO - Poking for file /opt/***/data/data.json
[2024-02-12T20:10:52.913+0000] {base.py:73} INFO - Using connection ID 'fs_default' for task execution.
[2024-02-12T20:10:52.914+0000] {filesystem.py:64} INFO - Poking for file /opt/***/data/data.json
[2024-02-12T20:11:02.933+0000] {base.py:73} INFO - Using connection ID 'fs_default' for task execution.
[2024-02-12T20:11:02.933+0000] {filesystem.py:64} INFO - Poking for file /opt/***/data/data.json
[2024-02-12T20:11:12.954+0000] {base.py:73} INFO - Using connection ID 'fs_default' for task execution.
[2024-02-12T20:11:12.955+0000] {filesystem.py:64} INFO - Poking for file /opt/***/data/data.json
[2024-02-12T20:11:22.973+0000] {base.py:73} INFO - Using connection ID 'fs_default' for task execution.
[2024-02-12T20:11:22.973+0000] {filesystem.py:64} INFO - Poking for file /opt/***/data/data.json
[2024-02-12T20:11:32.991+0000] {base.py:73} INFO - Using connection ID 'fs_default' for task execution.
[2024-02-12T20:11:32.992+0000] {filesystem.py:64} INFO - Poking for file /opt/***/data/data.json
[2024-02-12T20:11:43.016+0000] {base.py:73} INFO - Using connection ID 'fs_default' for task execution.
[2024-02-12T20:11:43.017+0000] {filesystem.py:64} INFO - Poking for file /opt/***/data/data.json
[2024-02-12T20:11:53.040+0000] {base.py:73} INFO - Using connection ID 'fs_default' for task execution.
[2024-02-12T20:11:53.045+0000] {filesystem.py:64} INFO - Poking for file /opt/***/data/data.json
[2024-02-12T20:12:03.063+0000] {base.py:73} INFO - Using connection ID 'fs_default' for task execution.
[2024-02-12T20:12:03.066+0000] {filesystem.py:64} INFO - Poking for file /opt/***/data/data.json
[2024-02-12T20:12:13.089+0000] {base.py:73} INFO - Using connection ID 'fs_default' for task execution.
[2024-02-12T20:12:13.089+0000] {filesystem.py:64} INFO - Poking for file /opt/***/data/data.json
[2024-02-12T20:12:23.108+0000] {base.py:73} INFO - Using connection ID 'fs_default' for task execution.
[2024-02-12T20:12:23.109+0000] {filesystem.py:64} INFO - Poking for file /opt/***/data/data.json
[2024-02-12T20:12:33.127+0000] {base.py:73} INFO - Using connection ID 'fs_default' for task execution.
[2024-02-12T20:12:33.128+0000] {filesystem.py:64} INFO - Poking for file /opt/***/data/data.json
[2024-02-12T20:12:43.160+0000] {base.py:73} INFO - Using connection ID 'fs_default' for task execution.
[2024-02-12T20:12:43.163+0000] {filesystem.py:64} INFO - Poking for file /opt/***/data/data.json
[2024-02-12T20:12:53.183+0000] {base.py:73} INFO - Using connection ID 'fs_default' for task execution.
[2024-02-12T20:12:53.183+0000] {filesystem.py:64} INFO - Poking for file /opt/***/data/data.json
[2024-02-12T20:13:03.213+0000] {base.py:73} INFO - Using connection ID 'fs_default' for task execution.
[2024-02-12T20:13:03.214+0000] {filesystem.py:64} INFO - Poking for file /opt/***/data/data.json
[2024-02-12T20:13:13.232+0000] {base.py:73} INFO - Using connection ID 'fs_default' for task execution.
[2024-02-12T20:13:13.233+0000] {filesystem.py:64} INFO - Poking for file /opt/***/data/data.json
[2024-02-12T20:13:23.253+0000] {base.py:73} INFO - Using connection ID 'fs_default' for task execution.
[2024-02-12T20:13:23.254+0000] {filesystem.py:64} INFO - Poking for file /opt/***/data/data.json
[2024-02-12T20:13:33.313+0000] {base.py:73} INFO - Using connection ID 'fs_default' for task execution.
[2024-02-12T20:13:33.314+0000] {filesystem.py:64} INFO - Poking for file /opt/***/data/data.json
[2024-02-12T20:13:43.357+0000] {base.py:73} INFO - Using connection ID 'fs_default' for task execution.
[2024-02-12T20:13:43.359+0000] {filesystem.py:64} INFO - Poking for file /opt/***/data/data.json
[2024-02-12T20:13:53.380+0000] {base.py:73} INFO - Using connection ID 'fs_default' for task execution.
[2024-02-12T20:13:53.381+0000] {filesystem.py:64} INFO - Poking for file /opt/***/data/data.json
[2024-02-12T20:14:03.421+0000] {base.py:73} INFO - Using connection ID 'fs_default' for task execution.
[2024-02-12T20:14:03.422+0000] {filesystem.py:64} INFO - Poking for file /opt/***/data/data.json
[2024-02-12T20:14:13.438+0000] {base.py:73} INFO - Using connection ID 'fs_default' for task execution.
[2024-02-12T20:14:13.439+0000] {filesystem.py:64} INFO - Poking for file /opt/***/data/data.json
[2024-02-12T20:14:23.464+0000] {base.py:73} INFO - Using connection ID 'fs_default' for task execution.
[2024-02-12T20:14:23.465+0000] {filesystem.py:64} INFO - Poking for file /opt/***/data/data.json
[2024-02-12T20:14:33.484+0000] {base.py:73} INFO - Using connection ID 'fs_default' for task execution.
[2024-02-12T20:14:33.484+0000] {filesystem.py:64} INFO - Poking for file /opt/***/data/data.json
[2024-02-12T20:14:43.518+0000] {base.py:73} INFO - Using connection ID 'fs_default' for task execution.
[2024-02-12T20:14:43.519+0000] {filesystem.py:64} INFO - Poking for file /opt/***/data/data.json
[2024-02-12T20:14:53.550+0000] {base.py:73} INFO - Using connection ID 'fs_default' for task execution.
[2024-02-12T20:14:53.551+0000] {filesystem.py:64} INFO - Poking for file /opt/***/data/data.json
[2024-02-12T20:15:03.587+0000] {base.py:73} INFO - Using connection ID 'fs_default' for task execution.
[2024-02-12T20:15:03.588+0000] {filesystem.py:64} INFO - Poking for file /opt/***/data/data.json
[2024-02-12T20:15:13.617+0000] {base.py:73} INFO - Using connection ID 'fs_default' for task execution.
[2024-02-12T20:15:13.617+0000] {filesystem.py:64} INFO - Poking for file /opt/***/data/data.json
[2024-02-12T20:15:23.643+0000] {base.py:73} INFO - Using connection ID 'fs_default' for task execution.
[2024-02-12T20:15:23.643+0000] {filesystem.py:64} INFO - Poking for file /opt/***/data/data.json
[2024-02-12T20:15:33.664+0000] {base.py:73} INFO - Using connection ID 'fs_default' for task execution.
[2024-02-12T20:15:33.665+0000] {filesystem.py:64} INFO - Poking for file /opt/***/data/data.json
[2024-02-12T20:15:43.697+0000] {base.py:73} INFO - Using connection ID 'fs_default' for task execution.
[2024-02-12T20:15:43.698+0000] {filesystem.py:64} INFO - Poking for file /opt/***/data/data.json
[2024-02-12T20:15:53.725+0000] {base.py:73} INFO - Using connection ID 'fs_default' for task execution.
[2024-02-12T20:15:53.734+0000] {filesystem.py:64} INFO - Poking for file /opt/***/data/data.json
[2024-02-12T20:16:03.756+0000] {base.py:73} INFO - Using connection ID 'fs_default' for task execution.
[2024-02-12T20:16:03.757+0000] {filesystem.py:64} INFO - Poking for file /opt/***/data/data.json
[2024-02-12T20:16:13.778+0000] {base.py:73} INFO - Using connection ID 'fs_default' for task execution.
[2024-02-12T20:16:13.779+0000] {filesystem.py:64} INFO - Poking for file /opt/***/data/data.json
[2024-02-12T20:16:23.799+0000] {base.py:73} INFO - Using connection ID 'fs_default' for task execution.
[2024-02-12T20:16:23.799+0000] {filesystem.py:64} INFO - Poking for file /opt/***/data/data.json
[2024-02-12T20:16:33.823+0000] {base.py:73} INFO - Using connection ID 'fs_default' for task execution.
[2024-02-12T20:16:33.824+0000] {filesystem.py:64} INFO - Poking for file /opt/***/data/data.json
[2024-02-12T20:16:43.844+0000] {base.py:73} INFO - Using connection ID 'fs_default' for task execution.
[2024-02-12T20:16:43.844+0000] {filesystem.py:64} INFO - Poking for file /opt/***/data/data.json
[2024-02-12T20:16:53.862+0000] {base.py:73} INFO - Using connection ID 'fs_default' for task execution.
[2024-02-12T20:16:53.863+0000] {filesystem.py:64} INFO - Poking for file /opt/***/data/data.json
[2024-02-12T20:17:03.888+0000] {base.py:73} INFO - Using connection ID 'fs_default' for task execution.
[2024-02-12T20:17:03.890+0000] {filesystem.py:64} INFO - Poking for file /opt/***/data/data.json
[2024-02-12T20:17:13.915+0000] {base.py:73} INFO - Using connection ID 'fs_default' for task execution.
[2024-02-12T20:17:13.916+0000] {filesystem.py:64} INFO - Poking for file /opt/***/data/data.json
[2024-02-12T20:17:23.957+0000] {base.py:73} INFO - Using connection ID 'fs_default' for task execution.
[2024-02-12T20:17:23.958+0000] {filesystem.py:64} INFO - Poking for file /opt/***/data/data.json
[2024-02-12T20:17:33.976+0000] {base.py:73} INFO - Using connection ID 'fs_default' for task execution.
[2024-02-12T20:17:33.977+0000] {filesystem.py:64} INFO - Poking for file /opt/***/data/data.json
[2024-02-12T20:17:43.993+0000] {base.py:73} INFO - Using connection ID 'fs_default' for task execution.
[2024-02-12T20:17:43.994+0000] {filesystem.py:64} INFO - Poking for file /opt/***/data/data.json
[2024-02-12T20:17:54.012+0000] {base.py:73} INFO - Using connection ID 'fs_default' for task execution.
[2024-02-12T20:17:54.015+0000] {filesystem.py:64} INFO - Poking for file /opt/***/data/data.json
[2024-02-12T20:18:04.036+0000] {base.py:73} INFO - Using connection ID 'fs_default' for task execution.
[2024-02-12T20:18:04.036+0000] {filesystem.py:64} INFO - Poking for file /opt/***/data/data.json
[2024-02-12T20:18:14.056+0000] {base.py:73} INFO - Using connection ID 'fs_default' for task execution.
[2024-02-12T20:18:14.056+0000] {filesystem.py:64} INFO - Poking for file /opt/***/data/data.json
[2024-02-12T20:18:24.076+0000] {base.py:73} INFO - Using connection ID 'fs_default' for task execution.
[2024-02-12T20:18:24.077+0000] {filesystem.py:64} INFO - Poking for file /opt/***/data/data.json
[2024-02-12T20:18:34.100+0000] {base.py:73} INFO - Using connection ID 'fs_default' for task execution.
[2024-02-12T20:18:34.101+0000] {filesystem.py:64} INFO - Poking for file /opt/***/data/data.json
[2024-02-12T20:18:44.117+0000] {base.py:73} INFO - Using connection ID 'fs_default' for task execution.
[2024-02-12T20:18:44.118+0000] {filesystem.py:64} INFO - Poking for file /opt/***/data/data.json
[2024-02-12T20:18:54.125+0000] {base.py:73} INFO - Using connection ID 'fs_default' for task execution.
[2024-02-12T20:18:54.126+0000] {filesystem.py:64} INFO - Poking for file /opt/***/data/data.json
[2024-02-12T20:19:04.145+0000] {base.py:73} INFO - Using connection ID 'fs_default' for task execution.
[2024-02-12T20:19:04.145+0000] {filesystem.py:64} INFO - Poking for file /opt/***/data/data.json
[2024-02-12T20:19:14.162+0000] {base.py:73} INFO - Using connection ID 'fs_default' for task execution.
[2024-02-12T20:19:14.162+0000] {filesystem.py:64} INFO - Poking for file /opt/***/data/data.json
[2024-02-12T20:19:24.186+0000] {base.py:73} INFO - Using connection ID 'fs_default' for task execution.
[2024-02-12T20:19:24.186+0000] {filesystem.py:64} INFO - Poking for file /opt/***/data/data.json
[2024-02-12T20:19:34.203+0000] {base.py:73} INFO - Using connection ID 'fs_default' for task execution.
[2024-02-12T20:19:34.204+0000] {filesystem.py:64} INFO - Poking for file /opt/***/data/data.json
[2024-02-12T20:19:44.224+0000] {base.py:73} INFO - Using connection ID 'fs_default' for task execution.
[2024-02-12T20:19:44.224+0000] {filesystem.py:64} INFO - Poking for file /opt/***/data/data.json
[2024-02-12T20:19:54.258+0000] {base.py:73} INFO - Using connection ID 'fs_default' for task execution.
[2024-02-12T20:19:54.259+0000] {filesystem.py:64} INFO - Poking for file /opt/***/data/data.json
[2024-02-12T20:20:04.276+0000] {base.py:73} INFO - Using connection ID 'fs_default' for task execution.
[2024-02-12T20:20:04.276+0000] {filesystem.py:64} INFO - Poking for file /opt/***/data/data.json
[2024-02-12T20:20:14.295+0000] {base.py:73} INFO - Using connection ID 'fs_default' for task execution.
[2024-02-12T20:20:14.296+0000] {filesystem.py:64} INFO - Poking for file /opt/***/data/data.json
[2024-02-12T20:20:24.314+0000] {base.py:73} INFO - Using connection ID 'fs_default' for task execution.
[2024-02-12T20:20:24.314+0000] {filesystem.py:64} INFO - Poking for file /opt/***/data/data.json
[2024-02-12T20:20:34.339+0000] {base.py:73} INFO - Using connection ID 'fs_default' for task execution.
[2024-02-12T20:20:34.340+0000] {filesystem.py:64} INFO - Poking for file /opt/***/data/data.json
[2024-02-12T20:20:44.358+0000] {base.py:73} INFO - Using connection ID 'fs_default' for task execution.
[2024-02-12T20:20:44.358+0000] {filesystem.py:64} INFO - Poking for file /opt/***/data/data.json
[2024-02-12T20:20:54.375+0000] {base.py:73} INFO - Using connection ID 'fs_default' for task execution.
[2024-02-12T20:20:54.375+0000] {filesystem.py:64} INFO - Poking for file /opt/***/data/data.json
[2024-02-12T20:21:04.392+0000] {base.py:73} INFO - Using connection ID 'fs_default' for task execution.
[2024-02-12T20:21:04.393+0000] {filesystem.py:64} INFO - Poking for file /opt/***/data/data.json
[2024-02-12T20:21:14.409+0000] {base.py:73} INFO - Using connection ID 'fs_default' for task execution.
[2024-02-12T20:21:14.410+0000] {filesystem.py:64} INFO - Poking for file /opt/***/data/data.json
[2024-02-12T20:21:24.429+0000] {base.py:73} INFO - Using connection ID 'fs_default' for task execution.
[2024-02-12T20:21:24.429+0000] {filesystem.py:64} INFO - Poking for file /opt/***/data/data.json
[2024-02-12T20:21:34.448+0000] {base.py:73} INFO - Using connection ID 'fs_default' for task execution.
[2024-02-12T20:21:34.448+0000] {filesystem.py:64} INFO - Poking for file /opt/***/data/data.json
[2024-02-12T20:21:44.480+0000] {base.py:73} INFO - Using connection ID 'fs_default' for task execution.
[2024-02-12T20:21:44.481+0000] {filesystem.py:64} INFO - Poking for file /opt/***/data/data.json
[2024-02-12T20:21:54.500+0000] {base.py:73} INFO - Using connection ID 'fs_default' for task execution.
[2024-02-12T20:21:54.500+0000] {filesystem.py:64} INFO - Poking for file /opt/***/data/data.json
