[2024-01-24T11:42:22.389+0000] {taskinstance.py:1083} INFO - Dependencies all met for <TaskInstance: daggroup.tsk3 manual__2024-01-24T11:42:20.445128+00:00 [queued]>
[2024-01-24T11:42:22.404+0000] {taskinstance.py:1083} INFO - Dependencies all met for <TaskInstance: daggroup.tsk3 manual__2024-01-24T11:42:20.445128+00:00 [queued]>
[2024-01-24T11:42:22.404+0000] {taskinstance.py:1279} INFO - 
--------------------------------------------------------------------------------
[2024-01-24T11:42:22.405+0000] {taskinstance.py:1280} INFO - Starting attempt 1 of 1
[2024-01-24T11:42:22.405+0000] {taskinstance.py:1281} INFO - 
--------------------------------------------------------------------------------
[2024-01-24T11:42:22.423+0000] {taskinstance.py:1300} INFO - Executing <Task(BashOperator): tsk3> on 2024-01-24 11:42:20.445128+00:00
[2024-01-24T11:42:22.430+0000] {standard_task_runner.py:55} INFO - Started process 5623 to run task
[2024-01-24T11:42:22.434+0000] {standard_task_runner.py:82} INFO - Running: ['***', 'tasks', 'run', 'daggroup', 'tsk3', 'manual__2024-01-24T11:42:20.445128+00:00', '--job-id', '55', '--raw', '--subdir', 'DAGS_FOLDER/daggroup.py', '--cfg-path', '/tmp/tmpf7lckqir']
[2024-01-24T11:42:22.434+0000] {standard_task_runner.py:83} INFO - Job 55: Subtask tsk3
[2024-01-24T11:42:22.523+0000] {task_command.py:388} INFO - Running <TaskInstance: daggroup.tsk3 manual__2024-01-24T11:42:20.445128+00:00 [running]> on host cd1b9fd02609
[2024-01-24T11:42:22.658+0000] {taskinstance.py:1509} INFO - Exporting the following env vars:
AIRFLOW_CTX_DAG_OWNER=***
AIRFLOW_CTX_DAG_ID=daggroup
AIRFLOW_CTX_TASK_ID=tsk3
AIRFLOW_CTX_EXECUTION_DATE=2024-01-24T11:42:20.445128+00:00
AIRFLOW_CTX_TRY_NUMBER=1
AIRFLOW_CTX_DAG_RUN_ID=manual__2024-01-24T11:42:20.445128+00:00
[2024-01-24T11:42:22.663+0000] {subprocess.py:63} INFO - Tmp dir root location: 
 /tmp
[2024-01-24T11:42:22.664+0000] {subprocess.py:75} INFO - Running command: ['/bin/bash', '-c', 'sleep 5']
[2024-01-24T11:42:22.684+0000] {subprocess.py:86} INFO - Output:
[2024-01-24T11:42:27.689+0000] {subprocess.py:97} INFO - Command exited with return code 0
[2024-01-24T11:42:27.800+0000] {taskinstance.py:1323} INFO - Marking task as SUCCESS. dag_id=daggroup, task_id=tsk3, execution_date=20240124T114220, start_date=20240124T114222, end_date=20240124T114227
[2024-01-24T11:42:27.867+0000] {local_task_job.py:208} INFO - Task exited with return code 0
[2024-01-24T11:42:27.911+0000] {taskinstance.py:2578} INFO - 0 downstream tasks scheduled from follow-on schedule check
