[2024-02-12T19:27:57.704+0000] {taskinstance.py:1083} INFO - Dependencies all met for <TaskInstance: windturbine.group_check_temp.send_email_normal manual__2024-02-12T19:27:47.417695+00:00 [queued]>
[2024-02-12T19:27:57.764+0000] {taskinstance.py:1083} INFO - Dependencies all met for <TaskInstance: windturbine.group_check_temp.send_email_normal manual__2024-02-12T19:27:47.417695+00:00 [queued]>
[2024-02-12T19:27:57.764+0000] {taskinstance.py:1279} INFO - 
--------------------------------------------------------------------------------
[2024-02-12T19:27:57.764+0000] {taskinstance.py:1280} INFO - Starting attempt 1 of 2
[2024-02-12T19:27:57.764+0000] {taskinstance.py:1281} INFO - 
--------------------------------------------------------------------------------
[2024-02-12T19:27:57.847+0000] {taskinstance.py:1300} INFO - Executing <Task(EmailOperator): group_check_temp.send_email_normal> on 2024-02-12 19:27:47.417695+00:00
[2024-02-12T19:27:57.857+0000] {standard_task_runner.py:55} INFO - Started process 2221 to run task
[2024-02-12T19:27:57.869+0000] {standard_task_runner.py:82} INFO - Running: ['***', 'tasks', 'run', 'windturbine', 'group_check_temp.send_email_normal', 'manual__2024-02-12T19:27:47.417695+00:00', '--job-id', '1138', '--raw', '--subdir', 'DAGS_FOLDER/windturbine.py', '--cfg-path', '/tmp/tmpcd1b09w0']
[2024-02-12T19:27:57.885+0000] {standard_task_runner.py:83} INFO - Job 1138: Subtask group_check_temp.send_email_normal
[2024-02-12T19:27:58.163+0000] {task_command.py:388} INFO - Running <TaskInstance: windturbine.group_check_temp.send_email_normal manual__2024-02-12T19:27:47.417695+00:00 [running]> on host b5b8d61630c3
[2024-02-12T19:27:58.428+0000] {taskinstance.py:1509} INFO - Exporting the following env vars:
AIRFLOW_CTX_DAG_EMAIL=guilherme.ribeiro.business@gmail.com
AIRFLOW_CTX_DAG_OWNER=***
AIRFLOW_CTX_DAG_ID=windturbine
AIRFLOW_CTX_TASK_ID=group_check_temp.send_email_normal
AIRFLOW_CTX_EXECUTION_DATE=2024-02-12T19:27:47.417695+00:00
AIRFLOW_CTX_TRY_NUMBER=1
AIRFLOW_CTX_DAG_RUN_ID=manual__2024-02-12T19:27:47.417695+00:00
[2024-02-12T19:27:58.463+0000] {warnings.py:110} WARNING - /home/***/.local/lib/python3.7/site-packages/***/utils/email.py:152: RemovedInAirflow3Warning: Fetching SMTP credentials from configuration variables will be deprecated in a future release. Please set credentials using a connection instead.
  send_mime_email(e_from=mail_from, e_to=recipients, mime_msg=msg, conn_id=conn_id, dryrun=dryrun)

[2024-02-12T19:27:58.464+0000] {email.py:268} INFO - Email alerting: attempt 1
[2024-02-12T19:28:01.825+0000] {email.py:280} INFO - Sent an alert email to ['guilherme.ribeiro.business@gmail.com']
[2024-02-12T19:28:03.707+0000] {taskinstance.py:1323} INFO - Marking task as SUCCESS. dag_id=windturbine, task_id=group_check_temp.send_email_normal, execution_date=20240212T192747, start_date=20240212T192757, end_date=20240212T192803
[2024-02-12T19:28:03.788+0000] {local_task_job.py:208} INFO - Task exited with return code 0
[2024-02-12T19:28:03.845+0000] {taskinstance.py:2578} INFO - 0 downstream tasks scheduled from follow-on schedule check
