[2024-01-24T00:44:32.244+0000] {taskinstance.py:1083} INFO - Dependencies all met for <TaskInstance: triggerDag1.tsk2 manual__2024-01-24T00:44:24.309569+00:00 [queued]>
[2024-01-24T00:44:32.267+0000] {taskinstance.py:1083} INFO - Dependencies all met for <TaskInstance: triggerDag1.tsk2 manual__2024-01-24T00:44:24.309569+00:00 [queued]>
[2024-01-24T00:44:32.267+0000] {taskinstance.py:1279} INFO - 
--------------------------------------------------------------------------------
[2024-01-24T00:44:32.267+0000] {taskinstance.py:1280} INFO - Starting attempt 1 of 1
[2024-01-24T00:44:32.267+0000] {taskinstance.py:1281} INFO - 
--------------------------------------------------------------------------------
[2024-01-24T00:44:32.290+0000] {taskinstance.py:1300} INFO - Executing <Task(BashOperator): tsk2> on 2024-01-24 00:44:24.309569+00:00
[2024-01-24T00:44:32.299+0000] {standard_task_runner.py:55} INFO - Started process 1979 to run task
[2024-01-24T00:44:32.304+0000] {standard_task_runner.py:82} INFO - Running: ['***', 'tasks', 'run', 'triggerDag1', 'tsk2', 'manual__2024-01-24T00:44:24.309569+00:00', '--job-id', '38', '--raw', '--subdir', 'DAGS_FOLDER/triggerDag1.py', '--cfg-path', '/tmp/tmp0tkurxns']
[2024-01-24T00:44:32.305+0000] {standard_task_runner.py:83} INFO - Job 38: Subtask tsk2
[2024-01-24T00:44:32.444+0000] {task_command.py:388} INFO - Running <TaskInstance: triggerDag1.tsk2 manual__2024-01-24T00:44:24.309569+00:00 [running]> on host cd1b9fd02609
[2024-01-24T00:44:32.618+0000] {taskinstance.py:1509} INFO - Exporting the following env vars:
AIRFLOW_CTX_DAG_OWNER=***
AIRFLOW_CTX_DAG_ID=triggerDag1
AIRFLOW_CTX_TASK_ID=tsk2
AIRFLOW_CTX_EXECUTION_DATE=2024-01-24T00:44:24.309569+00:00
AIRFLOW_CTX_TRY_NUMBER=1
AIRFLOW_CTX_DAG_RUN_ID=manual__2024-01-24T00:44:24.309569+00:00
[2024-01-24T00:44:32.620+0000] {subprocess.py:63} INFO - Tmp dir root location: 
 /tmp
[2024-01-24T00:44:32.621+0000] {subprocess.py:75} INFO - Running command: ['/bin/bash', '-c', 'sleep 5']
[2024-01-24T00:44:32.635+0000] {subprocess.py:86} INFO - Output:
[2024-01-24T00:44:37.640+0000] {subprocess.py:97} INFO - Command exited with return code 0
[2024-01-24T00:44:37.686+0000] {taskinstance.py:1323} INFO - Marking task as SUCCESS. dag_id=triggerDag1, task_id=tsk2, execution_date=20240124T004424, start_date=20240124T004432, end_date=20240124T004437
[2024-01-24T00:44:37.752+0000] {local_task_job.py:208} INFO - Task exited with return code 0
[2024-01-24T00:44:37.801+0000] {taskinstance.py:2578} INFO - 0 downstream tasks scheduled from follow-on schedule check
