[2024-01-27T17:38:58.353+0000] {taskinstance.py:1083} INFO - Dependencies all met for <TaskInstance: dagrundag1.tsk1 manual__2024-01-27T17:38:52.662018+00:00 [queued]>
[2024-01-27T17:38:58.409+0000] {taskinstance.py:1083} INFO - Dependencies all met for <TaskInstance: dagrundag1.tsk1 manual__2024-01-27T17:38:52.662018+00:00 [queued]>
[2024-01-27T17:38:58.409+0000] {taskinstance.py:1279} INFO - 
--------------------------------------------------------------------------------
[2024-01-27T17:38:58.409+0000] {taskinstance.py:1280} INFO - Starting attempt 1 of 1
[2024-01-27T17:38:58.410+0000] {taskinstance.py:1281} INFO - 
--------------------------------------------------------------------------------
[2024-01-27T17:38:58.456+0000] {taskinstance.py:1300} INFO - Executing <Task(BashOperator): tsk1> on 2024-01-27 17:38:52.662018+00:00
[2024-01-27T17:38:58.463+0000] {standard_task_runner.py:55} INFO - Started process 68644 to run task
[2024-01-27T17:38:58.469+0000] {standard_task_runner.py:82} INFO - Running: ['***', 'tasks', 'run', 'dagrundag1', 'tsk1', 'manual__2024-01-27T17:38:52.662018+00:00', '--job-id', '79', '--raw', '--subdir', 'DAGS_FOLDER/dagrundag1.py', '--cfg-path', '/tmp/tmpy_052fuj']
[2024-01-27T17:38:58.471+0000] {standard_task_runner.py:83} INFO - Job 79: Subtask tsk1
[2024-01-27T17:38:58.658+0000] {task_command.py:388} INFO - Running <TaskInstance: dagrundag1.tsk1 manual__2024-01-27T17:38:52.662018+00:00 [running]> on host cd1b9fd02609
[2024-01-27T17:38:58.925+0000] {taskinstance.py:1509} INFO - Exporting the following env vars:
AIRFLOW_CTX_DAG_OWNER=***
AIRFLOW_CTX_DAG_ID=dagrundag1
AIRFLOW_CTX_TASK_ID=tsk1
AIRFLOW_CTX_EXECUTION_DATE=2024-01-27T17:38:52.662018+00:00
AIRFLOW_CTX_TRY_NUMBER=1
AIRFLOW_CTX_DAG_RUN_ID=manual__2024-01-27T17:38:52.662018+00:00
[2024-01-27T17:38:58.926+0000] {subprocess.py:63} INFO - Tmp dir root location: 
 /tmp
[2024-01-27T17:38:58.927+0000] {subprocess.py:75} INFO - Running command: ['/bin/bash', '-c', 'sleep 5']
[2024-01-27T17:38:58.945+0000] {subprocess.py:86} INFO - Output:
[2024-01-27T17:39:03.954+0000] {subprocess.py:97} INFO - Command exited with return code 0
[2024-01-27T17:39:04.007+0000] {taskinstance.py:1323} INFO - Marking task as SUCCESS. dag_id=dagrundag1, task_id=tsk1, execution_date=20240127T173852, start_date=20240127T173858, end_date=20240127T173904
[2024-01-27T17:39:04.071+0000] {local_task_job.py:208} INFO - Task exited with return code 0
[2024-01-27T17:39:04.113+0000] {taskinstance.py:2578} INFO - 1 downstream tasks scheduled from follow-on schedule check
