[2024-02-12T18:58:34.227+0000] {taskinstance.py:1083} INFO - Dependencies all met for <TaskInstance: windturbine.file_sensor_task manual__2024-02-12T18:58:30.253119+00:00 [queued]>
[2024-02-12T18:58:34.250+0000] {taskinstance.py:1083} INFO - Dependencies all met for <TaskInstance: windturbine.file_sensor_task manual__2024-02-12T18:58:30.253119+00:00 [queued]>
[2024-02-12T18:58:34.251+0000] {taskinstance.py:1279} INFO - 
--------------------------------------------------------------------------------
[2024-02-12T18:58:34.252+0000] {taskinstance.py:1280} INFO - Starting attempt 1 of 2
[2024-02-12T18:58:34.253+0000] {taskinstance.py:1281} INFO - 
--------------------------------------------------------------------------------
[2024-02-12T18:58:34.309+0000] {taskinstance.py:1300} INFO - Executing <Task(FileSensor): file_sensor_task> on 2024-02-12 18:58:30.253119+00:00
[2024-02-12T18:58:34.321+0000] {standard_task_runner.py:55} INFO - Started process 593 to run task
[2024-02-12T18:58:34.334+0000] {standard_task_runner.py:82} INFO - Running: ['***', 'tasks', 'run', 'windturbine', 'file_sensor_task', 'manual__2024-02-12T18:58:30.253119+00:00', '--job-id', '1091', '--raw', '--subdir', 'DAGS_FOLDER/windturbine.py', '--cfg-path', '/tmp/tmpclj7qk4a']
[2024-02-12T18:58:34.341+0000] {standard_task_runner.py:83} INFO - Job 1091: Subtask file_sensor_task
[2024-02-12T18:58:34.503+0000] {task_command.py:388} INFO - Running <TaskInstance: windturbine.file_sensor_task manual__2024-02-12T18:58:30.253119+00:00 [running]> on host b5b8d61630c3
[2024-02-12T18:58:36.628+0000] {taskinstance.py:1509} INFO - Exporting the following env vars:
AIRFLOW_CTX_DAG_EMAIL=guilherme.ribeiro.business@gmail.com
AIRFLOW_CTX_DAG_OWNER=***
AIRFLOW_CTX_DAG_ID=windturbine
AIRFLOW_CTX_TASK_ID=file_sensor_task
AIRFLOW_CTX_EXECUTION_DATE=2024-02-12T18:58:30.253119+00:00
AIRFLOW_CTX_TRY_NUMBER=1
AIRFLOW_CTX_DAG_RUN_ID=manual__2024-02-12T18:58:30.253119+00:00
[2024-02-12T18:58:36.683+0000] {base.py:73} INFO - Using connection ID 'fs_default' for task execution.
[2024-02-12T18:58:36.684+0000] {filesystem.py:64} INFO - Poking for file /opt/***/data/data.json
[2024-02-12T18:58:36.684+0000] {filesystem.py:69} INFO - Found File /opt/***/data/data.json last modified: 20230319224634
[2024-02-12T18:58:36.684+0000] {base.py:228} INFO - Success criteria met. Exiting.
[2024-02-12T18:58:36.699+0000] {taskinstance.py:1323} INFO - Marking task as SUCCESS. dag_id=windturbine, task_id=file_sensor_task, execution_date=20240212T185830, start_date=20240212T185834, end_date=20240212T185836
[2024-02-12T18:58:38.524+0000] {local_task_job.py:208} INFO - Task exited with return code 0
[2024-02-12T18:58:38.654+0000] {taskinstance.py:2578} INFO - 1 downstream tasks scheduled from follow-on schedule check
