[2024-01-24T11:42:36.353+0000] {taskinstance.py:1083} INFO - Dependencies all met for <TaskInstance: daggroup.tsk5 manual__2024-01-24T11:42:20.445128+00:00 [queued]>
[2024-01-24T11:42:36.371+0000] {taskinstance.py:1083} INFO - Dependencies all met for <TaskInstance: daggroup.tsk5 manual__2024-01-24T11:42:20.445128+00:00 [queued]>
[2024-01-24T11:42:36.371+0000] {taskinstance.py:1279} INFO - 
--------------------------------------------------------------------------------
[2024-01-24T11:42:36.372+0000] {taskinstance.py:1280} INFO - Starting attempt 1 of 1
[2024-01-24T11:42:36.372+0000] {taskinstance.py:1281} INFO - 
--------------------------------------------------------------------------------
[2024-01-24T11:42:36.392+0000] {taskinstance.py:1300} INFO - Executing <Task(BashOperator): tsk5> on 2024-01-24 11:42:20.445128+00:00
[2024-01-24T11:42:36.399+0000] {standard_task_runner.py:55} INFO - Started process 5646 to run task
[2024-01-24T11:42:36.405+0000] {standard_task_runner.py:82} INFO - Running: ['***', 'tasks', 'run', 'daggroup', 'tsk5', 'manual__2024-01-24T11:42:20.445128+00:00', '--job-id', '59', '--raw', '--subdir', 'DAGS_FOLDER/daggroup.py', '--cfg-path', '/tmp/tmpfikzss3c']
[2024-01-24T11:42:36.406+0000] {standard_task_runner.py:83} INFO - Job 59: Subtask tsk5
[2024-01-24T11:42:36.503+0000] {task_command.py:388} INFO - Running <TaskInstance: daggroup.tsk5 manual__2024-01-24T11:42:20.445128+00:00 [running]> on host cd1b9fd02609
[2024-01-24T11:42:36.624+0000] {taskinstance.py:1509} INFO - Exporting the following env vars:
AIRFLOW_CTX_DAG_OWNER=***
AIRFLOW_CTX_DAG_ID=daggroup
AIRFLOW_CTX_TASK_ID=tsk5
AIRFLOW_CTX_EXECUTION_DATE=2024-01-24T11:42:20.445128+00:00
AIRFLOW_CTX_TRY_NUMBER=1
AIRFLOW_CTX_DAG_RUN_ID=manual__2024-01-24T11:42:20.445128+00:00
[2024-01-24T11:42:36.625+0000] {subprocess.py:63} INFO - Tmp dir root location: 
 /tmp
[2024-01-24T11:42:36.625+0000] {subprocess.py:75} INFO - Running command: ['/bin/bash', '-c', 'sleep 5']
[2024-01-24T11:42:36.640+0000] {subprocess.py:86} INFO - Output:
[2024-01-24T11:42:41.646+0000] {subprocess.py:97} INFO - Command exited with return code 0
[2024-01-24T11:42:41.720+0000] {taskinstance.py:1323} INFO - Marking task as SUCCESS. dag_id=daggroup, task_id=tsk5, execution_date=20240124T114220, start_date=20240124T114236, end_date=20240124T114241
[2024-01-24T11:42:41.772+0000] {local_task_job.py:208} INFO - Task exited with return code 0
[2024-01-24T11:42:41.814+0000] {taskinstance.py:2578} INFO - 1 downstream tasks scheduled from follow-on schedule check
