[2024-02-11T23:25:23.303+0000] {taskinstance.py:1083} INFO - Dependencies all met for <TaskInstance: hook.insert_data_task manual__2024-02-11T23:25:18.884402+00:00 [queued]>
[2024-02-11T23:25:23.324+0000] {taskinstance.py:1083} INFO - Dependencies all met for <TaskInstance: hook.insert_data_task manual__2024-02-11T23:25:18.884402+00:00 [queued]>
[2024-02-11T23:25:23.327+0000] {taskinstance.py:1279} INFO - 
--------------------------------------------------------------------------------
[2024-02-11T23:25:23.327+0000] {taskinstance.py:1280} INFO - Starting attempt 1 of 1
[2024-02-11T23:25:23.327+0000] {taskinstance.py:1281} INFO - 
--------------------------------------------------------------------------------
[2024-02-11T23:25:23.368+0000] {taskinstance.py:1300} INFO - Executing <Task(PythonOperator): insert_data_task> on 2024-02-11 23:25:18.884402+00:00
[2024-02-11T23:25:23.375+0000] {standard_task_runner.py:55} INFO - Started process 117170 to run task
[2024-02-11T23:25:23.380+0000] {standard_task_runner.py:82} INFO - Running: ['***', 'tasks', 'run', 'hook', 'insert_data_task', 'manual__2024-02-11T23:25:18.884402+00:00', '--job-id', '1004', '--raw', '--subdir', 'DAGS_FOLDER/hooks.py', '--cfg-path', '/tmp/tmp_utx7sl6']
[2024-02-11T23:25:23.381+0000] {standard_task_runner.py:83} INFO - Job 1004: Subtask insert_data_task
[2024-02-11T23:25:23.491+0000] {task_command.py:388} INFO - Running <TaskInstance: hook.insert_data_task manual__2024-02-11T23:25:18.884402+00:00 [running]> on host f8c98ce69515
[2024-02-11T23:25:23.634+0000] {taskinstance.py:1509} INFO - Exporting the following env vars:
AIRFLOW_CTX_DAG_OWNER=***
AIRFLOW_CTX_DAG_ID=hook
AIRFLOW_CTX_TASK_ID=insert_data_task
AIRFLOW_CTX_EXECUTION_DATE=2024-02-11T23:25:18.884402+00:00
AIRFLOW_CTX_TRY_NUMBER=1
AIRFLOW_CTX_DAG_RUN_ID=manual__2024-02-11T23:25:18.884402+00:00
[2024-02-11T23:25:23.656+0000] {base.py:73} INFO - Using connection ID 'postgres' for task execution.
[2024-02-11T23:25:23.664+0000] {sql.py:375} INFO - Running statement: insert into teste2 values(1);, parameters: None
[2024-02-11T23:25:23.666+0000] {sql.py:384} INFO - Rows affected: 1
[2024-02-11T23:25:23.666+0000] {python.py:177} INFO - Done. Returned value was: None
[2024-02-11T23:25:23.687+0000] {taskinstance.py:1323} INFO - Marking task as SUCCESS. dag_id=hook, task_id=insert_data_task, execution_date=20240211T232518, start_date=20240211T232523, end_date=20240211T232523
[2024-02-11T23:25:23.755+0000] {local_task_job.py:208} INFO - Task exited with return code 0
[2024-02-11T23:25:23.825+0000] {taskinstance.py:2578} INFO - 1 downstream tasks scheduled from follow-on schedule check
