[2024-02-11T00:00:08.800+0000] {taskinstance.py:1083} INFO - Dependencies all met for <TaskInstance: defaultargs.tsk2 scheduled__2024-02-10T23:00:00+00:00 [queued]>
[2024-02-11T00:00:08.820+0000] {taskinstance.py:1083} INFO - Dependencies all met for <TaskInstance: defaultargs.tsk2 scheduled__2024-02-10T23:00:00+00:00 [queued]>
[2024-02-11T00:00:08.820+0000] {taskinstance.py:1279} INFO - 
--------------------------------------------------------------------------------
[2024-02-11T00:00:08.820+0000] {taskinstance.py:1280} INFO - Starting attempt 1 of 2
[2024-02-11T00:00:08.820+0000] {taskinstance.py:1281} INFO - 
--------------------------------------------------------------------------------
[2024-02-11T00:00:08.851+0000] {taskinstance.py:1300} INFO - Executing <Task(BashOperator): tsk2> on 2024-02-10 23:00:00+00:00
[2024-02-11T00:00:08.858+0000] {standard_task_runner.py:55} INFO - Started process 40834 to run task
[2024-02-11T00:00:08.863+0000] {standard_task_runner.py:82} INFO - Running: ['***', 'tasks', 'run', 'defaultargs', 'tsk2', 'scheduled__2024-02-10T23:00:00+00:00', '--job-id', '932', '--raw', '--subdir', 'DAGS_FOLDER/defaultargs.py', '--cfg-path', '/tmp/tmpt408p4bg']
[2024-02-11T00:00:08.864+0000] {standard_task_runner.py:83} INFO - Job 932: Subtask tsk2
[2024-02-11T00:00:08.989+0000] {task_command.py:388} INFO - Running <TaskInstance: defaultargs.tsk2 scheduled__2024-02-10T23:00:00+00:00 [running]> on host f8c98ce69515
[2024-02-11T00:00:09.156+0000] {taskinstance.py:1509} INFO - Exporting the following env vars:
AIRFLOW_CTX_DAG_EMAIL=teste@teste.com
AIRFLOW_CTX_DAG_OWNER=***
AIRFLOW_CTX_DAG_ID=defaultargs
AIRFLOW_CTX_TASK_ID=tsk2
AIRFLOW_CTX_EXECUTION_DATE=2024-02-10T23:00:00+00:00
AIRFLOW_CTX_TRY_NUMBER=1
AIRFLOW_CTX_DAG_RUN_ID=scheduled__2024-02-10T23:00:00+00:00
[2024-02-11T00:00:09.158+0000] {subprocess.py:63} INFO - Tmp dir root location: 
 /tmp
[2024-02-11T00:00:09.159+0000] {subprocess.py:75} INFO - Running command: ['/bin/bash', '-c', 'sleep 5']
[2024-02-11T00:00:09.175+0000] {subprocess.py:86} INFO - Output:
[2024-02-11T00:00:14.183+0000] {subprocess.py:97} INFO - Command exited with return code 0
[2024-02-11T00:00:14.232+0000] {taskinstance.py:1323} INFO - Marking task as SUCCESS. dag_id=defaultargs, task_id=tsk2, execution_date=20240210T230000, start_date=20240211T000008, end_date=20240211T000014
[2024-02-11T00:00:14.291+0000] {local_task_job.py:208} INFO - Task exited with return code 0
[2024-02-11T00:00:14.321+0000] {taskinstance.py:2578} INFO - 1 downstream tasks scheduled from follow-on schedule check
