[2024-01-24T11:42:22.407+0000] {taskinstance.py:1083} INFO - Dependencies all met for <TaskInstance: daggroup.tsk1 manual__2024-01-24T11:42:20.445128+00:00 [queued]>
[2024-01-24T11:42:22.420+0000] {taskinstance.py:1083} INFO - Dependencies all met for <TaskInstance: daggroup.tsk1 manual__2024-01-24T11:42:20.445128+00:00 [queued]>
[2024-01-24T11:42:22.421+0000] {taskinstance.py:1279} INFO - 
--------------------------------------------------------------------------------
[2024-01-24T11:42:22.421+0000] {taskinstance.py:1280} INFO - Starting attempt 1 of 1
[2024-01-24T11:42:22.421+0000] {taskinstance.py:1281} INFO - 
--------------------------------------------------------------------------------
[2024-01-24T11:42:22.447+0000] {taskinstance.py:1300} INFO - Executing <Task(BashOperator): tsk1> on 2024-01-24 11:42:20.445128+00:00
[2024-01-24T11:42:22.454+0000] {standard_task_runner.py:55} INFO - Started process 5624 to run task
[2024-01-24T11:42:22.460+0000] {standard_task_runner.py:82} INFO - Running: ['***', 'tasks', 'run', 'daggroup', 'tsk1', 'manual__2024-01-24T11:42:20.445128+00:00', '--job-id', '56', '--raw', '--subdir', 'DAGS_FOLDER/daggroup.py', '--cfg-path', '/tmp/tmpbz3t9qb6']
[2024-01-24T11:42:22.461+0000] {standard_task_runner.py:83} INFO - Job 56: Subtask tsk1
[2024-01-24T11:42:22.553+0000] {task_command.py:388} INFO - Running <TaskInstance: daggroup.tsk1 manual__2024-01-24T11:42:20.445128+00:00 [running]> on host cd1b9fd02609
[2024-01-24T11:42:22.679+0000] {taskinstance.py:1509} INFO - Exporting the following env vars:
AIRFLOW_CTX_DAG_OWNER=***
AIRFLOW_CTX_DAG_ID=daggroup
AIRFLOW_CTX_TASK_ID=tsk1
AIRFLOW_CTX_EXECUTION_DATE=2024-01-24T11:42:20.445128+00:00
AIRFLOW_CTX_TRY_NUMBER=1
AIRFLOW_CTX_DAG_RUN_ID=manual__2024-01-24T11:42:20.445128+00:00
[2024-01-24T11:42:22.683+0000] {subprocess.py:63} INFO - Tmp dir root location: 
 /tmp
[2024-01-24T11:42:22.684+0000] {subprocess.py:75} INFO - Running command: ['/bin/bash', '-c', 'sleep 5']
[2024-01-24T11:42:22.698+0000] {subprocess.py:86} INFO - Output:
[2024-01-24T11:42:27.706+0000] {subprocess.py:97} INFO - Command exited with return code 0
[2024-01-24T11:42:27.804+0000] {taskinstance.py:1323} INFO - Marking task as SUCCESS. dag_id=daggroup, task_id=tsk1, execution_date=20240124T114220, start_date=20240124T114222, end_date=20240124T114227
[2024-01-24T11:42:27.874+0000] {local_task_job.py:208} INFO - Task exited with return code 0
[2024-01-24T11:42:27.977+0000] {taskinstance.py:2578} INFO - 0 downstream tasks scheduled from follow-on schedule check
