[2024-02-02T11:22:47.448+0000] {taskinstance.py:1083} INFO - Dependencies all met for <TaskInstance: pool.tsk2 manual__2024-02-02T11:22:45.228179+00:00 [queued]>
[2024-02-02T11:22:47.474+0000] {taskinstance.py:1083} INFO - Dependencies all met for <TaskInstance: pool.tsk2 manual__2024-02-02T11:22:45.228179+00:00 [queued]>
[2024-02-02T11:22:47.474+0000] {taskinstance.py:1279} INFO - 
--------------------------------------------------------------------------------
[2024-02-02T11:22:47.474+0000] {taskinstance.py:1280} INFO - Starting attempt 1 of 1
[2024-02-02T11:22:47.475+0000] {taskinstance.py:1281} INFO - 
--------------------------------------------------------------------------------
[2024-02-02T11:22:47.515+0000] {taskinstance.py:1300} INFO - Executing <Task(BashOperator): tsk2> on 2024-02-02 11:22:45.228179+00:00
[2024-02-02T11:22:47.528+0000] {standard_task_runner.py:55} INFO - Started process 2786 to run task
[2024-02-02T11:22:47.533+0000] {standard_task_runner.py:82} INFO - Running: ['***', 'tasks', 'run', 'pool', 'tsk2', 'manual__2024-02-02T11:22:45.228179+00:00', '--job-id', '543', '--raw', '--subdir', 'DAGS_FOLDER/pool.py', '--cfg-path', '/tmp/tmpo8wzzecg']
[2024-02-02T11:22:47.534+0000] {standard_task_runner.py:83} INFO - Job 543: Subtask tsk2
[2024-02-02T11:22:47.678+0000] {task_command.py:388} INFO - Running <TaskInstance: pool.tsk2 manual__2024-02-02T11:22:45.228179+00:00 [running]> on host 5b3777e64f6c
[2024-02-02T11:22:47.819+0000] {taskinstance.py:1509} INFO - Exporting the following env vars:
AIRFLOW_CTX_DAG_OWNER=***
AIRFLOW_CTX_DAG_ID=pool
AIRFLOW_CTX_TASK_ID=tsk2
AIRFLOW_CTX_EXECUTION_DATE=2024-02-02T11:22:45.228179+00:00
AIRFLOW_CTX_TRY_NUMBER=1
AIRFLOW_CTX_DAG_RUN_ID=manual__2024-02-02T11:22:45.228179+00:00
[2024-02-02T11:22:47.820+0000] {subprocess.py:63} INFO - Tmp dir root location: 
 /tmp
[2024-02-02T11:22:47.821+0000] {subprocess.py:75} INFO - Running command: ['/bin/bash', '-c', 'sleep 5']
[2024-02-02T11:22:47.841+0000] {subprocess.py:86} INFO - Output:
[2024-02-02T11:22:52.848+0000] {subprocess.py:97} INFO - Command exited with return code 0
[2024-02-02T11:22:52.892+0000] {taskinstance.py:1323} INFO - Marking task as SUCCESS. dag_id=pool, task_id=tsk2, execution_date=20240202T112245, start_date=20240202T112247, end_date=20240202T112252
[2024-02-02T11:22:52.930+0000] {local_task_job.py:208} INFO - Task exited with return code 0
[2024-02-02T11:22:52.951+0000] {taskinstance.py:2578} INFO - 0 downstream tasks scheduled from follow-on schedule check
