[2024-02-11T23:43:22.278+0000] {taskinstance.py:1083} INFO - Dependencies all met for <TaskInstance: primeira_dag.tsk3 manual__2024-02-11T23:43:04+00:00 [queued]>
[2024-02-11T23:43:22.295+0000] {taskinstance.py:1083} INFO - Dependencies all met for <TaskInstance: primeira_dag.tsk3 manual__2024-02-11T23:43:04+00:00 [queued]>
[2024-02-11T23:43:22.295+0000] {taskinstance.py:1279} INFO - 
--------------------------------------------------------------------------------
[2024-02-11T23:43:22.295+0000] {taskinstance.py:1280} INFO - Starting attempt 1 of 1
[2024-02-11T23:43:22.295+0000] {taskinstance.py:1281} INFO - 
--------------------------------------------------------------------------------
[2024-02-11T23:43:22.325+0000] {taskinstance.py:1300} INFO - Executing <Task(BashOperator): tsk3> on 2024-02-11 23:43:04+00:00
[2024-02-11T23:43:22.333+0000] {standard_task_runner.py:55} INFO - Started process 118106 to run task
[2024-02-11T23:43:22.338+0000] {standard_task_runner.py:82} INFO - Running: ['***', 'tasks', 'run', 'primeira_dag', 'tsk3', 'manual__2024-02-11T23:43:04+00:00', '--job-id', '1013', '--raw', '--subdir', 'DAGS_FOLDER/primeiradag.py', '--cfg-path', '/tmp/tmpg1em3eyj']
[2024-02-11T23:43:22.339+0000] {standard_task_runner.py:83} INFO - Job 1013: Subtask tsk3
[2024-02-11T23:43:22.446+0000] {task_command.py:388} INFO - Running <TaskInstance: primeira_dag.tsk3 manual__2024-02-11T23:43:04+00:00 [running]> on host f8c98ce69515
[2024-02-11T23:43:22.633+0000] {taskinstance.py:1509} INFO - Exporting the following env vars:
AIRFLOW_CTX_DAG_OWNER=***
AIRFLOW_CTX_DAG_ID=primeira_dag
AIRFLOW_CTX_TASK_ID=tsk3
AIRFLOW_CTX_EXECUTION_DATE=2024-02-11T23:43:04+00:00
AIRFLOW_CTX_TRY_NUMBER=1
AIRFLOW_CTX_DAG_RUN_ID=manual__2024-02-11T23:43:04+00:00
[2024-02-11T23:43:22.635+0000] {subprocess.py:63} INFO - Tmp dir root location: 
 /tmp
[2024-02-11T23:43:22.636+0000] {subprocess.py:75} INFO - Running command: ['/bin/bash', '-c', 'sleep 5']
[2024-02-11T23:43:22.655+0000] {subprocess.py:86} INFO - Output:
[2024-02-11T23:43:27.664+0000] {subprocess.py:97} INFO - Command exited with return code 0
[2024-02-11T23:43:27.716+0000] {taskinstance.py:1323} INFO - Marking task as SUCCESS. dag_id=primeira_dag, task_id=tsk3, execution_date=20240211T234304, start_date=20240211T234322, end_date=20240211T234327
[2024-02-11T23:43:27.763+0000] {local_task_job.py:208} INFO - Task exited with return code 0
[2024-02-11T23:43:27.792+0000] {taskinstance.py:2578} INFO - 0 downstream tasks scheduled from follow-on schedule check
