[2024-02-05T12:00:41.916+0000] {taskinstance.py:1083} INFO - Dependencies all met for <TaskInstance: pythonoperadotor.t1 manual__2024-02-05T12:00:37.725465+00:00 [queued]>
[2024-02-05T12:00:41.934+0000] {taskinstance.py:1083} INFO - Dependencies all met for <TaskInstance: pythonoperadotor.t1 manual__2024-02-05T12:00:37.725465+00:00 [queued]>
[2024-02-05T12:00:41.935+0000] {taskinstance.py:1279} INFO - 
--------------------------------------------------------------------------------
[2024-02-05T12:00:41.935+0000] {taskinstance.py:1280} INFO - Starting attempt 1 of 1
[2024-02-05T12:00:41.935+0000] {taskinstance.py:1281} INFO - 
--------------------------------------------------------------------------------
[2024-02-05T12:00:41.968+0000] {taskinstance.py:1300} INFO - Executing <Task(PythonOperator): t1> on 2024-02-05 12:00:37.725465+00:00
[2024-02-05T12:00:41.977+0000] {standard_task_runner.py:55} INFO - Started process 1539 to run task
[2024-02-05T12:00:41.982+0000] {standard_task_runner.py:82} INFO - Running: ['***', 'tasks', 'run', 'pythonoperadotor', 't1', 'manual__2024-02-05T12:00:37.725465+00:00', '--job-id', '766', '--raw', '--subdir', 'DAGS_FOLDER/pythonoperator.py', '--cfg-path', '/tmp/tmpaloit9vy']
[2024-02-05T12:00:41.985+0000] {standard_task_runner.py:83} INFO - Job 766: Subtask t1
[2024-02-05T12:00:42.085+0000] {task_command.py:388} INFO - Running <TaskInstance: pythonoperadotor.t1 manual__2024-02-05T12:00:37.725465+00:00 [running]> on host f8c98ce69515
[2024-02-05T12:00:42.235+0000] {taskinstance.py:1509} INFO - Exporting the following env vars:
AIRFLOW_CTX_DAG_OWNER=***
AIRFLOW_CTX_DAG_ID=pythonoperadotor
AIRFLOW_CTX_TASK_ID=t1
AIRFLOW_CTX_EXECUTION_DATE=2024-02-05T12:00:37.725465+00:00
AIRFLOW_CTX_TRY_NUMBER=1
AIRFLOW_CTX_DAG_RUN_ID=manual__2024-02-05T12:00:37.725465+00:00
[2024-02-05T12:00:42.265+0000] {taskinstance.py:1768} ERROR - Task failed with exception
Traceback (most recent call last):
  File "/home/airflow/.local/lib/python3.7/site-packages/airflow/operators/python.py", line 175, in execute
    return_value = self.execute_callable()
  File "/home/airflow/.local/lib/python3.7/site-packages/airflow/operators/python.py", line 192, in execute_callable
    return self.python_callable(*self.op_args, **self.op_kwargs)
  File "/opt/airflow/dags/pythonoperator.py", line 28, in data_cleaner
    dataset.drop_duplicates(subset="id", keep="first", implace=True)
  File "/home/airflow/.local/lib/python3.7/site-packages/pandas/util/_decorators.py", line 311, in wrapper
    return func(*args, **kwargs)
TypeError: drop_duplicates() got an unexpected keyword argument 'implace'
[2024-02-05T12:00:42.278+0000] {taskinstance.py:1323} INFO - Marking task as FAILED. dag_id=pythonoperadotor, task_id=t1, execution_date=20240205T120037, start_date=20240205T120041, end_date=20240205T120042
[2024-02-05T12:00:42.299+0000] {standard_task_runner.py:105} ERROR - Failed to execute job 766 for task t1 (drop_duplicates() got an unexpected keyword argument 'implace'; 1539)
[2024-02-05T12:00:42.317+0000] {local_task_job.py:208} INFO - Task exited with return code 1
[2024-02-05T12:00:42.357+0000] {taskinstance.py:2578} INFO - 0 downstream tasks scheduled from follow-on schedule check
