[2024-02-12T17:00:02.059+0000] {taskinstance.py:1083} INFO - Dependencies all met for <TaskInstance: defaultargs.tsk1 scheduled__2024-02-12T16:00:00+00:00 [queued]>
[2024-02-12T17:00:02.082+0000] {taskinstance.py:1083} INFO - Dependencies all met for <TaskInstance: defaultargs.tsk1 scheduled__2024-02-12T16:00:00+00:00 [queued]>
[2024-02-12T17:00:02.082+0000] {taskinstance.py:1279} INFO - 
--------------------------------------------------------------------------------
[2024-02-12T17:00:02.082+0000] {taskinstance.py:1280} INFO - Starting attempt 1 of 4
[2024-02-12T17:00:02.082+0000] {taskinstance.py:1281} INFO - 
--------------------------------------------------------------------------------
[2024-02-12T17:00:02.111+0000] {taskinstance.py:1300} INFO - Executing <Task(BashOperator): tsk1> on 2024-02-12 16:00:00+00:00
[2024-02-12T17:00:02.121+0000] {standard_task_runner.py:55} INFO - Started process 7071 to run task
[2024-02-12T17:00:02.127+0000] {standard_task_runner.py:82} INFO - Running: ['***', 'tasks', 'run', 'defaultargs', 'tsk1', 'scheduled__2024-02-12T16:00:00+00:00', '--job-id', '1083', '--raw', '--subdir', 'DAGS_FOLDER/defaultargs.py', '--cfg-path', '/tmp/tmpj7wkyo30']
[2024-02-12T17:00:02.129+0000] {standard_task_runner.py:83} INFO - Job 1083: Subtask tsk1
[2024-02-12T17:00:02.238+0000] {task_command.py:388} INFO - Running <TaskInstance: defaultargs.tsk1 scheduled__2024-02-12T16:00:00+00:00 [running]> on host b5b8d61630c3
[2024-02-12T17:00:02.366+0000] {taskinstance.py:1509} INFO - Exporting the following env vars:
AIRFLOW_CTX_DAG_EMAIL=teste@teste.com
AIRFLOW_CTX_DAG_OWNER=***
AIRFLOW_CTX_DAG_ID=defaultargs
AIRFLOW_CTX_TASK_ID=tsk1
AIRFLOW_CTX_EXECUTION_DATE=2024-02-12T16:00:00+00:00
AIRFLOW_CTX_TRY_NUMBER=1
AIRFLOW_CTX_DAG_RUN_ID=scheduled__2024-02-12T16:00:00+00:00
[2024-02-12T17:00:02.367+0000] {subprocess.py:63} INFO - Tmp dir root location: 
 /tmp
[2024-02-12T17:00:02.368+0000] {subprocess.py:75} INFO - Running command: ['/bin/bash', '-c', 'sleep 5']
[2024-02-12T17:00:02.383+0000] {subprocess.py:86} INFO - Output:
[2024-02-12T17:00:07.402+0000] {subprocess.py:97} INFO - Command exited with return code 0
[2024-02-12T17:00:07.462+0000] {taskinstance.py:1323} INFO - Marking task as SUCCESS. dag_id=defaultargs, task_id=tsk1, execution_date=20240212T160000, start_date=20240212T170002, end_date=20240212T170007
[2024-02-12T17:00:07.524+0000] {local_task_job.py:208} INFO - Task exited with return code 0
[2024-02-12T17:00:07.595+0000] {taskinstance.py:2578} INFO - 1 downstream tasks scheduled from follow-on schedule check
