[2024-02-02T11:23:00.229+0000] {taskinstance.py:1083} INFO - Dependencies all met for <TaskInstance: pool.tsk3 manual__2024-02-02T11:22:45.228179+00:00 [queued]>
[2024-02-02T11:23:00.252+0000] {taskinstance.py:1083} INFO - Dependencies all met for <TaskInstance: pool.tsk3 manual__2024-02-02T11:22:45.228179+00:00 [queued]>
[2024-02-02T11:23:00.253+0000] {taskinstance.py:1279} INFO - 
--------------------------------------------------------------------------------
[2024-02-02T11:23:00.254+0000] {taskinstance.py:1280} INFO - Starting attempt 1 of 1
[2024-02-02T11:23:00.254+0000] {taskinstance.py:1281} INFO - 
--------------------------------------------------------------------------------
[2024-02-02T11:23:00.292+0000] {taskinstance.py:1300} INFO - Executing <Task(BashOperator): tsk3> on 2024-02-02 11:22:45.228179+00:00
[2024-02-02T11:23:00.301+0000] {standard_task_runner.py:55} INFO - Started process 2804 to run task
[2024-02-02T11:23:00.309+0000] {standard_task_runner.py:82} INFO - Running: ['***', 'tasks', 'run', 'pool', 'tsk3', 'manual__2024-02-02T11:22:45.228179+00:00', '--job-id', '545', '--raw', '--subdir', 'DAGS_FOLDER/pool.py', '--cfg-path', '/tmp/tmpgt7x3gcm']
[2024-02-02T11:23:00.310+0000] {standard_task_runner.py:83} INFO - Job 545: Subtask tsk3
[2024-02-02T11:23:00.474+0000] {task_command.py:388} INFO - Running <TaskInstance: pool.tsk3 manual__2024-02-02T11:22:45.228179+00:00 [running]> on host 5b3777e64f6c
[2024-02-02T11:23:00.672+0000] {taskinstance.py:1509} INFO - Exporting the following env vars:
AIRFLOW_CTX_DAG_OWNER=***
AIRFLOW_CTX_DAG_ID=pool
AIRFLOW_CTX_TASK_ID=tsk3
AIRFLOW_CTX_EXECUTION_DATE=2024-02-02T11:22:45.228179+00:00
AIRFLOW_CTX_TRY_NUMBER=1
AIRFLOW_CTX_DAG_RUN_ID=manual__2024-02-02T11:22:45.228179+00:00
[2024-02-02T11:23:00.674+0000] {subprocess.py:63} INFO - Tmp dir root location: 
 /tmp
[2024-02-02T11:23:00.675+0000] {subprocess.py:75} INFO - Running command: ['/bin/bash', '-c', 'sleep 5']
[2024-02-02T11:23:00.695+0000] {subprocess.py:86} INFO - Output:
[2024-02-02T11:23:05.703+0000] {subprocess.py:97} INFO - Command exited with return code 0
[2024-02-02T11:23:05.748+0000] {taskinstance.py:1323} INFO - Marking task as SUCCESS. dag_id=pool, task_id=tsk3, execution_date=20240202T112245, start_date=20240202T112300, end_date=20240202T112305
[2024-02-02T11:23:05.808+0000] {local_task_job.py:208} INFO - Task exited with return code 0
[2024-02-02T11:23:05.850+0000] {taskinstance.py:2578} INFO - 0 downstream tasks scheduled from follow-on schedule check
