[2024-02-02T12:06:02.056+0000] {taskinstance.py:1083} INFO - Dependencies all met for <TaskInstance: branch.gera_numero_aleatorio_task manual__2024-02-02T12:06:00.152970+00:00 [queued]>
[2024-02-02T12:06:02.074+0000] {taskinstance.py:1083} INFO - Dependencies all met for <TaskInstance: branch.gera_numero_aleatorio_task manual__2024-02-02T12:06:00.152970+00:00 [queued]>
[2024-02-02T12:06:02.075+0000] {taskinstance.py:1279} INFO - 
--------------------------------------------------------------------------------
[2024-02-02T12:06:02.075+0000] {taskinstance.py:1280} INFO - Starting attempt 1 of 1
[2024-02-02T12:06:02.075+0000] {taskinstance.py:1281} INFO - 
--------------------------------------------------------------------------------
[2024-02-02T12:06:02.106+0000] {taskinstance.py:1300} INFO - Executing <Task(PythonOperator): gera_numero_aleatorio_task> on 2024-02-02 12:06:00.152970+00:00
[2024-02-02T12:06:02.114+0000] {standard_task_runner.py:55} INFO - Started process 5008 to run task
[2024-02-02T12:06:02.121+0000] {standard_task_runner.py:82} INFO - Running: ['***', 'tasks', 'run', 'branch', 'gera_numero_aleatorio_task', 'manual__2024-02-02T12:06:00.152970+00:00', '--job-id', '567', '--raw', '--subdir', 'DAGS_FOLDER/branchs.py', '--cfg-path', '/tmp/tmp2528zypk']
[2024-02-02T12:06:02.122+0000] {standard_task_runner.py:83} INFO - Job 567: Subtask gera_numero_aleatorio_task
[2024-02-02T12:06:02.235+0000] {task_command.py:388} INFO - Running <TaskInstance: branch.gera_numero_aleatorio_task manual__2024-02-02T12:06:00.152970+00:00 [running]> on host 5b3777e64f6c
[2024-02-02T12:06:02.371+0000] {taskinstance.py:1509} INFO - Exporting the following env vars:
AIRFLOW_CTX_DAG_OWNER=***
AIRFLOW_CTX_DAG_ID=branch
AIRFLOW_CTX_TASK_ID=gera_numero_aleatorio_task
AIRFLOW_CTX_EXECUTION_DATE=2024-02-02T12:06:00.152970+00:00
AIRFLOW_CTX_TRY_NUMBER=1
AIRFLOW_CTX_DAG_RUN_ID=manual__2024-02-02T12:06:00.152970+00:00
[2024-02-02T12:06:02.372+0000] {python.py:177} INFO - Done. Returned value was: 80
[2024-02-02T12:06:02.418+0000] {taskinstance.py:1323} INFO - Marking task as SUCCESS. dag_id=branch, task_id=gera_numero_aleatorio_task, execution_date=20240202T120600, start_date=20240202T120602, end_date=20240202T120602
[2024-02-02T12:06:02.456+0000] {local_task_job.py:208} INFO - Task exited with return code 0
[2024-02-02T12:06:02.517+0000] {taskinstance.py:2578} INFO - 1 downstream tasks scheduled from follow-on schedule check
