[2024-01-28T02:00:01.726+0000] {taskinstance.py:1083} INFO - Dependencies all met for <TaskInstance: defaultargs.tsk1 scheduled__2024-01-28T01:00:00+00:00 [queued]>
[2024-01-28T02:00:01.794+0000] {taskinstance.py:1083} INFO - Dependencies all met for <TaskInstance: defaultargs.tsk1 scheduled__2024-01-28T01:00:00+00:00 [queued]>
[2024-01-28T02:00:01.795+0000] {taskinstance.py:1279} INFO - 
--------------------------------------------------------------------------------
[2024-01-28T02:00:01.795+0000] {taskinstance.py:1280} INFO - Starting attempt 1 of 4
[2024-01-28T02:00:01.795+0000] {taskinstance.py:1281} INFO - 
--------------------------------------------------------------------------------
[2024-01-28T02:00:01.824+0000] {taskinstance.py:1300} INFO - Executing <Task(BashOperator): tsk1> on 2024-01-28 01:00:00+00:00
[2024-01-28T02:00:01.832+0000] {standard_task_runner.py:55} INFO - Started process 17563 to run task
[2024-01-28T02:00:01.837+0000] {standard_task_runner.py:82} INFO - Running: ['***', 'tasks', 'run', 'defaultargs', 'tsk1', 'scheduled__2024-01-28T01:00:00+00:00', '--job-id', '165', '--raw', '--subdir', 'DAGS_FOLDER/defaultargs.py', '--cfg-path', '/tmp/tmpr7rclbge']
[2024-01-28T02:00:01.838+0000] {standard_task_runner.py:83} INFO - Job 165: Subtask tsk1
[2024-01-28T02:00:01.925+0000] {task_command.py:388} INFO - Running <TaskInstance: defaultargs.tsk1 scheduled__2024-01-28T01:00:00+00:00 [running]> on host 5b3777e64f6c
[2024-01-28T02:00:02.027+0000] {taskinstance.py:1509} INFO - Exporting the following env vars:
AIRFLOW_CTX_DAG_EMAIL=teste@teste.com
AIRFLOW_CTX_DAG_OWNER=***
AIRFLOW_CTX_DAG_ID=defaultargs
AIRFLOW_CTX_TASK_ID=tsk1
AIRFLOW_CTX_EXECUTION_DATE=2024-01-28T01:00:00+00:00
AIRFLOW_CTX_TRY_NUMBER=1
AIRFLOW_CTX_DAG_RUN_ID=scheduled__2024-01-28T01:00:00+00:00
[2024-01-28T02:00:02.029+0000] {subprocess.py:63} INFO - Tmp dir root location: 
 /tmp
[2024-01-28T02:00:02.030+0000] {subprocess.py:75} INFO - Running command: ['/bin/bash', '-c', 'sleep 5']
[2024-01-28T02:00:02.044+0000] {subprocess.py:86} INFO - Output:
[2024-01-28T02:00:07.049+0000] {subprocess.py:97} INFO - Command exited with return code 0
[2024-01-28T02:00:07.100+0000] {taskinstance.py:1323} INFO - Marking task as SUCCESS. dag_id=defaultargs, task_id=tsk1, execution_date=20240128T010000, start_date=20240128T020001, end_date=20240128T020007
[2024-01-28T02:00:07.153+0000] {local_task_job.py:208} INFO - Task exited with return code 0
[2024-01-28T02:00:07.191+0000] {taskinstance.py:2578} INFO - 1 downstream tasks scheduled from follow-on schedule check
