[2024-02-06T11:00:06.885+0000] {taskinstance.py:1083} INFO - Dependencies all met for <TaskInstance: defaultargs.tsk2 scheduled__2024-02-06T10:00:00+00:00 [queued]>
[2024-02-06T11:00:06.897+0000] {taskinstance.py:1083} INFO - Dependencies all met for <TaskInstance: defaultargs.tsk2 scheduled__2024-02-06T10:00:00+00:00 [queued]>
[2024-02-06T11:00:06.897+0000] {taskinstance.py:1279} INFO - 
--------------------------------------------------------------------------------
[2024-02-06T11:00:06.897+0000] {taskinstance.py:1280} INFO - Starting attempt 1 of 2
[2024-02-06T11:00:06.897+0000] {taskinstance.py:1281} INFO - 
--------------------------------------------------------------------------------
[2024-02-06T11:00:06.913+0000] {taskinstance.py:1300} INFO - Executing <Task(BashOperator): tsk2> on 2024-02-06 10:00:00+00:00
[2024-02-06T11:00:06.918+0000] {standard_task_runner.py:55} INFO - Started process 45292 to run task
[2024-02-06T11:00:06.922+0000] {standard_task_runner.py:82} INFO - Running: ['***', 'tasks', 'run', 'defaultargs', 'tsk2', 'scheduled__2024-02-06T10:00:00+00:00', '--job-id', '817', '--raw', '--subdir', 'DAGS_FOLDER/defaultargs.py', '--cfg-path', '/tmp/tmpifsmh063']
[2024-02-06T11:00:06.922+0000] {standard_task_runner.py:83} INFO - Job 817: Subtask tsk2
[2024-02-06T11:00:06.997+0000] {task_command.py:388} INFO - Running <TaskInstance: defaultargs.tsk2 scheduled__2024-02-06T10:00:00+00:00 [running]> on host f8c98ce69515
[2024-02-06T11:00:07.086+0000] {taskinstance.py:1509} INFO - Exporting the following env vars:
AIRFLOW_CTX_DAG_EMAIL=teste@teste.com
AIRFLOW_CTX_DAG_OWNER=***
AIRFLOW_CTX_DAG_ID=defaultargs
AIRFLOW_CTX_TASK_ID=tsk2
AIRFLOW_CTX_EXECUTION_DATE=2024-02-06T10:00:00+00:00
AIRFLOW_CTX_TRY_NUMBER=1
AIRFLOW_CTX_DAG_RUN_ID=scheduled__2024-02-06T10:00:00+00:00
[2024-02-06T11:00:07.087+0000] {subprocess.py:63} INFO - Tmp dir root location: 
 /tmp
[2024-02-06T11:00:07.088+0000] {subprocess.py:75} INFO - Running command: ['/bin/bash', '-c', 'sleep 5']
[2024-02-06T11:00:07.099+0000] {subprocess.py:86} INFO - Output:
[2024-02-06T11:00:12.105+0000] {subprocess.py:97} INFO - Command exited with return code 0
[2024-02-06T11:00:12.157+0000] {taskinstance.py:1323} INFO - Marking task as SUCCESS. dag_id=defaultargs, task_id=tsk2, execution_date=20240206T100000, start_date=20240206T110006, end_date=20240206T110012
[2024-02-06T11:00:12.206+0000] {local_task_job.py:208} INFO - Task exited with return code 0
[2024-02-06T11:00:12.246+0000] {taskinstance.py:2578} INFO - 1 downstream tasks scheduled from follow-on schedule check
