[2024-02-12T19:19:21.492+0000] {taskinstance.py:1083} INFO - Dependencies all met for <TaskInstance: windturbine.file_sensor_task manual__2024-02-12T19:19:18.739489+00:00 [queued]>
[2024-02-12T19:19:21.519+0000] {taskinstance.py:1083} INFO - Dependencies all met for <TaskInstance: windturbine.file_sensor_task manual__2024-02-12T19:19:18.739489+00:00 [queued]>
[2024-02-12T19:19:21.519+0000] {taskinstance.py:1279} INFO - 
--------------------------------------------------------------------------------
[2024-02-12T19:19:21.520+0000] {taskinstance.py:1280} INFO - Starting attempt 1 of 2
[2024-02-12T19:19:21.520+0000] {taskinstance.py:1281} INFO - 
--------------------------------------------------------------------------------
[2024-02-12T19:19:21.563+0000] {taskinstance.py:1300} INFO - Executing <Task(FileSensor): file_sensor_task> on 2024-02-12 19:19:18.739489+00:00
[2024-02-12T19:19:21.573+0000] {standard_task_runner.py:55} INFO - Started process 1694 to run task
[2024-02-12T19:19:21.582+0000] {standard_task_runner.py:82} INFO - Running: ['***', 'tasks', 'run', 'windturbine', 'file_sensor_task', 'manual__2024-02-12T19:19:18.739489+00:00', '--job-id', '1112', '--raw', '--subdir', 'DAGS_FOLDER/windturbine.py', '--cfg-path', '/tmp/tmpxiycoavg']
[2024-02-12T19:19:21.585+0000] {standard_task_runner.py:83} INFO - Job 1112: Subtask file_sensor_task
[2024-02-12T19:19:21.721+0000] {task_command.py:388} INFO - Running <TaskInstance: windturbine.file_sensor_task manual__2024-02-12T19:19:18.739489+00:00 [running]> on host b5b8d61630c3
[2024-02-12T19:19:21.910+0000] {taskinstance.py:1509} INFO - Exporting the following env vars:
AIRFLOW_CTX_DAG_EMAIL=guilherme.ribeiro.business@gmail.com
AIRFLOW_CTX_DAG_OWNER=***
AIRFLOW_CTX_DAG_ID=windturbine
AIRFLOW_CTX_TASK_ID=file_sensor_task
AIRFLOW_CTX_EXECUTION_DATE=2024-02-12T19:19:18.739489+00:00
AIRFLOW_CTX_TRY_NUMBER=1
AIRFLOW_CTX_DAG_RUN_ID=manual__2024-02-12T19:19:18.739489+00:00
[2024-02-12T19:19:21.932+0000] {base.py:73} INFO - Using connection ID 'fs_default' for task execution.
[2024-02-12T19:19:21.933+0000] {filesystem.py:64} INFO - Poking for file /opt/***/data/data.json
[2024-02-12T19:19:31.951+0000] {base.py:73} INFO - Using connection ID 'fs_default' for task execution.
[2024-02-12T19:19:31.952+0000] {filesystem.py:64} INFO - Poking for file /opt/***/data/data.json
[2024-02-12T19:19:41.973+0000] {base.py:73} INFO - Using connection ID 'fs_default' for task execution.
[2024-02-12T19:19:41.974+0000] {filesystem.py:64} INFO - Poking for file /opt/***/data/data.json
[2024-02-12T19:19:51.993+0000] {base.py:73} INFO - Using connection ID 'fs_default' for task execution.
[2024-02-12T19:19:51.993+0000] {filesystem.py:64} INFO - Poking for file /opt/***/data/data.json
[2024-02-12T19:20:02.013+0000] {base.py:73} INFO - Using connection ID 'fs_default' for task execution.
[2024-02-12T19:20:02.013+0000] {filesystem.py:64} INFO - Poking for file /opt/***/data/data.json
[2024-02-12T19:20:12.031+0000] {base.py:73} INFO - Using connection ID 'fs_default' for task execution.
[2024-02-12T19:20:12.032+0000] {filesystem.py:64} INFO - Poking for file /opt/***/data/data.json
[2024-02-12T19:20:22.051+0000] {base.py:73} INFO - Using connection ID 'fs_default' for task execution.
[2024-02-12T19:20:22.051+0000] {filesystem.py:64} INFO - Poking for file /opt/***/data/data.json
[2024-02-12T19:20:32.070+0000] {base.py:73} INFO - Using connection ID 'fs_default' for task execution.
[2024-02-12T19:20:32.070+0000] {filesystem.py:64} INFO - Poking for file /opt/***/data/data.json
[2024-02-12T19:20:42.088+0000] {base.py:73} INFO - Using connection ID 'fs_default' for task execution.
[2024-02-12T19:20:42.089+0000] {filesystem.py:64} INFO - Poking for file /opt/***/data/data.json
[2024-02-12T19:20:52.105+0000] {base.py:73} INFO - Using connection ID 'fs_default' for task execution.
[2024-02-12T19:20:52.106+0000] {filesystem.py:64} INFO - Poking for file /opt/***/data/data.json
[2024-02-12T19:21:02.129+0000] {base.py:73} INFO - Using connection ID 'fs_default' for task execution.
[2024-02-12T19:21:02.130+0000] {filesystem.py:64} INFO - Poking for file /opt/***/data/data.json
[2024-02-12T19:21:12.153+0000] {base.py:73} INFO - Using connection ID 'fs_default' for task execution.
[2024-02-12T19:21:12.153+0000] {filesystem.py:64} INFO - Poking for file /opt/***/data/data.json
[2024-02-12T19:21:22.176+0000] {base.py:73} INFO - Using connection ID 'fs_default' for task execution.
[2024-02-12T19:21:22.176+0000] {filesystem.py:64} INFO - Poking for file /opt/***/data/data.json
[2024-02-12T19:21:32.205+0000] {base.py:73} INFO - Using connection ID 'fs_default' for task execution.
[2024-02-12T19:21:32.205+0000] {filesystem.py:64} INFO - Poking for file /opt/***/data/data.json
[2024-02-12T19:21:42.225+0000] {base.py:73} INFO - Using connection ID 'fs_default' for task execution.
[2024-02-12T19:21:42.226+0000] {filesystem.py:64} INFO - Poking for file /opt/***/data/data.json
[2024-02-12T19:21:52.241+0000] {base.py:73} INFO - Using connection ID 'fs_default' for task execution.
[2024-02-12T19:21:52.241+0000] {filesystem.py:64} INFO - Poking for file /opt/***/data/data.json
[2024-02-12T19:22:02.264+0000] {base.py:73} INFO - Using connection ID 'fs_default' for task execution.
[2024-02-12T19:22:02.264+0000] {filesystem.py:64} INFO - Poking for file /opt/***/data/data.json
[2024-02-12T19:22:12.288+0000] {base.py:73} INFO - Using connection ID 'fs_default' for task execution.
[2024-02-12T19:22:12.288+0000] {filesystem.py:64} INFO - Poking for file /opt/***/data/data.json
[2024-02-12T19:22:22.308+0000] {base.py:73} INFO - Using connection ID 'fs_default' for task execution.
[2024-02-12T19:22:22.308+0000] {filesystem.py:64} INFO - Poking for file /opt/***/data/data.json
[2024-02-12T19:22:32.328+0000] {base.py:73} INFO - Using connection ID 'fs_default' for task execution.
[2024-02-12T19:22:32.328+0000] {filesystem.py:64} INFO - Poking for file /opt/***/data/data.json
[2024-02-12T19:22:42.354+0000] {base.py:73} INFO - Using connection ID 'fs_default' for task execution.
[2024-02-12T19:22:42.354+0000] {filesystem.py:64} INFO - Poking for file /opt/***/data/data.json
[2024-02-12T19:22:52.372+0000] {base.py:73} INFO - Using connection ID 'fs_default' for task execution.
[2024-02-12T19:22:52.372+0000] {filesystem.py:64} INFO - Poking for file /opt/***/data/data.json
[2024-02-12T19:23:02.390+0000] {base.py:73} INFO - Using connection ID 'fs_default' for task execution.
[2024-02-12T19:23:02.391+0000] {filesystem.py:64} INFO - Poking for file /opt/***/data/data.json
[2024-02-12T19:23:12.405+0000] {base.py:73} INFO - Using connection ID 'fs_default' for task execution.
[2024-02-12T19:23:12.405+0000] {filesystem.py:64} INFO - Poking for file /opt/***/data/data.json
[2024-02-12T19:23:22.425+0000] {base.py:73} INFO - Using connection ID 'fs_default' for task execution.
[2024-02-12T19:23:22.425+0000] {filesystem.py:64} INFO - Poking for file /opt/***/data/data.json
[2024-02-12T19:23:32.443+0000] {base.py:73} INFO - Using connection ID 'fs_default' for task execution.
[2024-02-12T19:23:32.443+0000] {filesystem.py:64} INFO - Poking for file /opt/***/data/data.json
[2024-02-12T19:23:42.463+0000] {base.py:73} INFO - Using connection ID 'fs_default' for task execution.
[2024-02-12T19:23:42.464+0000] {filesystem.py:64} INFO - Poking for file /opt/***/data/data.json
[2024-02-12T19:23:52.477+0000] {base.py:73} INFO - Using connection ID 'fs_default' for task execution.
[2024-02-12T19:23:52.478+0000] {filesystem.py:64} INFO - Poking for file /opt/***/data/data.json
[2024-02-12T19:24:02.496+0000] {base.py:73} INFO - Using connection ID 'fs_default' for task execution.
[2024-02-12T19:24:02.497+0000] {filesystem.py:64} INFO - Poking for file /opt/***/data/data.json
[2024-02-12T19:24:12.517+0000] {base.py:73} INFO - Using connection ID 'fs_default' for task execution.
[2024-02-12T19:24:12.518+0000] {filesystem.py:64} INFO - Poking for file /opt/***/data/data.json
[2024-02-12T19:24:22.534+0000] {base.py:73} INFO - Using connection ID 'fs_default' for task execution.
[2024-02-12T19:24:22.535+0000] {filesystem.py:64} INFO - Poking for file /opt/***/data/data.json
[2024-02-12T19:24:32.552+0000] {base.py:73} INFO - Using connection ID 'fs_default' for task execution.
[2024-02-12T19:24:32.553+0000] {filesystem.py:64} INFO - Poking for file /opt/***/data/data.json
[2024-02-12T19:24:42.582+0000] {base.py:73} INFO - Using connection ID 'fs_default' for task execution.
[2024-02-12T19:24:42.583+0000] {filesystem.py:64} INFO - Poking for file /opt/***/data/data.json
[2024-02-12T19:24:52.603+0000] {base.py:73} INFO - Using connection ID 'fs_default' for task execution.
[2024-02-12T19:24:52.603+0000] {filesystem.py:64} INFO - Poking for file /opt/***/data/data.json
[2024-02-12T19:25:02.633+0000] {base.py:73} INFO - Using connection ID 'fs_default' for task execution.
[2024-02-12T19:25:02.633+0000] {filesystem.py:64} INFO - Poking for file /opt/***/data/data.json
[2024-02-12T19:25:12.652+0000] {base.py:73} INFO - Using connection ID 'fs_default' for task execution.
[2024-02-12T19:25:12.653+0000] {filesystem.py:64} INFO - Poking for file /opt/***/data/data.json
[2024-02-12T19:25:22.669+0000] {base.py:73} INFO - Using connection ID 'fs_default' for task execution.
[2024-02-12T19:25:22.670+0000] {filesystem.py:64} INFO - Poking for file /opt/***/data/data.json
[2024-02-12T19:25:32.690+0000] {base.py:73} INFO - Using connection ID 'fs_default' for task execution.
[2024-02-12T19:25:32.691+0000] {filesystem.py:64} INFO - Poking for file /opt/***/data/data.json
[2024-02-12T19:25:42.712+0000] {base.py:73} INFO - Using connection ID 'fs_default' for task execution.
[2024-02-12T19:25:42.712+0000] {filesystem.py:64} INFO - Poking for file /opt/***/data/data.json
[2024-02-12T19:25:52.733+0000] {base.py:73} INFO - Using connection ID 'fs_default' for task execution.
[2024-02-12T19:25:52.733+0000] {filesystem.py:64} INFO - Poking for file /opt/***/data/data.json
[2024-02-12T19:26:02.751+0000] {base.py:73} INFO - Using connection ID 'fs_default' for task execution.
[2024-02-12T19:26:02.751+0000] {filesystem.py:64} INFO - Poking for file /opt/***/data/data.json
[2024-02-12T19:26:12.770+0000] {base.py:73} INFO - Using connection ID 'fs_default' for task execution.
[2024-02-12T19:26:12.771+0000] {filesystem.py:64} INFO - Poking for file /opt/***/data/data.json
[2024-02-12T19:26:12.771+0000] {filesystem.py:69} INFO - Found File /opt/***/data/data.json last modified: 20240212192609
[2024-02-12T19:26:12.771+0000] {base.py:228} INFO - Success criteria met. Exiting.
[2024-02-12T19:26:12.797+0000] {taskinstance.py:1323} INFO - Marking task as SUCCESS. dag_id=windturbine, task_id=file_sensor_task, execution_date=20240212T191918, start_date=20240212T191921, end_date=20240212T192612
[2024-02-12T19:26:12.868+0000] {local_task_job.py:208} INFO - Task exited with return code 0
[2024-02-12T19:26:12.970+0000] {taskinstance.py:2578} INFO - 1 downstream tasks scheduled from follow-on schedule check
