[2024-02-10T12:00:14.168+0000] {taskinstance.py:1083} INFO - Dependencies all met for <TaskInstance: defaultargs.tsk3 scheduled__2024-02-10T11:00:00+00:00 [queued]>
[2024-02-10T12:00:14.181+0000] {taskinstance.py:1083} INFO - Dependencies all met for <TaskInstance: defaultargs.tsk3 scheduled__2024-02-10T11:00:00+00:00 [queued]>
[2024-02-10T12:00:14.181+0000] {taskinstance.py:1279} INFO - 
--------------------------------------------------------------------------------
[2024-02-10T12:00:14.181+0000] {taskinstance.py:1280} INFO - Starting attempt 1 of 2
[2024-02-10T12:00:14.181+0000] {taskinstance.py:1281} INFO - 
--------------------------------------------------------------------------------
[2024-02-10T12:00:14.196+0000] {taskinstance.py:1300} INFO - Executing <Task(BashOperator): tsk3> on 2024-02-10 11:00:00+00:00
[2024-02-10T12:00:14.201+0000] {standard_task_runner.py:55} INFO - Started process 1954 to run task
[2024-02-10T12:00:14.204+0000] {standard_task_runner.py:82} INFO - Running: ['***', 'tasks', 'run', 'defaultargs', 'tsk3', 'scheduled__2024-02-10T11:00:00+00:00', '--job-id', '881', '--raw', '--subdir', 'DAGS_FOLDER/defaultargs.py', '--cfg-path', '/tmp/tmpi1wtfl8n']
[2024-02-10T12:00:14.205+0000] {standard_task_runner.py:83} INFO - Job 881: Subtask tsk3
[2024-02-10T12:00:14.277+0000] {task_command.py:388} INFO - Running <TaskInstance: defaultargs.tsk3 scheduled__2024-02-10T11:00:00+00:00 [running]> on host f8c98ce69515
[2024-02-10T12:00:14.374+0000] {taskinstance.py:1509} INFO - Exporting the following env vars:
AIRFLOW_CTX_DAG_EMAIL=teste@teste.com
AIRFLOW_CTX_DAG_OWNER=***
AIRFLOW_CTX_DAG_ID=defaultargs
AIRFLOW_CTX_TASK_ID=tsk3
AIRFLOW_CTX_EXECUTION_DATE=2024-02-10T11:00:00+00:00
AIRFLOW_CTX_TRY_NUMBER=1
AIRFLOW_CTX_DAG_RUN_ID=scheduled__2024-02-10T11:00:00+00:00
[2024-02-10T12:00:14.375+0000] {subprocess.py:63} INFO - Tmp dir root location: 
 /tmp
[2024-02-10T12:00:14.375+0000] {subprocess.py:75} INFO - Running command: ['/bin/bash', '-c', 'sleep 5']
[2024-02-10T12:00:14.386+0000] {subprocess.py:86} INFO - Output:
[2024-02-10T12:00:19.391+0000] {subprocess.py:97} INFO - Command exited with return code 0
[2024-02-10T12:00:19.435+0000] {taskinstance.py:1323} INFO - Marking task as SUCCESS. dag_id=defaultargs, task_id=tsk3, execution_date=20240210T110000, start_date=20240210T120014, end_date=20240210T120019
[2024-02-10T12:00:19.478+0000] {local_task_job.py:208} INFO - Task exited with return code 0
[2024-02-10T12:00:19.497+0000] {taskinstance.py:2578} INFO - 0 downstream tasks scheduled from follow-on schedule check
