[2024-02-12T14:54:42.864+0000] {taskinstance.py:1083} INFO - Dependencies all met for <TaskInstance: bigdata.big_data manual__2024-02-12T14:54:39.440693+00:00 [queued]>
[2024-02-12T14:54:42.919+0000] {taskinstance.py:1083} INFO - Dependencies all met for <TaskInstance: bigdata.big_data manual__2024-02-12T14:54:39.440693+00:00 [queued]>
[2024-02-12T14:54:42.920+0000] {taskinstance.py:1279} INFO - 
--------------------------------------------------------------------------------
[2024-02-12T14:54:42.920+0000] {taskinstance.py:1280} INFO - Starting attempt 1 of 1
[2024-02-12T14:54:42.920+0000] {taskinstance.py:1281} INFO - 
--------------------------------------------------------------------------------
[2024-02-12T14:54:42.976+0000] {taskinstance.py:1300} INFO - Executing <Task(BigDataOperator): big_data> on 2024-02-12 14:54:39.440693+00:00
[2024-02-12T14:54:42.994+0000] {standard_task_runner.py:55} INFO - Started process 421 to run task
[2024-02-12T14:54:42.998+0000] {standard_task_runner.py:82} INFO - Running: ['***', 'tasks', 'run', 'bigdata', 'big_data', 'manual__2024-02-12T14:54:39.440693+00:00', '--job-id', '1075', '--raw', '--subdir', 'DAGS_FOLDER/bigdata.py', '--cfg-path', '/tmp/tmpy0c9m2lx']
[2024-02-12T14:54:43.002+0000] {standard_task_runner.py:83} INFO - Job 1075: Subtask big_data
[2024-02-12T14:54:43.206+0000] {task_command.py:388} INFO - Running <TaskInstance: bigdata.big_data manual__2024-02-12T14:54:39.440693+00:00 [running]> on host b5b8d61630c3
[2024-02-12T14:54:43.450+0000] {taskinstance.py:1509} INFO - Exporting the following env vars:
AIRFLOW_CTX_DAG_OWNER=***
AIRFLOW_CTX_DAG_ID=bigdata
AIRFLOW_CTX_TASK_ID=big_data
AIRFLOW_CTX_EXECUTION_DATE=2024-02-12T14:54:39.440693+00:00
AIRFLOW_CTX_TRY_NUMBER=1
AIRFLOW_CTX_DAG_RUN_ID=manual__2024-02-12T14:54:39.440693+00:00
[2024-02-12T14:54:43.532+0000] {taskinstance.py:1323} INFO - Marking task as SUCCESS. dag_id=bigdata, task_id=big_data, execution_date=20240212T145439, start_date=20240212T145442, end_date=20240212T145443
[2024-02-12T14:54:43.622+0000] {local_task_job.py:208} INFO - Task exited with return code 0
[2024-02-12T14:54:43.708+0000] {taskinstance.py:2578} INFO - 0 downstream tasks scheduled from follow-on schedule check
