[2024-02-12T19:19:02.163+0000] {taskinstance.py:1083} INFO - Dependencies all met for <TaskInstance: windturbine.group_check_temp.send_email_normal scheduled__2024-02-12T19:15:00+00:00 [queued]>
[2024-02-12T19:19:02.189+0000] {taskinstance.py:1083} INFO - Dependencies all met for <TaskInstance: windturbine.group_check_temp.send_email_normal scheduled__2024-02-12T19:15:00+00:00 [queued]>
[2024-02-12T19:19:02.189+0000] {taskinstance.py:1279} INFO - 
--------------------------------------------------------------------------------
[2024-02-12T19:19:02.189+0000] {taskinstance.py:1280} INFO - Starting attempt 1 of 2
[2024-02-12T19:19:02.189+0000] {taskinstance.py:1281} INFO - 
--------------------------------------------------------------------------------
[2024-02-12T19:19:02.226+0000] {taskinstance.py:1300} INFO - Executing <Task(EmailOperator): group_check_temp.send_email_normal> on 2024-02-12 19:15:00+00:00
[2024-02-12T19:19:02.236+0000] {standard_task_runner.py:55} INFO - Started process 1678 to run task
[2024-02-12T19:19:02.241+0000] {standard_task_runner.py:82} INFO - Running: ['***', 'tasks', 'run', 'windturbine', 'group_check_temp.send_email_normal', 'scheduled__2024-02-12T19:15:00+00:00', '--job-id', '1110', '--raw', '--subdir', 'DAGS_FOLDER/windturbine.py', '--cfg-path', '/tmp/tmpiogtg5x1']
[2024-02-12T19:19:02.245+0000] {standard_task_runner.py:83} INFO - Job 1110: Subtask group_check_temp.send_email_normal
[2024-02-12T19:19:02.370+0000] {task_command.py:388} INFO - Running <TaskInstance: windturbine.group_check_temp.send_email_normal scheduled__2024-02-12T19:15:00+00:00 [running]> on host b5b8d61630c3
[2024-02-12T19:19:02.519+0000] {taskinstance.py:1509} INFO - Exporting the following env vars:
AIRFLOW_CTX_DAG_EMAIL=guilherme.ribeiro.business@gmail.com
AIRFLOW_CTX_DAG_OWNER=***
AIRFLOW_CTX_DAG_ID=windturbine
AIRFLOW_CTX_TASK_ID=group_check_temp.send_email_normal
AIRFLOW_CTX_EXECUTION_DATE=2024-02-12T19:15:00+00:00
AIRFLOW_CTX_TRY_NUMBER=1
AIRFLOW_CTX_DAG_RUN_ID=scheduled__2024-02-12T19:15:00+00:00
[2024-02-12T19:19:02.553+0000] {warnings.py:110} WARNING - /home/***/.local/lib/python3.7/site-packages/***/utils/email.py:152: RemovedInAirflow3Warning: Fetching SMTP credentials from configuration variables will be deprecated in a future release. Please set credentials using a connection instead.
  send_mime_email(e_from=mail_from, e_to=recipients, mime_msg=msg, conn_id=conn_id, dryrun=dryrun)

[2024-02-12T19:19:02.554+0000] {email.py:268} INFO - Email alerting: attempt 1
[2024-02-12T19:19:04.423+0000] {email.py:280} INFO - Sent an alert email to ['guilherme.ribeiro.business@gmail.com']
[2024-02-12T19:19:06.393+0000] {taskinstance.py:1323} INFO - Marking task as SUCCESS. dag_id=windturbine, task_id=group_check_temp.send_email_normal, execution_date=20240212T191500, start_date=20240212T191902, end_date=20240212T191906
[2024-02-12T19:19:06.443+0000] {local_task_job.py:208} INFO - Task exited with return code 0
[2024-02-12T19:19:06.482+0000] {taskinstance.py:2578} INFO - 0 downstream tasks scheduled from follow-on schedule check
