[2024-01-23T11:33:06.368+0000] {taskinstance.py:1083} INFO - Dependencies all met for <TaskInstance: segunda_dag.tsk3 manual__2024-01-23T11:32:58.456032+00:00 [queued]>
[2024-01-23T11:33:06.382+0000] {taskinstance.py:1083} INFO - Dependencies all met for <TaskInstance: segunda_dag.tsk3 manual__2024-01-23T11:32:58.456032+00:00 [queued]>
[2024-01-23T11:33:06.382+0000] {taskinstance.py:1279} INFO - 
--------------------------------------------------------------------------------
[2024-01-23T11:33:06.382+0000] {taskinstance.py:1280} INFO - Starting attempt 1 of 1
[2024-01-23T11:33:06.382+0000] {taskinstance.py:1281} INFO - 
--------------------------------------------------------------------------------
[2024-01-23T11:33:06.398+0000] {taskinstance.py:1300} INFO - Executing <Task(BashOperator): tsk3> on 2024-01-23 11:32:58.456032+00:00
[2024-01-23T11:33:06.405+0000] {standard_task_runner.py:55} INFO - Started process 8444 to run task
[2024-01-23T11:33:06.410+0000] {standard_task_runner.py:82} INFO - Running: ['***', 'tasks', 'run', 'segunda_dag', 'tsk3', 'manual__2024-01-23T11:32:58.456032+00:00', '--job-id', '24', '--raw', '--subdir', 'DAGS_FOLDER/segundadag.py', '--cfg-path', '/tmp/tmpcwl4k8ba']
[2024-01-23T11:33:06.410+0000] {standard_task_runner.py:83} INFO - Job 24: Subtask tsk3
[2024-01-23T11:33:06.496+0000] {task_command.py:388} INFO - Running <TaskInstance: segunda_dag.tsk3 manual__2024-01-23T11:32:58.456032+00:00 [running]> on host cd1b9fd02609
[2024-01-23T11:33:06.598+0000] {taskinstance.py:1509} INFO - Exporting the following env vars:
AIRFLOW_CTX_DAG_OWNER=***
AIRFLOW_CTX_DAG_ID=segunda_dag
AIRFLOW_CTX_TASK_ID=tsk3
AIRFLOW_CTX_EXECUTION_DATE=2024-01-23T11:32:58.456032+00:00
AIRFLOW_CTX_TRY_NUMBER=1
AIRFLOW_CTX_DAG_RUN_ID=manual__2024-01-23T11:32:58.456032+00:00
[2024-01-23T11:33:06.600+0000] {subprocess.py:63} INFO - Tmp dir root location: 
 /tmp
[2024-01-23T11:33:06.601+0000] {subprocess.py:75} INFO - Running command: ['/bin/bash', '-c', 'sleep 5']
[2024-01-23T11:33:06.618+0000] {subprocess.py:86} INFO - Output:
[2024-01-23T11:33:11.627+0000] {subprocess.py:97} INFO - Command exited with return code 0
[2024-01-23T11:33:11.679+0000] {taskinstance.py:1323} INFO - Marking task as SUCCESS. dag_id=segunda_dag, task_id=tsk3, execution_date=20240123T113258, start_date=20240123T113306, end_date=20240123T113311
[2024-01-23T11:33:11.759+0000] {local_task_job.py:208} INFO - Task exited with return code 0
[2024-01-23T11:33:11.785+0000] {taskinstance.py:2578} INFO - 0 downstream tasks scheduled from follow-on schedule check
