[2024-02-02T11:00:10.320+0000] {taskinstance.py:1083} INFO - Dependencies all met for <TaskInstance: defaultargs.tsk2 scheduled__2024-02-02T10:00:00+00:00 [queued]>
[2024-02-02T11:00:10.380+0000] {taskinstance.py:1083} INFO - Dependencies all met for <TaskInstance: defaultargs.tsk2 scheduled__2024-02-02T10:00:00+00:00 [queued]>
[2024-02-02T11:00:10.380+0000] {taskinstance.py:1279} INFO - 
--------------------------------------------------------------------------------
[2024-02-02T11:00:10.380+0000] {taskinstance.py:1280} INFO - Starting attempt 1 of 2
[2024-02-02T11:00:10.381+0000] {taskinstance.py:1281} INFO - 
--------------------------------------------------------------------------------
[2024-02-02T11:00:10.415+0000] {taskinstance.py:1300} INFO - Executing <Task(BashOperator): tsk2> on 2024-02-02 10:00:00+00:00
[2024-02-02T11:00:10.429+0000] {standard_task_runner.py:55} INFO - Started process 1582 to run task
[2024-02-02T11:00:10.438+0000] {standard_task_runner.py:82} INFO - Running: ['***', 'tasks', 'run', 'defaultargs', 'tsk2', 'scheduled__2024-02-02T10:00:00+00:00', '--job-id', '535', '--raw', '--subdir', 'DAGS_FOLDER/defaultargs.py', '--cfg-path', '/tmp/tmp_9jn9oba']
[2024-02-02T11:00:10.439+0000] {standard_task_runner.py:83} INFO - Job 535: Subtask tsk2
[2024-02-02T11:00:10.611+0000] {task_command.py:388} INFO - Running <TaskInstance: defaultargs.tsk2 scheduled__2024-02-02T10:00:00+00:00 [running]> on host 5b3777e64f6c
[2024-02-02T11:00:10.810+0000] {taskinstance.py:1509} INFO - Exporting the following env vars:
AIRFLOW_CTX_DAG_EMAIL=teste@teste.com
AIRFLOW_CTX_DAG_OWNER=***
AIRFLOW_CTX_DAG_ID=defaultargs
AIRFLOW_CTX_TASK_ID=tsk2
AIRFLOW_CTX_EXECUTION_DATE=2024-02-02T10:00:00+00:00
AIRFLOW_CTX_TRY_NUMBER=1
AIRFLOW_CTX_DAG_RUN_ID=scheduled__2024-02-02T10:00:00+00:00
[2024-02-02T11:00:10.812+0000] {subprocess.py:63} INFO - Tmp dir root location: 
 /tmp
[2024-02-02T11:00:10.813+0000] {subprocess.py:75} INFO - Running command: ['/bin/bash', '-c', 'sleep 5']
[2024-02-02T11:00:10.849+0000] {subprocess.py:86} INFO - Output:
[2024-02-02T11:00:15.882+0000] {subprocess.py:97} INFO - Command exited with return code 0
[2024-02-02T11:00:16.007+0000] {taskinstance.py:1323} INFO - Marking task as SUCCESS. dag_id=defaultargs, task_id=tsk2, execution_date=20240202T100000, start_date=20240202T110010, end_date=20240202T110016
[2024-02-02T11:00:16.130+0000] {local_task_job.py:208} INFO - Task exited with return code 0
[2024-02-02T11:00:16.203+0000] {taskinstance.py:2578} INFO - 1 downstream tasks scheduled from follow-on schedule check
