[2024-02-12T05:00:01.108+0000] {taskinstance.py:1083} INFO - Dependencies all met for <TaskInstance: defaultargs.tsk1 scheduled__2024-02-12T04:00:00+00:00 [queued]>
[2024-02-12T05:00:01.128+0000] {taskinstance.py:1083} INFO - Dependencies all met for <TaskInstance: defaultargs.tsk1 scheduled__2024-02-12T04:00:00+00:00 [queued]>
[2024-02-12T05:00:01.128+0000] {taskinstance.py:1279} INFO - 
--------------------------------------------------------------------------------
[2024-02-12T05:00:01.129+0000] {taskinstance.py:1280} INFO - Starting attempt 1 of 4
[2024-02-12T05:00:01.129+0000] {taskinstance.py:1281} INFO - 
--------------------------------------------------------------------------------
[2024-02-12T05:00:01.166+0000] {taskinstance.py:1300} INFO - Executing <Task(BashOperator): tsk1> on 2024-02-12 04:00:00+00:00
[2024-02-12T05:00:01.173+0000] {standard_task_runner.py:55} INFO - Started process 135070 to run task
[2024-02-12T05:00:01.179+0000] {standard_task_runner.py:82} INFO - Running: ['***', 'tasks', 'run', 'defaultargs', 'tsk1', 'scheduled__2024-02-12T04:00:00+00:00', '--job-id', '1029', '--raw', '--subdir', 'DAGS_FOLDER/defaultargs.py', '--cfg-path', '/tmp/tmp74q3iu8j']
[2024-02-12T05:00:01.180+0000] {standard_task_runner.py:83} INFO - Job 1029: Subtask tsk1
[2024-02-12T05:00:01.334+0000] {task_command.py:388} INFO - Running <TaskInstance: defaultargs.tsk1 scheduled__2024-02-12T04:00:00+00:00 [running]> on host f8c98ce69515
[2024-02-12T05:00:01.461+0000] {taskinstance.py:1509} INFO - Exporting the following env vars:
AIRFLOW_CTX_DAG_EMAIL=teste@teste.com
AIRFLOW_CTX_DAG_OWNER=***
AIRFLOW_CTX_DAG_ID=defaultargs
AIRFLOW_CTX_TASK_ID=tsk1
AIRFLOW_CTX_EXECUTION_DATE=2024-02-12T04:00:00+00:00
AIRFLOW_CTX_TRY_NUMBER=1
AIRFLOW_CTX_DAG_RUN_ID=scheduled__2024-02-12T04:00:00+00:00
[2024-02-12T05:00:01.463+0000] {subprocess.py:63} INFO - Tmp dir root location: 
 /tmp
[2024-02-12T05:00:01.464+0000] {subprocess.py:75} INFO - Running command: ['/bin/bash', '-c', 'sleep 5']
[2024-02-12T05:00:01.476+0000] {subprocess.py:86} INFO - Output:
[2024-02-12T05:00:06.483+0000] {subprocess.py:97} INFO - Command exited with return code 0
[2024-02-12T05:00:06.553+0000] {taskinstance.py:1323} INFO - Marking task as SUCCESS. dag_id=defaultargs, task_id=tsk1, execution_date=20240212T040000, start_date=20240212T050001, end_date=20240212T050006
[2024-02-12T05:00:06.605+0000] {local_task_job.py:208} INFO - Task exited with return code 0
[2024-02-12T05:00:06.641+0000] {taskinstance.py:2578} INFO - 1 downstream tasks scheduled from follow-on schedule check
