[2024-02-12T19:27:10.646+0000] {taskinstance.py:1083} INFO - Dependencies all met for <TaskInstance: windturbine.group_check_temp.send_email_alert scheduled__2024-02-12T19:24:00+00:00 [queued]>
[2024-02-12T19:27:10.706+0000] {taskinstance.py:1083} INFO - Dependencies all met for <TaskInstance: windturbine.group_check_temp.send_email_alert scheduled__2024-02-12T19:24:00+00:00 [queued]>
[2024-02-12T19:27:10.709+0000] {taskinstance.py:1279} INFO - 
--------------------------------------------------------------------------------
[2024-02-12T19:27:10.709+0000] {taskinstance.py:1280} INFO - Starting attempt 1 of 2
[2024-02-12T19:27:10.710+0000] {taskinstance.py:1281} INFO - 
--------------------------------------------------------------------------------
[2024-02-12T19:27:10.794+0000] {taskinstance.py:1300} INFO - Executing <Task(EmailOperator): group_check_temp.send_email_alert> on 2024-02-12 19:24:00+00:00
[2024-02-12T19:27:10.812+0000] {standard_task_runner.py:55} INFO - Started process 2166 to run task
[2024-02-12T19:27:10.820+0000] {standard_task_runner.py:82} INFO - Running: ['***', 'tasks', 'run', 'windturbine', 'group_check_temp.send_email_alert', 'scheduled__2024-02-12T19:24:00+00:00', '--job-id', '1132', '--raw', '--subdir', 'DAGS_FOLDER/windturbine.py', '--cfg-path', '/tmp/tmpzwm8m22x']
[2024-02-12T19:27:10.823+0000] {standard_task_runner.py:83} INFO - Job 1132: Subtask group_check_temp.send_email_alert
[2024-02-12T19:27:11.035+0000] {task_command.py:388} INFO - Running <TaskInstance: windturbine.group_check_temp.send_email_alert scheduled__2024-02-12T19:24:00+00:00 [running]> on host b5b8d61630c3
[2024-02-12T19:27:11.320+0000] {taskinstance.py:1509} INFO - Exporting the following env vars:
AIRFLOW_CTX_DAG_EMAIL=guilherme.ribeiro.business@gmail.com
AIRFLOW_CTX_DAG_OWNER=***
AIRFLOW_CTX_DAG_ID=windturbine
AIRFLOW_CTX_TASK_ID=group_check_temp.send_email_alert
AIRFLOW_CTX_EXECUTION_DATE=2024-02-12T19:24:00+00:00
AIRFLOW_CTX_TRY_NUMBER=1
AIRFLOW_CTX_DAG_RUN_ID=scheduled__2024-02-12T19:24:00+00:00
[2024-02-12T19:27:11.345+0000] {warnings.py:110} WARNING - /home/***/.local/lib/python3.7/site-packages/***/utils/email.py:152: RemovedInAirflow3Warning: Fetching SMTP credentials from configuration variables will be deprecated in a future release. Please set credentials using a connection instead.
  send_mime_email(e_from=mail_from, e_to=recipients, mime_msg=msg, conn_id=conn_id, dryrun=dryrun)

[2024-02-12T19:27:11.345+0000] {email.py:268} INFO - Email alerting: attempt 1
[2024-02-12T19:27:14.106+0000] {email.py:280} INFO - Sent an alert email to ['guilherme.ribeiro.business@gmail.com']
[2024-02-12T19:27:15.964+0000] {taskinstance.py:1323} INFO - Marking task as SUCCESS. dag_id=windturbine, task_id=group_check_temp.send_email_alert, execution_date=20240212T192400, start_date=20240212T192710, end_date=20240212T192715
[2024-02-12T19:27:16.012+0000] {local_task_job.py:208} INFO - Task exited with return code 0
[2024-02-12T19:27:16.038+0000] {taskinstance.py:2578} INFO - 0 downstream tasks scheduled from follow-on schedule check
