[2024-02-12T19:51:03.380+0000] {taskinstance.py:1083} INFO - Dependencies all met for <TaskInstance: windturbine.file_sensor_task scheduled__2024-02-12T19:48:00+00:00 [queued]>
[2024-02-12T19:51:03.410+0000] {taskinstance.py:1083} INFO - Dependencies all met for <TaskInstance: windturbine.file_sensor_task scheduled__2024-02-12T19:48:00+00:00 [queued]>
[2024-02-12T19:51:03.411+0000] {taskinstance.py:1279} INFO - 
--------------------------------------------------------------------------------
[2024-02-12T19:51:03.411+0000] {taskinstance.py:1280} INFO - Starting attempt 1 of 2
[2024-02-12T19:51:03.411+0000] {taskinstance.py:1281} INFO - 
--------------------------------------------------------------------------------
[2024-02-12T19:51:03.458+0000] {taskinstance.py:1300} INFO - Executing <Task(FileSensor): file_sensor_task> on 2024-02-12 19:48:00+00:00
[2024-02-12T19:51:03.468+0000] {standard_task_runner.py:55} INFO - Started process 3394 to run task
[2024-02-12T19:51:03.474+0000] {standard_task_runner.py:82} INFO - Running: ['***', 'tasks', 'run', 'windturbine', 'file_sensor_task', 'scheduled__2024-02-12T19:48:00+00:00', '--job-id', '1152', '--raw', '--subdir', 'DAGS_FOLDER/windturbine.py', '--cfg-path', '/tmp/tmp8x8i4ryz']
[2024-02-12T19:51:03.477+0000] {standard_task_runner.py:83} INFO - Job 1152: Subtask file_sensor_task
[2024-02-12T19:51:03.587+0000] {task_command.py:388} INFO - Running <TaskInstance: windturbine.file_sensor_task scheduled__2024-02-12T19:48:00+00:00 [running]> on host b5b8d61630c3
[2024-02-12T19:51:03.719+0000] {taskinstance.py:1509} INFO - Exporting the following env vars:
AIRFLOW_CTX_DAG_EMAIL=guilherme.ribeiro.business@gmail.com
AIRFLOW_CTX_DAG_OWNER=***
AIRFLOW_CTX_DAG_ID=windturbine
AIRFLOW_CTX_TASK_ID=file_sensor_task
AIRFLOW_CTX_EXECUTION_DATE=2024-02-12T19:48:00+00:00
AIRFLOW_CTX_TRY_NUMBER=1
AIRFLOW_CTX_DAG_RUN_ID=scheduled__2024-02-12T19:48:00+00:00
[2024-02-12T19:51:03.738+0000] {base.py:73} INFO - Using connection ID 'fs_default' for task execution.
[2024-02-12T19:51:03.739+0000] {filesystem.py:64} INFO - Poking for file /opt/***/data/data.json
[2024-02-12T19:51:13.772+0000] {base.py:73} INFO - Using connection ID 'fs_default' for task execution.
[2024-02-12T19:51:13.772+0000] {filesystem.py:64} INFO - Poking for file /opt/***/data/data.json
[2024-02-12T19:51:23.795+0000] {base.py:73} INFO - Using connection ID 'fs_default' for task execution.
[2024-02-12T19:51:23.796+0000] {filesystem.py:64} INFO - Poking for file /opt/***/data/data.json
[2024-02-12T19:51:33.815+0000] {base.py:73} INFO - Using connection ID 'fs_default' for task execution.
[2024-02-12T19:51:33.815+0000] {filesystem.py:64} INFO - Poking for file /opt/***/data/data.json
[2024-02-12T19:51:43.835+0000] {base.py:73} INFO - Using connection ID 'fs_default' for task execution.
[2024-02-12T19:51:43.836+0000] {filesystem.py:64} INFO - Poking for file /opt/***/data/data.json
[2024-02-12T19:51:53.862+0000] {base.py:73} INFO - Using connection ID 'fs_default' for task execution.
[2024-02-12T19:51:53.862+0000] {filesystem.py:64} INFO - Poking for file /opt/***/data/data.json
[2024-02-12T19:52:03.880+0000] {base.py:73} INFO - Using connection ID 'fs_default' for task execution.
[2024-02-12T19:52:03.880+0000] {filesystem.py:64} INFO - Poking for file /opt/***/data/data.json
[2024-02-12T19:52:13.903+0000] {base.py:73} INFO - Using connection ID 'fs_default' for task execution.
[2024-02-12T19:52:13.903+0000] {filesystem.py:64} INFO - Poking for file /opt/***/data/data.json
[2024-02-12T19:52:23.922+0000] {base.py:73} INFO - Using connection ID 'fs_default' for task execution.
[2024-02-12T19:52:23.922+0000] {filesystem.py:64} INFO - Poking for file /opt/***/data/data.json
[2024-02-12T19:52:33.946+0000] {base.py:73} INFO - Using connection ID 'fs_default' for task execution.
[2024-02-12T19:52:33.947+0000] {filesystem.py:64} INFO - Poking for file /opt/***/data/data.json
[2024-02-12T19:52:43.964+0000] {base.py:73} INFO - Using connection ID 'fs_default' for task execution.
[2024-02-12T19:52:43.964+0000] {filesystem.py:64} INFO - Poking for file /opt/***/data/data.json
[2024-02-12T19:52:53.986+0000] {base.py:73} INFO - Using connection ID 'fs_default' for task execution.
[2024-02-12T19:52:53.987+0000] {filesystem.py:64} INFO - Poking for file /opt/***/data/data.json
[2024-02-12T19:53:04.012+0000] {base.py:73} INFO - Using connection ID 'fs_default' for task execution.
[2024-02-12T19:53:04.012+0000] {filesystem.py:64} INFO - Poking for file /opt/***/data/data.json
[2024-02-12T19:53:14.042+0000] {base.py:73} INFO - Using connection ID 'fs_default' for task execution.
[2024-02-12T19:53:14.043+0000] {filesystem.py:64} INFO - Poking for file /opt/***/data/data.json
[2024-02-12T19:53:24.057+0000] {base.py:73} INFO - Using connection ID 'fs_default' for task execution.
[2024-02-12T19:53:24.058+0000] {filesystem.py:64} INFO - Poking for file /opt/***/data/data.json
[2024-02-12T19:53:34.077+0000] {base.py:73} INFO - Using connection ID 'fs_default' for task execution.
[2024-02-12T19:53:34.077+0000] {filesystem.py:64} INFO - Poking for file /opt/***/data/data.json
[2024-02-12T19:53:44.100+0000] {base.py:73} INFO - Using connection ID 'fs_default' for task execution.
[2024-02-12T19:53:44.101+0000] {filesystem.py:64} INFO - Poking for file /opt/***/data/data.json
[2024-02-12T19:53:54.121+0000] {base.py:73} INFO - Using connection ID 'fs_default' for task execution.
[2024-02-12T19:53:54.121+0000] {filesystem.py:64} INFO - Poking for file /opt/***/data/data.json
[2024-02-12T19:54:04.138+0000] {base.py:73} INFO - Using connection ID 'fs_default' for task execution.
[2024-02-12T19:54:04.139+0000] {filesystem.py:64} INFO - Poking for file /opt/***/data/data.json
[2024-02-12T19:54:14.158+0000] {base.py:73} INFO - Using connection ID 'fs_default' for task execution.
[2024-02-12T19:54:14.158+0000] {filesystem.py:64} INFO - Poking for file /opt/***/data/data.json
[2024-02-12T19:54:24.178+0000] {base.py:73} INFO - Using connection ID 'fs_default' for task execution.
[2024-02-12T19:54:24.179+0000] {filesystem.py:64} INFO - Poking for file /opt/***/data/data.json
[2024-02-12T19:54:34.203+0000] {base.py:73} INFO - Using connection ID 'fs_default' for task execution.
[2024-02-12T19:54:34.204+0000] {filesystem.py:64} INFO - Poking for file /opt/***/data/data.json
[2024-02-12T19:54:44.227+0000] {base.py:73} INFO - Using connection ID 'fs_default' for task execution.
[2024-02-12T19:54:44.228+0000] {filesystem.py:64} INFO - Poking for file /opt/***/data/data.json
[2024-02-12T19:54:54.251+0000] {base.py:73} INFO - Using connection ID 'fs_default' for task execution.
[2024-02-12T19:54:54.252+0000] {filesystem.py:64} INFO - Poking for file /opt/***/data/data.json
[2024-02-12T19:55:04.269+0000] {base.py:73} INFO - Using connection ID 'fs_default' for task execution.
[2024-02-12T19:55:04.270+0000] {filesystem.py:64} INFO - Poking for file /opt/***/data/data.json
[2024-02-12T19:55:14.290+0000] {base.py:73} INFO - Using connection ID 'fs_default' for task execution.
[2024-02-12T19:55:14.290+0000] {filesystem.py:64} INFO - Poking for file /opt/***/data/data.json
[2024-02-12T19:55:24.320+0000] {base.py:73} INFO - Using connection ID 'fs_default' for task execution.
[2024-02-12T19:55:24.321+0000] {filesystem.py:64} INFO - Poking for file /opt/***/data/data.json
[2024-02-12T19:55:34.355+0000] {base.py:73} INFO - Using connection ID 'fs_default' for task execution.
[2024-02-12T19:55:34.355+0000] {filesystem.py:64} INFO - Poking for file /opt/***/data/data.json
[2024-02-12T19:55:44.376+0000] {base.py:73} INFO - Using connection ID 'fs_default' for task execution.
[2024-02-12T19:55:44.376+0000] {filesystem.py:64} INFO - Poking for file /opt/***/data/data.json
[2024-02-12T19:55:54.403+0000] {base.py:73} INFO - Using connection ID 'fs_default' for task execution.
[2024-02-12T19:55:54.403+0000] {filesystem.py:64} INFO - Poking for file /opt/***/data/data.json
[2024-02-12T19:56:04.422+0000] {base.py:73} INFO - Using connection ID 'fs_default' for task execution.
[2024-02-12T19:56:04.423+0000] {filesystem.py:64} INFO - Poking for file /opt/***/data/data.json
[2024-02-12T19:56:14.442+0000] {base.py:73} INFO - Using connection ID 'fs_default' for task execution.
[2024-02-12T19:56:14.443+0000] {filesystem.py:64} INFO - Poking for file /opt/***/data/data.json
[2024-02-12T19:56:24.473+0000] {base.py:73} INFO - Using connection ID 'fs_default' for task execution.
[2024-02-12T19:56:24.474+0000] {filesystem.py:64} INFO - Poking for file /opt/***/data/data.json
[2024-02-12T19:56:34.490+0000] {base.py:73} INFO - Using connection ID 'fs_default' for task execution.
[2024-02-12T19:56:34.491+0000] {filesystem.py:64} INFO - Poking for file /opt/***/data/data.json
[2024-02-12T19:56:44.514+0000] {base.py:73} INFO - Using connection ID 'fs_default' for task execution.
[2024-02-12T19:56:44.515+0000] {filesystem.py:64} INFO - Poking for file /opt/***/data/data.json
[2024-02-12T19:56:54.532+0000] {base.py:73} INFO - Using connection ID 'fs_default' for task execution.
[2024-02-12T19:56:54.532+0000] {filesystem.py:64} INFO - Poking for file /opt/***/data/data.json
[2024-02-12T19:57:04.549+0000] {base.py:73} INFO - Using connection ID 'fs_default' for task execution.
[2024-02-12T19:57:04.550+0000] {filesystem.py:64} INFO - Poking for file /opt/***/data/data.json
[2024-02-12T19:57:14.569+0000] {base.py:73} INFO - Using connection ID 'fs_default' for task execution.
[2024-02-12T19:57:14.569+0000] {filesystem.py:64} INFO - Poking for file /opt/***/data/data.json
[2024-02-12T19:57:24.602+0000] {base.py:73} INFO - Using connection ID 'fs_default' for task execution.
[2024-02-12T19:57:24.603+0000] {filesystem.py:64} INFO - Poking for file /opt/***/data/data.json
[2024-02-12T19:57:34.623+0000] {base.py:73} INFO - Using connection ID 'fs_default' for task execution.
[2024-02-12T19:57:34.624+0000] {filesystem.py:64} INFO - Poking for file /opt/***/data/data.json
[2024-02-12T19:57:44.641+0000] {base.py:73} INFO - Using connection ID 'fs_default' for task execution.
[2024-02-12T19:57:44.642+0000] {filesystem.py:64} INFO - Poking for file /opt/***/data/data.json
[2024-02-12T19:57:54.662+0000] {base.py:73} INFO - Using connection ID 'fs_default' for task execution.
[2024-02-12T19:57:54.663+0000] {filesystem.py:64} INFO - Poking for file /opt/***/data/data.json
[2024-02-12T19:58:04.679+0000] {base.py:73} INFO - Using connection ID 'fs_default' for task execution.
[2024-02-12T19:58:04.679+0000] {filesystem.py:64} INFO - Poking for file /opt/***/data/data.json
[2024-02-12T19:58:14.697+0000] {base.py:73} INFO - Using connection ID 'fs_default' for task execution.
[2024-02-12T19:58:14.697+0000] {filesystem.py:64} INFO - Poking for file /opt/***/data/data.json
[2024-02-12T19:58:24.727+0000] {base.py:73} INFO - Using connection ID 'fs_default' for task execution.
[2024-02-12T19:58:24.727+0000] {filesystem.py:64} INFO - Poking for file /opt/***/data/data.json
[2024-02-12T19:58:34.746+0000] {base.py:73} INFO - Using connection ID 'fs_default' for task execution.
[2024-02-12T19:58:34.746+0000] {filesystem.py:64} INFO - Poking for file /opt/***/data/data.json
[2024-02-12T19:58:44.778+0000] {base.py:73} INFO - Using connection ID 'fs_default' for task execution.
[2024-02-12T19:58:44.780+0000] {filesystem.py:64} INFO - Poking for file /opt/***/data/data.json
[2024-02-12T19:58:54.799+0000] {base.py:73} INFO - Using connection ID 'fs_default' for task execution.
[2024-02-12T19:58:54.800+0000] {filesystem.py:64} INFO - Poking for file /opt/***/data/data.json
[2024-02-12T19:59:04.814+0000] {base.py:73} INFO - Using connection ID 'fs_default' for task execution.
[2024-02-12T19:59:04.815+0000] {filesystem.py:64} INFO - Poking for file /opt/***/data/data.json
[2024-02-12T19:59:14.842+0000] {base.py:73} INFO - Using connection ID 'fs_default' for task execution.
[2024-02-12T19:59:14.842+0000] {filesystem.py:64} INFO - Poking for file /opt/***/data/data.json
[2024-02-12T19:59:24.863+0000] {base.py:73} INFO - Using connection ID 'fs_default' for task execution.
[2024-02-12T19:59:24.863+0000] {filesystem.py:64} INFO - Poking for file /opt/***/data/data.json
[2024-02-12T19:59:34.881+0000] {base.py:73} INFO - Using connection ID 'fs_default' for task execution.
[2024-02-12T19:59:34.881+0000] {filesystem.py:64} INFO - Poking for file /opt/***/data/data.json
[2024-02-12T19:59:44.901+0000] {base.py:73} INFO - Using connection ID 'fs_default' for task execution.
[2024-02-12T19:59:44.901+0000] {filesystem.py:64} INFO - Poking for file /opt/***/data/data.json
[2024-02-12T19:59:54.922+0000] {base.py:73} INFO - Using connection ID 'fs_default' for task execution.
[2024-02-12T19:59:54.923+0000] {filesystem.py:64} INFO - Poking for file /opt/***/data/data.json
[2024-02-12T20:00:04.939+0000] {base.py:73} INFO - Using connection ID 'fs_default' for task execution.
[2024-02-12T20:00:04.940+0000] {filesystem.py:64} INFO - Poking for file /opt/***/data/data.json
[2024-02-12T20:00:14.965+0000] {base.py:73} INFO - Using connection ID 'fs_default' for task execution.
[2024-02-12T20:00:14.965+0000] {filesystem.py:64} INFO - Poking for file /opt/***/data/data.json
[2024-02-12T20:00:25.008+0000] {base.py:73} INFO - Using connection ID 'fs_default' for task execution.
[2024-02-12T20:00:25.009+0000] {filesystem.py:64} INFO - Poking for file /opt/***/data/data.json
[2024-02-12T20:00:35.030+0000] {base.py:73} INFO - Using connection ID 'fs_default' for task execution.
[2024-02-12T20:00:35.030+0000] {filesystem.py:64} INFO - Poking for file /opt/***/data/data.json
[2024-02-12T20:00:45.048+0000] {base.py:73} INFO - Using connection ID 'fs_default' for task execution.
[2024-02-12T20:00:45.048+0000] {filesystem.py:64} INFO - Poking for file /opt/***/data/data.json
[2024-02-12T20:00:55.069+0000] {base.py:73} INFO - Using connection ID 'fs_default' for task execution.
[2024-02-12T20:00:55.069+0000] {filesystem.py:64} INFO - Poking for file /opt/***/data/data.json
[2024-02-12T20:01:05.093+0000] {base.py:73} INFO - Using connection ID 'fs_default' for task execution.
[2024-02-12T20:01:05.093+0000] {filesystem.py:64} INFO - Poking for file /opt/***/data/data.json
[2024-02-12T20:01:15.131+0000] {base.py:73} INFO - Using connection ID 'fs_default' for task execution.
[2024-02-12T20:01:15.134+0000] {filesystem.py:64} INFO - Poking for file /opt/***/data/data.json
[2024-02-12T20:01:25.159+0000] {base.py:73} INFO - Using connection ID 'fs_default' for task execution.
[2024-02-12T20:01:25.160+0000] {filesystem.py:64} INFO - Poking for file /opt/***/data/data.json
[2024-02-12T20:01:35.179+0000] {base.py:73} INFO - Using connection ID 'fs_default' for task execution.
[2024-02-12T20:01:35.179+0000] {filesystem.py:64} INFO - Poking for file /opt/***/data/data.json
[2024-02-12T20:01:45.200+0000] {base.py:73} INFO - Using connection ID 'fs_default' for task execution.
[2024-02-12T20:01:45.201+0000] {filesystem.py:64} INFO - Poking for file /opt/***/data/data.json
[2024-02-12T20:01:55.233+0000] {base.py:73} INFO - Using connection ID 'fs_default' for task execution.
[2024-02-12T20:01:55.234+0000] {filesystem.py:64} INFO - Poking for file /opt/***/data/data.json
[2024-02-12T20:02:05.268+0000] {base.py:73} INFO - Using connection ID 'fs_default' for task execution.
[2024-02-12T20:02:05.269+0000] {filesystem.py:64} INFO - Poking for file /opt/***/data/data.json
[2024-02-12T20:02:15.289+0000] {base.py:73} INFO - Using connection ID 'fs_default' for task execution.
[2024-02-12T20:02:15.289+0000] {filesystem.py:64} INFO - Poking for file /opt/***/data/data.json
[2024-02-12T20:02:25.311+0000] {base.py:73} INFO - Using connection ID 'fs_default' for task execution.
[2024-02-12T20:02:25.311+0000] {filesystem.py:64} INFO - Poking for file /opt/***/data/data.json
[2024-02-12T20:02:35.333+0000] {base.py:73} INFO - Using connection ID 'fs_default' for task execution.
[2024-02-12T20:02:35.333+0000] {filesystem.py:64} INFO - Poking for file /opt/***/data/data.json
[2024-02-12T20:02:45.351+0000] {base.py:73} INFO - Using connection ID 'fs_default' for task execution.
[2024-02-12T20:02:45.352+0000] {filesystem.py:64} INFO - Poking for file /opt/***/data/data.json
[2024-02-12T20:02:55.370+0000] {base.py:73} INFO - Using connection ID 'fs_default' for task execution.
[2024-02-12T20:02:55.370+0000] {filesystem.py:64} INFO - Poking for file /opt/***/data/data.json
[2024-02-12T20:03:05.390+0000] {base.py:73} INFO - Using connection ID 'fs_default' for task execution.
[2024-02-12T20:03:05.391+0000] {filesystem.py:64} INFO - Poking for file /opt/***/data/data.json
[2024-02-12T20:03:15.411+0000] {base.py:73} INFO - Using connection ID 'fs_default' for task execution.
[2024-02-12T20:03:15.411+0000] {filesystem.py:64} INFO - Poking for file /opt/***/data/data.json
[2024-02-12T20:03:25.428+0000] {base.py:73} INFO - Using connection ID 'fs_default' for task execution.
[2024-02-12T20:03:25.428+0000] {filesystem.py:64} INFO - Poking for file /opt/***/data/data.json
[2024-02-12T20:03:35.450+0000] {base.py:73} INFO - Using connection ID 'fs_default' for task execution.
[2024-02-12T20:03:35.450+0000] {filesystem.py:64} INFO - Poking for file /opt/***/data/data.json
[2024-02-12T20:03:45.474+0000] {base.py:73} INFO - Using connection ID 'fs_default' for task execution.
[2024-02-12T20:03:45.475+0000] {filesystem.py:64} INFO - Poking for file /opt/***/data/data.json
[2024-02-12T20:03:55.489+0000] {base.py:73} INFO - Using connection ID 'fs_default' for task execution.
[2024-02-12T20:03:55.490+0000] {filesystem.py:64} INFO - Poking for file /opt/***/data/data.json
[2024-02-12T20:04:05.510+0000] {base.py:73} INFO - Using connection ID 'fs_default' for task execution.
[2024-02-12T20:04:05.510+0000] {filesystem.py:64} INFO - Poking for file /opt/***/data/data.json
[2024-02-12T20:04:15.529+0000] {base.py:73} INFO - Using connection ID 'fs_default' for task execution.
[2024-02-12T20:04:15.529+0000] {filesystem.py:64} INFO - Poking for file /opt/***/data/data.json
[2024-02-12T20:04:25.549+0000] {base.py:73} INFO - Using connection ID 'fs_default' for task execution.
[2024-02-12T20:04:25.549+0000] {filesystem.py:64} INFO - Poking for file /opt/***/data/data.json
[2024-02-12T20:04:35.578+0000] {base.py:73} INFO - Using connection ID 'fs_default' for task execution.
[2024-02-12T20:04:35.579+0000] {filesystem.py:64} INFO - Poking for file /opt/***/data/data.json
[2024-02-12T20:04:45.593+0000] {base.py:73} INFO - Using connection ID 'fs_default' for task execution.
[2024-02-12T20:04:45.594+0000] {filesystem.py:64} INFO - Poking for file /opt/***/data/data.json
[2024-02-12T20:04:55.612+0000] {base.py:73} INFO - Using connection ID 'fs_default' for task execution.
[2024-02-12T20:04:55.613+0000] {filesystem.py:64} INFO - Poking for file /opt/***/data/data.json
[2024-02-12T20:05:05.634+0000] {base.py:73} INFO - Using connection ID 'fs_default' for task execution.
[2024-02-12T20:05:05.634+0000] {filesystem.py:64} INFO - Poking for file /opt/***/data/data.json
[2024-02-12T20:05:15.656+0000] {base.py:73} INFO - Using connection ID 'fs_default' for task execution.
[2024-02-12T20:05:15.656+0000] {filesystem.py:64} INFO - Poking for file /opt/***/data/data.json
[2024-02-12T20:05:25.687+0000] {base.py:73} INFO - Using connection ID 'fs_default' for task execution.
[2024-02-12T20:05:25.688+0000] {filesystem.py:64} INFO - Poking for file /opt/***/data/data.json
[2024-02-12T20:05:35.704+0000] {base.py:73} INFO - Using connection ID 'fs_default' for task execution.
[2024-02-12T20:05:35.704+0000] {filesystem.py:64} INFO - Poking for file /opt/***/data/data.json
[2024-02-12T20:05:45.728+0000] {base.py:73} INFO - Using connection ID 'fs_default' for task execution.
[2024-02-12T20:05:45.728+0000] {filesystem.py:64} INFO - Poking for file /opt/***/data/data.json
[2024-02-12T20:05:55.774+0000] {base.py:73} INFO - Using connection ID 'fs_default' for task execution.
[2024-02-12T20:05:55.778+0000] {filesystem.py:64} INFO - Poking for file /opt/***/data/data.json
[2024-02-12T20:06:05.795+0000] {base.py:73} INFO - Using connection ID 'fs_default' for task execution.
[2024-02-12T20:06:05.795+0000] {filesystem.py:64} INFO - Poking for file /opt/***/data/data.json
[2024-02-12T20:06:15.818+0000] {base.py:73} INFO - Using connection ID 'fs_default' for task execution.
[2024-02-12T20:06:15.818+0000] {filesystem.py:64} INFO - Poking for file /opt/***/data/data.json
[2024-02-12T20:06:25.838+0000] {base.py:73} INFO - Using connection ID 'fs_default' for task execution.
[2024-02-12T20:06:25.838+0000] {filesystem.py:64} INFO - Poking for file /opt/***/data/data.json
[2024-02-12T20:06:35.865+0000] {base.py:73} INFO - Using connection ID 'fs_default' for task execution.
[2024-02-12T20:06:35.865+0000] {filesystem.py:64} INFO - Poking for file /opt/***/data/data.json
[2024-02-12T20:06:45.884+0000] {base.py:73} INFO - Using connection ID 'fs_default' for task execution.
[2024-02-12T20:06:45.884+0000] {filesystem.py:64} INFO - Poking for file /opt/***/data/data.json
[2024-02-12T20:06:55.905+0000] {base.py:73} INFO - Using connection ID 'fs_default' for task execution.
[2024-02-12T20:06:55.906+0000] {filesystem.py:64} INFO - Poking for file /opt/***/data/data.json
[2024-02-12T20:07:05.931+0000] {base.py:73} INFO - Using connection ID 'fs_default' for task execution.
[2024-02-12T20:07:05.931+0000] {filesystem.py:64} INFO - Poking for file /opt/***/data/data.json
[2024-02-12T20:07:15.953+0000] {base.py:73} INFO - Using connection ID 'fs_default' for task execution.
[2024-02-12T20:07:15.953+0000] {filesystem.py:64} INFO - Poking for file /opt/***/data/data.json
[2024-02-12T20:07:25.977+0000] {base.py:73} INFO - Using connection ID 'fs_default' for task execution.
[2024-02-12T20:07:25.978+0000] {filesystem.py:64} INFO - Poking for file /opt/***/data/data.json
[2024-02-12T20:07:35.997+0000] {base.py:73} INFO - Using connection ID 'fs_default' for task execution.
[2024-02-12T20:07:35.997+0000] {filesystem.py:64} INFO - Poking for file /opt/***/data/data.json
[2024-02-12T20:07:46.016+0000] {base.py:73} INFO - Using connection ID 'fs_default' for task execution.
[2024-02-12T20:07:46.017+0000] {filesystem.py:64} INFO - Poking for file /opt/***/data/data.json
[2024-02-12T20:07:56.038+0000] {base.py:73} INFO - Using connection ID 'fs_default' for task execution.
[2024-02-12T20:07:56.038+0000] {filesystem.py:64} INFO - Poking for file /opt/***/data/data.json
[2024-02-12T20:08:06.064+0000] {base.py:73} INFO - Using connection ID 'fs_default' for task execution.
[2024-02-12T20:08:06.064+0000] {filesystem.py:64} INFO - Poking for file /opt/***/data/data.json
[2024-02-12T20:08:16.086+0000] {base.py:73} INFO - Using connection ID 'fs_default' for task execution.
[2024-02-12T20:08:16.087+0000] {filesystem.py:64} INFO - Poking for file /opt/***/data/data.json
[2024-02-12T20:08:26.106+0000] {base.py:73} INFO - Using connection ID 'fs_default' for task execution.
[2024-02-12T20:08:26.107+0000] {filesystem.py:64} INFO - Poking for file /opt/***/data/data.json
[2024-02-12T20:08:36.126+0000] {base.py:73} INFO - Using connection ID 'fs_default' for task execution.
[2024-02-12T20:08:36.126+0000] {filesystem.py:64} INFO - Poking for file /opt/***/data/data.json
[2024-02-12T20:08:46.148+0000] {base.py:73} INFO - Using connection ID 'fs_default' for task execution.
[2024-02-12T20:08:46.148+0000] {filesystem.py:64} INFO - Poking for file /opt/***/data/data.json
[2024-02-12T20:08:56.168+0000] {base.py:73} INFO - Using connection ID 'fs_default' for task execution.
[2024-02-12T20:08:56.168+0000] {filesystem.py:64} INFO - Poking for file /opt/***/data/data.json
[2024-02-12T20:09:06.187+0000] {base.py:73} INFO - Using connection ID 'fs_default' for task execution.
[2024-02-12T20:09:06.187+0000] {filesystem.py:64} INFO - Poking for file /opt/***/data/data.json
[2024-02-12T20:09:16.207+0000] {base.py:73} INFO - Using connection ID 'fs_default' for task execution.
[2024-02-12T20:09:16.208+0000] {filesystem.py:64} INFO - Poking for file /opt/***/data/data.json
[2024-02-12T20:09:26.229+0000] {base.py:73} INFO - Using connection ID 'fs_default' for task execution.
[2024-02-12T20:09:26.229+0000] {filesystem.py:64} INFO - Poking for file /opt/***/data/data.json
[2024-02-12T20:09:36.248+0000] {base.py:73} INFO - Using connection ID 'fs_default' for task execution.
[2024-02-12T20:09:36.249+0000] {filesystem.py:64} INFO - Poking for file /opt/***/data/data.json
[2024-02-12T20:09:46.270+0000] {base.py:73} INFO - Using connection ID 'fs_default' for task execution.
[2024-02-12T20:09:46.270+0000] {filesystem.py:64} INFO - Poking for file /opt/***/data/data.json
[2024-02-12T20:09:56.293+0000] {base.py:73} INFO - Using connection ID 'fs_default' for task execution.
[2024-02-12T20:09:56.293+0000] {filesystem.py:64} INFO - Poking for file /opt/***/data/data.json
[2024-02-12T20:10:06.313+0000] {base.py:73} INFO - Using connection ID 'fs_default' for task execution.
[2024-02-12T20:10:06.313+0000] {filesystem.py:64} INFO - Poking for file /opt/***/data/data.json
[2024-02-12T20:10:16.334+0000] {base.py:73} INFO - Using connection ID 'fs_default' for task execution.
[2024-02-12T20:10:16.339+0000] {filesystem.py:64} INFO - Poking for file /opt/***/data/data.json
[2024-02-12T20:10:26.362+0000] {base.py:73} INFO - Using connection ID 'fs_default' for task execution.
[2024-02-12T20:10:26.362+0000] {filesystem.py:64} INFO - Poking for file /opt/***/data/data.json
[2024-02-12T20:10:36.383+0000] {base.py:73} INFO - Using connection ID 'fs_default' for task execution.
[2024-02-12T20:10:36.383+0000] {filesystem.py:64} INFO - Poking for file /opt/***/data/data.json
[2024-02-12T20:10:46.403+0000] {base.py:73} INFO - Using connection ID 'fs_default' for task execution.
[2024-02-12T20:10:46.404+0000] {filesystem.py:64} INFO - Poking for file /opt/***/data/data.json
[2024-02-12T20:10:56.427+0000] {base.py:73} INFO - Using connection ID 'fs_default' for task execution.
[2024-02-12T20:10:56.427+0000] {filesystem.py:64} INFO - Poking for file /opt/***/data/data.json
[2024-02-12T20:11:06.442+0000] {base.py:73} INFO - Using connection ID 'fs_default' for task execution.
[2024-02-12T20:11:06.443+0000] {filesystem.py:64} INFO - Poking for file /opt/***/data/data.json
[2024-02-12T20:11:16.459+0000] {base.py:73} INFO - Using connection ID 'fs_default' for task execution.
[2024-02-12T20:11:16.459+0000] {filesystem.py:64} INFO - Poking for file /opt/***/data/data.json
[2024-02-12T20:11:26.479+0000] {base.py:73} INFO - Using connection ID 'fs_default' for task execution.
[2024-02-12T20:11:26.480+0000] {filesystem.py:64} INFO - Poking for file /opt/***/data/data.json
[2024-02-12T20:11:36.500+0000] {base.py:73} INFO - Using connection ID 'fs_default' for task execution.
[2024-02-12T20:11:36.500+0000] {filesystem.py:64} INFO - Poking for file /opt/***/data/data.json
[2024-02-12T20:11:46.520+0000] {base.py:73} INFO - Using connection ID 'fs_default' for task execution.
[2024-02-12T20:11:46.520+0000] {filesystem.py:64} INFO - Poking for file /opt/***/data/data.json
[2024-02-12T20:11:56.540+0000] {base.py:73} INFO - Using connection ID 'fs_default' for task execution.
[2024-02-12T20:11:56.545+0000] {filesystem.py:64} INFO - Poking for file /opt/***/data/data.json
[2024-02-12T20:12:06.570+0000] {base.py:73} INFO - Using connection ID 'fs_default' for task execution.
[2024-02-12T20:12:06.571+0000] {filesystem.py:64} INFO - Poking for file /opt/***/data/data.json
[2024-02-12T20:12:16.590+0000] {base.py:73} INFO - Using connection ID 'fs_default' for task execution.
[2024-02-12T20:12:16.591+0000] {filesystem.py:64} INFO - Poking for file /opt/***/data/data.json
[2024-02-12T20:12:26.611+0000] {base.py:73} INFO - Using connection ID 'fs_default' for task execution.
[2024-02-12T20:12:26.611+0000] {filesystem.py:64} INFO - Poking for file /opt/***/data/data.json
[2024-02-12T20:12:36.636+0000] {base.py:73} INFO - Using connection ID 'fs_default' for task execution.
[2024-02-12T20:12:36.637+0000] {filesystem.py:64} INFO - Poking for file /opt/***/data/data.json
[2024-02-12T20:12:46.656+0000] {base.py:73} INFO - Using connection ID 'fs_default' for task execution.
[2024-02-12T20:12:46.656+0000] {filesystem.py:64} INFO - Poking for file /opt/***/data/data.json
[2024-02-12T20:12:56.710+0000] {base.py:73} INFO - Using connection ID 'fs_default' for task execution.
[2024-02-12T20:12:56.711+0000] {filesystem.py:64} INFO - Poking for file /opt/***/data/data.json
[2024-02-12T20:13:06.732+0000] {base.py:73} INFO - Using connection ID 'fs_default' for task execution.
[2024-02-12T20:13:06.733+0000] {filesystem.py:64} INFO - Poking for file /opt/***/data/data.json
[2024-02-12T20:13:16.754+0000] {base.py:73} INFO - Using connection ID 'fs_default' for task execution.
[2024-02-12T20:13:16.755+0000] {filesystem.py:64} INFO - Poking for file /opt/***/data/data.json
[2024-02-12T20:13:26.787+0000] {base.py:73} INFO - Using connection ID 'fs_default' for task execution.
[2024-02-12T20:13:26.787+0000] {filesystem.py:64} INFO - Poking for file /opt/***/data/data.json
[2024-02-12T20:13:36.811+0000] {base.py:73} INFO - Using connection ID 'fs_default' for task execution.
[2024-02-12T20:13:36.811+0000] {filesystem.py:64} INFO - Poking for file /opt/***/data/data.json
[2024-02-12T20:13:46.835+0000] {base.py:73} INFO - Using connection ID 'fs_default' for task execution.
[2024-02-12T20:13:46.835+0000] {filesystem.py:64} INFO - Poking for file /opt/***/data/data.json
[2024-02-12T20:13:56.867+0000] {base.py:73} INFO - Using connection ID 'fs_default' for task execution.
[2024-02-12T20:13:56.868+0000] {filesystem.py:64} INFO - Poking for file /opt/***/data/data.json
[2024-02-12T20:14:06.891+0000] {base.py:73} INFO - Using connection ID 'fs_default' for task execution.
[2024-02-12T20:14:06.892+0000] {filesystem.py:64} INFO - Poking for file /opt/***/data/data.json
[2024-02-12T20:14:16.910+0000] {base.py:73} INFO - Using connection ID 'fs_default' for task execution.
[2024-02-12T20:14:16.911+0000] {filesystem.py:64} INFO - Poking for file /opt/***/data/data.json
[2024-02-12T20:14:26.927+0000] {base.py:73} INFO - Using connection ID 'fs_default' for task execution.
[2024-02-12T20:14:26.927+0000] {filesystem.py:64} INFO - Poking for file /opt/***/data/data.json
[2024-02-12T20:14:36.945+0000] {base.py:73} INFO - Using connection ID 'fs_default' for task execution.
[2024-02-12T20:14:36.946+0000] {filesystem.py:64} INFO - Poking for file /opt/***/data/data.json
[2024-02-12T20:14:46.964+0000] {base.py:73} INFO - Using connection ID 'fs_default' for task execution.
[2024-02-12T20:14:46.965+0000] {filesystem.py:64} INFO - Poking for file /opt/***/data/data.json
[2024-02-12T20:14:56.984+0000] {base.py:73} INFO - Using connection ID 'fs_default' for task execution.
[2024-02-12T20:14:56.985+0000] {filesystem.py:64} INFO - Poking for file /opt/***/data/data.json
[2024-02-12T20:15:07.020+0000] {base.py:73} INFO - Using connection ID 'fs_default' for task execution.
[2024-02-12T20:15:07.021+0000] {filesystem.py:64} INFO - Poking for file /opt/***/data/data.json
[2024-02-12T20:15:17.039+0000] {base.py:73} INFO - Using connection ID 'fs_default' for task execution.
[2024-02-12T20:15:17.039+0000] {filesystem.py:64} INFO - Poking for file /opt/***/data/data.json
[2024-02-12T20:15:27.059+0000] {base.py:73} INFO - Using connection ID 'fs_default' for task execution.
[2024-02-12T20:15:27.059+0000] {filesystem.py:64} INFO - Poking for file /opt/***/data/data.json
[2024-02-12T20:15:37.098+0000] {base.py:73} INFO - Using connection ID 'fs_default' for task execution.
[2024-02-12T20:15:37.099+0000] {filesystem.py:64} INFO - Poking for file /opt/***/data/data.json
[2024-02-12T20:15:47.128+0000] {base.py:73} INFO - Using connection ID 'fs_default' for task execution.
[2024-02-12T20:15:47.129+0000] {filesystem.py:64} INFO - Poking for file /opt/***/data/data.json
[2024-02-12T20:15:57.156+0000] {base.py:73} INFO - Using connection ID 'fs_default' for task execution.
[2024-02-12T20:15:57.157+0000] {filesystem.py:64} INFO - Poking for file /opt/***/data/data.json
[2024-02-12T20:16:07.175+0000] {base.py:73} INFO - Using connection ID 'fs_default' for task execution.
[2024-02-12T20:16:07.176+0000] {filesystem.py:64} INFO - Poking for file /opt/***/data/data.json
[2024-02-12T20:16:17.198+0000] {base.py:73} INFO - Using connection ID 'fs_default' for task execution.
[2024-02-12T20:16:17.198+0000] {filesystem.py:64} INFO - Poking for file /opt/***/data/data.json
[2024-02-12T20:16:27.241+0000] {base.py:73} INFO - Using connection ID 'fs_default' for task execution.
[2024-02-12T20:16:27.241+0000] {filesystem.py:64} INFO - Poking for file /opt/***/data/data.json
[2024-02-12T20:16:37.264+0000] {base.py:73} INFO - Using connection ID 'fs_default' for task execution.
[2024-02-12T20:16:37.264+0000] {filesystem.py:64} INFO - Poking for file /opt/***/data/data.json
[2024-02-12T20:16:47.288+0000] {base.py:73} INFO - Using connection ID 'fs_default' for task execution.
[2024-02-12T20:16:47.288+0000] {filesystem.py:64} INFO - Poking for file /opt/***/data/data.json
[2024-02-12T20:16:57.313+0000] {base.py:73} INFO - Using connection ID 'fs_default' for task execution.
[2024-02-12T20:16:57.313+0000] {filesystem.py:64} INFO - Poking for file /opt/***/data/data.json
[2024-02-12T20:17:07.341+0000] {base.py:73} INFO - Using connection ID 'fs_default' for task execution.
[2024-02-12T20:17:07.342+0000] {filesystem.py:64} INFO - Poking for file /opt/***/data/data.json
[2024-02-12T20:17:17.358+0000] {base.py:73} INFO - Using connection ID 'fs_default' for task execution.
[2024-02-12T20:17:17.358+0000] {filesystem.py:64} INFO - Poking for file /opt/***/data/data.json
[2024-02-12T20:17:27.378+0000] {base.py:73} INFO - Using connection ID 'fs_default' for task execution.
[2024-02-12T20:17:27.378+0000] {filesystem.py:64} INFO - Poking for file /opt/***/data/data.json
[2024-02-12T20:17:37.400+0000] {base.py:73} INFO - Using connection ID 'fs_default' for task execution.
[2024-02-12T20:17:37.400+0000] {filesystem.py:64} INFO - Poking for file /opt/***/data/data.json
[2024-02-12T20:17:47.419+0000] {base.py:73} INFO - Using connection ID 'fs_default' for task execution.
[2024-02-12T20:17:47.420+0000] {filesystem.py:64} INFO - Poking for file /opt/***/data/data.json
[2024-02-12T20:17:57.461+0000] {base.py:73} INFO - Using connection ID 'fs_default' for task execution.
[2024-02-12T20:17:57.462+0000] {filesystem.py:64} INFO - Poking for file /opt/***/data/data.json
[2024-02-12T20:18:07.480+0000] {base.py:73} INFO - Using connection ID 'fs_default' for task execution.
[2024-02-12T20:18:07.481+0000] {filesystem.py:64} INFO - Poking for file /opt/***/data/data.json
[2024-02-12T20:18:17.499+0000] {base.py:73} INFO - Using connection ID 'fs_default' for task execution.
[2024-02-12T20:18:17.499+0000] {filesystem.py:64} INFO - Poking for file /opt/***/data/data.json
[2024-02-12T20:18:27.515+0000] {base.py:73} INFO - Using connection ID 'fs_default' for task execution.
[2024-02-12T20:18:27.516+0000] {filesystem.py:64} INFO - Poking for file /opt/***/data/data.json
[2024-02-12T20:18:37.529+0000] {base.py:73} INFO - Using connection ID 'fs_default' for task execution.
[2024-02-12T20:18:37.529+0000] {filesystem.py:64} INFO - Poking for file /opt/***/data/data.json
[2024-02-12T20:18:47.549+0000] {base.py:73} INFO - Using connection ID 'fs_default' for task execution.
[2024-02-12T20:18:47.549+0000] {filesystem.py:64} INFO - Poking for file /opt/***/data/data.json
[2024-02-12T20:18:57.568+0000] {base.py:73} INFO - Using connection ID 'fs_default' for task execution.
[2024-02-12T20:18:57.568+0000] {filesystem.py:64} INFO - Poking for file /opt/***/data/data.json
[2024-02-12T20:19:07.588+0000] {base.py:73} INFO - Using connection ID 'fs_default' for task execution.
[2024-02-12T20:19:07.589+0000] {filesystem.py:64} INFO - Poking for file /opt/***/data/data.json
[2024-02-12T20:19:17.605+0000] {base.py:73} INFO - Using connection ID 'fs_default' for task execution.
[2024-02-12T20:19:17.605+0000] {filesystem.py:64} INFO - Poking for file /opt/***/data/data.json
[2024-02-12T20:19:27.624+0000] {base.py:73} INFO - Using connection ID 'fs_default' for task execution.
[2024-02-12T20:19:27.624+0000] {filesystem.py:64} INFO - Poking for file /opt/***/data/data.json
[2024-02-12T20:19:37.641+0000] {base.py:73} INFO - Using connection ID 'fs_default' for task execution.
[2024-02-12T20:19:37.641+0000] {filesystem.py:64} INFO - Poking for file /opt/***/data/data.json
[2024-02-12T20:19:47.662+0000] {base.py:73} INFO - Using connection ID 'fs_default' for task execution.
[2024-02-12T20:19:47.663+0000] {filesystem.py:64} INFO - Poking for file /opt/***/data/data.json
[2024-02-12T20:19:57.686+0000] {base.py:73} INFO - Using connection ID 'fs_default' for task execution.
[2024-02-12T20:19:57.687+0000] {filesystem.py:64} INFO - Poking for file /opt/***/data/data.json
[2024-02-12T20:20:07.706+0000] {base.py:73} INFO - Using connection ID 'fs_default' for task execution.
[2024-02-12T20:20:07.706+0000] {filesystem.py:64} INFO - Poking for file /opt/***/data/data.json
[2024-02-12T20:20:17.723+0000] {base.py:73} INFO - Using connection ID 'fs_default' for task execution.
[2024-02-12T20:20:17.724+0000] {filesystem.py:64} INFO - Poking for file /opt/***/data/data.json
[2024-02-12T20:20:27.742+0000] {base.py:73} INFO - Using connection ID 'fs_default' for task execution.
[2024-02-12T20:20:27.743+0000] {filesystem.py:64} INFO - Poking for file /opt/***/data/data.json
[2024-02-12T20:20:37.770+0000] {base.py:73} INFO - Using connection ID 'fs_default' for task execution.
[2024-02-12T20:20:37.771+0000] {filesystem.py:64} INFO - Poking for file /opt/***/data/data.json
[2024-02-12T20:20:47.788+0000] {base.py:73} INFO - Using connection ID 'fs_default' for task execution.
[2024-02-12T20:20:47.788+0000] {filesystem.py:64} INFO - Poking for file /opt/***/data/data.json
[2024-02-12T20:20:57.820+0000] {base.py:73} INFO - Using connection ID 'fs_default' for task execution.
[2024-02-12T20:20:57.822+0000] {filesystem.py:64} INFO - Poking for file /opt/***/data/data.json
[2024-02-12T20:21:07.840+0000] {base.py:73} INFO - Using connection ID 'fs_default' for task execution.
[2024-02-12T20:21:07.841+0000] {filesystem.py:64} INFO - Poking for file /opt/***/data/data.json
[2024-02-12T20:21:17.857+0000] {base.py:73} INFO - Using connection ID 'fs_default' for task execution.
[2024-02-12T20:21:17.857+0000] {filesystem.py:64} INFO - Poking for file /opt/***/data/data.json
[2024-02-12T20:21:27.889+0000] {base.py:73} INFO - Using connection ID 'fs_default' for task execution.
[2024-02-12T20:21:27.890+0000] {filesystem.py:64} INFO - Poking for file /opt/***/data/data.json
[2024-02-12T20:21:37.922+0000] {base.py:73} INFO - Using connection ID 'fs_default' for task execution.
[2024-02-12T20:21:37.923+0000] {filesystem.py:64} INFO - Poking for file /opt/***/data/data.json
[2024-02-12T20:21:47.953+0000] {base.py:73} INFO - Using connection ID 'fs_default' for task execution.
[2024-02-12T20:21:47.954+0000] {filesystem.py:64} INFO - Poking for file /opt/***/data/data.json
[2024-02-12T20:21:57.985+0000] {base.py:73} INFO - Using connection ID 'fs_default' for task execution.
[2024-02-12T20:21:57.985+0000] {filesystem.py:64} INFO - Poking for file /opt/***/data/data.json
