[2024-02-05T12:01:19.279+0000] {taskinstance.py:1083} INFO - Dependencies all met for <TaskInstance: pythonoperadotor.t1 manual__2024-02-05T12:01:17.562707+00:00 [queued]>
[2024-02-05T12:01:19.291+0000] {taskinstance.py:1083} INFO - Dependencies all met for <TaskInstance: pythonoperadotor.t1 manual__2024-02-05T12:01:17.562707+00:00 [queued]>
[2024-02-05T12:01:19.292+0000] {taskinstance.py:1279} INFO - 
--------------------------------------------------------------------------------
[2024-02-05T12:01:19.292+0000] {taskinstance.py:1280} INFO - Starting attempt 1 of 1
[2024-02-05T12:01:19.292+0000] {taskinstance.py:1281} INFO - 
--------------------------------------------------------------------------------
[2024-02-05T12:01:19.311+0000] {taskinstance.py:1300} INFO - Executing <Task(PythonOperator): t1> on 2024-02-05 12:01:17.562707+00:00
[2024-02-05T12:01:19.318+0000] {standard_task_runner.py:55} INFO - Started process 1579 to run task
[2024-02-05T12:01:19.323+0000] {standard_task_runner.py:82} INFO - Running: ['***', 'tasks', 'run', 'pythonoperadotor', 't1', 'manual__2024-02-05T12:01:17.562707+00:00', '--job-id', '767', '--raw', '--subdir', 'DAGS_FOLDER/pythonoperator.py', '--cfg-path', '/tmp/tmpk3p8edma']
[2024-02-05T12:01:19.325+0000] {standard_task_runner.py:83} INFO - Job 767: Subtask t1
[2024-02-05T12:01:19.415+0000] {task_command.py:388} INFO - Running <TaskInstance: pythonoperadotor.t1 manual__2024-02-05T12:01:17.562707+00:00 [running]> on host f8c98ce69515
[2024-02-05T12:01:19.530+0000] {taskinstance.py:1509} INFO - Exporting the following env vars:
AIRFLOW_CTX_DAG_OWNER=***
AIRFLOW_CTX_DAG_ID=pythonoperadotor
AIRFLOW_CTX_TASK_ID=t1
AIRFLOW_CTX_EXECUTION_DATE=2024-02-05T12:01:17.562707+00:00
AIRFLOW_CTX_TRY_NUMBER=1
AIRFLOW_CTX_DAG_RUN_ID=manual__2024-02-05T12:01:17.562707+00:00
[2024-02-05T12:01:19.570+0000] {python.py:177} INFO - Done. Returned value was: None
[2024-02-05T12:01:19.586+0000] {taskinstance.py:1323} INFO - Marking task as SUCCESS. dag_id=pythonoperadotor, task_id=t1, execution_date=20240205T120117, start_date=20240205T120119, end_date=20240205T120119
[2024-02-05T12:01:19.615+0000] {local_task_job.py:208} INFO - Task exited with return code 0
[2024-02-05T12:01:19.639+0000] {taskinstance.py:2578} INFO - 0 downstream tasks scheduled from follow-on schedule check
