[2024-01-24T00:44:25.870+0000] {taskinstance.py:1083} INFO - Dependencies all met for <TaskInstance: triggerDag1.tsk1 manual__2024-01-24T00:44:24.309569+00:00 [queued]>
[2024-01-24T00:44:25.890+0000] {taskinstance.py:1083} INFO - Dependencies all met for <TaskInstance: triggerDag1.tsk1 manual__2024-01-24T00:44:24.309569+00:00 [queued]>
[2024-01-24T00:44:25.890+0000] {taskinstance.py:1279} INFO - 
--------------------------------------------------------------------------------
[2024-01-24T00:44:25.891+0000] {taskinstance.py:1280} INFO - Starting attempt 1 of 1
[2024-01-24T00:44:25.891+0000] {taskinstance.py:1281} INFO - 
--------------------------------------------------------------------------------
[2024-01-24T00:44:25.930+0000] {taskinstance.py:1300} INFO - Executing <Task(BashOperator): tsk1> on 2024-01-24 00:44:24.309569+00:00
[2024-01-24T00:44:25.939+0000] {standard_task_runner.py:55} INFO - Started process 1976 to run task
[2024-01-24T00:44:25.945+0000] {standard_task_runner.py:82} INFO - Running: ['***', 'tasks', 'run', 'triggerDag1', 'tsk1', 'manual__2024-01-24T00:44:24.309569+00:00', '--job-id', '37', '--raw', '--subdir', 'DAGS_FOLDER/triggerDag1.py', '--cfg-path', '/tmp/tmp8mml05nz']
[2024-01-24T00:44:25.946+0000] {standard_task_runner.py:83} INFO - Job 37: Subtask tsk1
[2024-01-24T00:44:26.071+0000] {task_command.py:388} INFO - Running <TaskInstance: triggerDag1.tsk1 manual__2024-01-24T00:44:24.309569+00:00 [running]> on host cd1b9fd02609
[2024-01-24T00:44:26.217+0000] {taskinstance.py:1509} INFO - Exporting the following env vars:
AIRFLOW_CTX_DAG_OWNER=***
AIRFLOW_CTX_DAG_ID=triggerDag1
AIRFLOW_CTX_TASK_ID=tsk1
AIRFLOW_CTX_EXECUTION_DATE=2024-01-24T00:44:24.309569+00:00
AIRFLOW_CTX_TRY_NUMBER=1
AIRFLOW_CTX_DAG_RUN_ID=manual__2024-01-24T00:44:24.309569+00:00
[2024-01-24T00:44:26.218+0000] {subprocess.py:63} INFO - Tmp dir root location: 
 /tmp
[2024-01-24T00:44:26.219+0000] {subprocess.py:75} INFO - Running command: ['/bin/bash', '-c', 'sleep 5']
[2024-01-24T00:44:26.236+0000] {subprocess.py:86} INFO - Output:
[2024-01-24T00:44:31.247+0000] {subprocess.py:97} INFO - Command exited with return code 0
[2024-01-24T00:44:31.292+0000] {taskinstance.py:1323} INFO - Marking task as SUCCESS. dag_id=triggerDag1, task_id=tsk1, execution_date=20240124T004424, start_date=20240124T004425, end_date=20240124T004431
[2024-01-24T00:44:31.326+0000] {local_task_job.py:208} INFO - Task exited with return code 0
[2024-01-24T00:44:31.377+0000] {taskinstance.py:2578} INFO - 1 downstream tasks scheduled from follow-on schedule check
