[2024-02-12T19:00:02.227+0000] {taskinstance.py:1083} INFO - Dependencies all met for <TaskInstance: defaultargs.tsk1 scheduled__2024-02-12T18:00:00+00:00 [queued]>
[2024-02-12T19:00:02.266+0000] {taskinstance.py:1083} INFO - Dependencies all met for <TaskInstance: defaultargs.tsk1 scheduled__2024-02-12T18:00:00+00:00 [queued]>
[2024-02-12T19:00:02.266+0000] {taskinstance.py:1279} INFO - 
--------------------------------------------------------------------------------
[2024-02-12T19:00:02.267+0000] {taskinstance.py:1280} INFO - Starting attempt 1 of 4
[2024-02-12T19:00:02.267+0000] {taskinstance.py:1281} INFO - 
--------------------------------------------------------------------------------
[2024-02-12T19:00:02.339+0000] {taskinstance.py:1300} INFO - Executing <Task(BashOperator): tsk1> on 2024-02-12 18:00:00+00:00
[2024-02-12T19:00:02.362+0000] {standard_task_runner.py:55} INFO - Started process 682 to run task
[2024-02-12T19:00:02.376+0000] {standard_task_runner.py:82} INFO - Running: ['***', 'tasks', 'run', 'defaultargs', 'tsk1', 'scheduled__2024-02-12T18:00:00+00:00', '--job-id', '1097', '--raw', '--subdir', 'DAGS_FOLDER/defaultargs.py', '--cfg-path', '/tmp/tmpbwpblcc0']
[2024-02-12T19:00:02.379+0000] {standard_task_runner.py:83} INFO - Job 1097: Subtask tsk1
[2024-02-12T19:00:02.687+0000] {task_command.py:388} INFO - Running <TaskInstance: defaultargs.tsk1 scheduled__2024-02-12T18:00:00+00:00 [running]> on host b5b8d61630c3
[2024-02-12T19:00:02.965+0000] {taskinstance.py:1509} INFO - Exporting the following env vars:
AIRFLOW_CTX_DAG_EMAIL=teste@teste.com
AIRFLOW_CTX_DAG_OWNER=***
AIRFLOW_CTX_DAG_ID=defaultargs
AIRFLOW_CTX_TASK_ID=tsk1
AIRFLOW_CTX_EXECUTION_DATE=2024-02-12T18:00:00+00:00
AIRFLOW_CTX_TRY_NUMBER=1
AIRFLOW_CTX_DAG_RUN_ID=scheduled__2024-02-12T18:00:00+00:00
[2024-02-12T19:00:02.970+0000] {subprocess.py:63} INFO - Tmp dir root location: 
 /tmp
[2024-02-12T19:00:02.971+0000] {subprocess.py:75} INFO - Running command: ['/bin/bash', '-c', 'sleep 5']
[2024-02-12T19:00:03.003+0000] {subprocess.py:86} INFO - Output:
[2024-02-12T19:00:08.015+0000] {subprocess.py:97} INFO - Command exited with return code 0
[2024-02-12T19:00:08.087+0000] {taskinstance.py:1323} INFO - Marking task as SUCCESS. dag_id=defaultargs, task_id=tsk1, execution_date=20240212T180000, start_date=20240212T190002, end_date=20240212T190008
[2024-02-12T19:00:08.164+0000] {local_task_job.py:208} INFO - Task exited with return code 0
[2024-02-12T19:00:08.240+0000] {taskinstance.py:2578} INFO - 1 downstream tasks scheduled from follow-on schedule check
