[2024-02-12T19:54:08.259+0000] {taskinstance.py:1083} INFO - Dependencies all met for <TaskInstance: windturbine.file_sensor_task scheduled__2024-02-12T19:51:00+00:00 [queued]>
[2024-02-12T19:54:08.288+0000] {taskinstance.py:1083} INFO - Dependencies all met for <TaskInstance: windturbine.file_sensor_task scheduled__2024-02-12T19:51:00+00:00 [queued]>
[2024-02-12T19:54:08.289+0000] {taskinstance.py:1279} INFO - 
--------------------------------------------------------------------------------
[2024-02-12T19:54:08.289+0000] {taskinstance.py:1280} INFO - Starting attempt 1 of 2
[2024-02-12T19:54:08.290+0000] {taskinstance.py:1281} INFO - 
--------------------------------------------------------------------------------
[2024-02-12T19:54:08.391+0000] {taskinstance.py:1300} INFO - Executing <Task(FileSensor): file_sensor_task> on 2024-02-12 19:51:00+00:00
[2024-02-12T19:54:08.401+0000] {standard_task_runner.py:55} INFO - Started process 3553 to run task
[2024-02-12T19:54:08.406+0000] {standard_task_runner.py:82} INFO - Running: ['***', 'tasks', 'run', 'windturbine', 'file_sensor_task', 'scheduled__2024-02-12T19:51:00+00:00', '--job-id', '1153', '--raw', '--subdir', 'DAGS_FOLDER/windturbine.py', '--cfg-path', '/tmp/tmphw0g41m0']
[2024-02-12T19:54:08.416+0000] {standard_task_runner.py:83} INFO - Job 1153: Subtask file_sensor_task
[2024-02-12T19:54:08.617+0000] {task_command.py:388} INFO - Running <TaskInstance: windturbine.file_sensor_task scheduled__2024-02-12T19:51:00+00:00 [running]> on host b5b8d61630c3
[2024-02-12T19:54:08.837+0000] {taskinstance.py:1509} INFO - Exporting the following env vars:
AIRFLOW_CTX_DAG_EMAIL=guilherme.ribeiro.business@gmail.com
AIRFLOW_CTX_DAG_OWNER=***
AIRFLOW_CTX_DAG_ID=windturbine
AIRFLOW_CTX_TASK_ID=file_sensor_task
AIRFLOW_CTX_EXECUTION_DATE=2024-02-12T19:51:00+00:00
AIRFLOW_CTX_TRY_NUMBER=1
AIRFLOW_CTX_DAG_RUN_ID=scheduled__2024-02-12T19:51:00+00:00
[2024-02-12T19:54:08.862+0000] {base.py:73} INFO - Using connection ID 'fs_default' for task execution.
[2024-02-12T19:54:08.862+0000] {filesystem.py:64} INFO - Poking for file /opt/***/data/data.json
[2024-02-12T19:54:18.881+0000] {base.py:73} INFO - Using connection ID 'fs_default' for task execution.
[2024-02-12T19:54:18.882+0000] {filesystem.py:64} INFO - Poking for file /opt/***/data/data.json
[2024-02-12T19:54:28.907+0000] {base.py:73} INFO - Using connection ID 'fs_default' for task execution.
[2024-02-12T19:54:28.907+0000] {filesystem.py:64} INFO - Poking for file /opt/***/data/data.json
[2024-02-12T19:54:38.933+0000] {base.py:73} INFO - Using connection ID 'fs_default' for task execution.
[2024-02-12T19:54:38.934+0000] {filesystem.py:64} INFO - Poking for file /opt/***/data/data.json
[2024-02-12T19:54:48.960+0000] {base.py:73} INFO - Using connection ID 'fs_default' for task execution.
[2024-02-12T19:54:48.961+0000] {filesystem.py:64} INFO - Poking for file /opt/***/data/data.json
[2024-02-12T19:54:58.978+0000] {base.py:73} INFO - Using connection ID 'fs_default' for task execution.
[2024-02-12T19:54:58.978+0000] {filesystem.py:64} INFO - Poking for file /opt/***/data/data.json
[2024-02-12T19:55:09.003+0000] {base.py:73} INFO - Using connection ID 'fs_default' for task execution.
[2024-02-12T19:55:09.004+0000] {filesystem.py:64} INFO - Poking for file /opt/***/data/data.json
[2024-02-12T19:55:19.021+0000] {base.py:73} INFO - Using connection ID 'fs_default' for task execution.
[2024-02-12T19:55:19.021+0000] {filesystem.py:64} INFO - Poking for file /opt/***/data/data.json
[2024-02-12T19:55:29.039+0000] {base.py:73} INFO - Using connection ID 'fs_default' for task execution.
[2024-02-12T19:55:29.040+0000] {filesystem.py:64} INFO - Poking for file /opt/***/data/data.json
[2024-02-12T19:55:39.061+0000] {base.py:73} INFO - Using connection ID 'fs_default' for task execution.
[2024-02-12T19:55:39.061+0000] {filesystem.py:64} INFO - Poking for file /opt/***/data/data.json
[2024-02-12T19:55:49.079+0000] {base.py:73} INFO - Using connection ID 'fs_default' for task execution.
[2024-02-12T19:55:49.080+0000] {filesystem.py:64} INFO - Poking for file /opt/***/data/data.json
[2024-02-12T19:55:59.109+0000] {base.py:73} INFO - Using connection ID 'fs_default' for task execution.
[2024-02-12T19:55:59.109+0000] {filesystem.py:64} INFO - Poking for file /opt/***/data/data.json
[2024-02-12T19:56:09.127+0000] {base.py:73} INFO - Using connection ID 'fs_default' for task execution.
[2024-02-12T19:56:09.128+0000] {filesystem.py:64} INFO - Poking for file /opt/***/data/data.json
[2024-02-12T19:56:19.156+0000] {base.py:73} INFO - Using connection ID 'fs_default' for task execution.
[2024-02-12T19:56:19.157+0000] {filesystem.py:64} INFO - Poking for file /opt/***/data/data.json
[2024-02-12T19:56:29.181+0000] {base.py:73} INFO - Using connection ID 'fs_default' for task execution.
[2024-02-12T19:56:29.181+0000] {filesystem.py:64} INFO - Poking for file /opt/***/data/data.json
[2024-02-12T19:56:39.207+0000] {base.py:73} INFO - Using connection ID 'fs_default' for task execution.
[2024-02-12T19:56:39.207+0000] {filesystem.py:64} INFO - Poking for file /opt/***/data/data.json
[2024-02-12T19:56:49.231+0000] {base.py:73} INFO - Using connection ID 'fs_default' for task execution.
[2024-02-12T19:56:49.232+0000] {filesystem.py:64} INFO - Poking for file /opt/***/data/data.json
[2024-02-12T19:56:59.250+0000] {base.py:73} INFO - Using connection ID 'fs_default' for task execution.
[2024-02-12T19:56:59.250+0000] {filesystem.py:64} INFO - Poking for file /opt/***/data/data.json
[2024-02-12T19:57:09.268+0000] {base.py:73} INFO - Using connection ID 'fs_default' for task execution.
[2024-02-12T19:57:09.268+0000] {filesystem.py:64} INFO - Poking for file /opt/***/data/data.json
[2024-02-12T19:57:19.289+0000] {base.py:73} INFO - Using connection ID 'fs_default' for task execution.
[2024-02-12T19:57:19.290+0000] {filesystem.py:64} INFO - Poking for file /opt/***/data/data.json
[2024-02-12T19:57:29.316+0000] {base.py:73} INFO - Using connection ID 'fs_default' for task execution.
[2024-02-12T19:57:29.317+0000] {filesystem.py:64} INFO - Poking for file /opt/***/data/data.json
[2024-02-12T19:57:39.346+0000] {base.py:73} INFO - Using connection ID 'fs_default' for task execution.
[2024-02-12T19:57:39.346+0000] {filesystem.py:64} INFO - Poking for file /opt/***/data/data.json
[2024-02-12T19:57:49.370+0000] {base.py:73} INFO - Using connection ID 'fs_default' for task execution.
[2024-02-12T19:57:49.370+0000] {filesystem.py:64} INFO - Poking for file /opt/***/data/data.json
[2024-02-12T19:57:59.389+0000] {base.py:73} INFO - Using connection ID 'fs_default' for task execution.
[2024-02-12T19:57:59.390+0000] {filesystem.py:64} INFO - Poking for file /opt/***/data/data.json
[2024-02-12T19:58:09.409+0000] {base.py:73} INFO - Using connection ID 'fs_default' for task execution.
[2024-02-12T19:58:09.410+0000] {filesystem.py:64} INFO - Poking for file /opt/***/data/data.json
[2024-02-12T19:58:19.433+0000] {base.py:73} INFO - Using connection ID 'fs_default' for task execution.
[2024-02-12T19:58:19.433+0000] {filesystem.py:64} INFO - Poking for file /opt/***/data/data.json
[2024-02-12T19:58:29.463+0000] {base.py:73} INFO - Using connection ID 'fs_default' for task execution.
[2024-02-12T19:58:29.464+0000] {filesystem.py:64} INFO - Poking for file /opt/***/data/data.json
[2024-02-12T19:58:39.484+0000] {base.py:73} INFO - Using connection ID 'fs_default' for task execution.
[2024-02-12T19:58:39.485+0000] {filesystem.py:64} INFO - Poking for file /opt/***/data/data.json
[2024-02-12T19:58:49.501+0000] {base.py:73} INFO - Using connection ID 'fs_default' for task execution.
[2024-02-12T19:58:49.502+0000] {filesystem.py:64} INFO - Poking for file /opt/***/data/data.json
[2024-02-12T19:58:59.520+0000] {base.py:73} INFO - Using connection ID 'fs_default' for task execution.
[2024-02-12T19:58:59.520+0000] {filesystem.py:64} INFO - Poking for file /opt/***/data/data.json
[2024-02-12T19:59:09.539+0000] {base.py:73} INFO - Using connection ID 'fs_default' for task execution.
[2024-02-12T19:59:09.540+0000] {filesystem.py:64} INFO - Poking for file /opt/***/data/data.json
[2024-02-12T19:59:19.560+0000] {base.py:73} INFO - Using connection ID 'fs_default' for task execution.
[2024-02-12T19:59:19.560+0000] {filesystem.py:64} INFO - Poking for file /opt/***/data/data.json
[2024-02-12T19:59:29.590+0000] {base.py:73} INFO - Using connection ID 'fs_default' for task execution.
[2024-02-12T19:59:29.590+0000] {filesystem.py:64} INFO - Poking for file /opt/***/data/data.json
[2024-02-12T19:59:39.616+0000] {base.py:73} INFO - Using connection ID 'fs_default' for task execution.
[2024-02-12T19:59:39.617+0000] {filesystem.py:64} INFO - Poking for file /opt/***/data/data.json
[2024-02-12T19:59:49.633+0000] {base.py:73} INFO - Using connection ID 'fs_default' for task execution.
[2024-02-12T19:59:49.634+0000] {filesystem.py:64} INFO - Poking for file /opt/***/data/data.json
[2024-02-12T19:59:59.651+0000] {base.py:73} INFO - Using connection ID 'fs_default' for task execution.
[2024-02-12T19:59:59.652+0000] {filesystem.py:64} INFO - Poking for file /opt/***/data/data.json
[2024-02-12T20:00:09.677+0000] {base.py:73} INFO - Using connection ID 'fs_default' for task execution.
[2024-02-12T20:00:09.677+0000] {filesystem.py:64} INFO - Poking for file /opt/***/data/data.json
[2024-02-12T20:00:19.696+0000] {base.py:73} INFO - Using connection ID 'fs_default' for task execution.
[2024-02-12T20:00:19.696+0000] {filesystem.py:64} INFO - Poking for file /opt/***/data/data.json
[2024-02-12T20:00:29.730+0000] {base.py:73} INFO - Using connection ID 'fs_default' for task execution.
[2024-02-12T20:00:29.731+0000] {filesystem.py:64} INFO - Poking for file /opt/***/data/data.json
[2024-02-12T20:00:39.749+0000] {base.py:73} INFO - Using connection ID 'fs_default' for task execution.
[2024-02-12T20:00:39.750+0000] {filesystem.py:64} INFO - Poking for file /opt/***/data/data.json
[2024-02-12T20:00:49.774+0000] {base.py:73} INFO - Using connection ID 'fs_default' for task execution.
[2024-02-12T20:00:49.776+0000] {filesystem.py:64} INFO - Poking for file /opt/***/data/data.json
[2024-02-12T20:00:59.806+0000] {base.py:73} INFO - Using connection ID 'fs_default' for task execution.
[2024-02-12T20:00:59.806+0000] {filesystem.py:64} INFO - Poking for file /opt/***/data/data.json
[2024-02-12T20:01:09.824+0000] {base.py:73} INFO - Using connection ID 'fs_default' for task execution.
[2024-02-12T20:01:09.825+0000] {filesystem.py:64} INFO - Poking for file /opt/***/data/data.json
[2024-02-12T20:01:19.844+0000] {base.py:73} INFO - Using connection ID 'fs_default' for task execution.
[2024-02-12T20:01:19.845+0000] {filesystem.py:64} INFO - Poking for file /opt/***/data/data.json
[2024-02-12T20:01:29.863+0000] {base.py:73} INFO - Using connection ID 'fs_default' for task execution.
[2024-02-12T20:01:29.864+0000] {filesystem.py:64} INFO - Poking for file /opt/***/data/data.json
[2024-02-12T20:01:39.891+0000] {base.py:73} INFO - Using connection ID 'fs_default' for task execution.
[2024-02-12T20:01:39.891+0000] {filesystem.py:64} INFO - Poking for file /opt/***/data/data.json
[2024-02-12T20:01:49.918+0000] {base.py:73} INFO - Using connection ID 'fs_default' for task execution.
[2024-02-12T20:01:49.919+0000] {filesystem.py:64} INFO - Poking for file /opt/***/data/data.json
[2024-02-12T20:01:59.940+0000] {base.py:73} INFO - Using connection ID 'fs_default' for task execution.
[2024-02-12T20:01:59.941+0000] {filesystem.py:64} INFO - Poking for file /opt/***/data/data.json
[2024-02-12T20:02:09.971+0000] {base.py:73} INFO - Using connection ID 'fs_default' for task execution.
[2024-02-12T20:02:09.972+0000] {filesystem.py:64} INFO - Poking for file /opt/***/data/data.json
[2024-02-12T20:02:19.993+0000] {base.py:73} INFO - Using connection ID 'fs_default' for task execution.
[2024-02-12T20:02:19.993+0000] {filesystem.py:64} INFO - Poking for file /opt/***/data/data.json
[2024-02-12T20:02:30.010+0000] {base.py:73} INFO - Using connection ID 'fs_default' for task execution.
[2024-02-12T20:02:30.010+0000] {filesystem.py:64} INFO - Poking for file /opt/***/data/data.json
[2024-02-12T20:02:40.027+0000] {base.py:73} INFO - Using connection ID 'fs_default' for task execution.
[2024-02-12T20:02:40.027+0000] {filesystem.py:64} INFO - Poking for file /opt/***/data/data.json
[2024-02-12T20:02:50.061+0000] {base.py:73} INFO - Using connection ID 'fs_default' for task execution.
[2024-02-12T20:02:50.062+0000] {filesystem.py:64} INFO - Poking for file /opt/***/data/data.json
[2024-02-12T20:03:00.086+0000] {base.py:73} INFO - Using connection ID 'fs_default' for task execution.
[2024-02-12T20:03:00.086+0000] {filesystem.py:64} INFO - Poking for file /opt/***/data/data.json
[2024-02-12T20:03:10.106+0000] {base.py:73} INFO - Using connection ID 'fs_default' for task execution.
[2024-02-12T20:03:10.107+0000] {filesystem.py:64} INFO - Poking for file /opt/***/data/data.json
[2024-02-12T20:03:20.122+0000] {base.py:73} INFO - Using connection ID 'fs_default' for task execution.
[2024-02-12T20:03:20.122+0000] {filesystem.py:64} INFO - Poking for file /opt/***/data/data.json
[2024-02-12T20:03:30.151+0000] {base.py:73} INFO - Using connection ID 'fs_default' for task execution.
[2024-02-12T20:03:30.152+0000] {filesystem.py:64} INFO - Poking for file /opt/***/data/data.json
[2024-02-12T20:03:40.173+0000] {base.py:73} INFO - Using connection ID 'fs_default' for task execution.
[2024-02-12T20:03:40.173+0000] {filesystem.py:64} INFO - Poking for file /opt/***/data/data.json
[2024-02-12T20:03:50.190+0000] {base.py:73} INFO - Using connection ID 'fs_default' for task execution.
[2024-02-12T20:03:50.190+0000] {filesystem.py:64} INFO - Poking for file /opt/***/data/data.json
[2024-02-12T20:04:00.209+0000] {base.py:73} INFO - Using connection ID 'fs_default' for task execution.
[2024-02-12T20:04:00.209+0000] {filesystem.py:64} INFO - Poking for file /opt/***/data/data.json
[2024-02-12T20:04:10.238+0000] {base.py:73} INFO - Using connection ID 'fs_default' for task execution.
[2024-02-12T20:04:10.240+0000] {filesystem.py:64} INFO - Poking for file /opt/***/data/data.json
[2024-02-12T20:04:20.259+0000] {base.py:73} INFO - Using connection ID 'fs_default' for task execution.
[2024-02-12T20:04:20.260+0000] {filesystem.py:64} INFO - Poking for file /opt/***/data/data.json
[2024-02-12T20:04:30.278+0000] {base.py:73} INFO - Using connection ID 'fs_default' for task execution.
[2024-02-12T20:04:30.279+0000] {filesystem.py:64} INFO - Poking for file /opt/***/data/data.json
[2024-02-12T20:04:40.299+0000] {base.py:73} INFO - Using connection ID 'fs_default' for task execution.
[2024-02-12T20:04:40.300+0000] {filesystem.py:64} INFO - Poking for file /opt/***/data/data.json
[2024-02-12T20:04:50.316+0000] {base.py:73} INFO - Using connection ID 'fs_default' for task execution.
[2024-02-12T20:04:50.317+0000] {filesystem.py:64} INFO - Poking for file /opt/***/data/data.json
[2024-02-12T20:05:00.341+0000] {base.py:73} INFO - Using connection ID 'fs_default' for task execution.
[2024-02-12T20:05:00.341+0000] {filesystem.py:64} INFO - Poking for file /opt/***/data/data.json
[2024-02-12T20:05:10.363+0000] {base.py:73} INFO - Using connection ID 'fs_default' for task execution.
[2024-02-12T20:05:10.364+0000] {filesystem.py:64} INFO - Poking for file /opt/***/data/data.json
[2024-02-12T20:05:20.379+0000] {base.py:73} INFO - Using connection ID 'fs_default' for task execution.
[2024-02-12T20:05:20.379+0000] {filesystem.py:64} INFO - Poking for file /opt/***/data/data.json
[2024-02-12T20:05:30.397+0000] {base.py:73} INFO - Using connection ID 'fs_default' for task execution.
[2024-02-12T20:05:30.398+0000] {filesystem.py:64} INFO - Poking for file /opt/***/data/data.json
[2024-02-12T20:05:40.419+0000] {base.py:73} INFO - Using connection ID 'fs_default' for task execution.
[2024-02-12T20:05:40.420+0000] {filesystem.py:64} INFO - Poking for file /opt/***/data/data.json
[2024-02-12T20:05:50.440+0000] {base.py:73} INFO - Using connection ID 'fs_default' for task execution.
[2024-02-12T20:05:50.440+0000] {filesystem.py:64} INFO - Poking for file /opt/***/data/data.json
[2024-02-12T20:06:00.463+0000] {base.py:73} INFO - Using connection ID 'fs_default' for task execution.
[2024-02-12T20:06:00.464+0000] {filesystem.py:64} INFO - Poking for file /opt/***/data/data.json
[2024-02-12T20:06:10.489+0000] {base.py:73} INFO - Using connection ID 'fs_default' for task execution.
[2024-02-12T20:06:10.491+0000] {filesystem.py:64} INFO - Poking for file /opt/***/data/data.json
[2024-02-12T20:06:20.510+0000] {base.py:73} INFO - Using connection ID 'fs_default' for task execution.
[2024-02-12T20:06:20.510+0000] {filesystem.py:64} INFO - Poking for file /opt/***/data/data.json
[2024-02-12T20:06:30.528+0000] {base.py:73} INFO - Using connection ID 'fs_default' for task execution.
[2024-02-12T20:06:30.528+0000] {filesystem.py:64} INFO - Poking for file /opt/***/data/data.json
[2024-02-12T20:06:40.548+0000] {base.py:73} INFO - Using connection ID 'fs_default' for task execution.
[2024-02-12T20:06:40.548+0000] {filesystem.py:64} INFO - Poking for file /opt/***/data/data.json
[2024-02-12T20:06:50.565+0000] {base.py:73} INFO - Using connection ID 'fs_default' for task execution.
[2024-02-12T20:06:50.565+0000] {filesystem.py:64} INFO - Poking for file /opt/***/data/data.json
[2024-02-12T20:07:00.584+0000] {base.py:73} INFO - Using connection ID 'fs_default' for task execution.
[2024-02-12T20:07:00.585+0000] {filesystem.py:64} INFO - Poking for file /opt/***/data/data.json
[2024-02-12T20:07:10.623+0000] {base.py:73} INFO - Using connection ID 'fs_default' for task execution.
[2024-02-12T20:07:10.624+0000] {filesystem.py:64} INFO - Poking for file /opt/***/data/data.json
[2024-02-12T20:07:20.648+0000] {base.py:73} INFO - Using connection ID 'fs_default' for task execution.
[2024-02-12T20:07:20.648+0000] {filesystem.py:64} INFO - Poking for file /opt/***/data/data.json
[2024-02-12T20:07:30.676+0000] {base.py:73} INFO - Using connection ID 'fs_default' for task execution.
[2024-02-12T20:07:30.676+0000] {filesystem.py:64} INFO - Poking for file /opt/***/data/data.json
[2024-02-12T20:07:40.712+0000] {base.py:73} INFO - Using connection ID 'fs_default' for task execution.
[2024-02-12T20:07:40.714+0000] {filesystem.py:64} INFO - Poking for file /opt/***/data/data.json
[2024-02-12T20:07:50.737+0000] {base.py:73} INFO - Using connection ID 'fs_default' for task execution.
[2024-02-12T20:07:50.738+0000] {filesystem.py:64} INFO - Poking for file /opt/***/data/data.json
[2024-02-12T20:08:00.764+0000] {base.py:73} INFO - Using connection ID 'fs_default' for task execution.
[2024-02-12T20:08:00.764+0000] {filesystem.py:64} INFO - Poking for file /opt/***/data/data.json
[2024-02-12T20:08:10.783+0000] {base.py:73} INFO - Using connection ID 'fs_default' for task execution.
[2024-02-12T20:08:10.783+0000] {filesystem.py:64} INFO - Poking for file /opt/***/data/data.json
[2024-02-12T20:08:20.799+0000] {base.py:73} INFO - Using connection ID 'fs_default' for task execution.
[2024-02-12T20:08:20.799+0000] {filesystem.py:64} INFO - Poking for file /opt/***/data/data.json
[2024-02-12T20:08:30.815+0000] {base.py:73} INFO - Using connection ID 'fs_default' for task execution.
[2024-02-12T20:08:30.816+0000] {filesystem.py:64} INFO - Poking for file /opt/***/data/data.json
[2024-02-12T20:08:40.837+0000] {base.py:73} INFO - Using connection ID 'fs_default' for task execution.
[2024-02-12T20:08:40.837+0000] {filesystem.py:64} INFO - Poking for file /opt/***/data/data.json
[2024-02-12T20:08:50.860+0000] {base.py:73} INFO - Using connection ID 'fs_default' for task execution.
[2024-02-12T20:08:50.860+0000] {filesystem.py:64} INFO - Poking for file /opt/***/data/data.json
[2024-02-12T20:09:00.882+0000] {base.py:73} INFO - Using connection ID 'fs_default' for task execution.
[2024-02-12T20:09:00.883+0000] {filesystem.py:64} INFO - Poking for file /opt/***/data/data.json
[2024-02-12T20:09:10.906+0000] {base.py:73} INFO - Using connection ID 'fs_default' for task execution.
[2024-02-12T20:09:10.907+0000] {filesystem.py:64} INFO - Poking for file /opt/***/data/data.json
[2024-02-12T20:09:20.946+0000] {base.py:73} INFO - Using connection ID 'fs_default' for task execution.
[2024-02-12T20:09:20.947+0000] {filesystem.py:64} INFO - Poking for file /opt/***/data/data.json
[2024-02-12T20:09:30.966+0000] {base.py:73} INFO - Using connection ID 'fs_default' for task execution.
[2024-02-12T20:09:30.966+0000] {filesystem.py:64} INFO - Poking for file /opt/***/data/data.json
[2024-02-12T20:09:40.992+0000] {base.py:73} INFO - Using connection ID 'fs_default' for task execution.
[2024-02-12T20:09:40.992+0000] {filesystem.py:64} INFO - Poking for file /opt/***/data/data.json
[2024-02-12T20:09:51.018+0000] {base.py:73} INFO - Using connection ID 'fs_default' for task execution.
[2024-02-12T20:09:51.018+0000] {filesystem.py:64} INFO - Poking for file /opt/***/data/data.json
[2024-02-12T20:10:01.035+0000] {base.py:73} INFO - Using connection ID 'fs_default' for task execution.
[2024-02-12T20:10:01.036+0000] {filesystem.py:64} INFO - Poking for file /opt/***/data/data.json
[2024-02-12T20:10:11.054+0000] {base.py:73} INFO - Using connection ID 'fs_default' for task execution.
[2024-02-12T20:10:11.054+0000] {filesystem.py:64} INFO - Poking for file /opt/***/data/data.json
[2024-02-12T20:10:21.076+0000] {base.py:73} INFO - Using connection ID 'fs_default' for task execution.
[2024-02-12T20:10:21.076+0000] {filesystem.py:64} INFO - Poking for file /opt/***/data/data.json
[2024-02-12T20:10:31.101+0000] {base.py:73} INFO - Using connection ID 'fs_default' for task execution.
[2024-02-12T20:10:31.102+0000] {filesystem.py:64} INFO - Poking for file /opt/***/data/data.json
[2024-02-12T20:10:41.122+0000] {base.py:73} INFO - Using connection ID 'fs_default' for task execution.
[2024-02-12T20:10:41.123+0000] {filesystem.py:64} INFO - Poking for file /opt/***/data/data.json
[2024-02-12T20:10:51.140+0000] {base.py:73} INFO - Using connection ID 'fs_default' for task execution.
[2024-02-12T20:10:51.141+0000] {filesystem.py:64} INFO - Poking for file /opt/***/data/data.json
[2024-02-12T20:11:01.159+0000] {base.py:73} INFO - Using connection ID 'fs_default' for task execution.
[2024-02-12T20:11:01.160+0000] {filesystem.py:64} INFO - Poking for file /opt/***/data/data.json
[2024-02-12T20:11:11.187+0000] {base.py:73} INFO - Using connection ID 'fs_default' for task execution.
[2024-02-12T20:11:11.187+0000] {filesystem.py:64} INFO - Poking for file /opt/***/data/data.json
[2024-02-12T20:11:21.205+0000] {base.py:73} INFO - Using connection ID 'fs_default' for task execution.
[2024-02-12T20:11:21.205+0000] {filesystem.py:64} INFO - Poking for file /opt/***/data/data.json
[2024-02-12T20:11:31.231+0000] {base.py:73} INFO - Using connection ID 'fs_default' for task execution.
[2024-02-12T20:11:31.231+0000] {filesystem.py:64} INFO - Poking for file /opt/***/data/data.json
[2024-02-12T20:11:41.246+0000] {base.py:73} INFO - Using connection ID 'fs_default' for task execution.
[2024-02-12T20:11:41.247+0000] {filesystem.py:64} INFO - Poking for file /opt/***/data/data.json
[2024-02-12T20:11:51.266+0000] {base.py:73} INFO - Using connection ID 'fs_default' for task execution.
[2024-02-12T20:11:51.266+0000] {filesystem.py:64} INFO - Poking for file /opt/***/data/data.json
[2024-02-12T20:12:01.286+0000] {base.py:73} INFO - Using connection ID 'fs_default' for task execution.
[2024-02-12T20:12:01.286+0000] {filesystem.py:64} INFO - Poking for file /opt/***/data/data.json
[2024-02-12T20:12:11.304+0000] {base.py:73} INFO - Using connection ID 'fs_default' for task execution.
[2024-02-12T20:12:11.305+0000] {filesystem.py:64} INFO - Poking for file /opt/***/data/data.json
[2024-02-12T20:12:21.329+0000] {base.py:73} INFO - Using connection ID 'fs_default' for task execution.
[2024-02-12T20:12:21.330+0000] {filesystem.py:64} INFO - Poking for file /opt/***/data/data.json
[2024-02-12T20:12:31.350+0000] {base.py:73} INFO - Using connection ID 'fs_default' for task execution.
[2024-02-12T20:12:31.350+0000] {filesystem.py:64} INFO - Poking for file /opt/***/data/data.json
[2024-02-12T20:12:41.374+0000] {base.py:73} INFO - Using connection ID 'fs_default' for task execution.
[2024-02-12T20:12:41.375+0000] {filesystem.py:64} INFO - Poking for file /opt/***/data/data.json
[2024-02-12T20:12:51.393+0000] {base.py:73} INFO - Using connection ID 'fs_default' for task execution.
[2024-02-12T20:12:51.394+0000] {filesystem.py:64} INFO - Poking for file /opt/***/data/data.json
[2024-02-12T20:13:01.430+0000] {base.py:73} INFO - Using connection ID 'fs_default' for task execution.
[2024-02-12T20:13:01.431+0000] {filesystem.py:64} INFO - Poking for file /opt/***/data/data.json
[2024-02-12T20:13:11.450+0000] {base.py:73} INFO - Using connection ID 'fs_default' for task execution.
[2024-02-12T20:13:11.450+0000] {filesystem.py:64} INFO - Poking for file /opt/***/data/data.json
[2024-02-12T20:13:21.484+0000] {base.py:73} INFO - Using connection ID 'fs_default' for task execution.
[2024-02-12T20:13:21.485+0000] {filesystem.py:64} INFO - Poking for file /opt/***/data/data.json
[2024-02-12T20:13:31.507+0000] {base.py:73} INFO - Using connection ID 'fs_default' for task execution.
[2024-02-12T20:13:31.508+0000] {filesystem.py:64} INFO - Poking for file /opt/***/data/data.json
[2024-02-12T20:13:41.523+0000] {base.py:73} INFO - Using connection ID 'fs_default' for task execution.
[2024-02-12T20:13:41.524+0000] {filesystem.py:64} INFO - Poking for file /opt/***/data/data.json
[2024-02-12T20:13:51.547+0000] {base.py:73} INFO - Using connection ID 'fs_default' for task execution.
[2024-02-12T20:13:51.547+0000] {filesystem.py:64} INFO - Poking for file /opt/***/data/data.json
[2024-02-12T20:14:01.565+0000] {base.py:73} INFO - Using connection ID 'fs_default' for task execution.
[2024-02-12T20:14:01.566+0000] {filesystem.py:64} INFO - Poking for file /opt/***/data/data.json
[2024-02-12T20:14:11.593+0000] {base.py:73} INFO - Using connection ID 'fs_default' for task execution.
[2024-02-12T20:14:11.593+0000] {filesystem.py:64} INFO - Poking for file /opt/***/data/data.json
[2024-02-12T20:14:21.618+0000] {base.py:73} INFO - Using connection ID 'fs_default' for task execution.
[2024-02-12T20:14:21.618+0000] {filesystem.py:64} INFO - Poking for file /opt/***/data/data.json
[2024-02-12T20:14:31.650+0000] {base.py:73} INFO - Using connection ID 'fs_default' for task execution.
[2024-02-12T20:14:31.650+0000] {filesystem.py:64} INFO - Poking for file /opt/***/data/data.json
[2024-02-12T20:14:41.669+0000] {base.py:73} INFO - Using connection ID 'fs_default' for task execution.
[2024-02-12T20:14:41.669+0000] {filesystem.py:64} INFO - Poking for file /opt/***/data/data.json
[2024-02-12T20:14:51.690+0000] {base.py:73} INFO - Using connection ID 'fs_default' for task execution.
[2024-02-12T20:14:51.691+0000] {filesystem.py:64} INFO - Poking for file /opt/***/data/data.json
[2024-02-12T20:15:01.714+0000] {base.py:73} INFO - Using connection ID 'fs_default' for task execution.
[2024-02-12T20:15:01.714+0000] {filesystem.py:64} INFO - Poking for file /opt/***/data/data.json
[2024-02-12T20:15:11.736+0000] {base.py:73} INFO - Using connection ID 'fs_default' for task execution.
[2024-02-12T20:15:11.737+0000] {filesystem.py:64} INFO - Poking for file /opt/***/data/data.json
[2024-02-12T20:15:21.756+0000] {base.py:73} INFO - Using connection ID 'fs_default' for task execution.
[2024-02-12T20:15:21.760+0000] {filesystem.py:64} INFO - Poking for file /opt/***/data/data.json
[2024-02-12T20:15:31.779+0000] {base.py:73} INFO - Using connection ID 'fs_default' for task execution.
[2024-02-12T20:15:31.780+0000] {filesystem.py:64} INFO - Poking for file /opt/***/data/data.json
[2024-02-12T20:15:41.800+0000] {base.py:73} INFO - Using connection ID 'fs_default' for task execution.
[2024-02-12T20:15:41.801+0000] {filesystem.py:64} INFO - Poking for file /opt/***/data/data.json
[2024-02-12T20:15:51.827+0000] {base.py:73} INFO - Using connection ID 'fs_default' for task execution.
[2024-02-12T20:15:51.828+0000] {filesystem.py:64} INFO - Poking for file /opt/***/data/data.json
[2024-02-12T20:16:01.850+0000] {base.py:73} INFO - Using connection ID 'fs_default' for task execution.
[2024-02-12T20:16:01.850+0000] {filesystem.py:64} INFO - Poking for file /opt/***/data/data.json
[2024-02-12T20:16:11.876+0000] {base.py:73} INFO - Using connection ID 'fs_default' for task execution.
[2024-02-12T20:16:11.876+0000] {filesystem.py:64} INFO - Poking for file /opt/***/data/data.json
[2024-02-12T20:16:21.897+0000] {base.py:73} INFO - Using connection ID 'fs_default' for task execution.
[2024-02-12T20:16:21.902+0000] {filesystem.py:64} INFO - Poking for file /opt/***/data/data.json
[2024-02-12T20:16:31.922+0000] {base.py:73} INFO - Using connection ID 'fs_default' for task execution.
[2024-02-12T20:16:31.923+0000] {filesystem.py:64} INFO - Poking for file /opt/***/data/data.json
[2024-02-12T20:16:41.941+0000] {base.py:73} INFO - Using connection ID 'fs_default' for task execution.
[2024-02-12T20:16:41.941+0000] {filesystem.py:64} INFO - Poking for file /opt/***/data/data.json
[2024-02-12T20:16:51.961+0000] {base.py:73} INFO - Using connection ID 'fs_default' for task execution.
[2024-02-12T20:16:51.962+0000] {filesystem.py:64} INFO - Poking for file /opt/***/data/data.json
[2024-02-12T20:17:02.003+0000] {base.py:73} INFO - Using connection ID 'fs_default' for task execution.
[2024-02-12T20:17:02.003+0000] {filesystem.py:64} INFO - Poking for file /opt/***/data/data.json
[2024-02-12T20:17:12.023+0000] {base.py:73} INFO - Using connection ID 'fs_default' for task execution.
[2024-02-12T20:17:12.024+0000] {filesystem.py:64} INFO - Poking for file /opt/***/data/data.json
[2024-02-12T20:17:22.043+0000] {base.py:73} INFO - Using connection ID 'fs_default' for task execution.
[2024-02-12T20:17:22.043+0000] {filesystem.py:64} INFO - Poking for file /opt/***/data/data.json
[2024-02-12T20:17:32.086+0000] {base.py:73} INFO - Using connection ID 'fs_default' for task execution.
[2024-02-12T20:17:32.086+0000] {filesystem.py:64} INFO - Poking for file /opt/***/data/data.json
[2024-02-12T20:17:42.104+0000] {base.py:73} INFO - Using connection ID 'fs_default' for task execution.
[2024-02-12T20:17:42.104+0000] {filesystem.py:64} INFO - Poking for file /opt/***/data/data.json
[2024-02-12T20:17:52.121+0000] {base.py:73} INFO - Using connection ID 'fs_default' for task execution.
[2024-02-12T20:17:52.121+0000] {filesystem.py:64} INFO - Poking for file /opt/***/data/data.json
[2024-02-12T20:18:02.141+0000] {base.py:73} INFO - Using connection ID 'fs_default' for task execution.
[2024-02-12T20:18:02.142+0000] {filesystem.py:64} INFO - Poking for file /opt/***/data/data.json
[2024-02-12T20:18:12.175+0000] {base.py:73} INFO - Using connection ID 'fs_default' for task execution.
[2024-02-12T20:18:12.176+0000] {filesystem.py:64} INFO - Poking for file /opt/***/data/data.json
[2024-02-12T20:18:22.196+0000] {base.py:73} INFO - Using connection ID 'fs_default' for task execution.
[2024-02-12T20:18:22.196+0000] {filesystem.py:64} INFO - Poking for file /opt/***/data/data.json
[2024-02-12T20:18:32.236+0000] {base.py:73} INFO - Using connection ID 'fs_default' for task execution.
[2024-02-12T20:18:32.237+0000] {filesystem.py:64} INFO - Poking for file /opt/***/data/data.json
[2024-02-12T20:18:42.253+0000] {base.py:73} INFO - Using connection ID 'fs_default' for task execution.
[2024-02-12T20:18:42.253+0000] {filesystem.py:64} INFO - Poking for file /opt/***/data/data.json
[2024-02-12T20:18:52.272+0000] {base.py:73} INFO - Using connection ID 'fs_default' for task execution.
[2024-02-12T20:18:52.273+0000] {filesystem.py:64} INFO - Poking for file /opt/***/data/data.json
[2024-02-12T20:19:02.291+0000] {base.py:73} INFO - Using connection ID 'fs_default' for task execution.
[2024-02-12T20:19:02.291+0000] {filesystem.py:64} INFO - Poking for file /opt/***/data/data.json
[2024-02-12T20:19:12.305+0000] {base.py:73} INFO - Using connection ID 'fs_default' for task execution.
[2024-02-12T20:19:12.306+0000] {filesystem.py:64} INFO - Poking for file /opt/***/data/data.json
[2024-02-12T20:19:22.324+0000] {base.py:73} INFO - Using connection ID 'fs_default' for task execution.
[2024-02-12T20:19:22.325+0000] {filesystem.py:64} INFO - Poking for file /opt/***/data/data.json
[2024-02-12T20:19:32.341+0000] {base.py:73} INFO - Using connection ID 'fs_default' for task execution.
[2024-02-12T20:19:32.342+0000] {filesystem.py:64} INFO - Poking for file /opt/***/data/data.json
[2024-02-12T20:19:42.358+0000] {base.py:73} INFO - Using connection ID 'fs_default' for task execution.
[2024-02-12T20:19:42.358+0000] {filesystem.py:64} INFO - Poking for file /opt/***/data/data.json
[2024-02-12T20:19:52.385+0000] {base.py:73} INFO - Using connection ID 'fs_default' for task execution.
[2024-02-12T20:19:52.386+0000] {filesystem.py:64} INFO - Poking for file /opt/***/data/data.json
[2024-02-12T20:20:02.404+0000] {base.py:73} INFO - Using connection ID 'fs_default' for task execution.
[2024-02-12T20:20:02.404+0000] {filesystem.py:64} INFO - Poking for file /opt/***/data/data.json
[2024-02-12T20:20:12.423+0000] {base.py:73} INFO - Using connection ID 'fs_default' for task execution.
[2024-02-12T20:20:12.423+0000] {filesystem.py:64} INFO - Poking for file /opt/***/data/data.json
[2024-02-12T20:20:22.440+0000] {base.py:73} INFO - Using connection ID 'fs_default' for task execution.
[2024-02-12T20:20:22.440+0000] {filesystem.py:64} INFO - Poking for file /opt/***/data/data.json
[2024-02-12T20:20:32.491+0000] {base.py:73} INFO - Using connection ID 'fs_default' for task execution.
[2024-02-12T20:20:32.491+0000] {filesystem.py:64} INFO - Poking for file /opt/***/data/data.json
[2024-02-12T20:20:42.507+0000] {base.py:73} INFO - Using connection ID 'fs_default' for task execution.
[2024-02-12T20:20:42.507+0000] {filesystem.py:64} INFO - Poking for file /opt/***/data/data.json
[2024-02-12T20:20:52.527+0000] {base.py:73} INFO - Using connection ID 'fs_default' for task execution.
[2024-02-12T20:20:52.527+0000] {filesystem.py:64} INFO - Poking for file /opt/***/data/data.json
[2024-02-12T20:21:02.544+0000] {base.py:73} INFO - Using connection ID 'fs_default' for task execution.
[2024-02-12T20:21:02.544+0000] {filesystem.py:64} INFO - Poking for file /opt/***/data/data.json
[2024-02-12T20:21:12.561+0000] {base.py:73} INFO - Using connection ID 'fs_default' for task execution.
[2024-02-12T20:21:12.562+0000] {filesystem.py:64} INFO - Poking for file /opt/***/data/data.json
[2024-02-12T20:21:22.596+0000] {base.py:73} INFO - Using connection ID 'fs_default' for task execution.
[2024-02-12T20:21:22.597+0000] {filesystem.py:64} INFO - Poking for file /opt/***/data/data.json
[2024-02-12T20:21:32.619+0000] {base.py:73} INFO - Using connection ID 'fs_default' for task execution.
[2024-02-12T20:21:32.620+0000] {filesystem.py:64} INFO - Poking for file /opt/***/data/data.json
[2024-02-12T20:21:42.637+0000] {base.py:73} INFO - Using connection ID 'fs_default' for task execution.
[2024-02-12T20:21:42.637+0000] {filesystem.py:64} INFO - Poking for file /opt/***/data/data.json
[2024-02-12T20:21:52.655+0000] {base.py:73} INFO - Using connection ID 'fs_default' for task execution.
[2024-02-12T20:21:52.656+0000] {filesystem.py:64} INFO - Poking for file /opt/***/data/data.json
[2024-02-12T20:22:02.674+0000] {base.py:73} INFO - Using connection ID 'fs_default' for task execution.
[2024-02-12T20:22:02.675+0000] {filesystem.py:64} INFO - Poking for file /opt/***/data/data.json
