[2024-01-24T11:29:58.331+0000] {taskinstance.py:1083} INFO - Dependencies all met for <TaskInstance: dagcomplexa.tsk3 manual__2024-01-24T11:29:56.936033+00:00 [queued]>
[2024-01-24T11:29:58.423+0000] {taskinstance.py:1083} INFO - Dependencies all met for <TaskInstance: dagcomplexa.tsk3 manual__2024-01-24T11:29:56.936033+00:00 [queued]>
[2024-01-24T11:29:58.423+0000] {taskinstance.py:1279} INFO - 
--------------------------------------------------------------------------------
[2024-01-24T11:29:58.423+0000] {taskinstance.py:1280} INFO - Starting attempt 1 of 1
[2024-01-24T11:29:58.424+0000] {taskinstance.py:1281} INFO - 
--------------------------------------------------------------------------------
[2024-01-24T11:29:58.477+0000] {taskinstance.py:1300} INFO - Executing <Task(BashOperator): tsk3> on 2024-01-24 11:29:56.936033+00:00
[2024-01-24T11:29:58.485+0000] {standard_task_runner.py:55} INFO - Started process 4932 to run task
[2024-01-24T11:29:58.529+0000] {standard_task_runner.py:82} INFO - Running: ['***', 'tasks', 'run', 'dagcomplexa', 'tsk3', 'manual__2024-01-24T11:29:56.936033+00:00', '--job-id', '48', '--raw', '--subdir', 'DAGS_FOLDER/dagcomplexa.py', '--cfg-path', '/tmp/tmpaoe65dfm']
[2024-01-24T11:29:58.530+0000] {standard_task_runner.py:83} INFO - Job 48: Subtask tsk3
[2024-01-24T11:29:58.761+0000] {task_command.py:388} INFO - Running <TaskInstance: dagcomplexa.tsk3 manual__2024-01-24T11:29:56.936033+00:00 [running]> on host cd1b9fd02609
[2024-01-24T11:29:58.950+0000] {taskinstance.py:1509} INFO - Exporting the following env vars:
AIRFLOW_CTX_DAG_OWNER=***
AIRFLOW_CTX_DAG_ID=dagcomplexa
AIRFLOW_CTX_TASK_ID=tsk3
AIRFLOW_CTX_EXECUTION_DATE=2024-01-24T11:29:56.936033+00:00
AIRFLOW_CTX_TRY_NUMBER=1
AIRFLOW_CTX_DAG_RUN_ID=manual__2024-01-24T11:29:56.936033+00:00
[2024-01-24T11:29:58.956+0000] {subprocess.py:63} INFO - Tmp dir root location: 
 /tmp
[2024-01-24T11:29:58.956+0000] {subprocess.py:75} INFO - Running command: ['/bin/bash', '-c', 'sleep 5']
[2024-01-24T11:29:58.985+0000] {subprocess.py:86} INFO - Output:
[2024-01-24T11:30:03.995+0000] {subprocess.py:97} INFO - Command exited with return code 0
[2024-01-24T11:30:04.092+0000] {taskinstance.py:1323} INFO - Marking task as SUCCESS. dag_id=dagcomplexa, task_id=tsk3, execution_date=20240124T112956, start_date=20240124T112958, end_date=20240124T113004
[2024-01-24T11:30:04.153+0000] {local_task_job.py:208} INFO - Task exited with return code 0
[2024-01-24T11:30:04.226+0000] {taskinstance.py:2578} INFO - 1 downstream tasks scheduled from follow-on schedule check
