[2024-01-27T19:55:48.123+0000] {taskinstance.py:1083} INFO - Dependencies all met for <TaskInstance: exemplo_xcom.tsk1 manual__2024-01-27T19:55:47.309313+00:00 [queued]>
[2024-01-27T19:55:48.144+0000] {taskinstance.py:1083} INFO - Dependencies all met for <TaskInstance: exemplo_xcom.tsk1 manual__2024-01-27T19:55:47.309313+00:00 [queued]>
[2024-01-27T19:55:48.145+0000] {taskinstance.py:1279} INFO - 
--------------------------------------------------------------------------------
[2024-01-27T19:55:48.145+0000] {taskinstance.py:1280} INFO - Starting attempt 1 of 1
[2024-01-27T19:55:48.145+0000] {taskinstance.py:1281} INFO - 
--------------------------------------------------------------------------------
[2024-01-27T19:55:48.173+0000] {taskinstance.py:1300} INFO - Executing <Task(PythonOperator): tsk1> on 2024-01-27 19:55:47.309313+00:00
[2024-01-27T19:55:48.182+0000] {standard_task_runner.py:55} INFO - Started process 76135 to run task
[2024-01-27T19:55:48.186+0000] {standard_task_runner.py:82} INFO - Running: ['***', 'tasks', 'run', 'exemplo_xcom', 'tsk1', 'manual__2024-01-27T19:55:47.309313+00:00', '--job-id', '92', '--raw', '--subdir', 'DAGS_FOLDER/xcom.py', '--cfg-path', '/tmp/tmpbz5ll5on']
[2024-01-27T19:55:48.187+0000] {standard_task_runner.py:83} INFO - Job 92: Subtask tsk1
[2024-01-27T19:55:48.307+0000] {task_command.py:388} INFO - Running <TaskInstance: exemplo_xcom.tsk1 manual__2024-01-27T19:55:47.309313+00:00 [running]> on host cd1b9fd02609
[2024-01-27T19:55:48.484+0000] {taskinstance.py:1509} INFO - Exporting the following env vars:
AIRFLOW_CTX_DAG_OWNER=***
AIRFLOW_CTX_DAG_ID=exemplo_xcom
AIRFLOW_CTX_TASK_ID=tsk1
AIRFLOW_CTX_EXECUTION_DATE=2024-01-27T19:55:47.309313+00:00
AIRFLOW_CTX_TRY_NUMBER=1
AIRFLOW_CTX_DAG_RUN_ID=manual__2024-01-27T19:55:47.309313+00:00
[2024-01-27T19:55:48.542+0000] {python.py:177} INFO - Done. Returned value was: None
[2024-01-27T19:55:48.592+0000] {taskinstance.py:1323} INFO - Marking task as SUCCESS. dag_id=exemplo_xcom, task_id=tsk1, execution_date=20240127T195547, start_date=20240127T195548, end_date=20240127T195548
[2024-01-27T19:55:48.646+0000] {local_task_job.py:208} INFO - Task exited with return code 0
[2024-01-27T19:55:48.712+0000] {taskinstance.py:2578} INFO - 1 downstream tasks scheduled from follow-on schedule check
