[2024-01-28T05:00:01.728+0000] {taskinstance.py:1083} INFO - Dependencies all met for <TaskInstance: defaultargs.tsk1 scheduled__2024-01-28T04:00:00+00:00 [queued]>
[2024-01-28T05:00:01.777+0000] {taskinstance.py:1083} INFO - Dependencies all met for <TaskInstance: defaultargs.tsk1 scheduled__2024-01-28T04:00:00+00:00 [queued]>
[2024-01-28T05:00:01.777+0000] {taskinstance.py:1279} INFO - 
--------------------------------------------------------------------------------
[2024-01-28T05:00:01.777+0000] {taskinstance.py:1280} INFO - Starting attempt 1 of 4
[2024-01-28T05:00:01.777+0000] {taskinstance.py:1281} INFO - 
--------------------------------------------------------------------------------
[2024-01-28T05:00:01.835+0000] {taskinstance.py:1300} INFO - Executing <Task(BashOperator): tsk1> on 2024-01-28 04:00:00+00:00
[2024-01-28T05:00:01.843+0000] {standard_task_runner.py:55} INFO - Started process 27592 to run task
[2024-01-28T05:00:01.855+0000] {standard_task_runner.py:82} INFO - Running: ['***', 'tasks', 'run', 'defaultargs', 'tsk1', 'scheduled__2024-01-28T04:00:00+00:00', '--job-id', '190', '--raw', '--subdir', 'DAGS_FOLDER/defaultargs.py', '--cfg-path', '/tmp/tmp1pph4bmn']
[2024-01-28T05:00:01.856+0000] {standard_task_runner.py:83} INFO - Job 190: Subtask tsk1
[2024-01-28T05:00:02.002+0000] {task_command.py:388} INFO - Running <TaskInstance: defaultargs.tsk1 scheduled__2024-01-28T04:00:00+00:00 [running]> on host 5b3777e64f6c
[2024-01-28T05:00:02.267+0000] {taskinstance.py:1509} INFO - Exporting the following env vars:
AIRFLOW_CTX_DAG_EMAIL=teste@teste.com
AIRFLOW_CTX_DAG_OWNER=***
AIRFLOW_CTX_DAG_ID=defaultargs
AIRFLOW_CTX_TASK_ID=tsk1
AIRFLOW_CTX_EXECUTION_DATE=2024-01-28T04:00:00+00:00
AIRFLOW_CTX_TRY_NUMBER=1
AIRFLOW_CTX_DAG_RUN_ID=scheduled__2024-01-28T04:00:00+00:00
[2024-01-28T05:00:02.269+0000] {subprocess.py:63} INFO - Tmp dir root location: 
 /tmp
[2024-01-28T05:00:02.270+0000] {subprocess.py:75} INFO - Running command: ['/bin/bash', '-c', 'sleep 5']
[2024-01-28T05:00:02.324+0000] {subprocess.py:86} INFO - Output:
[2024-01-28T05:00:07.396+0000] {subprocess.py:97} INFO - Command exited with return code 0
[2024-01-28T05:00:07.490+0000] {taskinstance.py:1323} INFO - Marking task as SUCCESS. dag_id=defaultargs, task_id=tsk1, execution_date=20240128T040000, start_date=20240128T050001, end_date=20240128T050007
[2024-01-28T05:00:07.554+0000] {local_task_job.py:208} INFO - Task exited with return code 0
[2024-01-28T05:00:07.609+0000] {taskinstance.py:2578} INFO - 1 downstream tasks scheduled from follow-on schedule check
