[2024-01-23T11:33:06.375+0000] {taskinstance.py:1083} INFO - Dependencies all met for <TaskInstance: segunda_dag.tsk2 manual__2024-01-23T11:32:58.456032+00:00 [queued]>
[2024-01-23T11:33:06.387+0000] {taskinstance.py:1083} INFO - Dependencies all met for <TaskInstance: segunda_dag.tsk2 manual__2024-01-23T11:32:58.456032+00:00 [queued]>
[2024-01-23T11:33:06.387+0000] {taskinstance.py:1279} INFO - 
--------------------------------------------------------------------------------
[2024-01-23T11:33:06.388+0000] {taskinstance.py:1280} INFO - Starting attempt 1 of 1
[2024-01-23T11:33:06.388+0000] {taskinstance.py:1281} INFO - 
--------------------------------------------------------------------------------
[2024-01-23T11:33:06.404+0000] {taskinstance.py:1300} INFO - Executing <Task(BashOperator): tsk2> on 2024-01-23 11:32:58.456032+00:00
[2024-01-23T11:33:06.411+0000] {standard_task_runner.py:55} INFO - Started process 8445 to run task
[2024-01-23T11:33:06.416+0000] {standard_task_runner.py:82} INFO - Running: ['***', 'tasks', 'run', 'segunda_dag', 'tsk2', 'manual__2024-01-23T11:32:58.456032+00:00', '--job-id', '25', '--raw', '--subdir', 'DAGS_FOLDER/segundadag.py', '--cfg-path', '/tmp/tmp35j1nzsp']
[2024-01-23T11:33:06.417+0000] {standard_task_runner.py:83} INFO - Job 25: Subtask tsk2
[2024-01-23T11:33:06.503+0000] {task_command.py:388} INFO - Running <TaskInstance: segunda_dag.tsk2 manual__2024-01-23T11:32:58.456032+00:00 [running]> on host cd1b9fd02609
[2024-01-23T11:33:06.606+0000] {taskinstance.py:1509} INFO - Exporting the following env vars:
AIRFLOW_CTX_DAG_OWNER=***
AIRFLOW_CTX_DAG_ID=segunda_dag
AIRFLOW_CTX_TASK_ID=tsk2
AIRFLOW_CTX_EXECUTION_DATE=2024-01-23T11:32:58.456032+00:00
AIRFLOW_CTX_TRY_NUMBER=1
AIRFLOW_CTX_DAG_RUN_ID=manual__2024-01-23T11:32:58.456032+00:00
[2024-01-23T11:33:06.608+0000] {subprocess.py:63} INFO - Tmp dir root location: 
 /tmp
[2024-01-23T11:33:06.608+0000] {subprocess.py:75} INFO - Running command: ['/bin/bash', '-c', 'sleep 5']
[2024-01-23T11:33:06.627+0000] {subprocess.py:86} INFO - Output:
[2024-01-23T11:33:11.635+0000] {subprocess.py:97} INFO - Command exited with return code 0
[2024-01-23T11:33:11.681+0000] {taskinstance.py:1323} INFO - Marking task as SUCCESS. dag_id=segunda_dag, task_id=tsk2, execution_date=20240123T113258, start_date=20240123T113306, end_date=20240123T113311
[2024-01-23T11:33:11.722+0000] {local_task_job.py:208} INFO - Task exited with return code 0
[2024-01-23T11:33:11.742+0000] {taskinstance.py:2578} INFO - 0 downstream tasks scheduled from follow-on schedule check
