[2024-01-28T01:00:14.620+0000] {taskinstance.py:1083} INFO - Dependencies all met for <TaskInstance: defaultargs.tsk3 scheduled__2024-01-28T00:00:00+00:00 [queued]>
[2024-01-28T01:00:14.641+0000] {taskinstance.py:1083} INFO - Dependencies all met for <TaskInstance: defaultargs.tsk3 scheduled__2024-01-28T00:00:00+00:00 [queued]>
[2024-01-28T01:00:14.641+0000] {taskinstance.py:1279} INFO - 
--------------------------------------------------------------------------------
[2024-01-28T01:00:14.641+0000] {taskinstance.py:1280} INFO - Starting attempt 1 of 2
[2024-01-28T01:00:14.642+0000] {taskinstance.py:1281} INFO - 
--------------------------------------------------------------------------------
[2024-01-28T01:00:14.667+0000] {taskinstance.py:1300} INFO - Executing <Task(BashOperator): tsk3> on 2024-01-28 00:00:00+00:00
[2024-01-28T01:00:14.675+0000] {standard_task_runner.py:55} INFO - Started process 14259 to run task
[2024-01-28T01:00:14.681+0000] {standard_task_runner.py:82} INFO - Running: ['***', 'tasks', 'run', 'defaultargs', 'tsk3', 'scheduled__2024-01-28T00:00:00+00:00', '--job-id', '160', '--raw', '--subdir', 'DAGS_FOLDER/defaultargs.py', '--cfg-path', '/tmp/tmpgnbdiijh']
[2024-01-28T01:00:14.682+0000] {standard_task_runner.py:83} INFO - Job 160: Subtask tsk3
[2024-01-28T01:00:14.765+0000] {task_command.py:388} INFO - Running <TaskInstance: defaultargs.tsk3 scheduled__2024-01-28T00:00:00+00:00 [running]> on host 5b3777e64f6c
[2024-01-28T01:00:14.866+0000] {taskinstance.py:1509} INFO - Exporting the following env vars:
AIRFLOW_CTX_DAG_EMAIL=teste@teste.com
AIRFLOW_CTX_DAG_OWNER=***
AIRFLOW_CTX_DAG_ID=defaultargs
AIRFLOW_CTX_TASK_ID=tsk3
AIRFLOW_CTX_EXECUTION_DATE=2024-01-28T00:00:00+00:00
AIRFLOW_CTX_TRY_NUMBER=1
AIRFLOW_CTX_DAG_RUN_ID=scheduled__2024-01-28T00:00:00+00:00
[2024-01-28T01:00:14.868+0000] {subprocess.py:63} INFO - Tmp dir root location: 
 /tmp
[2024-01-28T01:00:14.868+0000] {subprocess.py:75} INFO - Running command: ['/bin/bash', '-c', 'sleep 5']
[2024-01-28T01:00:14.881+0000] {subprocess.py:86} INFO - Output:
[2024-01-28T01:00:19.887+0000] {subprocess.py:97} INFO - Command exited with return code 0
[2024-01-28T01:00:19.956+0000] {taskinstance.py:1323} INFO - Marking task as SUCCESS. dag_id=defaultargs, task_id=tsk3, execution_date=20240128T000000, start_date=20240128T010014, end_date=20240128T010019
[2024-01-28T01:00:20.027+0000] {local_task_job.py:208} INFO - Task exited with return code 0
[2024-01-28T01:00:20.058+0000] {taskinstance.py:2578} INFO - 0 downstream tasks scheduled from follow-on schedule check
