[2024-02-07T22:00:07.534+0000] {taskinstance.py:1083} INFO - Dependencies all met for <TaskInstance: defaultargs.tsk2 scheduled__2024-02-07T21:00:00+00:00 [queued]>
[2024-02-07T22:00:07.554+0000] {taskinstance.py:1083} INFO - Dependencies all met for <TaskInstance: defaultargs.tsk2 scheduled__2024-02-07T21:00:00+00:00 [queued]>
[2024-02-07T22:00:07.554+0000] {taskinstance.py:1279} INFO - 
--------------------------------------------------------------------------------
[2024-02-07T22:00:07.555+0000] {taskinstance.py:1280} INFO - Starting attempt 1 of 2
[2024-02-07T22:00:07.555+0000] {taskinstance.py:1281} INFO - 
--------------------------------------------------------------------------------
[2024-02-07T22:00:07.588+0000] {taskinstance.py:1300} INFO - Executing <Task(BashOperator): tsk2> on 2024-02-07 21:00:00+00:00
[2024-02-07T22:00:07.594+0000] {standard_task_runner.py:55} INFO - Started process 3217 to run task
[2024-02-07T22:00:07.599+0000] {standard_task_runner.py:82} INFO - Running: ['***', 'tasks', 'run', 'defaultargs', 'tsk2', 'scheduled__2024-02-07T21:00:00+00:00', '--job-id', '860', '--raw', '--subdir', 'DAGS_FOLDER/defaultargs.py', '--cfg-path', '/tmp/tmpucu2y2tz']
[2024-02-07T22:00:07.600+0000] {standard_task_runner.py:83} INFO - Job 860: Subtask tsk2
[2024-02-07T22:00:07.725+0000] {task_command.py:388} INFO - Running <TaskInstance: defaultargs.tsk2 scheduled__2024-02-07T21:00:00+00:00 [running]> on host f8c98ce69515
[2024-02-07T22:00:07.882+0000] {taskinstance.py:1509} INFO - Exporting the following env vars:
AIRFLOW_CTX_DAG_EMAIL=teste@teste.com
AIRFLOW_CTX_DAG_OWNER=***
AIRFLOW_CTX_DAG_ID=defaultargs
AIRFLOW_CTX_TASK_ID=tsk2
AIRFLOW_CTX_EXECUTION_DATE=2024-02-07T21:00:00+00:00
AIRFLOW_CTX_TRY_NUMBER=1
AIRFLOW_CTX_DAG_RUN_ID=scheduled__2024-02-07T21:00:00+00:00
[2024-02-07T22:00:07.883+0000] {subprocess.py:63} INFO - Tmp dir root location: 
 /tmp
[2024-02-07T22:00:07.883+0000] {subprocess.py:75} INFO - Running command: ['/bin/bash', '-c', 'sleep 5']
[2024-02-07T22:00:07.899+0000] {subprocess.py:86} INFO - Output:
[2024-02-07T22:00:12.906+0000] {subprocess.py:97} INFO - Command exited with return code 0
[2024-02-07T22:00:12.952+0000] {taskinstance.py:1323} INFO - Marking task as SUCCESS. dag_id=defaultargs, task_id=tsk2, execution_date=20240207T210000, start_date=20240207T220007, end_date=20240207T220012
[2024-02-07T22:00:13.003+0000] {local_task_job.py:208} INFO - Task exited with return code 0
[2024-02-07T22:00:13.041+0000] {taskinstance.py:2578} INFO - 1 downstream tasks scheduled from follow-on schedule check
