[2024-02-02T12:02:18.123+0000] {taskinstance.py:1083} INFO - Dependencies all met for <TaskInstance: branch.branch_task manual__2024-02-02T12:02:15.684438+00:00 [queued]>
[2024-02-02T12:02:18.150+0000] {taskinstance.py:1083} INFO - Dependencies all met for <TaskInstance: branch.branch_task manual__2024-02-02T12:02:15.684438+00:00 [queued]>
[2024-02-02T12:02:18.151+0000] {taskinstance.py:1279} INFO - 
--------------------------------------------------------------------------------
[2024-02-02T12:02:18.151+0000] {taskinstance.py:1280} INFO - Starting attempt 1 of 1
[2024-02-02T12:02:18.152+0000] {taskinstance.py:1281} INFO - 
--------------------------------------------------------------------------------
[2024-02-02T12:02:18.187+0000] {taskinstance.py:1300} INFO - Executing <Task(BranchPythonOperator): branch_task> on 2024-02-02 12:02:15.684438+00:00
[2024-02-02T12:02:18.194+0000] {standard_task_runner.py:55} INFO - Started process 4802 to run task
[2024-02-02T12:02:18.199+0000] {standard_task_runner.py:82} INFO - Running: ['***', 'tasks', 'run', 'branch', 'branch_task', 'manual__2024-02-02T12:02:15.684438+00:00', '--job-id', '565', '--raw', '--subdir', 'DAGS_FOLDER/branchs.py', '--cfg-path', '/tmp/tmpjiz9q2tx']
[2024-02-02T12:02:18.200+0000] {standard_task_runner.py:83} INFO - Job 565: Subtask branch_task
[2024-02-02T12:02:18.306+0000] {task_command.py:388} INFO - Running <TaskInstance: branch.branch_task manual__2024-02-02T12:02:15.684438+00:00 [running]> on host 5b3777e64f6c
[2024-02-02T12:02:18.420+0000] {taskinstance.py:1509} INFO - Exporting the following env vars:
AIRFLOW_CTX_DAG_OWNER=***
AIRFLOW_CTX_DAG_ID=branch
AIRFLOW_CTX_TASK_ID=branch_task
AIRFLOW_CTX_EXECUTION_DATE=2024-02-02T12:02:15.684438+00:00
AIRFLOW_CTX_TRY_NUMBER=1
AIRFLOW_CTX_DAG_RUN_ID=manual__2024-02-02T12:02:15.684438+00:00
[2024-02-02T12:02:18.439+0000] {python.py:177} INFO - Done. Returned value was: par_task
[2024-02-02T12:02:18.440+0000] {python.py:211} INFO - Branch callable return par_task
[2024-02-02T12:02:18.440+0000] {skipmixin.py:155} INFO - Following branch par_task
[2024-02-02T12:02:18.440+0000] {skipmixin.py:211} INFO - Skipping tasks ['impar_task']
[2024-02-02T12:02:18.507+0000] {taskinstance.py:1323} INFO - Marking task as SUCCESS. dag_id=branch, task_id=branch_task, execution_date=20240202T120215, start_date=20240202T120218, end_date=20240202T120218
[2024-02-02T12:02:18.547+0000] {local_task_job.py:208} INFO - Task exited with return code 0
[2024-02-02T12:02:18.590+0000] {taskinstance.py:2578} INFO - 1 downstream tasks scheduled from follow-on schedule check
