[2024-02-02T10:43:13.892+0000] {taskinstance.py:1083} INFO - Dependencies all met for <TaskInstance: Dummy.tsk5 manual__2024-02-02T10:43:01.312444+00:00 [queued]>
[2024-02-02T10:43:13.908+0000] {taskinstance.py:1083} INFO - Dependencies all met for <TaskInstance: Dummy.tsk5 manual__2024-02-02T10:43:01.312444+00:00 [queued]>
[2024-02-02T10:43:13.908+0000] {taskinstance.py:1279} INFO - 
--------------------------------------------------------------------------------
[2024-02-02T10:43:13.909+0000] {taskinstance.py:1280} INFO - Starting attempt 1 of 1
[2024-02-02T10:43:13.909+0000] {taskinstance.py:1281} INFO - 
--------------------------------------------------------------------------------
[2024-02-02T10:43:13.929+0000] {taskinstance.py:1300} INFO - Executing <Task(BashOperator): tsk5> on 2024-02-02 10:43:01.312444+00:00
[2024-02-02T10:43:13.936+0000] {standard_task_runner.py:55} INFO - Started process 676 to run task
[2024-02-02T10:43:13.941+0000] {standard_task_runner.py:82} INFO - Running: ['***', 'tasks', 'run', 'Dummy', 'tsk5', 'manual__2024-02-02T10:43:01.312444+00:00', '--job-id', '526', '--raw', '--subdir', 'DAGS_FOLDER/dummy.py', '--cfg-path', '/tmp/tmpo_fi_d6z']
[2024-02-02T10:43:13.942+0000] {standard_task_runner.py:83} INFO - Job 526: Subtask tsk5
[2024-02-02T10:43:14.041+0000] {task_command.py:388} INFO - Running <TaskInstance: Dummy.tsk5 manual__2024-02-02T10:43:01.312444+00:00 [running]> on host 5b3777e64f6c
[2024-02-02T10:43:14.137+0000] {taskinstance.py:1509} INFO - Exporting the following env vars:
AIRFLOW_CTX_DAG_OWNER=***
AIRFLOW_CTX_DAG_ID=Dummy
AIRFLOW_CTX_TASK_ID=tsk5
AIRFLOW_CTX_EXECUTION_DATE=2024-02-02T10:43:01.312444+00:00
AIRFLOW_CTX_TRY_NUMBER=1
AIRFLOW_CTX_DAG_RUN_ID=manual__2024-02-02T10:43:01.312444+00:00
[2024-02-02T10:43:14.139+0000] {subprocess.py:63} INFO - Tmp dir root location: 
 /tmp
[2024-02-02T10:43:14.140+0000] {subprocess.py:75} INFO - Running command: ['/bin/bash', '-c', 'sleep 5']
[2024-02-02T10:43:14.165+0000] {subprocess.py:86} INFO - Output:
[2024-02-02T10:43:19.171+0000] {subprocess.py:97} INFO - Command exited with return code 0
[2024-02-02T10:43:19.210+0000] {taskinstance.py:1323} INFO - Marking task as SUCCESS. dag_id=Dummy, task_id=tsk5, execution_date=20240202T104301, start_date=20240202T104313, end_date=20240202T104319
[2024-02-02T10:43:19.273+0000] {local_task_job.py:208} INFO - Task exited with return code 0
[2024-02-02T10:43:19.306+0000] {taskinstance.py:2578} INFO - 0 downstream tasks scheduled from follow-on schedule check
