[2024-02-12T19:30:01.738+0000] {taskinstance.py:1083} INFO - Dependencies all met for <TaskInstance: windturbine.file_sensor_task scheduled__2024-02-12T19:27:00+00:00 [queued]>
[2024-02-12T19:30:01.757+0000] {taskinstance.py:1083} INFO - Dependencies all met for <TaskInstance: windturbine.file_sensor_task scheduled__2024-02-12T19:27:00+00:00 [queued]>
[2024-02-12T19:30:01.758+0000] {taskinstance.py:1279} INFO - 
--------------------------------------------------------------------------------
[2024-02-12T19:30:01.758+0000] {taskinstance.py:1280} INFO - Starting attempt 1 of 2
[2024-02-12T19:30:01.758+0000] {taskinstance.py:1281} INFO - 
--------------------------------------------------------------------------------
[2024-02-12T19:30:01.783+0000] {taskinstance.py:1300} INFO - Executing <Task(FileSensor): file_sensor_task> on 2024-02-12 19:27:00+00:00
[2024-02-12T19:30:01.794+0000] {standard_task_runner.py:55} INFO - Started process 2334 to run task
[2024-02-12T19:30:01.797+0000] {standard_task_runner.py:82} INFO - Running: ['***', 'tasks', 'run', 'windturbine', 'file_sensor_task', 'scheduled__2024-02-12T19:27:00+00:00', '--job-id', '1140', '--raw', '--subdir', 'DAGS_FOLDER/windturbine.py', '--cfg-path', '/tmp/tmpyaj3myt5']
[2024-02-12T19:30:01.800+0000] {standard_task_runner.py:83} INFO - Job 1140: Subtask file_sensor_task
[2024-02-12T19:30:01.892+0000] {task_command.py:388} INFO - Running <TaskInstance: windturbine.file_sensor_task scheduled__2024-02-12T19:27:00+00:00 [running]> on host b5b8d61630c3
[2024-02-12T19:30:01.989+0000] {taskinstance.py:1509} INFO - Exporting the following env vars:
AIRFLOW_CTX_DAG_EMAIL=guilherme.ribeiro.business@gmail.com
AIRFLOW_CTX_DAG_OWNER=***
AIRFLOW_CTX_DAG_ID=windturbine
AIRFLOW_CTX_TASK_ID=file_sensor_task
AIRFLOW_CTX_EXECUTION_DATE=2024-02-12T19:27:00+00:00
AIRFLOW_CTX_TRY_NUMBER=1
AIRFLOW_CTX_DAG_RUN_ID=scheduled__2024-02-12T19:27:00+00:00
[2024-02-12T19:30:02.000+0000] {base.py:73} INFO - Using connection ID 'fs_default' for task execution.
[2024-02-12T19:30:02.001+0000] {filesystem.py:64} INFO - Poking for file /opt/***/data/data.json
[2024-02-12T19:30:02.001+0000] {filesystem.py:69} INFO - Found File /opt/***/data/data.json last modified: 20240212192809
[2024-02-12T19:30:02.001+0000] {base.py:228} INFO - Success criteria met. Exiting.
[2024-02-12T19:30:02.013+0000] {taskinstance.py:1323} INFO - Marking task as SUCCESS. dag_id=windturbine, task_id=file_sensor_task, execution_date=20240212T192700, start_date=20240212T193001, end_date=20240212T193002
[2024-02-12T19:30:02.050+0000] {local_task_job.py:208} INFO - Task exited with return code 0
[2024-02-12T19:30:02.107+0000] {taskinstance.py:2578} INFO - 0 downstream tasks scheduled from follow-on schedule check
