[2024-01-31T23:49:45.292+0000] {taskinstance.py:1083} INFO - Dependencies all met for <TaskInstance: defaultargs.tsk2 scheduled__2024-01-31T10:00:00+00:00 [queued]>
[2024-01-31T23:49:45.314+0000] {taskinstance.py:1083} INFO - Dependencies all met for <TaskInstance: defaultargs.tsk2 scheduled__2024-01-31T10:00:00+00:00 [queued]>
[2024-01-31T23:49:45.314+0000] {taskinstance.py:1279} INFO - 
--------------------------------------------------------------------------------
[2024-01-31T23:49:45.315+0000] {taskinstance.py:1280} INFO - Starting attempt 1 of 2
[2024-01-31T23:49:45.315+0000] {taskinstance.py:1281} INFO - 
--------------------------------------------------------------------------------
[2024-01-31T23:49:45.347+0000] {taskinstance.py:1300} INFO - Executing <Task(BashOperator): tsk2> on 2024-01-31 10:00:00+00:00
[2024-01-31T23:49:45.355+0000] {standard_task_runner.py:55} INFO - Started process 106 to run task
[2024-01-31T23:49:45.364+0000] {standard_task_runner.py:82} INFO - Running: ['***', 'tasks', 'run', 'defaultargs', 'tsk2', 'scheduled__2024-01-31T10:00:00+00:00', '--job-id', '475', '--raw', '--subdir', 'DAGS_FOLDER/defaultargs.py', '--cfg-path', '/tmp/tmpmlub4m2z']
[2024-01-31T23:49:45.364+0000] {standard_task_runner.py:83} INFO - Job 475: Subtask tsk2
[2024-01-31T23:49:45.482+0000] {task_command.py:388} INFO - Running <TaskInstance: defaultargs.tsk2 scheduled__2024-01-31T10:00:00+00:00 [running]> on host 5b3777e64f6c
[2024-01-31T23:49:45.621+0000] {taskinstance.py:1509} INFO - Exporting the following env vars:
AIRFLOW_CTX_DAG_EMAIL=teste@teste.com
AIRFLOW_CTX_DAG_OWNER=***
AIRFLOW_CTX_DAG_ID=defaultargs
AIRFLOW_CTX_TASK_ID=tsk2
AIRFLOW_CTX_EXECUTION_DATE=2024-01-31T10:00:00+00:00
AIRFLOW_CTX_TRY_NUMBER=1
AIRFLOW_CTX_DAG_RUN_ID=scheduled__2024-01-31T10:00:00+00:00
[2024-01-31T23:49:45.622+0000] {subprocess.py:63} INFO - Tmp dir root location: 
 /tmp
[2024-01-31T23:49:45.622+0000] {subprocess.py:75} INFO - Running command: ['/bin/bash', '-c', 'sleep 5']
[2024-01-31T23:49:45.635+0000] {subprocess.py:86} INFO - Output:
[2024-01-31T23:49:50.640+0000] {subprocess.py:97} INFO - Command exited with return code 0
[2024-01-31T23:49:50.685+0000] {taskinstance.py:1323} INFO - Marking task as SUCCESS. dag_id=defaultargs, task_id=tsk2, execution_date=20240131T100000, start_date=20240131T234945, end_date=20240131T234950
[2024-01-31T23:49:50.753+0000] {local_task_job.py:208} INFO - Task exited with return code 0
[2024-01-31T23:49:50.790+0000] {taskinstance.py:2578} INFO - 1 downstream tasks scheduled from follow-on schedule check
