[2024-02-12T20:06:02.318+0000] {taskinstance.py:1083} INFO - Dependencies all met for <TaskInstance: windturbine.file_sensor_task scheduled__2024-02-12T20:03:00+00:00 [queued]>
[2024-02-12T20:06:02.341+0000] {taskinstance.py:1083} INFO - Dependencies all met for <TaskInstance: windturbine.file_sensor_task scheduled__2024-02-12T20:03:00+00:00 [queued]>
[2024-02-12T20:06:02.341+0000] {taskinstance.py:1279} INFO - 
--------------------------------------------------------------------------------
[2024-02-12T20:06:02.342+0000] {taskinstance.py:1280} INFO - Starting attempt 1 of 2
[2024-02-12T20:06:02.342+0000] {taskinstance.py:1281} INFO - 
--------------------------------------------------------------------------------
[2024-02-12T20:06:02.375+0000] {taskinstance.py:1300} INFO - Executing <Task(FileSensor): file_sensor_task> on 2024-02-12 20:03:00+00:00
[2024-02-12T20:06:02.385+0000] {standard_task_runner.py:55} INFO - Started process 4185 to run task
[2024-02-12T20:06:02.395+0000] {standard_task_runner.py:82} INFO - Running: ['***', 'tasks', 'run', 'windturbine', 'file_sensor_task', 'scheduled__2024-02-12T20:03:00+00:00', '--job-id', '1160', '--raw', '--subdir', 'DAGS_FOLDER/windturbine.py', '--cfg-path', '/tmp/tmplpapfibk']
[2024-02-12T20:06:02.398+0000] {standard_task_runner.py:83} INFO - Job 1160: Subtask file_sensor_task
[2024-02-12T20:06:02.536+0000] {task_command.py:388} INFO - Running <TaskInstance: windturbine.file_sensor_task scheduled__2024-02-12T20:03:00+00:00 [running]> on host b5b8d61630c3
[2024-02-12T20:06:02.690+0000] {taskinstance.py:1509} INFO - Exporting the following env vars:
AIRFLOW_CTX_DAG_EMAIL=guilherme.ribeiro.business@gmail.com
AIRFLOW_CTX_DAG_OWNER=***
AIRFLOW_CTX_DAG_ID=windturbine
AIRFLOW_CTX_TASK_ID=file_sensor_task
AIRFLOW_CTX_EXECUTION_DATE=2024-02-12T20:03:00+00:00
AIRFLOW_CTX_TRY_NUMBER=1
AIRFLOW_CTX_DAG_RUN_ID=scheduled__2024-02-12T20:03:00+00:00
[2024-02-12T20:06:02.714+0000] {base.py:73} INFO - Using connection ID 'fs_default' for task execution.
[2024-02-12T20:06:02.715+0000] {filesystem.py:64} INFO - Poking for file /opt/***/data/data.json
[2024-02-12T20:06:12.741+0000] {base.py:73} INFO - Using connection ID 'fs_default' for task execution.
[2024-02-12T20:06:12.742+0000] {filesystem.py:64} INFO - Poking for file /opt/***/data/data.json
[2024-02-12T20:06:22.762+0000] {base.py:73} INFO - Using connection ID 'fs_default' for task execution.
[2024-02-12T20:06:22.762+0000] {filesystem.py:64} INFO - Poking for file /opt/***/data/data.json
[2024-02-12T20:06:32.780+0000] {base.py:73} INFO - Using connection ID 'fs_default' for task execution.
[2024-02-12T20:06:32.781+0000] {filesystem.py:64} INFO - Poking for file /opt/***/data/data.json
[2024-02-12T20:06:42.803+0000] {base.py:73} INFO - Using connection ID 'fs_default' for task execution.
[2024-02-12T20:06:42.803+0000] {filesystem.py:64} INFO - Poking for file /opt/***/data/data.json
[2024-02-12T20:06:52.823+0000] {base.py:73} INFO - Using connection ID 'fs_default' for task execution.
[2024-02-12T20:06:52.824+0000] {filesystem.py:64} INFO - Poking for file /opt/***/data/data.json
[2024-02-12T20:07:02.845+0000] {base.py:73} INFO - Using connection ID 'fs_default' for task execution.
[2024-02-12T20:07:02.846+0000] {filesystem.py:64} INFO - Poking for file /opt/***/data/data.json
[2024-02-12T20:07:12.867+0000] {base.py:73} INFO - Using connection ID 'fs_default' for task execution.
[2024-02-12T20:07:12.868+0000] {filesystem.py:64} INFO - Poking for file /opt/***/data/data.json
[2024-02-12T20:07:22.884+0000] {base.py:73} INFO - Using connection ID 'fs_default' for task execution.
[2024-02-12T20:07:22.885+0000] {filesystem.py:64} INFO - Poking for file /opt/***/data/data.json
[2024-02-12T20:07:32.901+0000] {base.py:73} INFO - Using connection ID 'fs_default' for task execution.
[2024-02-12T20:07:32.901+0000] {filesystem.py:64} INFO - Poking for file /opt/***/data/data.json
[2024-02-12T20:07:42.921+0000] {base.py:73} INFO - Using connection ID 'fs_default' for task execution.
[2024-02-12T20:07:42.921+0000] {filesystem.py:64} INFO - Poking for file /opt/***/data/data.json
[2024-02-12T20:07:52.967+0000] {base.py:73} INFO - Using connection ID 'fs_default' for task execution.
[2024-02-12T20:07:52.967+0000] {filesystem.py:64} INFO - Poking for file /opt/***/data/data.json
[2024-02-12T20:08:02.994+0000] {base.py:73} INFO - Using connection ID 'fs_default' for task execution.
[2024-02-12T20:08:02.994+0000] {filesystem.py:64} INFO - Poking for file /opt/***/data/data.json
[2024-02-12T20:08:13.013+0000] {base.py:73} INFO - Using connection ID 'fs_default' for task execution.
[2024-02-12T20:08:13.013+0000] {filesystem.py:64} INFO - Poking for file /opt/***/data/data.json
[2024-02-12T20:08:23.032+0000] {base.py:73} INFO - Using connection ID 'fs_default' for task execution.
[2024-02-12T20:08:23.032+0000] {filesystem.py:64} INFO - Poking for file /opt/***/data/data.json
[2024-02-12T20:08:33.060+0000] {base.py:73} INFO - Using connection ID 'fs_default' for task execution.
[2024-02-12T20:08:33.061+0000] {filesystem.py:64} INFO - Poking for file /opt/***/data/data.json
[2024-02-12T20:08:43.102+0000] {base.py:73} INFO - Using connection ID 'fs_default' for task execution.
[2024-02-12T20:08:43.103+0000] {filesystem.py:64} INFO - Poking for file /opt/***/data/data.json
[2024-02-12T20:08:53.120+0000] {base.py:73} INFO - Using connection ID 'fs_default' for task execution.
[2024-02-12T20:08:53.121+0000] {filesystem.py:64} INFO - Poking for file /opt/***/data/data.json
[2024-02-12T20:09:03.140+0000] {base.py:73} INFO - Using connection ID 'fs_default' for task execution.
[2024-02-12T20:09:03.141+0000] {filesystem.py:64} INFO - Poking for file /opt/***/data/data.json
[2024-02-12T20:09:13.160+0000] {base.py:73} INFO - Using connection ID 'fs_default' for task execution.
[2024-02-12T20:09:13.161+0000] {filesystem.py:64} INFO - Poking for file /opt/***/data/data.json
[2024-02-12T20:09:23.180+0000] {base.py:73} INFO - Using connection ID 'fs_default' for task execution.
[2024-02-12T20:09:23.180+0000] {filesystem.py:64} INFO - Poking for file /opt/***/data/data.json
[2024-02-12T20:09:33.201+0000] {base.py:73} INFO - Using connection ID 'fs_default' for task execution.
[2024-02-12T20:09:33.202+0000] {filesystem.py:64} INFO - Poking for file /opt/***/data/data.json
[2024-02-12T20:09:43.221+0000] {base.py:73} INFO - Using connection ID 'fs_default' for task execution.
[2024-02-12T20:09:43.221+0000] {filesystem.py:64} INFO - Poking for file /opt/***/data/data.json
[2024-02-12T20:09:53.240+0000] {base.py:73} INFO - Using connection ID 'fs_default' for task execution.
[2024-02-12T20:09:53.241+0000] {filesystem.py:64} INFO - Poking for file /opt/***/data/data.json
[2024-02-12T20:10:03.275+0000] {base.py:73} INFO - Using connection ID 'fs_default' for task execution.
[2024-02-12T20:10:03.275+0000] {filesystem.py:64} INFO - Poking for file /opt/***/data/data.json
[2024-02-12T20:10:13.337+0000] {base.py:73} INFO - Using connection ID 'fs_default' for task execution.
[2024-02-12T20:10:13.337+0000] {filesystem.py:64} INFO - Poking for file /opt/***/data/data.json
[2024-02-12T20:10:23.358+0000] {base.py:73} INFO - Using connection ID 'fs_default' for task execution.
[2024-02-12T20:10:23.358+0000] {filesystem.py:64} INFO - Poking for file /opt/***/data/data.json
[2024-02-12T20:10:33.373+0000] {base.py:73} INFO - Using connection ID 'fs_default' for task execution.
[2024-02-12T20:10:33.374+0000] {filesystem.py:64} INFO - Poking for file /opt/***/data/data.json
[2024-02-12T20:10:43.393+0000] {base.py:73} INFO - Using connection ID 'fs_default' for task execution.
[2024-02-12T20:10:43.394+0000] {filesystem.py:64} INFO - Poking for file /opt/***/data/data.json
[2024-02-12T20:10:53.413+0000] {base.py:73} INFO - Using connection ID 'fs_default' for task execution.
[2024-02-12T20:10:53.414+0000] {filesystem.py:64} INFO - Poking for file /opt/***/data/data.json
[2024-02-12T20:11:03.435+0000] {base.py:73} INFO - Using connection ID 'fs_default' for task execution.
[2024-02-12T20:11:03.435+0000] {filesystem.py:64} INFO - Poking for file /opt/***/data/data.json
[2024-02-12T20:11:13.454+0000] {base.py:73} INFO - Using connection ID 'fs_default' for task execution.
[2024-02-12T20:11:13.455+0000] {filesystem.py:64} INFO - Poking for file /opt/***/data/data.json
[2024-02-12T20:11:23.479+0000] {base.py:73} INFO - Using connection ID 'fs_default' for task execution.
[2024-02-12T20:11:23.479+0000] {filesystem.py:64} INFO - Poking for file /opt/***/data/data.json
[2024-02-12T20:11:33.497+0000] {base.py:73} INFO - Using connection ID 'fs_default' for task execution.
[2024-02-12T20:11:33.497+0000] {filesystem.py:64} INFO - Poking for file /opt/***/data/data.json
[2024-02-12T20:11:43.538+0000] {base.py:73} INFO - Using connection ID 'fs_default' for task execution.
[2024-02-12T20:11:43.539+0000] {filesystem.py:64} INFO - Poking for file /opt/***/data/data.json
[2024-02-12T20:11:53.557+0000] {base.py:73} INFO - Using connection ID 'fs_default' for task execution.
[2024-02-12T20:11:53.557+0000] {filesystem.py:64} INFO - Poking for file /opt/***/data/data.json
[2024-02-12T20:12:03.577+0000] {base.py:73} INFO - Using connection ID 'fs_default' for task execution.
[2024-02-12T20:12:03.577+0000] {filesystem.py:64} INFO - Poking for file /opt/***/data/data.json
[2024-02-12T20:12:13.625+0000] {base.py:73} INFO - Using connection ID 'fs_default' for task execution.
[2024-02-12T20:12:13.626+0000] {filesystem.py:64} INFO - Poking for file /opt/***/data/data.json
[2024-02-12T20:12:23.643+0000] {base.py:73} INFO - Using connection ID 'fs_default' for task execution.
[2024-02-12T20:12:23.643+0000] {filesystem.py:64} INFO - Poking for file /opt/***/data/data.json
[2024-02-12T20:12:33.668+0000] {base.py:73} INFO - Using connection ID 'fs_default' for task execution.
[2024-02-12T20:12:33.668+0000] {filesystem.py:64} INFO - Poking for file /opt/***/data/data.json
[2024-02-12T20:12:43.707+0000] {base.py:73} INFO - Using connection ID 'fs_default' for task execution.
[2024-02-12T20:12:43.707+0000] {filesystem.py:64} INFO - Poking for file /opt/***/data/data.json
[2024-02-12T20:12:53.727+0000] {base.py:73} INFO - Using connection ID 'fs_default' for task execution.
[2024-02-12T20:12:53.728+0000] {filesystem.py:64} INFO - Poking for file /opt/***/data/data.json
[2024-02-12T20:13:03.759+0000] {base.py:73} INFO - Using connection ID 'fs_default' for task execution.
[2024-02-12T20:13:03.759+0000] {filesystem.py:64} INFO - Poking for file /opt/***/data/data.json
[2024-02-12T20:13:13.777+0000] {base.py:73} INFO - Using connection ID 'fs_default' for task execution.
[2024-02-12T20:13:13.777+0000] {filesystem.py:64} INFO - Poking for file /opt/***/data/data.json
[2024-02-12T20:13:23.795+0000] {base.py:73} INFO - Using connection ID 'fs_default' for task execution.
[2024-02-12T20:13:23.795+0000] {filesystem.py:64} INFO - Poking for file /opt/***/data/data.json
[2024-02-12T20:13:33.832+0000] {base.py:73} INFO - Using connection ID 'fs_default' for task execution.
[2024-02-12T20:13:33.832+0000] {filesystem.py:64} INFO - Poking for file /opt/***/data/data.json
[2024-02-12T20:13:43.852+0000] {base.py:73} INFO - Using connection ID 'fs_default' for task execution.
[2024-02-12T20:13:43.853+0000] {filesystem.py:64} INFO - Poking for file /opt/***/data/data.json
[2024-02-12T20:13:53.873+0000] {base.py:73} INFO - Using connection ID 'fs_default' for task execution.
[2024-02-12T20:13:53.873+0000] {filesystem.py:64} INFO - Poking for file /opt/***/data/data.json
[2024-02-12T20:14:03.901+0000] {base.py:73} INFO - Using connection ID 'fs_default' for task execution.
[2024-02-12T20:14:03.901+0000] {filesystem.py:64} INFO - Poking for file /opt/***/data/data.json
[2024-02-12T20:14:13.923+0000] {base.py:73} INFO - Using connection ID 'fs_default' for task execution.
[2024-02-12T20:14:13.924+0000] {filesystem.py:64} INFO - Poking for file /opt/***/data/data.json
[2024-02-12T20:14:23.945+0000] {base.py:73} INFO - Using connection ID 'fs_default' for task execution.
[2024-02-12T20:14:23.946+0000] {filesystem.py:64} INFO - Poking for file /opt/***/data/data.json
[2024-02-12T20:14:33.973+0000] {base.py:73} INFO - Using connection ID 'fs_default' for task execution.
[2024-02-12T20:14:33.974+0000] {filesystem.py:64} INFO - Poking for file /opt/***/data/data.json
[2024-02-12T20:14:44.010+0000] {base.py:73} INFO - Using connection ID 'fs_default' for task execution.
[2024-02-12T20:14:44.010+0000] {filesystem.py:64} INFO - Poking for file /opt/***/data/data.json
[2024-02-12T20:14:54.030+0000] {base.py:73} INFO - Using connection ID 'fs_default' for task execution.
[2024-02-12T20:14:54.037+0000] {filesystem.py:64} INFO - Poking for file /opt/***/data/data.json
[2024-02-12T20:15:04.066+0000] {base.py:73} INFO - Using connection ID 'fs_default' for task execution.
[2024-02-12T20:15:04.066+0000] {filesystem.py:64} INFO - Poking for file /opt/***/data/data.json
[2024-02-12T20:15:14.089+0000] {base.py:73} INFO - Using connection ID 'fs_default' for task execution.
[2024-02-12T20:15:14.090+0000] {filesystem.py:64} INFO - Poking for file /opt/***/data/data.json
[2024-02-12T20:15:24.113+0000] {base.py:73} INFO - Using connection ID 'fs_default' for task execution.
[2024-02-12T20:15:24.114+0000] {filesystem.py:64} INFO - Poking for file /opt/***/data/data.json
[2024-02-12T20:15:34.133+0000] {base.py:73} INFO - Using connection ID 'fs_default' for task execution.
[2024-02-12T20:15:34.133+0000] {filesystem.py:64} INFO - Poking for file /opt/***/data/data.json
[2024-02-12T20:15:44.154+0000] {base.py:73} INFO - Using connection ID 'fs_default' for task execution.
[2024-02-12T20:15:44.155+0000] {filesystem.py:64} INFO - Poking for file /opt/***/data/data.json
[2024-02-12T20:15:54.178+0000] {base.py:73} INFO - Using connection ID 'fs_default' for task execution.
[2024-02-12T20:15:54.178+0000] {filesystem.py:64} INFO - Poking for file /opt/***/data/data.json
[2024-02-12T20:16:04.195+0000] {base.py:73} INFO - Using connection ID 'fs_default' for task execution.
[2024-02-12T20:16:04.196+0000] {filesystem.py:64} INFO - Poking for file /opt/***/data/data.json
[2024-02-12T20:16:14.213+0000] {base.py:73} INFO - Using connection ID 'fs_default' for task execution.
[2024-02-12T20:16:14.214+0000] {filesystem.py:64} INFO - Poking for file /opt/***/data/data.json
[2024-02-12T20:16:24.234+0000] {base.py:73} INFO - Using connection ID 'fs_default' for task execution.
[2024-02-12T20:16:24.235+0000] {filesystem.py:64} INFO - Poking for file /opt/***/data/data.json
[2024-02-12T20:16:34.255+0000] {base.py:73} INFO - Using connection ID 'fs_default' for task execution.
[2024-02-12T20:16:34.256+0000] {filesystem.py:64} INFO - Poking for file /opt/***/data/data.json
[2024-02-12T20:16:44.277+0000] {base.py:73} INFO - Using connection ID 'fs_default' for task execution.
[2024-02-12T20:16:44.277+0000] {filesystem.py:64} INFO - Poking for file /opt/***/data/data.json
[2024-02-12T20:16:54.306+0000] {base.py:73} INFO - Using connection ID 'fs_default' for task execution.
[2024-02-12T20:16:54.306+0000] {filesystem.py:64} INFO - Poking for file /opt/***/data/data.json
[2024-02-12T20:17:04.329+0000] {base.py:73} INFO - Using connection ID 'fs_default' for task execution.
[2024-02-12T20:17:04.329+0000] {filesystem.py:64} INFO - Poking for file /opt/***/data/data.json
[2024-02-12T20:17:14.350+0000] {base.py:73} INFO - Using connection ID 'fs_default' for task execution.
[2024-02-12T20:17:14.350+0000] {filesystem.py:64} INFO - Poking for file /opt/***/data/data.json
[2024-02-12T20:17:24.375+0000] {base.py:73} INFO - Using connection ID 'fs_default' for task execution.
[2024-02-12T20:17:24.375+0000] {filesystem.py:64} INFO - Poking for file /opt/***/data/data.json
[2024-02-12T20:17:34.390+0000] {base.py:73} INFO - Using connection ID 'fs_default' for task execution.
[2024-02-12T20:17:34.390+0000] {filesystem.py:64} INFO - Poking for file /opt/***/data/data.json
[2024-02-12T20:17:44.408+0000] {base.py:73} INFO - Using connection ID 'fs_default' for task execution.
[2024-02-12T20:17:44.408+0000] {filesystem.py:64} INFO - Poking for file /opt/***/data/data.json
[2024-02-12T20:17:54.428+0000] {base.py:73} INFO - Using connection ID 'fs_default' for task execution.
[2024-02-12T20:17:54.428+0000] {filesystem.py:64} INFO - Poking for file /opt/***/data/data.json
[2024-02-12T20:18:04.447+0000] {base.py:73} INFO - Using connection ID 'fs_default' for task execution.
[2024-02-12T20:18:04.448+0000] {filesystem.py:64} INFO - Poking for file /opt/***/data/data.json
[2024-02-12T20:18:14.467+0000] {base.py:73} INFO - Using connection ID 'fs_default' for task execution.
[2024-02-12T20:18:14.468+0000] {filesystem.py:64} INFO - Poking for file /opt/***/data/data.json
[2024-02-12T20:18:24.481+0000] {base.py:73} INFO - Using connection ID 'fs_default' for task execution.
[2024-02-12T20:18:24.481+0000] {filesystem.py:64} INFO - Poking for file /opt/***/data/data.json
[2024-02-12T20:18:34.502+0000] {base.py:73} INFO - Using connection ID 'fs_default' for task execution.
[2024-02-12T20:18:34.502+0000] {filesystem.py:64} INFO - Poking for file /opt/***/data/data.json
[2024-02-12T20:18:44.518+0000] {base.py:73} INFO - Using connection ID 'fs_default' for task execution.
[2024-02-12T20:18:44.518+0000] {filesystem.py:64} INFO - Poking for file /opt/***/data/data.json
[2024-02-12T20:18:54.534+0000] {base.py:73} INFO - Using connection ID 'fs_default' for task execution.
[2024-02-12T20:18:54.534+0000] {filesystem.py:64} INFO - Poking for file /opt/***/data/data.json
[2024-02-12T20:19:04.554+0000] {base.py:73} INFO - Using connection ID 'fs_default' for task execution.
[2024-02-12T20:19:04.555+0000] {filesystem.py:64} INFO - Poking for file /opt/***/data/data.json
[2024-02-12T20:19:14.570+0000] {base.py:73} INFO - Using connection ID 'fs_default' for task execution.
[2024-02-12T20:19:14.570+0000] {filesystem.py:64} INFO - Poking for file /opt/***/data/data.json
[2024-02-12T20:19:24.592+0000] {base.py:73} INFO - Using connection ID 'fs_default' for task execution.
[2024-02-12T20:19:24.593+0000] {filesystem.py:64} INFO - Poking for file /opt/***/data/data.json
[2024-02-12T20:19:34.611+0000] {base.py:73} INFO - Using connection ID 'fs_default' for task execution.
[2024-02-12T20:19:34.612+0000] {filesystem.py:64} INFO - Poking for file /opt/***/data/data.json
[2024-02-12T20:19:44.633+0000] {base.py:73} INFO - Using connection ID 'fs_default' for task execution.
[2024-02-12T20:19:44.633+0000] {filesystem.py:64} INFO - Poking for file /opt/***/data/data.json
[2024-02-12T20:19:54.650+0000] {base.py:73} INFO - Using connection ID 'fs_default' for task execution.
[2024-02-12T20:19:54.650+0000] {filesystem.py:64} INFO - Poking for file /opt/***/data/data.json
[2024-02-12T20:20:04.670+0000] {base.py:73} INFO - Using connection ID 'fs_default' for task execution.
[2024-02-12T20:20:04.670+0000] {filesystem.py:64} INFO - Poking for file /opt/***/data/data.json
[2024-02-12T20:20:14.685+0000] {base.py:73} INFO - Using connection ID 'fs_default' for task execution.
[2024-02-12T20:20:14.685+0000] {filesystem.py:64} INFO - Poking for file /opt/***/data/data.json
[2024-02-12T20:20:24.706+0000] {base.py:73} INFO - Using connection ID 'fs_default' for task execution.
[2024-02-12T20:20:24.706+0000] {filesystem.py:64} INFO - Poking for file /opt/***/data/data.json
[2024-02-12T20:20:34.723+0000] {base.py:73} INFO - Using connection ID 'fs_default' for task execution.
[2024-02-12T20:20:34.724+0000] {filesystem.py:64} INFO - Poking for file /opt/***/data/data.json
[2024-02-12T20:20:44.739+0000] {base.py:73} INFO - Using connection ID 'fs_default' for task execution.
[2024-02-12T20:20:44.740+0000] {filesystem.py:64} INFO - Poking for file /opt/***/data/data.json
[2024-02-12T20:20:54.759+0000] {base.py:73} INFO - Using connection ID 'fs_default' for task execution.
[2024-02-12T20:20:54.760+0000] {filesystem.py:64} INFO - Poking for file /opt/***/data/data.json
[2024-02-12T20:21:04.789+0000] {base.py:73} INFO - Using connection ID 'fs_default' for task execution.
[2024-02-12T20:21:04.789+0000] {filesystem.py:64} INFO - Poking for file /opt/***/data/data.json
[2024-02-12T20:21:14.806+0000] {base.py:73} INFO - Using connection ID 'fs_default' for task execution.
[2024-02-12T20:21:14.806+0000] {filesystem.py:64} INFO - Poking for file /opt/***/data/data.json
[2024-02-12T20:21:24.821+0000] {base.py:73} INFO - Using connection ID 'fs_default' for task execution.
[2024-02-12T20:21:24.822+0000] {filesystem.py:64} INFO - Poking for file /opt/***/data/data.json
[2024-02-12T20:21:34.842+0000] {base.py:73} INFO - Using connection ID 'fs_default' for task execution.
[2024-02-12T20:21:34.842+0000] {filesystem.py:64} INFO - Poking for file /opt/***/data/data.json
[2024-02-12T20:21:44.861+0000] {base.py:73} INFO - Using connection ID 'fs_default' for task execution.
[2024-02-12T20:21:44.861+0000] {filesystem.py:64} INFO - Poking for file /opt/***/data/data.json
[2024-02-12T20:21:54.877+0000] {base.py:73} INFO - Using connection ID 'fs_default' for task execution.
[2024-02-12T20:21:54.878+0000] {filesystem.py:64} INFO - Poking for file /opt/***/data/data.json
