[2024-02-06T20:56:09.653+0000] {taskinstance.py:1083} INFO - Dependencies all met for <TaskInstance: defaultargs.tsk1 scheduled__2024-02-06T12:00:00+00:00 [queued]>
[2024-02-06T20:56:09.671+0000] {taskinstance.py:1083} INFO - Dependencies all met for <TaskInstance: defaultargs.tsk1 scheduled__2024-02-06T12:00:00+00:00 [queued]>
[2024-02-06T20:56:09.671+0000] {taskinstance.py:1279} INFO - 
--------------------------------------------------------------------------------
[2024-02-06T20:56:09.671+0000] {taskinstance.py:1280} INFO - Starting attempt 1 of 4
[2024-02-06T20:56:09.672+0000] {taskinstance.py:1281} INFO - 
--------------------------------------------------------------------------------
[2024-02-06T20:56:09.698+0000] {taskinstance.py:1300} INFO - Executing <Task(BashOperator): tsk1> on 2024-02-06 12:00:00+00:00
[2024-02-06T20:56:09.704+0000] {standard_task_runner.py:55} INFO - Started process 65 to run task
[2024-02-06T20:56:09.709+0000] {standard_task_runner.py:82} INFO - Running: ['***', 'tasks', 'run', 'defaultargs', 'tsk1', 'scheduled__2024-02-06T12:00:00+00:00', '--job-id', '824', '--raw', '--subdir', 'DAGS_FOLDER/defaultargs.py', '--cfg-path', '/tmp/tmpaesljo_m']
[2024-02-06T20:56:09.710+0000] {standard_task_runner.py:83} INFO - Job 824: Subtask tsk1
[2024-02-06T20:56:09.805+0000] {task_command.py:388} INFO - Running <TaskInstance: defaultargs.tsk1 scheduled__2024-02-06T12:00:00+00:00 [running]> on host f8c98ce69515
[2024-02-06T20:56:09.927+0000] {taskinstance.py:1509} INFO - Exporting the following env vars:
AIRFLOW_CTX_DAG_EMAIL=teste@teste.com
AIRFLOW_CTX_DAG_OWNER=***
AIRFLOW_CTX_DAG_ID=defaultargs
AIRFLOW_CTX_TASK_ID=tsk1
AIRFLOW_CTX_EXECUTION_DATE=2024-02-06T12:00:00+00:00
AIRFLOW_CTX_TRY_NUMBER=1
AIRFLOW_CTX_DAG_RUN_ID=scheduled__2024-02-06T12:00:00+00:00
[2024-02-06T20:56:09.929+0000] {subprocess.py:63} INFO - Tmp dir root location: 
 /tmp
[2024-02-06T20:56:09.930+0000] {subprocess.py:75} INFO - Running command: ['/bin/bash', '-c', 'sleep 5']
[2024-02-06T20:56:09.941+0000] {subprocess.py:86} INFO - Output:
[2024-02-06T20:56:14.948+0000] {subprocess.py:97} INFO - Command exited with return code 0
[2024-02-06T20:56:15.067+0000] {taskinstance.py:1323} INFO - Marking task as SUCCESS. dag_id=defaultargs, task_id=tsk1, execution_date=20240206T120000, start_date=20240206T205609, end_date=20240206T205615
[2024-02-06T20:56:15.157+0000] {local_task_job.py:208} INFO - Task exited with return code 0
[2024-02-06T20:56:15.291+0000] {taskinstance.py:2578} INFO - 1 downstream tasks scheduled from follow-on schedule check
