[2024-02-03T19:00:01.742+0000] {taskinstance.py:1083} INFO - Dependencies all met for <TaskInstance: defaultargs.tsk1 scheduled__2024-02-03T18:00:00+00:00 [queued]>
[2024-02-03T19:00:01.765+0000] {taskinstance.py:1083} INFO - Dependencies all met for <TaskInstance: defaultargs.tsk1 scheduled__2024-02-03T18:00:00+00:00 [queued]>
[2024-02-03T19:00:01.765+0000] {taskinstance.py:1279} INFO - 
--------------------------------------------------------------------------------
[2024-02-03T19:00:01.765+0000] {taskinstance.py:1280} INFO - Starting attempt 1 of 4
[2024-02-03T19:00:01.765+0000] {taskinstance.py:1281} INFO - 
--------------------------------------------------------------------------------
[2024-02-03T19:00:01.795+0000] {taskinstance.py:1300} INFO - Executing <Task(BashOperator): tsk1> on 2024-02-03 18:00:00+00:00
[2024-02-03T19:00:01.802+0000] {standard_task_runner.py:55} INFO - Started process 1538 to run task
[2024-02-03T19:00:01.810+0000] {standard_task_runner.py:82} INFO - Running: ['***', 'tasks', 'run', 'defaultargs', 'tsk1', 'scheduled__2024-02-03T18:00:00+00:00', '--job-id', '591', '--raw', '--subdir', 'DAGS_FOLDER/defaultargs.py', '--cfg-path', '/tmp/tmps9pc3kuj']
[2024-02-03T19:00:01.811+0000] {standard_task_runner.py:83} INFO - Job 591: Subtask tsk1
[2024-02-03T19:00:01.965+0000] {task_command.py:388} INFO - Running <TaskInstance: defaultargs.tsk1 scheduled__2024-02-03T18:00:00+00:00 [running]> on host 5b3777e64f6c
[2024-02-03T19:00:02.139+0000] {taskinstance.py:1509} INFO - Exporting the following env vars:
AIRFLOW_CTX_DAG_EMAIL=teste@teste.com
AIRFLOW_CTX_DAG_OWNER=***
AIRFLOW_CTX_DAG_ID=defaultargs
AIRFLOW_CTX_TASK_ID=tsk1
AIRFLOW_CTX_EXECUTION_DATE=2024-02-03T18:00:00+00:00
AIRFLOW_CTX_TRY_NUMBER=1
AIRFLOW_CTX_DAG_RUN_ID=scheduled__2024-02-03T18:00:00+00:00
[2024-02-03T19:00:02.141+0000] {subprocess.py:63} INFO - Tmp dir root location: 
 /tmp
[2024-02-03T19:00:02.142+0000] {subprocess.py:75} INFO - Running command: ['/bin/bash', '-c', 'sleep 5']
[2024-02-03T19:00:02.153+0000] {subprocess.py:86} INFO - Output:
[2024-02-03T19:00:07.159+0000] {subprocess.py:97} INFO - Command exited with return code 0
[2024-02-03T19:00:07.261+0000] {taskinstance.py:1323} INFO - Marking task as SUCCESS. dag_id=defaultargs, task_id=tsk1, execution_date=20240203T180000, start_date=20240203T190001, end_date=20240203T190007
[2024-02-03T19:00:07.328+0000] {local_task_job.py:208} INFO - Task exited with return code 0
[2024-02-03T19:00:07.394+0000] {taskinstance.py:2578} INFO - 1 downstream tasks scheduled from follow-on schedule check
