[2024-02-12T19:18:56.826+0000] {taskinstance.py:1083} INFO - Dependencies all met for <TaskInstance: windturbine.get_data scheduled__2024-02-12T19:15:00+00:00 [queued]>
[2024-02-12T19:18:56.873+0000] {taskinstance.py:1083} INFO - Dependencies all met for <TaskInstance: windturbine.get_data scheduled__2024-02-12T19:15:00+00:00 [queued]>
[2024-02-12T19:18:56.874+0000] {taskinstance.py:1279} INFO - 
--------------------------------------------------------------------------------
[2024-02-12T19:18:56.874+0000] {taskinstance.py:1280} INFO - Starting attempt 1 of 2
[2024-02-12T19:18:56.874+0000] {taskinstance.py:1281} INFO - 
--------------------------------------------------------------------------------
[2024-02-12T19:18:56.915+0000] {taskinstance.py:1300} INFO - Executing <Task(PythonOperator): get_data> on 2024-02-12 19:15:00+00:00
[2024-02-12T19:18:56.928+0000] {standard_task_runner.py:55} INFO - Started process 1664 to run task
[2024-02-12T19:18:56.939+0000] {standard_task_runner.py:82} INFO - Running: ['***', 'tasks', 'run', 'windturbine', 'get_data', 'scheduled__2024-02-12T19:15:00+00:00', '--job-id', '1107', '--raw', '--subdir', 'DAGS_FOLDER/windturbine.py', '--cfg-path', '/tmp/tmp9lg6bzey']
[2024-02-12T19:18:56.943+0000] {standard_task_runner.py:83} INFO - Job 1107: Subtask get_data
[2024-02-12T19:18:57.114+0000] {task_command.py:388} INFO - Running <TaskInstance: windturbine.get_data scheduled__2024-02-12T19:15:00+00:00 [running]> on host b5b8d61630c3
[2024-02-12T19:18:57.349+0000] {taskinstance.py:1509} INFO - Exporting the following env vars:
AIRFLOW_CTX_DAG_EMAIL=guilherme.ribeiro.business@gmail.com
AIRFLOW_CTX_DAG_OWNER=***
AIRFLOW_CTX_DAG_ID=windturbine
AIRFLOW_CTX_TASK_ID=get_data
AIRFLOW_CTX_EXECUTION_DATE=2024-02-12T19:15:00+00:00
AIRFLOW_CTX_TRY_NUMBER=1
AIRFLOW_CTX_DAG_RUN_ID=scheduled__2024-02-12T19:15:00+00:00
[2024-02-12T19:18:57.595+0000] {python.py:177} INFO - Done. Returned value was: None
[2024-02-12T19:18:57.631+0000] {taskinstance.py:1323} INFO - Marking task as SUCCESS. dag_id=windturbine, task_id=get_data, execution_date=20240212T191500, start_date=20240212T191856, end_date=20240212T191857
[2024-02-12T19:18:57.694+0000] {local_task_job.py:208} INFO - Task exited with return code 0
[2024-02-12T19:18:57.795+0000] {taskinstance.py:2578} INFO - 2 downstream tasks scheduled from follow-on schedule check
