[2024-02-10T16:00:13.818+0000] {taskinstance.py:1083} INFO - Dependencies all met for <TaskInstance: defaultargs.tsk3 scheduled__2024-02-10T15:00:00+00:00 [queued]>
[2024-02-10T16:00:13.836+0000] {taskinstance.py:1083} INFO - Dependencies all met for <TaskInstance: defaultargs.tsk3 scheduled__2024-02-10T15:00:00+00:00 [queued]>
[2024-02-10T16:00:13.836+0000] {taskinstance.py:1279} INFO - 
--------------------------------------------------------------------------------
[2024-02-10T16:00:13.836+0000] {taskinstance.py:1280} INFO - Starting attempt 1 of 2
[2024-02-10T16:00:13.836+0000] {taskinstance.py:1281} INFO - 
--------------------------------------------------------------------------------
[2024-02-10T16:00:13.863+0000] {taskinstance.py:1300} INFO - Executing <Task(BashOperator): tsk3> on 2024-02-10 15:00:00+00:00
[2024-02-10T16:00:13.870+0000] {standard_task_runner.py:55} INFO - Started process 15245 to run task
[2024-02-10T16:00:13.875+0000] {standard_task_runner.py:82} INFO - Running: ['***', 'tasks', 'run', 'defaultargs', 'tsk3', 'scheduled__2024-02-10T15:00:00+00:00', '--job-id', '893', '--raw', '--subdir', 'DAGS_FOLDER/defaultargs.py', '--cfg-path', '/tmp/tmpxpd_ncoz']
[2024-02-10T16:00:13.876+0000] {standard_task_runner.py:83} INFO - Job 893: Subtask tsk3
[2024-02-10T16:00:14.006+0000] {task_command.py:388} INFO - Running <TaskInstance: defaultargs.tsk3 scheduled__2024-02-10T15:00:00+00:00 [running]> on host f8c98ce69515
[2024-02-10T16:00:14.161+0000] {taskinstance.py:1509} INFO - Exporting the following env vars:
AIRFLOW_CTX_DAG_EMAIL=teste@teste.com
AIRFLOW_CTX_DAG_OWNER=***
AIRFLOW_CTX_DAG_ID=defaultargs
AIRFLOW_CTX_TASK_ID=tsk3
AIRFLOW_CTX_EXECUTION_DATE=2024-02-10T15:00:00+00:00
AIRFLOW_CTX_TRY_NUMBER=1
AIRFLOW_CTX_DAG_RUN_ID=scheduled__2024-02-10T15:00:00+00:00
[2024-02-10T16:00:14.163+0000] {subprocess.py:63} INFO - Tmp dir root location: 
 /tmp
[2024-02-10T16:00:14.164+0000] {subprocess.py:75} INFO - Running command: ['/bin/bash', '-c', 'sleep 5']
[2024-02-10T16:00:14.180+0000] {subprocess.py:86} INFO - Output:
[2024-02-10T16:00:19.187+0000] {subprocess.py:97} INFO - Command exited with return code 0
[2024-02-10T16:00:19.230+0000] {taskinstance.py:1323} INFO - Marking task as SUCCESS. dag_id=defaultargs, task_id=tsk3, execution_date=20240210T150000, start_date=20240210T160013, end_date=20240210T160019
[2024-02-10T16:00:19.284+0000] {local_task_job.py:208} INFO - Task exited with return code 0
[2024-02-10T16:00:19.309+0000] {taskinstance.py:2578} INFO - 0 downstream tasks scheduled from follow-on schedule check
