[2024-02-10T22:08:18.542+0000] {taskinstance.py:1083} INFO - Dependencies all met for <TaskInstance: bancodedados.print_result_task manual__2024-02-10T22:08:09.917998+00:00 [queued]>
[2024-02-10T22:08:18.566+0000] {taskinstance.py:1083} INFO - Dependencies all met for <TaskInstance: bancodedados.print_result_task manual__2024-02-10T22:08:09.917998+00:00 [queued]>
[2024-02-10T22:08:18.567+0000] {taskinstance.py:1279} INFO - 
--------------------------------------------------------------------------------
[2024-02-10T22:08:18.567+0000] {taskinstance.py:1280} INFO - Starting attempt 1 of 1
[2024-02-10T22:08:18.567+0000] {taskinstance.py:1281} INFO - 
--------------------------------------------------------------------------------
[2024-02-10T22:08:18.597+0000] {taskinstance.py:1300} INFO - Executing <Task(PythonOperator): print_result_task> on 2024-02-10 22:08:09.917998+00:00
[2024-02-10T22:08:18.606+0000] {standard_task_runner.py:55} INFO - Started process 34810 to run task
[2024-02-10T22:08:18.630+0000] {standard_task_runner.py:82} INFO - Running: ['***', 'tasks', 'run', 'bancodedados', 'print_result_task', 'manual__2024-02-10T22:08:09.917998+00:00', '--job-id', '927', '--raw', '--subdir', 'DAGS_FOLDER/bancodedados.py', '--cfg-path', '/tmp/tmpxpsbayz1']
[2024-02-10T22:08:18.632+0000] {standard_task_runner.py:83} INFO - Job 927: Subtask print_result_task
[2024-02-10T22:08:18.773+0000] {task_command.py:388} INFO - Running <TaskInstance: bancodedados.print_result_task manual__2024-02-10T22:08:09.917998+00:00 [running]> on host f8c98ce69515
[2024-02-10T22:08:18.942+0000] {taskinstance.py:1509} INFO - Exporting the following env vars:
AIRFLOW_CTX_DAG_OWNER=***
AIRFLOW_CTX_DAG_ID=bancodedados
AIRFLOW_CTX_TASK_ID=print_result_task
AIRFLOW_CTX_EXECUTION_DATE=2024-02-10T22:08:09.917998+00:00
AIRFLOW_CTX_TRY_NUMBER=1
AIRFLOW_CTX_DAG_RUN_ID=manual__2024-02-10T22:08:09.917998+00:00
[2024-02-10T22:08:18.968+0000] {logging_mixin.py:137} INFO - Resultado da consulta
[2024-02-10T22:08:18.969+0000] {logging_mixin.py:137} INFO - [1]
[2024-02-10T22:08:18.969+0000] {logging_mixin.py:137} INFO - [1]
[2024-02-10T22:08:18.970+0000] {python.py:177} INFO - Done. Returned value was: None
[2024-02-10T22:08:18.991+0000] {taskinstance.py:1323} INFO - Marking task as SUCCESS. dag_id=bancodedados, task_id=print_result_task, execution_date=20240210T220809, start_date=20240210T220818, end_date=20240210T220818
[2024-02-10T22:08:19.036+0000] {local_task_job.py:208} INFO - Task exited with return code 0
[2024-02-10T22:08:19.074+0000] {taskinstance.py:2578} INFO - 0 downstream tasks scheduled from follow-on schedule check
