[2024-02-06T22:58:26.664+0000] {taskinstance.py:1083} INFO - Dependencies all met for <TaskInstance: defaultargs.tsk1 scheduled__2024-02-06T21:00:00+00:00 [queued]>
[2024-02-06T22:58:26.691+0000] {taskinstance.py:1083} INFO - Dependencies all met for <TaskInstance: defaultargs.tsk1 scheduled__2024-02-06T21:00:00+00:00 [queued]>
[2024-02-06T22:58:26.691+0000] {taskinstance.py:1279} INFO - 
--------------------------------------------------------------------------------
[2024-02-06T22:58:26.691+0000] {taskinstance.py:1280} INFO - Starting attempt 1 of 4
[2024-02-06T22:58:26.692+0000] {taskinstance.py:1281} INFO - 
--------------------------------------------------------------------------------
[2024-02-06T22:58:26.751+0000] {taskinstance.py:1300} INFO - Executing <Task(BashOperator): tsk1> on 2024-02-06 21:00:00+00:00
[2024-02-06T22:58:26.758+0000] {standard_task_runner.py:55} INFO - Started process 1032 to run task
[2024-02-06T22:58:26.771+0000] {standard_task_runner.py:82} INFO - Running: ['***', 'tasks', 'run', 'defaultargs', 'tsk1', 'scheduled__2024-02-06T21:00:00+00:00', '--job-id', '833', '--raw', '--subdir', 'DAGS_FOLDER/defaultargs.py', '--cfg-path', '/tmp/tmpyoyz73cr']
[2024-02-06T22:58:26.772+0000] {standard_task_runner.py:83} INFO - Job 833: Subtask tsk1
[2024-02-06T22:58:26.959+0000] {task_command.py:388} INFO - Running <TaskInstance: defaultargs.tsk1 scheduled__2024-02-06T21:00:00+00:00 [running]> on host f8c98ce69515
[2024-02-06T22:58:27.163+0000] {taskinstance.py:1509} INFO - Exporting the following env vars:
AIRFLOW_CTX_DAG_EMAIL=teste@teste.com
AIRFLOW_CTX_DAG_OWNER=***
AIRFLOW_CTX_DAG_ID=defaultargs
AIRFLOW_CTX_TASK_ID=tsk1
AIRFLOW_CTX_EXECUTION_DATE=2024-02-06T21:00:00+00:00
AIRFLOW_CTX_TRY_NUMBER=1
AIRFLOW_CTX_DAG_RUN_ID=scheduled__2024-02-06T21:00:00+00:00
[2024-02-06T22:58:27.164+0000] {subprocess.py:63} INFO - Tmp dir root location: 
 /tmp
[2024-02-06T22:58:27.165+0000] {subprocess.py:75} INFO - Running command: ['/bin/bash', '-c', 'sleep 5']
[2024-02-06T22:58:27.192+0000] {subprocess.py:86} INFO - Output:
[2024-02-06T22:58:32.207+0000] {subprocess.py:97} INFO - Command exited with return code 0
[2024-02-06T22:58:32.260+0000] {taskinstance.py:1323} INFO - Marking task as SUCCESS. dag_id=defaultargs, task_id=tsk1, execution_date=20240206T210000, start_date=20240206T225826, end_date=20240206T225832
[2024-02-06T22:58:32.310+0000] {local_task_job.py:208} INFO - Task exited with return code 0
[2024-02-06T22:58:32.373+0000] {taskinstance.py:2578} INFO - 1 downstream tasks scheduled from follow-on schedule check
