[2024-02-07T23:00:00.811+0000] {taskinstance.py:1083} INFO - Dependencies all met for <TaskInstance: defaultargs.tsk1 scheduled__2024-02-07T22:00:00+00:00 [queued]>
[2024-02-07T23:00:00.823+0000] {taskinstance.py:1083} INFO - Dependencies all met for <TaskInstance: defaultargs.tsk1 scheduled__2024-02-07T22:00:00+00:00 [queued]>
[2024-02-07T23:00:00.823+0000] {taskinstance.py:1279} INFO - 
--------------------------------------------------------------------------------
[2024-02-07T23:00:00.824+0000] {taskinstance.py:1280} INFO - Starting attempt 1 of 4
[2024-02-07T23:00:00.824+0000] {taskinstance.py:1281} INFO - 
--------------------------------------------------------------------------------
[2024-02-07T23:00:00.847+0000] {taskinstance.py:1300} INFO - Executing <Task(BashOperator): tsk1> on 2024-02-07 22:00:00+00:00
[2024-02-07T23:00:00.854+0000] {standard_task_runner.py:55} INFO - Started process 6542 to run task
[2024-02-07T23:00:00.860+0000] {standard_task_runner.py:82} INFO - Running: ['***', 'tasks', 'run', 'defaultargs', 'tsk1', 'scheduled__2024-02-07T22:00:00+00:00', '--job-id', '862', '--raw', '--subdir', 'DAGS_FOLDER/defaultargs.py', '--cfg-path', '/tmp/tmp1o4x0j2p']
[2024-02-07T23:00:00.861+0000] {standard_task_runner.py:83} INFO - Job 862: Subtask tsk1
[2024-02-07T23:00:00.958+0000] {task_command.py:388} INFO - Running <TaskInstance: defaultargs.tsk1 scheduled__2024-02-07T22:00:00+00:00 [running]> on host f8c98ce69515
[2024-02-07T23:00:01.060+0000] {taskinstance.py:1509} INFO - Exporting the following env vars:
AIRFLOW_CTX_DAG_EMAIL=teste@teste.com
AIRFLOW_CTX_DAG_OWNER=***
AIRFLOW_CTX_DAG_ID=defaultargs
AIRFLOW_CTX_TASK_ID=tsk1
AIRFLOW_CTX_EXECUTION_DATE=2024-02-07T22:00:00+00:00
AIRFLOW_CTX_TRY_NUMBER=1
AIRFLOW_CTX_DAG_RUN_ID=scheduled__2024-02-07T22:00:00+00:00
[2024-02-07T23:00:01.062+0000] {subprocess.py:63} INFO - Tmp dir root location: 
 /tmp
[2024-02-07T23:00:01.063+0000] {subprocess.py:75} INFO - Running command: ['/bin/bash', '-c', 'sleep 5']
[2024-02-07T23:00:01.075+0000] {subprocess.py:86} INFO - Output:
[2024-02-07T23:00:06.080+0000] {subprocess.py:97} INFO - Command exited with return code 0
[2024-02-07T23:00:06.124+0000] {taskinstance.py:1323} INFO - Marking task as SUCCESS. dag_id=defaultargs, task_id=tsk1, execution_date=20240207T220000, start_date=20240207T230000, end_date=20240207T230006
[2024-02-07T23:00:06.191+0000] {local_task_job.py:208} INFO - Task exited with return code 0
[2024-02-07T23:00:06.235+0000] {taskinstance.py:2578} INFO - 1 downstream tasks scheduled from follow-on schedule check
