[2024-01-31T02:00:01.502+0000] {taskinstance.py:1083} INFO - Dependencies all met for <TaskInstance: defaultargs.tsk1 scheduled__2024-01-31T01:00:00+00:00 [queued]>
[2024-01-31T02:00:01.523+0000] {taskinstance.py:1083} INFO - Dependencies all met for <TaskInstance: defaultargs.tsk1 scheduled__2024-01-31T01:00:00+00:00 [queued]>
[2024-01-31T02:00:01.524+0000] {taskinstance.py:1279} INFO - 
--------------------------------------------------------------------------------
[2024-01-31T02:00:01.524+0000] {taskinstance.py:1280} INFO - Starting attempt 1 of 4
[2024-01-31T02:00:01.524+0000] {taskinstance.py:1281} INFO - 
--------------------------------------------------------------------------------
[2024-01-31T02:00:01.557+0000] {taskinstance.py:1300} INFO - Executing <Task(BashOperator): tsk1> on 2024-01-31 01:00:00+00:00
[2024-01-31T02:00:01.565+0000] {standard_task_runner.py:55} INFO - Started process 16706 to run task
[2024-01-31T02:00:01.576+0000] {standard_task_runner.py:82} INFO - Running: ['***', 'tasks', 'run', 'defaultargs', 'tsk1', 'scheduled__2024-01-31T01:00:00+00:00', '--job-id', '435', '--raw', '--subdir', 'DAGS_FOLDER/defaultargs.py', '--cfg-path', '/tmp/tmpoq9i6i65']
[2024-01-31T02:00:01.581+0000] {standard_task_runner.py:83} INFO - Job 435: Subtask tsk1
[2024-01-31T02:00:01.745+0000] {task_command.py:388} INFO - Running <TaskInstance: defaultargs.tsk1 scheduled__2024-01-31T01:00:00+00:00 [running]> on host 5b3777e64f6c
[2024-01-31T02:00:01.865+0000] {taskinstance.py:1509} INFO - Exporting the following env vars:
AIRFLOW_CTX_DAG_EMAIL=teste@teste.com
AIRFLOW_CTX_DAG_OWNER=***
AIRFLOW_CTX_DAG_ID=defaultargs
AIRFLOW_CTX_TASK_ID=tsk1
AIRFLOW_CTX_EXECUTION_DATE=2024-01-31T01:00:00+00:00
AIRFLOW_CTX_TRY_NUMBER=1
AIRFLOW_CTX_DAG_RUN_ID=scheduled__2024-01-31T01:00:00+00:00
[2024-01-31T02:00:01.867+0000] {subprocess.py:63} INFO - Tmp dir root location: 
 /tmp
[2024-01-31T02:00:01.868+0000] {subprocess.py:75} INFO - Running command: ['/bin/bash', '-c', 'sleep 5']
[2024-01-31T02:00:01.880+0000] {subprocess.py:86} INFO - Output:
[2024-01-31T02:00:06.885+0000] {subprocess.py:97} INFO - Command exited with return code 0
[2024-01-31T02:00:06.932+0000] {taskinstance.py:1323} INFO - Marking task as SUCCESS. dag_id=defaultargs, task_id=tsk1, execution_date=20240131T010000, start_date=20240131T020001, end_date=20240131T020006
[2024-01-31T02:00:06.994+0000] {local_task_job.py:208} INFO - Task exited with return code 0
[2024-01-31T02:00:07.043+0000] {taskinstance.py:2578} INFO - 1 downstream tasks scheduled from follow-on schedule check
