[2024-02-05T21:23:33.533+0000] {taskinstance.py:1083} INFO - Dependencies all met for <TaskInstance: defaultargs.tsk3 scheduled__2024-02-05T20:00:00+00:00 [queued]>
[2024-02-05T21:23:33.556+0000] {taskinstance.py:1083} INFO - Dependencies all met for <TaskInstance: defaultargs.tsk3 scheduled__2024-02-05T20:00:00+00:00 [queued]>
[2024-02-05T21:23:33.556+0000] {taskinstance.py:1279} INFO - 
--------------------------------------------------------------------------------
[2024-02-05T21:23:33.556+0000] {taskinstance.py:1280} INFO - Starting attempt 1 of 2
[2024-02-05T21:23:33.557+0000] {taskinstance.py:1281} INFO - 
--------------------------------------------------------------------------------
[2024-02-05T21:23:33.590+0000] {taskinstance.py:1300} INFO - Executing <Task(BashOperator): tsk3> on 2024-02-05 20:00:00+00:00
[2024-02-05T21:23:33.597+0000] {standard_task_runner.py:55} INFO - Started process 92 to run task
[2024-02-05T21:23:33.605+0000] {standard_task_runner.py:82} INFO - Running: ['***', 'tasks', 'run', 'defaultargs', 'tsk3', 'scheduled__2024-02-05T20:00:00+00:00', '--job-id', '776', '--raw', '--subdir', 'DAGS_FOLDER/defaultargs.py', '--cfg-path', '/tmp/tmp0p7f5j_n']
[2024-02-05T21:23:33.606+0000] {standard_task_runner.py:83} INFO - Job 776: Subtask tsk3
[2024-02-05T21:23:33.733+0000] {task_command.py:388} INFO - Running <TaskInstance: defaultargs.tsk3 scheduled__2024-02-05T20:00:00+00:00 [running]> on host f8c98ce69515
[2024-02-05T21:23:33.872+0000] {taskinstance.py:1509} INFO - Exporting the following env vars:
AIRFLOW_CTX_DAG_EMAIL=teste@teste.com
AIRFLOW_CTX_DAG_OWNER=***
AIRFLOW_CTX_DAG_ID=defaultargs
AIRFLOW_CTX_TASK_ID=tsk3
AIRFLOW_CTX_EXECUTION_DATE=2024-02-05T20:00:00+00:00
AIRFLOW_CTX_TRY_NUMBER=1
AIRFLOW_CTX_DAG_RUN_ID=scheduled__2024-02-05T20:00:00+00:00
[2024-02-05T21:23:33.874+0000] {subprocess.py:63} INFO - Tmp dir root location: 
 /tmp
[2024-02-05T21:23:33.874+0000] {subprocess.py:75} INFO - Running command: ['/bin/bash', '-c', 'sleep 5']
[2024-02-05T21:23:33.886+0000] {subprocess.py:86} INFO - Output:
[2024-02-05T21:23:38.892+0000] {subprocess.py:97} INFO - Command exited with return code 0
[2024-02-05T21:23:38.951+0000] {taskinstance.py:1323} INFO - Marking task as SUCCESS. dag_id=defaultargs, task_id=tsk3, execution_date=20240205T200000, start_date=20240205T212333, end_date=20240205T212338
[2024-02-05T21:23:39.026+0000] {local_task_job.py:208} INFO - Task exited with return code 0
[2024-02-05T21:23:39.059+0000] {taskinstance.py:2578} INFO - 0 downstream tasks scheduled from follow-on schedule check
