[2024-01-29T10:16:07.485+0000] {taskinstance.py:1083} INFO - Dependencies all met for <TaskInstance: defaultargs.tsk1 scheduled__2024-01-29T09:00:00+00:00 [queued]>
[2024-01-29T10:16:07.589+0000] {taskinstance.py:1083} INFO - Dependencies all met for <TaskInstance: defaultargs.tsk1 scheduled__2024-01-29T09:00:00+00:00 [queued]>
[2024-01-29T10:16:07.589+0000] {taskinstance.py:1279} INFO - 
--------------------------------------------------------------------------------
[2024-01-29T10:16:07.590+0000] {taskinstance.py:1280} INFO - Starting attempt 1 of 4
[2024-01-29T10:16:07.590+0000] {taskinstance.py:1281} INFO - 
--------------------------------------------------------------------------------
[2024-01-29T10:16:07.710+0000] {taskinstance.py:1300} INFO - Executing <Task(BashOperator): tsk1> on 2024-01-29 09:00:00+00:00
[2024-01-29T10:16:07.736+0000] {standard_task_runner.py:55} INFO - Started process 80 to run task
[2024-01-29T10:16:07.754+0000] {standard_task_runner.py:82} INFO - Running: ['***', 'tasks', 'run', 'defaultargs', 'tsk1', 'scheduled__2024-01-29T09:00:00+00:00', '--job-id', '295', '--raw', '--subdir', 'DAGS_FOLDER/defaultargs.py', '--cfg-path', '/tmp/tmpszu9ffik']
[2024-01-29T10:16:07.755+0000] {standard_task_runner.py:83} INFO - Job 295: Subtask tsk1
[2024-01-29T10:16:08.136+0000] {task_command.py:388} INFO - Running <TaskInstance: defaultargs.tsk1 scheduled__2024-01-29T09:00:00+00:00 [running]> on host 5b3777e64f6c
[2024-01-29T10:16:08.728+0000] {taskinstance.py:1509} INFO - Exporting the following env vars:
AIRFLOW_CTX_DAG_EMAIL=teste@teste.com
AIRFLOW_CTX_DAG_OWNER=***
AIRFLOW_CTX_DAG_ID=defaultargs
AIRFLOW_CTX_TASK_ID=tsk1
AIRFLOW_CTX_EXECUTION_DATE=2024-01-29T09:00:00+00:00
AIRFLOW_CTX_TRY_NUMBER=1
AIRFLOW_CTX_DAG_RUN_ID=scheduled__2024-01-29T09:00:00+00:00
[2024-01-29T10:16:08.729+0000] {subprocess.py:63} INFO - Tmp dir root location: 
 /tmp
[2024-01-29T10:16:08.730+0000] {subprocess.py:75} INFO - Running command: ['/bin/bash', '-c', 'sleep 5']
[2024-01-29T10:16:08.798+0000] {subprocess.py:86} INFO - Output:
[2024-01-29T10:16:13.830+0000] {subprocess.py:97} INFO - Command exited with return code 0
[2024-01-29T10:16:13.880+0000] {taskinstance.py:1323} INFO - Marking task as SUCCESS. dag_id=defaultargs, task_id=tsk1, execution_date=20240129T090000, start_date=20240129T101607, end_date=20240129T101613
[2024-01-29T10:16:13.928+0000] {local_task_job.py:208} INFO - Task exited with return code 0
[2024-01-29T10:16:13.984+0000] {taskinstance.py:2578} INFO - 1 downstream tasks scheduled from follow-on schedule check
