[2024-02-12T18:58:43.904+0000] {taskinstance.py:1083} INFO - Dependencies all met for <TaskInstance: windturbine.group_database.create_table manual__2024-02-12T18:58:30.253119+00:00 [queued]>
[2024-02-12T18:58:43.928+0000] {taskinstance.py:1083} INFO - Dependencies all met for <TaskInstance: windturbine.group_database.create_table manual__2024-02-12T18:58:30.253119+00:00 [queued]>
[2024-02-12T18:58:43.929+0000] {taskinstance.py:1279} INFO - 
--------------------------------------------------------------------------------
[2024-02-12T18:58:43.929+0000] {taskinstance.py:1280} INFO - Starting attempt 1 of 2
[2024-02-12T18:58:43.930+0000] {taskinstance.py:1281} INFO - 
--------------------------------------------------------------------------------
[2024-02-12T18:58:43.979+0000] {taskinstance.py:1300} INFO - Executing <Task(PostgresOperator): group_database.create_table> on 2024-02-12 18:58:30.253119+00:00
[2024-02-12T18:58:43.994+0000] {standard_task_runner.py:55} INFO - Started process 602 to run task
[2024-02-12T18:58:44.028+0000] {standard_task_runner.py:82} INFO - Running: ['***', 'tasks', 'run', 'windturbine', 'group_database.create_table', 'manual__2024-02-12T18:58:30.253119+00:00', '--job-id', '1094', '--raw', '--subdir', 'DAGS_FOLDER/windturbine.py', '--cfg-path', '/tmp/tmp1m348lv9']
[2024-02-12T18:58:44.052+0000] {standard_task_runner.py:83} INFO - Job 1094: Subtask group_database.create_table
[2024-02-12T18:58:44.337+0000] {task_command.py:388} INFO - Running <TaskInstance: windturbine.group_database.create_table manual__2024-02-12T18:58:30.253119+00:00 [running]> on host b5b8d61630c3
[2024-02-12T18:58:44.506+0000] {taskinstance.py:1509} INFO - Exporting the following env vars:
AIRFLOW_CTX_DAG_EMAIL=guilherme.ribeiro.business@gmail.com
AIRFLOW_CTX_DAG_OWNER=***
AIRFLOW_CTX_DAG_ID=windturbine
AIRFLOW_CTX_TASK_ID=group_database.create_table
AIRFLOW_CTX_EXECUTION_DATE=2024-02-12T18:58:30.253119+00:00
AIRFLOW_CTX_TRY_NUMBER=1
AIRFLOW_CTX_DAG_RUN_ID=manual__2024-02-12T18:58:30.253119+00:00
[2024-02-12T18:58:44.507+0000] {sql.py:254} INFO - Executing: create table if not exists
                                sensors (idtemp varchar, powerfactor varchar,
                                hydraulicpressure varchar, temperature varchar,
                                timestamp varchar);
                                
[2024-02-12T18:58:44.525+0000] {base.py:73} INFO - Using connection ID 'postgres' for task execution.
[2024-02-12T18:58:45.291+0000] {base.py:73} INFO - Using connection ID 'postgres' for task execution.
[2024-02-12T18:58:45.299+0000] {sql.py:375} INFO - Running statement: create table if not exists
                                sensors (idtemp varchar, powerfactor varchar,
                                hydraulicpressure varchar, temperature varchar,
                                timestamp varchar);
                                , parameters: None
[2024-02-12T18:58:45.339+0000] {taskinstance.py:1323} INFO - Marking task as SUCCESS. dag_id=windturbine, task_id=group_database.create_table, execution_date=20240212T185830, start_date=20240212T185843, end_date=20240212T185845
[2024-02-12T18:58:45.386+0000] {local_task_job.py:208} INFO - Task exited with return code 0
[2024-02-12T18:58:45.420+0000] {taskinstance.py:2578} INFO - 1 downstream tasks scheduled from follow-on schedule check
