[2024-02-11T16:00:14.187+0000] {taskinstance.py:1083} INFO - Dependencies all met for <TaskInstance: defaultargs.tsk3 scheduled__2024-02-11T15:00:00+00:00 [queued]>
[2024-02-11T16:00:14.201+0000] {taskinstance.py:1083} INFO - Dependencies all met for <TaskInstance: defaultargs.tsk3 scheduled__2024-02-11T15:00:00+00:00 [queued]>
[2024-02-11T16:00:14.201+0000] {taskinstance.py:1279} INFO - 
--------------------------------------------------------------------------------
[2024-02-11T16:00:14.201+0000] {taskinstance.py:1280} INFO - Starting attempt 1 of 2
[2024-02-11T16:00:14.201+0000] {taskinstance.py:1281} INFO - 
--------------------------------------------------------------------------------
[2024-02-11T16:00:14.217+0000] {taskinstance.py:1300} INFO - Executing <Task(BashOperator): tsk3> on 2024-02-11 15:00:00+00:00
[2024-02-11T16:00:14.222+0000] {standard_task_runner.py:55} INFO - Started process 93021 to run task
[2024-02-11T16:00:14.227+0000] {standard_task_runner.py:82} INFO - Running: ['***', 'tasks', 'run', 'defaultargs', 'tsk3', 'scheduled__2024-02-11T15:00:00+00:00', '--job-id', '981', '--raw', '--subdir', 'DAGS_FOLDER/defaultargs.py', '--cfg-path', '/tmp/tmpblq9_2zv']
[2024-02-11T16:00:14.227+0000] {standard_task_runner.py:83} INFO - Job 981: Subtask tsk3
[2024-02-11T16:00:14.309+0000] {task_command.py:388} INFO - Running <TaskInstance: defaultargs.tsk3 scheduled__2024-02-11T15:00:00+00:00 [running]> on host f8c98ce69515
[2024-02-11T16:00:14.415+0000] {taskinstance.py:1509} INFO - Exporting the following env vars:
AIRFLOW_CTX_DAG_EMAIL=teste@teste.com
AIRFLOW_CTX_DAG_OWNER=***
AIRFLOW_CTX_DAG_ID=defaultargs
AIRFLOW_CTX_TASK_ID=tsk3
AIRFLOW_CTX_EXECUTION_DATE=2024-02-11T15:00:00+00:00
AIRFLOW_CTX_TRY_NUMBER=1
AIRFLOW_CTX_DAG_RUN_ID=scheduled__2024-02-11T15:00:00+00:00
[2024-02-11T16:00:14.417+0000] {subprocess.py:63} INFO - Tmp dir root location: 
 /tmp
[2024-02-11T16:00:14.418+0000] {subprocess.py:75} INFO - Running command: ['/bin/bash', '-c', 'sleep 5']
[2024-02-11T16:00:14.430+0000] {subprocess.py:86} INFO - Output:
[2024-02-11T16:00:19.436+0000] {subprocess.py:97} INFO - Command exited with return code 0
[2024-02-11T16:00:19.476+0000] {taskinstance.py:1323} INFO - Marking task as SUCCESS. dag_id=defaultargs, task_id=tsk3, execution_date=20240211T150000, start_date=20240211T160014, end_date=20240211T160019
[2024-02-11T16:00:19.505+0000] {local_task_job.py:208} INFO - Task exited with return code 0
[2024-02-11T16:00:19.526+0000] {taskinstance.py:2578} INFO - 0 downstream tasks scheduled from follow-on schedule check
