[2024-01-23T11:27:21.611+0000] {taskinstance.py:1083} INFO - Dependencies all met for <TaskInstance: primeira_dag.tsk1 manual__2024-01-23T11:27:19.005820+00:00 [queued]>
[2024-01-23T11:27:21.629+0000] {taskinstance.py:1083} INFO - Dependencies all met for <TaskInstance: primeira_dag.tsk1 manual__2024-01-23T11:27:19.005820+00:00 [queued]>
[2024-01-23T11:27:21.630+0000] {taskinstance.py:1279} INFO - 
--------------------------------------------------------------------------------
[2024-01-23T11:27:21.630+0000] {taskinstance.py:1280} INFO - Starting attempt 1 of 1
[2024-01-23T11:27:21.630+0000] {taskinstance.py:1281} INFO - 
--------------------------------------------------------------------------------
[2024-01-23T11:27:21.657+0000] {taskinstance.py:1300} INFO - Executing <Task(BashOperator): tsk1> on 2024-01-23 11:27:19.005820+00:00
[2024-01-23T11:27:21.664+0000] {standard_task_runner.py:55} INFO - Started process 8130 to run task
[2024-01-23T11:27:21.668+0000] {standard_task_runner.py:82} INFO - Running: ['***', 'tasks', 'run', 'primeira_dag', 'tsk1', 'manual__2024-01-23T11:27:19.005820+00:00', '--job-id', '20', '--raw', '--subdir', 'DAGS_FOLDER/primeiradag.py', '--cfg-path', '/tmp/tmp3ad341zy']
[2024-01-23T11:27:21.668+0000] {standard_task_runner.py:83} INFO - Job 20: Subtask tsk1
[2024-01-23T11:27:21.743+0000] {task_command.py:388} INFO - Running <TaskInstance: primeira_dag.tsk1 manual__2024-01-23T11:27:19.005820+00:00 [running]> on host cd1b9fd02609
[2024-01-23T11:27:21.849+0000] {taskinstance.py:1509} INFO - Exporting the following env vars:
AIRFLOW_CTX_DAG_OWNER=***
AIRFLOW_CTX_DAG_ID=primeira_dag
AIRFLOW_CTX_TASK_ID=tsk1
AIRFLOW_CTX_EXECUTION_DATE=2024-01-23T11:27:19.005820+00:00
AIRFLOW_CTX_TRY_NUMBER=1
AIRFLOW_CTX_DAG_RUN_ID=manual__2024-01-23T11:27:19.005820+00:00
[2024-01-23T11:27:21.853+0000] {subprocess.py:63} INFO - Tmp dir root location: 
 /tmp
[2024-01-23T11:27:21.854+0000] {subprocess.py:75} INFO - Running command: ['/bin/bash', '-c', 'sleep 5']
[2024-01-23T11:27:21.872+0000] {subprocess.py:86} INFO - Output:
[2024-01-23T11:27:26.887+0000] {subprocess.py:97} INFO - Command exited with return code 0
[2024-01-23T11:27:26.925+0000] {taskinstance.py:1323} INFO - Marking task as SUCCESS. dag_id=primeira_dag, task_id=tsk1, execution_date=20240123T112719, start_date=20240123T112721, end_date=20240123T112726
[2024-01-23T11:27:26.956+0000] {local_task_job.py:208} INFO - Task exited with return code 0
[2024-01-23T11:27:27.009+0000] {taskinstance.py:2578} INFO - 1 downstream tasks scheduled from follow-on schedule check
