[2024-01-27T19:00:13.922+0000] {taskinstance.py:1083} INFO - Dependencies all met for <TaskInstance: defaultargs.tsk3 scheduled__2024-01-27T18:00:00+00:00 [queued]>
[2024-01-27T19:00:13.942+0000] {taskinstance.py:1083} INFO - Dependencies all met for <TaskInstance: defaultargs.tsk3 scheduled__2024-01-27T18:00:00+00:00 [queued]>
[2024-01-27T19:00:13.943+0000] {taskinstance.py:1279} INFO - 
--------------------------------------------------------------------------------
[2024-01-27T19:00:13.943+0000] {taskinstance.py:1280} INFO - Starting attempt 1 of 2
[2024-01-27T19:00:13.943+0000] {taskinstance.py:1281} INFO - 
--------------------------------------------------------------------------------
[2024-01-27T19:00:13.974+0000] {taskinstance.py:1300} INFO - Executing <Task(BashOperator): tsk3> on 2024-01-27 18:00:00+00:00
[2024-01-27T19:00:13.982+0000] {standard_task_runner.py:55} INFO - Started process 73084 to run task
[2024-01-27T19:00:13.986+0000] {standard_task_runner.py:82} INFO - Running: ['***', 'tasks', 'run', 'defaultargs', 'tsk3', 'scheduled__2024-01-27T18:00:00+00:00', '--job-id', '91', '--raw', '--subdir', 'DAGS_FOLDER/defaultargs.py', '--cfg-path', '/tmp/tmpv388m0zq']
[2024-01-27T19:00:13.987+0000] {standard_task_runner.py:83} INFO - Job 91: Subtask tsk3
[2024-01-27T19:00:14.102+0000] {task_command.py:388} INFO - Running <TaskInstance: defaultargs.tsk3 scheduled__2024-01-27T18:00:00+00:00 [running]> on host cd1b9fd02609
[2024-01-27T19:00:14.251+0000] {taskinstance.py:1509} INFO - Exporting the following env vars:
AIRFLOW_CTX_DAG_EMAIL=teste@teste.com
AIRFLOW_CTX_DAG_OWNER=***
AIRFLOW_CTX_DAG_ID=defaultargs
AIRFLOW_CTX_TASK_ID=tsk3
AIRFLOW_CTX_EXECUTION_DATE=2024-01-27T18:00:00+00:00
AIRFLOW_CTX_TRY_NUMBER=1
AIRFLOW_CTX_DAG_RUN_ID=scheduled__2024-01-27T18:00:00+00:00
[2024-01-27T19:00:14.252+0000] {subprocess.py:63} INFO - Tmp dir root location: 
 /tmp
[2024-01-27T19:00:14.253+0000] {subprocess.py:75} INFO - Running command: ['/bin/bash', '-c', 'sleep 5']
[2024-01-27T19:00:14.269+0000] {subprocess.py:86} INFO - Output:
[2024-01-27T19:00:19.276+0000] {subprocess.py:97} INFO - Command exited with return code 0
[2024-01-27T19:00:19.313+0000] {taskinstance.py:1323} INFO - Marking task as SUCCESS. dag_id=defaultargs, task_id=tsk3, execution_date=20240127T180000, start_date=20240127T190013, end_date=20240127T190019
[2024-01-27T19:00:19.351+0000] {local_task_job.py:208} INFO - Task exited with return code 0
[2024-01-27T19:00:19.372+0000] {taskinstance.py:2578} INFO - 0 downstream tasks scheduled from follow-on schedule check
