[2024-02-11T17:00:08.383+0000] {taskinstance.py:1083} INFO - Dependencies all met for <TaskInstance: defaultargs.tsk2 scheduled__2024-02-11T16:00:00+00:00 [queued]>
[2024-02-11T17:00:08.395+0000] {taskinstance.py:1083} INFO - Dependencies all met for <TaskInstance: defaultargs.tsk2 scheduled__2024-02-11T16:00:00+00:00 [queued]>
[2024-02-11T17:00:08.395+0000] {taskinstance.py:1279} INFO - 
--------------------------------------------------------------------------------
[2024-02-11T17:00:08.395+0000] {taskinstance.py:1280} INFO - Starting attempt 1 of 2
[2024-02-11T17:00:08.395+0000] {taskinstance.py:1281} INFO - 
--------------------------------------------------------------------------------
[2024-02-11T17:00:08.411+0000] {taskinstance.py:1300} INFO - Executing <Task(BashOperator): tsk2> on 2024-02-11 16:00:00+00:00
[2024-02-11T17:00:08.418+0000] {standard_task_runner.py:55} INFO - Started process 96284 to run task
[2024-02-11T17:00:08.421+0000] {standard_task_runner.py:82} INFO - Running: ['***', 'tasks', 'run', 'defaultargs', 'tsk2', 'scheduled__2024-02-11T16:00:00+00:00', '--job-id', '983', '--raw', '--subdir', 'DAGS_FOLDER/defaultargs.py', '--cfg-path', '/tmp/tmp951dd3a3']
[2024-02-11T17:00:08.422+0000] {standard_task_runner.py:83} INFO - Job 983: Subtask tsk2
[2024-02-11T17:00:08.495+0000] {task_command.py:388} INFO - Running <TaskInstance: defaultargs.tsk2 scheduled__2024-02-11T16:00:00+00:00 [running]> on host f8c98ce69515
[2024-02-11T17:00:08.584+0000] {taskinstance.py:1509} INFO - Exporting the following env vars:
AIRFLOW_CTX_DAG_EMAIL=teste@teste.com
AIRFLOW_CTX_DAG_OWNER=***
AIRFLOW_CTX_DAG_ID=defaultargs
AIRFLOW_CTX_TASK_ID=tsk2
AIRFLOW_CTX_EXECUTION_DATE=2024-02-11T16:00:00+00:00
AIRFLOW_CTX_TRY_NUMBER=1
AIRFLOW_CTX_DAG_RUN_ID=scheduled__2024-02-11T16:00:00+00:00
[2024-02-11T17:00:08.585+0000] {subprocess.py:63} INFO - Tmp dir root location: 
 /tmp
[2024-02-11T17:00:08.585+0000] {subprocess.py:75} INFO - Running command: ['/bin/bash', '-c', 'sleep 5']
[2024-02-11T17:00:08.597+0000] {subprocess.py:86} INFO - Output:
[2024-02-11T17:00:13.602+0000] {subprocess.py:97} INFO - Command exited with return code 0
[2024-02-11T17:00:13.656+0000] {taskinstance.py:1323} INFO - Marking task as SUCCESS. dag_id=defaultargs, task_id=tsk2, execution_date=20240211T160000, start_date=20240211T170008, end_date=20240211T170013
[2024-02-11T17:00:13.694+0000] {local_task_job.py:208} INFO - Task exited with return code 0
[2024-02-11T17:00:13.742+0000] {taskinstance.py:2578} INFO - 1 downstream tasks scheduled from follow-on schedule check
