[2024-02-11T23:26:48.047+0000] {taskinstance.py:1083} INFO - Dependencies all met for <TaskInstance: hook.select_data_task manual__2024-02-11T23:26:43.562242+00:00 [queued]>
[2024-02-11T23:26:48.072+0000] {taskinstance.py:1083} INFO - Dependencies all met for <TaskInstance: hook.select_data_task manual__2024-02-11T23:26:43.562242+00:00 [queued]>
[2024-02-11T23:26:48.072+0000] {taskinstance.py:1279} INFO - 
--------------------------------------------------------------------------------
[2024-02-11T23:26:48.072+0000] {taskinstance.py:1280} INFO - Starting attempt 1 of 1
[2024-02-11T23:26:48.072+0000] {taskinstance.py:1281} INFO - 
--------------------------------------------------------------------------------
[2024-02-11T23:26:48.119+0000] {taskinstance.py:1300} INFO - Executing <Task(PythonOperator): select_data_task> on 2024-02-11 23:26:43.562242+00:00
[2024-02-11T23:26:48.131+0000] {standard_task_runner.py:55} INFO - Started process 117254 to run task
[2024-02-11T23:26:48.137+0000] {standard_task_runner.py:82} INFO - Running: ['***', 'tasks', 'run', 'hook', 'select_data_task', 'manual__2024-02-11T23:26:43.562242+00:00', '--job-id', '1009', '--raw', '--subdir', 'DAGS_FOLDER/hooks.py', '--cfg-path', '/tmp/tmphfp1hot2']
[2024-02-11T23:26:48.141+0000] {standard_task_runner.py:83} INFO - Job 1009: Subtask select_data_task
[2024-02-11T23:26:48.308+0000] {task_command.py:388} INFO - Running <TaskInstance: hook.select_data_task manual__2024-02-11T23:26:43.562242+00:00 [running]> on host f8c98ce69515
[2024-02-11T23:26:48.494+0000] {taskinstance.py:1509} INFO - Exporting the following env vars:
AIRFLOW_CTX_DAG_OWNER=***
AIRFLOW_CTX_DAG_ID=hook
AIRFLOW_CTX_TASK_ID=select_data_task
AIRFLOW_CTX_EXECUTION_DATE=2024-02-11T23:26:43.562242+00:00
AIRFLOW_CTX_TRY_NUMBER=1
AIRFLOW_CTX_DAG_RUN_ID=manual__2024-02-11T23:26:43.562242+00:00
[2024-02-11T23:26:48.515+0000] {base.py:73} INFO - Using connection ID 'postgres' for task execution.
[2024-02-11T23:26:48.522+0000] {sql.py:375} INFO - Running statement: select * from teste2;, parameters: None
[2024-02-11T23:26:48.524+0000] {sql.py:384} INFO - Rows affected: 2
[2024-02-11T23:26:48.558+0000] {python.py:177} INFO - Done. Returned value was: None
[2024-02-11T23:26:48.586+0000] {taskinstance.py:1323} INFO - Marking task as SUCCESS. dag_id=hook, task_id=select_data_task, execution_date=20240211T232643, start_date=20240211T232648, end_date=20240211T232648
[2024-02-11T23:26:48.637+0000] {local_task_job.py:208} INFO - Task exited with return code 0
[2024-02-11T23:26:48.692+0000] {taskinstance.py:2578} INFO - 1 downstream tasks scheduled from follow-on schedule check
