[2024-02-11T03:00:00.900+0000] {taskinstance.py:1083} INFO - Dependencies all met for <TaskInstance: defaultargs.tsk1 scheduled__2024-02-11T02:00:00+00:00 [queued]>
[2024-02-11T03:00:00.921+0000] {taskinstance.py:1083} INFO - Dependencies all met for <TaskInstance: defaultargs.tsk1 scheduled__2024-02-11T02:00:00+00:00 [queued]>
[2024-02-11T03:00:00.921+0000] {taskinstance.py:1279} INFO - 
--------------------------------------------------------------------------------
[2024-02-11T03:00:00.921+0000] {taskinstance.py:1280} INFO - Starting attempt 1 of 4
[2024-02-11T03:00:00.922+0000] {taskinstance.py:1281} INFO - 
--------------------------------------------------------------------------------
[2024-02-11T03:00:00.951+0000] {taskinstance.py:1300} INFO - Executing <Task(BashOperator): tsk1> on 2024-02-11 02:00:00+00:00
[2024-02-11T03:00:00.962+0000] {standard_task_runner.py:55} INFO - Started process 50612 to run task
[2024-02-11T03:00:00.967+0000] {standard_task_runner.py:82} INFO - Running: ['***', 'tasks', 'run', 'defaultargs', 'tsk1', 'scheduled__2024-02-11T02:00:00+00:00', '--job-id', '940', '--raw', '--subdir', 'DAGS_FOLDER/defaultargs.py', '--cfg-path', '/tmp/tmpnd0qjzlm']
[2024-02-11T03:00:00.968+0000] {standard_task_runner.py:83} INFO - Job 940: Subtask tsk1
[2024-02-11T03:00:01.086+0000] {task_command.py:388} INFO - Running <TaskInstance: defaultargs.tsk1 scheduled__2024-02-11T02:00:00+00:00 [running]> on host f8c98ce69515
[2024-02-11T03:00:01.242+0000] {taskinstance.py:1509} INFO - Exporting the following env vars:
AIRFLOW_CTX_DAG_EMAIL=teste@teste.com
AIRFLOW_CTX_DAG_OWNER=***
AIRFLOW_CTX_DAG_ID=defaultargs
AIRFLOW_CTX_TASK_ID=tsk1
AIRFLOW_CTX_EXECUTION_DATE=2024-02-11T02:00:00+00:00
AIRFLOW_CTX_TRY_NUMBER=1
AIRFLOW_CTX_DAG_RUN_ID=scheduled__2024-02-11T02:00:00+00:00
[2024-02-11T03:00:01.244+0000] {subprocess.py:63} INFO - Tmp dir root location: 
 /tmp
[2024-02-11T03:00:01.245+0000] {subprocess.py:75} INFO - Running command: ['/bin/bash', '-c', 'sleep 5']
[2024-02-11T03:00:01.263+0000] {subprocess.py:86} INFO - Output:
[2024-02-11T03:00:06.271+0000] {subprocess.py:97} INFO - Command exited with return code 0
[2024-02-11T03:00:06.309+0000] {taskinstance.py:1323} INFO - Marking task as SUCCESS. dag_id=defaultargs, task_id=tsk1, execution_date=20240211T020000, start_date=20240211T030000, end_date=20240211T030006
[2024-02-11T03:00:06.341+0000] {local_task_job.py:208} INFO - Task exited with return code 0
[2024-02-11T03:00:06.374+0000] {taskinstance.py:2578} INFO - 1 downstream tasks scheduled from follow-on schedule check
