[2024-02-12T19:26:32.006+0000] {taskinstance.py:1083} INFO - Dependencies all met for <TaskInstance: windturbine.group_check_temp.check_temp_branc manual__2024-02-12T19:19:18.739489+00:00 [queued]>
[2024-02-12T19:26:32.027+0000] {taskinstance.py:1083} INFO - Dependencies all met for <TaskInstance: windturbine.group_check_temp.check_temp_branc manual__2024-02-12T19:19:18.739489+00:00 [queued]>
[2024-02-12T19:26:32.027+0000] {taskinstance.py:1279} INFO - 
--------------------------------------------------------------------------------
[2024-02-12T19:26:32.028+0000] {taskinstance.py:1280} INFO - Starting attempt 1 of 2
[2024-02-12T19:26:32.029+0000] {taskinstance.py:1281} INFO - 
--------------------------------------------------------------------------------
[2024-02-12T19:26:32.086+0000] {taskinstance.py:1300} INFO - Executing <Task(BranchPythonOperator): group_check_temp.check_temp_branc> on 2024-02-12 19:19:18.739489+00:00
[2024-02-12T19:26:32.112+0000] {standard_task_runner.py:55} INFO - Started process 2106 to run task
[2024-02-12T19:26:32.117+0000] {standard_task_runner.py:82} INFO - Running: ['***', 'tasks', 'run', 'windturbine', 'group_check_temp.check_temp_branc', 'manual__2024-02-12T19:19:18.739489+00:00', '--job-id', '1125', '--raw', '--subdir', 'DAGS_FOLDER/windturbine.py', '--cfg-path', '/tmp/tmpicxcvmqk']
[2024-02-12T19:26:32.125+0000] {standard_task_runner.py:83} INFO - Job 1125: Subtask group_check_temp.check_temp_branc
[2024-02-12T19:26:32.322+0000] {task_command.py:388} INFO - Running <TaskInstance: windturbine.group_check_temp.check_temp_branc manual__2024-02-12T19:19:18.739489+00:00 [running]> on host b5b8d61630c3
[2024-02-12T19:26:32.515+0000] {taskinstance.py:1509} INFO - Exporting the following env vars:
AIRFLOW_CTX_DAG_EMAIL=guilherme.ribeiro.business@gmail.com
AIRFLOW_CTX_DAG_OWNER=***
AIRFLOW_CTX_DAG_ID=windturbine
AIRFLOW_CTX_TASK_ID=group_check_temp.check_temp_branc
AIRFLOW_CTX_EXECUTION_DATE=2024-02-12T19:19:18.739489+00:00
AIRFLOW_CTX_TRY_NUMBER=1
AIRFLOW_CTX_DAG_RUN_ID=manual__2024-02-12T19:19:18.739489+00:00
[2024-02-12T19:26:32.556+0000] {python.py:177} INFO - Done. Returned value was: group_check_temp.send_email_normal
[2024-02-12T19:26:32.556+0000] {python.py:211} INFO - Branch callable return group_check_temp.send_email_normal
[2024-02-12T19:26:32.556+0000] {skipmixin.py:155} INFO - Following branch group_check_temp.send_email_normal
[2024-02-12T19:26:32.557+0000] {skipmixin.py:211} INFO - Skipping tasks ['group_check_temp.send_email_alert']
[2024-02-12T19:26:32.701+0000] {taskinstance.py:1323} INFO - Marking task as SUCCESS. dag_id=windturbine, task_id=group_check_temp.check_temp_branc, execution_date=20240212T191918, start_date=20240212T192632, end_date=20240212T192632
[2024-02-12T19:26:32.764+0000] {local_task_job.py:208} INFO - Task exited with return code 0
[2024-02-12T19:26:32.876+0000] {taskinstance.py:2578} INFO - 1 downstream tasks scheduled from follow-on schedule check
