[2024-02-02T12:01:56.339+0000] {taskinstance.py:1083} INFO - Dependencies all met for <TaskInstance: branch.gera_numero_aleatorio_task manual__2024-02-02T12:01:54.387163+00:00 [queued]>
[2024-02-02T12:01:56.362+0000] {taskinstance.py:1083} INFO - Dependencies all met for <TaskInstance: branch.gera_numero_aleatorio_task manual__2024-02-02T12:01:54.387163+00:00 [queued]>
[2024-02-02T12:01:56.362+0000] {taskinstance.py:1279} INFO - 
--------------------------------------------------------------------------------
[2024-02-02T12:01:56.363+0000] {taskinstance.py:1280} INFO - Starting attempt 1 of 1
[2024-02-02T12:01:56.363+0000] {taskinstance.py:1281} INFO - 
--------------------------------------------------------------------------------
[2024-02-02T12:01:56.391+0000] {taskinstance.py:1300} INFO - Executing <Task(PythonOperator): gera_numero_aleatorio_task> on 2024-02-02 12:01:54.387163+00:00
[2024-02-02T12:01:56.398+0000] {standard_task_runner.py:55} INFO - Started process 4782 to run task
[2024-02-02T12:01:56.403+0000] {standard_task_runner.py:82} INFO - Running: ['***', 'tasks', 'run', 'branch', 'gera_numero_aleatorio_task', 'manual__2024-02-02T12:01:54.387163+00:00', '--job-id', '561', '--raw', '--subdir', 'DAGS_FOLDER/branchs.py', '--cfg-path', '/tmp/tmply8fyyqu']
[2024-02-02T12:01:56.404+0000] {standard_task_runner.py:83} INFO - Job 561: Subtask gera_numero_aleatorio_task
[2024-02-02T12:01:56.523+0000] {task_command.py:388} INFO - Running <TaskInstance: branch.gera_numero_aleatorio_task manual__2024-02-02T12:01:54.387163+00:00 [running]> on host 5b3777e64f6c
[2024-02-02T12:01:56.666+0000] {taskinstance.py:1509} INFO - Exporting the following env vars:
AIRFLOW_CTX_DAG_OWNER=***
AIRFLOW_CTX_DAG_ID=branch
AIRFLOW_CTX_TASK_ID=gera_numero_aleatorio_task
AIRFLOW_CTX_EXECUTION_DATE=2024-02-02T12:01:54.387163+00:00
AIRFLOW_CTX_TRY_NUMBER=1
AIRFLOW_CTX_DAG_RUN_ID=manual__2024-02-02T12:01:54.387163+00:00
[2024-02-02T12:01:56.667+0000] {python.py:177} INFO - Done. Returned value was: 27
[2024-02-02T12:01:56.711+0000] {taskinstance.py:1323} INFO - Marking task as SUCCESS. dag_id=branch, task_id=gera_numero_aleatorio_task, execution_date=20240202T120154, start_date=20240202T120156, end_date=20240202T120156
[2024-02-02T12:01:56.746+0000] {local_task_job.py:208} INFO - Task exited with return code 0
[2024-02-02T12:01:56.803+0000] {taskinstance.py:2578} INFO - 1 downstream tasks scheduled from follow-on schedule check
