[2024-01-24T11:42:48.973+0000] {taskinstance.py:1083} INFO - Dependencies all met for <TaskInstance: daggroup.Ingestão.tsk8 manual__2024-01-24T11:42:20.445128+00:00 [queued]>
[2024-01-24T11:42:48.989+0000] {taskinstance.py:1083} INFO - Dependencies all met for <TaskInstance: daggroup.Ingestão.tsk8 manual__2024-01-24T11:42:20.445128+00:00 [queued]>
[2024-01-24T11:42:48.989+0000] {taskinstance.py:1279} INFO - 
--------------------------------------------------------------------------------
[2024-01-24T11:42:48.989+0000] {taskinstance.py:1280} INFO - Starting attempt 1 of 1
[2024-01-24T11:42:48.990+0000] {taskinstance.py:1281} INFO - 
--------------------------------------------------------------------------------
[2024-01-24T11:42:49.015+0000] {taskinstance.py:1300} INFO - Executing <Task(BashOperator): Ingestão.tsk8> on 2024-01-24 11:42:20.445128+00:00
[2024-01-24T11:42:49.023+0000] {standard_task_runner.py:55} INFO - Started process 5666 to run task
[2024-01-24T11:42:49.029+0000] {standard_task_runner.py:82} INFO - Running: ['***', 'tasks', 'run', 'daggroup', 'Ingestão.tsk8', 'manual__2024-01-24T11:42:20.445128+00:00', '--job-id', '62', '--raw', '--subdir', 'DAGS_FOLDER/daggroup.py', '--cfg-path', '/tmp/tmpxs23bvqe']
[2024-01-24T11:42:49.031+0000] {standard_task_runner.py:83} INFO - Job 62: Subtask Ingestão.tsk8
[2024-01-24T11:42:49.128+0000] {task_command.py:388} INFO - Running <TaskInstance: daggroup.Ingestão.tsk8 manual__2024-01-24T11:42:20.445128+00:00 [running]> on host cd1b9fd02609
[2024-01-24T11:42:49.259+0000] {taskinstance.py:1509} INFO - Exporting the following env vars:
AIRFLOW_CTX_DAG_OWNER=***
AIRFLOW_CTX_DAG_ID=daggroup
AIRFLOW_CTX_TASK_ID=Ingestão.tsk8
AIRFLOW_CTX_EXECUTION_DATE=2024-01-24T11:42:20.445128+00:00
AIRFLOW_CTX_TRY_NUMBER=1
AIRFLOW_CTX_DAG_RUN_ID=manual__2024-01-24T11:42:20.445128+00:00
[2024-01-24T11:42:49.260+0000] {subprocess.py:63} INFO - Tmp dir root location: 
 /tmp
[2024-01-24T11:42:49.261+0000] {subprocess.py:75} INFO - Running command: ['/bin/bash', '-c', 'sleep 5']
[2024-01-24T11:42:49.274+0000] {subprocess.py:86} INFO - Output:
[2024-01-24T11:42:54.280+0000] {subprocess.py:97} INFO - Command exited with return code 0
[2024-01-24T11:42:54.331+0000] {taskinstance.py:1323} INFO - Marking task as SUCCESS. dag_id=daggroup, task_id=Ingestão.tsk8, execution_date=20240124T114220, start_date=20240124T114248, end_date=20240124T114254
[2024-01-24T11:42:54.362+0000] {local_task_job.py:208} INFO - Task exited with return code 0
[2024-01-24T11:42:54.396+0000] {taskinstance.py:2578} INFO - 0 downstream tasks scheduled from follow-on schedule check
