[2024-01-24T00:46:42.215+0000] {taskinstance.py:1083} INFO - Dependencies all met for <TaskInstance: triggerDag1.tsk2 manual__2024-01-24T00:46:39.848279+00:00 [queued]>
[2024-01-24T00:46:42.239+0000] {taskinstance.py:1083} INFO - Dependencies all met for <TaskInstance: triggerDag1.tsk2 manual__2024-01-24T00:46:39.848279+00:00 [queued]>
[2024-01-24T00:46:42.239+0000] {taskinstance.py:1279} INFO - 
--------------------------------------------------------------------------------
[2024-01-24T00:46:42.239+0000] {taskinstance.py:1280} INFO - Starting attempt 1 of 1
[2024-01-24T00:46:42.239+0000] {taskinstance.py:1281} INFO - 
--------------------------------------------------------------------------------
[2024-01-24T00:46:42.276+0000] {taskinstance.py:1300} INFO - Executing <Task(BashOperator): tsk2> on 2024-01-24 00:46:39.848279+00:00
[2024-01-24T00:46:42.284+0000] {standard_task_runner.py:55} INFO - Started process 2100 to run task
[2024-01-24T00:46:42.297+0000] {standard_task_runner.py:82} INFO - Running: ['***', 'tasks', 'run', 'triggerDag1', 'tsk2', 'manual__2024-01-24T00:46:39.848279+00:00', '--job-id', '40', '--raw', '--subdir', 'DAGS_FOLDER/triggerDag1.py', '--cfg-path', '/tmp/tmplvcmegiv']
[2024-01-24T00:46:42.299+0000] {standard_task_runner.py:83} INFO - Job 40: Subtask tsk2
[2024-01-24T00:46:42.524+0000] {task_command.py:388} INFO - Running <TaskInstance: triggerDag1.tsk2 manual__2024-01-24T00:46:39.848279+00:00 [running]> on host cd1b9fd02609
[2024-01-24T00:46:42.814+0000] {taskinstance.py:1509} INFO - Exporting the following env vars:
AIRFLOW_CTX_DAG_OWNER=***
AIRFLOW_CTX_DAG_ID=triggerDag1
AIRFLOW_CTX_TASK_ID=tsk2
AIRFLOW_CTX_EXECUTION_DATE=2024-01-24T00:46:39.848279+00:00
AIRFLOW_CTX_TRY_NUMBER=1
AIRFLOW_CTX_DAG_RUN_ID=manual__2024-01-24T00:46:39.848279+00:00
[2024-01-24T00:46:42.816+0000] {subprocess.py:63} INFO - Tmp dir root location: 
 /tmp
[2024-01-24T00:46:42.817+0000] {subprocess.py:75} INFO - Running command: ['/bin/bash', '-c', 'sleep 5']
[2024-01-24T00:46:42.833+0000] {subprocess.py:86} INFO - Output:
[2024-01-24T00:46:47.840+0000] {subprocess.py:97} INFO - Command exited with return code 0
[2024-01-24T00:46:47.900+0000] {taskinstance.py:1323} INFO - Marking task as SUCCESS. dag_id=triggerDag1, task_id=tsk2, execution_date=20240124T004639, start_date=20240124T004642, end_date=20240124T004647
[2024-01-24T00:46:47.939+0000] {local_task_job.py:208} INFO - Task exited with return code 0
[2024-01-24T00:46:47.985+0000] {taskinstance.py:2578} INFO - 0 downstream tasks scheduled from follow-on schedule check
