[2024-01-30T23:00:08.669+0000] {taskinstance.py:1083} INFO - Dependencies all met for <TaskInstance: defaultargs.tsk2 scheduled__2024-01-30T22:00:00+00:00 [queued]>
[2024-01-30T23:00:08.689+0000] {taskinstance.py:1083} INFO - Dependencies all met for <TaskInstance: defaultargs.tsk2 scheduled__2024-01-30T22:00:00+00:00 [queued]>
[2024-01-30T23:00:08.689+0000] {taskinstance.py:1279} INFO - 
--------------------------------------------------------------------------------
[2024-01-30T23:00:08.690+0000] {taskinstance.py:1280} INFO - Starting attempt 1 of 2
[2024-01-30T23:00:08.690+0000] {taskinstance.py:1281} INFO - 
--------------------------------------------------------------------------------
[2024-01-30T23:00:08.717+0000] {taskinstance.py:1300} INFO - Executing <Task(BashOperator): tsk2> on 2024-01-30 22:00:00+00:00
[2024-01-30T23:00:08.724+0000] {standard_task_runner.py:55} INFO - Started process 6634 to run task
[2024-01-30T23:00:08.729+0000] {standard_task_runner.py:82} INFO - Running: ['***', 'tasks', 'run', 'defaultargs', 'tsk2', 'scheduled__2024-01-30T22:00:00+00:00', '--job-id', '411', '--raw', '--subdir', 'DAGS_FOLDER/defaultargs.py', '--cfg-path', '/tmp/tmptml398qo']
[2024-01-30T23:00:08.730+0000] {standard_task_runner.py:83} INFO - Job 411: Subtask tsk2
[2024-01-30T23:00:08.856+0000] {task_command.py:388} INFO - Running <TaskInstance: defaultargs.tsk2 scheduled__2024-01-30T22:00:00+00:00 [running]> on host 5b3777e64f6c
[2024-01-30T23:00:09.010+0000] {taskinstance.py:1509} INFO - Exporting the following env vars:
AIRFLOW_CTX_DAG_EMAIL=teste@teste.com
AIRFLOW_CTX_DAG_OWNER=***
AIRFLOW_CTX_DAG_ID=defaultargs
AIRFLOW_CTX_TASK_ID=tsk2
AIRFLOW_CTX_EXECUTION_DATE=2024-01-30T22:00:00+00:00
AIRFLOW_CTX_TRY_NUMBER=1
AIRFLOW_CTX_DAG_RUN_ID=scheduled__2024-01-30T22:00:00+00:00
[2024-01-30T23:00:09.012+0000] {subprocess.py:63} INFO - Tmp dir root location: 
 /tmp
[2024-01-30T23:00:09.013+0000] {subprocess.py:75} INFO - Running command: ['/bin/bash', '-c', 'sleep 5']
[2024-01-30T23:00:09.036+0000] {subprocess.py:86} INFO - Output:
[2024-01-30T23:00:14.043+0000] {subprocess.py:97} INFO - Command exited with return code 0
[2024-01-30T23:00:14.108+0000] {taskinstance.py:1323} INFO - Marking task as SUCCESS. dag_id=defaultargs, task_id=tsk2, execution_date=20240130T220000, start_date=20240130T230008, end_date=20240130T230014
[2024-01-30T23:00:14.164+0000] {local_task_job.py:208} INFO - Task exited with return code 0
[2024-01-30T23:00:14.197+0000] {taskinstance.py:2578} INFO - 1 downstream tasks scheduled from follow-on schedule check
