[2024-01-23T11:51:50.624+0000] {taskinstance.py:1083} INFO - Dependencies all met for <TaskInstance: quarta_dag.tsk1 manual__2024-01-23T11:51:36.121892+00:00 [queued]>
[2024-01-23T11:51:50.636+0000] {taskinstance.py:1083} INFO - Dependencies all met for <TaskInstance: quarta_dag.tsk1 manual__2024-01-23T11:51:36.121892+00:00 [queued]>
[2024-01-23T11:51:50.636+0000] {taskinstance.py:1279} INFO - 
--------------------------------------------------------------------------------
[2024-01-23T11:51:50.637+0000] {taskinstance.py:1280} INFO - Starting attempt 1 of 1
[2024-01-23T11:51:50.637+0000] {taskinstance.py:1281} INFO - 
--------------------------------------------------------------------------------
[2024-01-23T11:51:50.652+0000] {taskinstance.py:1300} INFO - Executing <Task(BashOperator): tsk1> on 2024-01-23 11:51:36.121892+00:00
[2024-01-23T11:51:50.658+0000] {standard_task_runner.py:55} INFO - Started process 9495 to run task
[2024-01-23T11:51:50.662+0000] {standard_task_runner.py:82} INFO - Running: ['***', 'tasks', 'run', 'quarta_dag', 'tsk1', 'manual__2024-01-23T11:51:36.121892+00:00', '--job-id', '31', '--raw', '--subdir', 'DAGS_FOLDER/quartadag.py', '--cfg-path', '/tmp/tmpyq55asyu']
[2024-01-23T11:51:50.663+0000] {standard_task_runner.py:83} INFO - Job 31: Subtask tsk1
[2024-01-23T11:51:50.734+0000] {task_command.py:388} INFO - Running <TaskInstance: quarta_dag.tsk1 manual__2024-01-23T11:51:36.121892+00:00 [running]> on host cd1b9fd02609
[2024-01-23T11:51:50.823+0000] {taskinstance.py:1509} INFO - Exporting the following env vars:
AIRFLOW_CTX_DAG_OWNER=***
AIRFLOW_CTX_DAG_ID=quarta_dag
AIRFLOW_CTX_TASK_ID=tsk1
AIRFLOW_CTX_EXECUTION_DATE=2024-01-23T11:51:36.121892+00:00
AIRFLOW_CTX_TRY_NUMBER=1
AIRFLOW_CTX_DAG_RUN_ID=manual__2024-01-23T11:51:36.121892+00:00
[2024-01-23T11:51:50.825+0000] {subprocess.py:63} INFO - Tmp dir root location: 
 /tmp
[2024-01-23T11:51:50.825+0000] {subprocess.py:75} INFO - Running command: ['/bin/bash', '-c', 'sleep 5']
[2024-01-23T11:51:50.837+0000] {subprocess.py:86} INFO - Output:
[2024-01-23T11:51:55.843+0000] {subprocess.py:97} INFO - Command exited with return code 0
[2024-01-23T11:51:55.955+0000] {taskinstance.py:1323} INFO - Marking task as SUCCESS. dag_id=quarta_dag, task_id=tsk1, execution_date=20240123T115136, start_date=20240123T115150, end_date=20240123T115155
[2024-01-23T11:51:56.036+0000] {local_task_job.py:208} INFO - Task exited with return code 0
[2024-01-23T11:51:56.058+0000] {taskinstance.py:2578} INFO - 0 downstream tasks scheduled from follow-on schedule check
