[2024-02-11T04:00:07.183+0000] {taskinstance.py:1083} INFO - Dependencies all met for <TaskInstance: defaultargs.tsk2 scheduled__2024-02-11T03:00:00+00:00 [queued]>
[2024-02-11T04:00:07.195+0000] {taskinstance.py:1083} INFO - Dependencies all met for <TaskInstance: defaultargs.tsk2 scheduled__2024-02-11T03:00:00+00:00 [queued]>
[2024-02-11T04:00:07.196+0000] {taskinstance.py:1279} INFO - 
--------------------------------------------------------------------------------
[2024-02-11T04:00:07.196+0000] {taskinstance.py:1280} INFO - Starting attempt 1 of 2
[2024-02-11T04:00:07.196+0000] {taskinstance.py:1281} INFO - 
--------------------------------------------------------------------------------
[2024-02-11T04:00:07.212+0000] {taskinstance.py:1300} INFO - Executing <Task(BashOperator): tsk2> on 2024-02-11 03:00:00+00:00
[2024-02-11T04:00:07.218+0000] {standard_task_runner.py:55} INFO - Started process 53889 to run task
[2024-02-11T04:00:07.221+0000] {standard_task_runner.py:82} INFO - Running: ['***', 'tasks', 'run', 'defaultargs', 'tsk2', 'scheduled__2024-02-11T03:00:00+00:00', '--job-id', '944', '--raw', '--subdir', 'DAGS_FOLDER/defaultargs.py', '--cfg-path', '/tmp/tmpufjqkiz5']
[2024-02-11T04:00:07.222+0000] {standard_task_runner.py:83} INFO - Job 944: Subtask tsk2
[2024-02-11T04:00:07.295+0000] {task_command.py:388} INFO - Running <TaskInstance: defaultargs.tsk2 scheduled__2024-02-11T03:00:00+00:00 [running]> on host f8c98ce69515
[2024-02-11T04:00:07.398+0000] {taskinstance.py:1509} INFO - Exporting the following env vars:
AIRFLOW_CTX_DAG_EMAIL=teste@teste.com
AIRFLOW_CTX_DAG_OWNER=***
AIRFLOW_CTX_DAG_ID=defaultargs
AIRFLOW_CTX_TASK_ID=tsk2
AIRFLOW_CTX_EXECUTION_DATE=2024-02-11T03:00:00+00:00
AIRFLOW_CTX_TRY_NUMBER=1
AIRFLOW_CTX_DAG_RUN_ID=scheduled__2024-02-11T03:00:00+00:00
[2024-02-11T04:00:07.399+0000] {subprocess.py:63} INFO - Tmp dir root location: 
 /tmp
[2024-02-11T04:00:07.400+0000] {subprocess.py:75} INFO - Running command: ['/bin/bash', '-c', 'sleep 5']
[2024-02-11T04:00:07.411+0000] {subprocess.py:86} INFO - Output:
[2024-02-11T04:00:12.416+0000] {subprocess.py:97} INFO - Command exited with return code 0
[2024-02-11T04:00:12.459+0000] {taskinstance.py:1323} INFO - Marking task as SUCCESS. dag_id=defaultargs, task_id=tsk2, execution_date=20240211T030000, start_date=20240211T040007, end_date=20240211T040012
[2024-02-11T04:00:12.495+0000] {local_task_job.py:208} INFO - Task exited with return code 0
[2024-02-11T04:00:12.520+0000] {taskinstance.py:2578} INFO - 1 downstream tasks scheduled from follow-on schedule check
