[2024-02-12T14:55:05.861+0000] {taskinstance.py:1083} INFO - Dependencies all met for <TaskInstance: bigdata.big_data manual__2024-02-12T14:55:03.693680+00:00 [queued]>
[2024-02-12T14:55:05.884+0000] {taskinstance.py:1083} INFO - Dependencies all met for <TaskInstance: bigdata.big_data manual__2024-02-12T14:55:03.693680+00:00 [queued]>
[2024-02-12T14:55:05.884+0000] {taskinstance.py:1279} INFO - 
--------------------------------------------------------------------------------
[2024-02-12T14:55:05.884+0000] {taskinstance.py:1280} INFO - Starting attempt 1 of 1
[2024-02-12T14:55:05.885+0000] {taskinstance.py:1281} INFO - 
--------------------------------------------------------------------------------
[2024-02-12T14:55:05.916+0000] {taskinstance.py:1300} INFO - Executing <Task(BigDataOperator): big_data> on 2024-02-12 14:55:03.693680+00:00
[2024-02-12T14:55:05.926+0000] {standard_task_runner.py:55} INFO - Started process 441 to run task
[2024-02-12T14:55:05.931+0000] {standard_task_runner.py:82} INFO - Running: ['***', 'tasks', 'run', 'bigdata', 'big_data', 'manual__2024-02-12T14:55:03.693680+00:00', '--job-id', '1076', '--raw', '--subdir', 'DAGS_FOLDER/bigdata.py', '--cfg-path', '/tmp/tmp15y8dnc1']
[2024-02-12T14:55:05.934+0000] {standard_task_runner.py:83} INFO - Job 1076: Subtask big_data
[2024-02-12T14:55:06.062+0000] {task_command.py:388} INFO - Running <TaskInstance: bigdata.big_data manual__2024-02-12T14:55:03.693680+00:00 [running]> on host b5b8d61630c3
[2024-02-12T14:55:06.191+0000] {taskinstance.py:1509} INFO - Exporting the following env vars:
AIRFLOW_CTX_DAG_OWNER=***
AIRFLOW_CTX_DAG_ID=bigdata
AIRFLOW_CTX_TASK_ID=big_data
AIRFLOW_CTX_EXECUTION_DATE=2024-02-12T14:55:03.693680+00:00
AIRFLOW_CTX_TRY_NUMBER=1
AIRFLOW_CTX_DAG_RUN_ID=manual__2024-02-12T14:55:03.693680+00:00
[2024-02-12T14:55:06.355+0000] {taskinstance.py:1323} INFO - Marking task as SUCCESS. dag_id=bigdata, task_id=big_data, execution_date=20240212T145503, start_date=20240212T145505, end_date=20240212T145506
[2024-02-12T14:55:06.426+0000] {local_task_job.py:208} INFO - Task exited with return code 0
[2024-02-12T14:55:06.477+0000] {taskinstance.py:2578} INFO - 0 downstream tasks scheduled from follow-on schedule check
