[2024-02-12T19:36:03.688+0000] {taskinstance.py:1083} INFO - Dependencies all met for <TaskInstance: windturbine.file_sensor_task scheduled__2024-02-12T19:33:00+00:00 [queued]>
[2024-02-12T19:36:03.720+0000] {taskinstance.py:1083} INFO - Dependencies all met for <TaskInstance: windturbine.file_sensor_task scheduled__2024-02-12T19:33:00+00:00 [queued]>
[2024-02-12T19:36:03.724+0000] {taskinstance.py:1279} INFO - 
--------------------------------------------------------------------------------
[2024-02-12T19:36:03.724+0000] {taskinstance.py:1280} INFO - Starting attempt 1 of 2
[2024-02-12T19:36:03.725+0000] {taskinstance.py:1281} INFO - 
--------------------------------------------------------------------------------
[2024-02-12T19:36:03.780+0000] {taskinstance.py:1300} INFO - Executing <Task(FileSensor): file_sensor_task> on 2024-02-12 19:33:00+00:00
[2024-02-12T19:36:03.795+0000] {standard_task_runner.py:55} INFO - Started process 2657 to run task
[2024-02-12T19:36:03.810+0000] {standard_task_runner.py:82} INFO - Running: ['***', 'tasks', 'run', 'windturbine', 'file_sensor_task', 'scheduled__2024-02-12T19:33:00+00:00', '--job-id', '1147', '--raw', '--subdir', 'DAGS_FOLDER/windturbine.py', '--cfg-path', '/tmp/tmpqowxtisd']
[2024-02-12T19:36:03.814+0000] {standard_task_runner.py:83} INFO - Job 1147: Subtask file_sensor_task
[2024-02-12T19:36:04.012+0000] {task_command.py:388} INFO - Running <TaskInstance: windturbine.file_sensor_task scheduled__2024-02-12T19:33:00+00:00 [running]> on host b5b8d61630c3
[2024-02-12T19:36:04.208+0000] {taskinstance.py:1509} INFO - Exporting the following env vars:
AIRFLOW_CTX_DAG_EMAIL=guilherme.ribeiro.business@gmail.com
AIRFLOW_CTX_DAG_OWNER=***
AIRFLOW_CTX_DAG_ID=windturbine
AIRFLOW_CTX_TASK_ID=file_sensor_task
AIRFLOW_CTX_EXECUTION_DATE=2024-02-12T19:33:00+00:00
AIRFLOW_CTX_TRY_NUMBER=1
AIRFLOW_CTX_DAG_RUN_ID=scheduled__2024-02-12T19:33:00+00:00
[2024-02-12T19:36:04.229+0000] {base.py:73} INFO - Using connection ID 'fs_default' for task execution.
[2024-02-12T19:36:04.230+0000] {filesystem.py:64} INFO - Poking for file /opt/***/data/data.json
[2024-02-12T19:36:14.251+0000] {base.py:73} INFO - Using connection ID 'fs_default' for task execution.
[2024-02-12T19:36:14.251+0000] {filesystem.py:64} INFO - Poking for file /opt/***/data/data.json
[2024-02-12T19:36:24.271+0000] {base.py:73} INFO - Using connection ID 'fs_default' for task execution.
[2024-02-12T19:36:24.271+0000] {filesystem.py:64} INFO - Poking for file /opt/***/data/data.json
[2024-02-12T19:36:34.290+0000] {base.py:73} INFO - Using connection ID 'fs_default' for task execution.
[2024-02-12T19:36:34.290+0000] {filesystem.py:64} INFO - Poking for file /opt/***/data/data.json
[2024-02-12T19:36:44.322+0000] {base.py:73} INFO - Using connection ID 'fs_default' for task execution.
[2024-02-12T19:36:44.323+0000] {filesystem.py:64} INFO - Poking for file /opt/***/data/data.json
[2024-02-12T19:36:54.338+0000] {base.py:73} INFO - Using connection ID 'fs_default' for task execution.
[2024-02-12T19:36:54.339+0000] {filesystem.py:64} INFO - Poking for file /opt/***/data/data.json
[2024-02-12T19:37:04.362+0000] {base.py:73} INFO - Using connection ID 'fs_default' for task execution.
[2024-02-12T19:37:04.362+0000] {filesystem.py:64} INFO - Poking for file /opt/***/data/data.json
[2024-02-12T19:37:14.381+0000] {base.py:73} INFO - Using connection ID 'fs_default' for task execution.
[2024-02-12T19:37:14.381+0000] {filesystem.py:64} INFO - Poking for file /opt/***/data/data.json
[2024-02-12T19:37:24.424+0000] {base.py:73} INFO - Using connection ID 'fs_default' for task execution.
[2024-02-12T19:37:24.424+0000] {filesystem.py:64} INFO - Poking for file /opt/***/data/data.json
[2024-02-12T19:37:34.443+0000] {base.py:73} INFO - Using connection ID 'fs_default' for task execution.
[2024-02-12T19:37:34.443+0000] {filesystem.py:64} INFO - Poking for file /opt/***/data/data.json
[2024-02-12T19:37:44.470+0000] {base.py:73} INFO - Using connection ID 'fs_default' for task execution.
[2024-02-12T19:37:44.471+0000] {filesystem.py:64} INFO - Poking for file /opt/***/data/data.json
[2024-02-12T19:37:54.491+0000] {base.py:73} INFO - Using connection ID 'fs_default' for task execution.
[2024-02-12T19:37:54.492+0000] {filesystem.py:64} INFO - Poking for file /opt/***/data/data.json
[2024-02-12T19:38:04.510+0000] {base.py:73} INFO - Using connection ID 'fs_default' for task execution.
[2024-02-12T19:38:04.511+0000] {filesystem.py:64} INFO - Poking for file /opt/***/data/data.json
[2024-02-12T19:38:14.537+0000] {base.py:73} INFO - Using connection ID 'fs_default' for task execution.
[2024-02-12T19:38:14.537+0000] {filesystem.py:64} INFO - Poking for file /opt/***/data/data.json
[2024-02-12T19:38:24.575+0000] {base.py:73} INFO - Using connection ID 'fs_default' for task execution.
[2024-02-12T19:38:24.575+0000] {filesystem.py:64} INFO - Poking for file /opt/***/data/data.json
[2024-02-12T19:38:34.591+0000] {base.py:73} INFO - Using connection ID 'fs_default' for task execution.
[2024-02-12T19:38:34.592+0000] {filesystem.py:64} INFO - Poking for file /opt/***/data/data.json
[2024-02-12T19:38:44.612+0000] {base.py:73} INFO - Using connection ID 'fs_default' for task execution.
[2024-02-12T19:38:44.612+0000] {filesystem.py:64} INFO - Poking for file /opt/***/data/data.json
[2024-02-12T19:38:54.632+0000] {base.py:73} INFO - Using connection ID 'fs_default' for task execution.
[2024-02-12T19:38:54.633+0000] {filesystem.py:64} INFO - Poking for file /opt/***/data/data.json
[2024-02-12T19:39:04.652+0000] {base.py:73} INFO - Using connection ID 'fs_default' for task execution.
[2024-02-12T19:39:04.653+0000] {filesystem.py:64} INFO - Poking for file /opt/***/data/data.json
[2024-02-12T19:39:14.672+0000] {base.py:73} INFO - Using connection ID 'fs_default' for task execution.
[2024-02-12T19:39:14.672+0000] {filesystem.py:64} INFO - Poking for file /opt/***/data/data.json
[2024-02-12T19:39:24.697+0000] {base.py:73} INFO - Using connection ID 'fs_default' for task execution.
[2024-02-12T19:39:24.697+0000] {filesystem.py:64} INFO - Poking for file /opt/***/data/data.json
[2024-02-12T19:39:34.713+0000] {base.py:73} INFO - Using connection ID 'fs_default' for task execution.
[2024-02-12T19:39:34.714+0000] {filesystem.py:64} INFO - Poking for file /opt/***/data/data.json
[2024-02-12T19:39:44.733+0000] {base.py:73} INFO - Using connection ID 'fs_default' for task execution.
[2024-02-12T19:39:44.733+0000] {filesystem.py:64} INFO - Poking for file /opt/***/data/data.json
[2024-02-12T19:39:54.756+0000] {base.py:73} INFO - Using connection ID 'fs_default' for task execution.
[2024-02-12T19:39:54.757+0000] {filesystem.py:64} INFO - Poking for file /opt/***/data/data.json
[2024-02-12T19:40:04.778+0000] {base.py:73} INFO - Using connection ID 'fs_default' for task execution.
[2024-02-12T19:40:04.778+0000] {filesystem.py:64} INFO - Poking for file /opt/***/data/data.json
[2024-02-12T19:40:14.798+0000] {base.py:73} INFO - Using connection ID 'fs_default' for task execution.
[2024-02-12T19:40:14.798+0000] {filesystem.py:64} INFO - Poking for file /opt/***/data/data.json
[2024-02-12T19:40:24.817+0000] {base.py:73} INFO - Using connection ID 'fs_default' for task execution.
[2024-02-12T19:40:24.818+0000] {filesystem.py:64} INFO - Poking for file /opt/***/data/data.json
[2024-02-12T19:40:34.845+0000] {base.py:73} INFO - Using connection ID 'fs_default' for task execution.
[2024-02-12T19:40:34.847+0000] {filesystem.py:64} INFO - Poking for file /opt/***/data/data.json
[2024-02-12T19:40:44.865+0000] {base.py:73} INFO - Using connection ID 'fs_default' for task execution.
[2024-02-12T19:40:44.865+0000] {filesystem.py:64} INFO - Poking for file /opt/***/data/data.json
[2024-02-12T19:40:54.886+0000] {base.py:73} INFO - Using connection ID 'fs_default' for task execution.
[2024-02-12T19:40:54.886+0000] {filesystem.py:64} INFO - Poking for file /opt/***/data/data.json
[2024-02-12T19:41:04.905+0000] {base.py:73} INFO - Using connection ID 'fs_default' for task execution.
[2024-02-12T19:41:04.905+0000] {filesystem.py:64} INFO - Poking for file /opt/***/data/data.json
[2024-02-12T19:41:14.924+0000] {base.py:73} INFO - Using connection ID 'fs_default' for task execution.
[2024-02-12T19:41:14.924+0000] {filesystem.py:64} INFO - Poking for file /opt/***/data/data.json
[2024-02-12T19:41:24.943+0000] {base.py:73} INFO - Using connection ID 'fs_default' for task execution.
[2024-02-12T19:41:24.943+0000] {filesystem.py:64} INFO - Poking for file /opt/***/data/data.json
[2024-02-12T19:41:34.965+0000] {base.py:73} INFO - Using connection ID 'fs_default' for task execution.
[2024-02-12T19:41:34.965+0000] {filesystem.py:64} INFO - Poking for file /opt/***/data/data.json
[2024-02-12T19:41:44.991+0000] {base.py:73} INFO - Using connection ID 'fs_default' for task execution.
[2024-02-12T19:41:44.991+0000] {filesystem.py:64} INFO - Poking for file /opt/***/data/data.json
[2024-02-12T19:41:55.012+0000] {base.py:73} INFO - Using connection ID 'fs_default' for task execution.
[2024-02-12T19:41:55.013+0000] {filesystem.py:64} INFO - Poking for file /opt/***/data/data.json
[2024-02-12T19:42:05.035+0000] {base.py:73} INFO - Using connection ID 'fs_default' for task execution.
[2024-02-12T19:42:05.036+0000] {filesystem.py:64} INFO - Poking for file /opt/***/data/data.json
[2024-02-12T19:42:15.054+0000] {base.py:73} INFO - Using connection ID 'fs_default' for task execution.
[2024-02-12T19:42:15.054+0000] {filesystem.py:64} INFO - Poking for file /opt/***/data/data.json
[2024-02-12T19:42:25.075+0000] {base.py:73} INFO - Using connection ID 'fs_default' for task execution.
[2024-02-12T19:42:25.075+0000] {filesystem.py:64} INFO - Poking for file /opt/***/data/data.json
[2024-02-12T19:42:35.092+0000] {base.py:73} INFO - Using connection ID 'fs_default' for task execution.
[2024-02-12T19:42:35.093+0000] {filesystem.py:64} INFO - Poking for file /opt/***/data/data.json
[2024-02-12T19:42:45.123+0000] {base.py:73} INFO - Using connection ID 'fs_default' for task execution.
[2024-02-12T19:42:45.123+0000] {filesystem.py:64} INFO - Poking for file /opt/***/data/data.json
[2024-02-12T19:42:55.141+0000] {base.py:73} INFO - Using connection ID 'fs_default' for task execution.
[2024-02-12T19:42:55.142+0000] {filesystem.py:64} INFO - Poking for file /opt/***/data/data.json
[2024-02-12T19:43:05.164+0000] {base.py:73} INFO - Using connection ID 'fs_default' for task execution.
[2024-02-12T19:43:05.164+0000] {filesystem.py:64} INFO - Poking for file /opt/***/data/data.json
[2024-02-12T19:43:15.184+0000] {base.py:73} INFO - Using connection ID 'fs_default' for task execution.
[2024-02-12T19:43:15.185+0000] {filesystem.py:64} INFO - Poking for file /opt/***/data/data.json
[2024-02-12T19:43:25.218+0000] {base.py:73} INFO - Using connection ID 'fs_default' for task execution.
[2024-02-12T19:43:25.218+0000] {filesystem.py:64} INFO - Poking for file /opt/***/data/data.json
[2024-02-12T19:43:35.238+0000] {base.py:73} INFO - Using connection ID 'fs_default' for task execution.
[2024-02-12T19:43:35.238+0000] {filesystem.py:64} INFO - Poking for file /opt/***/data/data.json
[2024-02-12T19:43:45.259+0000] {base.py:73} INFO - Using connection ID 'fs_default' for task execution.
[2024-02-12T19:43:45.259+0000] {filesystem.py:64} INFO - Poking for file /opt/***/data/data.json
[2024-02-12T19:43:55.281+0000] {base.py:73} INFO - Using connection ID 'fs_default' for task execution.
[2024-02-12T19:43:55.282+0000] {filesystem.py:64} INFO - Poking for file /opt/***/data/data.json
[2024-02-12T19:44:05.302+0000] {base.py:73} INFO - Using connection ID 'fs_default' for task execution.
[2024-02-12T19:44:05.302+0000] {filesystem.py:64} INFO - Poking for file /opt/***/data/data.json
[2024-02-12T19:44:15.326+0000] {base.py:73} INFO - Using connection ID 'fs_default' for task execution.
[2024-02-12T19:44:15.327+0000] {filesystem.py:64} INFO - Poking for file /opt/***/data/data.json
[2024-02-12T19:44:25.342+0000] {base.py:73} INFO - Using connection ID 'fs_default' for task execution.
[2024-02-12T19:44:25.343+0000] {filesystem.py:64} INFO - Poking for file /opt/***/data/data.json
[2024-02-12T19:44:35.365+0000] {base.py:73} INFO - Using connection ID 'fs_default' for task execution.
[2024-02-12T19:44:35.365+0000] {filesystem.py:64} INFO - Poking for file /opt/***/data/data.json
[2024-02-12T19:44:45.391+0000] {base.py:73} INFO - Using connection ID 'fs_default' for task execution.
[2024-02-12T19:44:45.392+0000] {filesystem.py:64} INFO - Poking for file /opt/***/data/data.json
[2024-02-12T19:44:55.425+0000] {base.py:73} INFO - Using connection ID 'fs_default' for task execution.
[2024-02-12T19:44:55.425+0000] {filesystem.py:64} INFO - Poking for file /opt/***/data/data.json
[2024-02-12T19:45:05.448+0000] {base.py:73} INFO - Using connection ID 'fs_default' for task execution.
[2024-02-12T19:45:05.448+0000] {filesystem.py:64} INFO - Poking for file /opt/***/data/data.json
[2024-02-12T19:45:15.468+0000] {base.py:73} INFO - Using connection ID 'fs_default' for task execution.
[2024-02-12T19:45:15.468+0000] {filesystem.py:64} INFO - Poking for file /opt/***/data/data.json
[2024-02-12T19:45:25.495+0000] {base.py:73} INFO - Using connection ID 'fs_default' for task execution.
[2024-02-12T19:45:25.496+0000] {filesystem.py:64} INFO - Poking for file /opt/***/data/data.json
[2024-02-12T19:45:35.513+0000] {base.py:73} INFO - Using connection ID 'fs_default' for task execution.
[2024-02-12T19:45:35.513+0000] {filesystem.py:64} INFO - Poking for file /opt/***/data/data.json
[2024-02-12T19:45:45.536+0000] {base.py:73} INFO - Using connection ID 'fs_default' for task execution.
[2024-02-12T19:45:45.536+0000] {filesystem.py:64} INFO - Poking for file /opt/***/data/data.json
[2024-02-12T19:45:55.579+0000] {base.py:73} INFO - Using connection ID 'fs_default' for task execution.
[2024-02-12T19:45:55.579+0000] {filesystem.py:64} INFO - Poking for file /opt/***/data/data.json
[2024-02-12T19:46:05.595+0000] {base.py:73} INFO - Using connection ID 'fs_default' for task execution.
[2024-02-12T19:46:05.595+0000] {filesystem.py:64} INFO - Poking for file /opt/***/data/data.json
[2024-02-12T19:46:15.615+0000] {base.py:73} INFO - Using connection ID 'fs_default' for task execution.
[2024-02-12T19:46:15.616+0000] {filesystem.py:64} INFO - Poking for file /opt/***/data/data.json
[2024-02-12T19:46:25.632+0000] {base.py:73} INFO - Using connection ID 'fs_default' for task execution.
[2024-02-12T19:46:25.632+0000] {filesystem.py:64} INFO - Poking for file /opt/***/data/data.json
[2024-02-12T19:46:35.651+0000] {base.py:73} INFO - Using connection ID 'fs_default' for task execution.
[2024-02-12T19:46:35.651+0000] {filesystem.py:64} INFO - Poking for file /opt/***/data/data.json
[2024-02-12T19:46:45.671+0000] {base.py:73} INFO - Using connection ID 'fs_default' for task execution.
[2024-02-12T19:46:45.671+0000] {filesystem.py:64} INFO - Poking for file /opt/***/data/data.json
[2024-02-12T19:46:55.689+0000] {base.py:73} INFO - Using connection ID 'fs_default' for task execution.
[2024-02-12T19:46:55.690+0000] {filesystem.py:64} INFO - Poking for file /opt/***/data/data.json
[2024-02-12T19:47:05.714+0000] {base.py:73} INFO - Using connection ID 'fs_default' for task execution.
[2024-02-12T19:47:05.715+0000] {filesystem.py:64} INFO - Poking for file /opt/***/data/data.json
[2024-02-12T19:47:15.737+0000] {base.py:73} INFO - Using connection ID 'fs_default' for task execution.
[2024-02-12T19:47:15.737+0000] {filesystem.py:64} INFO - Poking for file /opt/***/data/data.json
[2024-02-12T19:47:25.763+0000] {base.py:73} INFO - Using connection ID 'fs_default' for task execution.
[2024-02-12T19:47:25.763+0000] {filesystem.py:64} INFO - Poking for file /opt/***/data/data.json
[2024-02-12T19:47:35.785+0000] {base.py:73} INFO - Using connection ID 'fs_default' for task execution.
[2024-02-12T19:47:35.786+0000] {filesystem.py:64} INFO - Poking for file /opt/***/data/data.json
[2024-02-12T19:47:45.816+0000] {base.py:73} INFO - Using connection ID 'fs_default' for task execution.
[2024-02-12T19:47:45.816+0000] {filesystem.py:64} INFO - Poking for file /opt/***/data/data.json
[2024-02-12T19:47:55.842+0000] {base.py:73} INFO - Using connection ID 'fs_default' for task execution.
[2024-02-12T19:47:55.843+0000] {filesystem.py:64} INFO - Poking for file /opt/***/data/data.json
[2024-02-12T19:48:05.865+0000] {base.py:73} INFO - Using connection ID 'fs_default' for task execution.
[2024-02-12T19:48:05.866+0000] {filesystem.py:64} INFO - Poking for file /opt/***/data/data.json
[2024-02-12T19:48:15.907+0000] {base.py:73} INFO - Using connection ID 'fs_default' for task execution.
[2024-02-12T19:48:15.907+0000] {filesystem.py:64} INFO - Poking for file /opt/***/data/data.json
[2024-02-12T19:48:25.927+0000] {base.py:73} INFO - Using connection ID 'fs_default' for task execution.
[2024-02-12T19:48:25.927+0000] {filesystem.py:64} INFO - Poking for file /opt/***/data/data.json
[2024-02-12T19:48:35.957+0000] {base.py:73} INFO - Using connection ID 'fs_default' for task execution.
[2024-02-12T19:48:35.957+0000] {filesystem.py:64} INFO - Poking for file /opt/***/data/data.json
[2024-02-12T19:48:45.992+0000] {base.py:73} INFO - Using connection ID 'fs_default' for task execution.
[2024-02-12T19:48:45.992+0000] {filesystem.py:64} INFO - Poking for file /opt/***/data/data.json
[2024-02-12T19:48:56.014+0000] {base.py:73} INFO - Using connection ID 'fs_default' for task execution.
[2024-02-12T19:48:56.014+0000] {filesystem.py:64} INFO - Poking for file /opt/***/data/data.json
[2024-02-12T19:49:06.044+0000] {base.py:73} INFO - Using connection ID 'fs_default' for task execution.
[2024-02-12T19:49:06.050+0000] {filesystem.py:64} INFO - Poking for file /opt/***/data/data.json
[2024-02-12T19:49:16.070+0000] {base.py:73} INFO - Using connection ID 'fs_default' for task execution.
[2024-02-12T19:49:16.070+0000] {filesystem.py:64} INFO - Poking for file /opt/***/data/data.json
[2024-02-12T19:49:26.097+0000] {base.py:73} INFO - Using connection ID 'fs_default' for task execution.
[2024-02-12T19:49:26.097+0000] {filesystem.py:64} INFO - Poking for file /opt/***/data/data.json
[2024-02-12T19:49:36.129+0000] {base.py:73} INFO - Using connection ID 'fs_default' for task execution.
[2024-02-12T19:49:36.129+0000] {filesystem.py:64} INFO - Poking for file /opt/***/data/data.json
[2024-02-12T19:49:46.148+0000] {base.py:73} INFO - Using connection ID 'fs_default' for task execution.
[2024-02-12T19:49:46.149+0000] {filesystem.py:64} INFO - Poking for file /opt/***/data/data.json
[2024-02-12T19:49:56.171+0000] {base.py:73} INFO - Using connection ID 'fs_default' for task execution.
[2024-02-12T19:49:56.172+0000] {filesystem.py:64} INFO - Poking for file /opt/***/data/data.json
[2024-02-12T19:50:06.218+0000] {base.py:73} INFO - Using connection ID 'fs_default' for task execution.
[2024-02-12T19:50:06.218+0000] {filesystem.py:64} INFO - Poking for file /opt/***/data/data.json
[2024-02-12T19:50:16.247+0000] {base.py:73} INFO - Using connection ID 'fs_default' for task execution.
[2024-02-12T19:50:16.248+0000] {filesystem.py:64} INFO - Poking for file /opt/***/data/data.json
[2024-02-12T19:50:26.268+0000] {base.py:73} INFO - Using connection ID 'fs_default' for task execution.
[2024-02-12T19:50:26.269+0000] {filesystem.py:64} INFO - Poking for file /opt/***/data/data.json
[2024-02-12T19:50:36.295+0000] {base.py:73} INFO - Using connection ID 'fs_default' for task execution.
[2024-02-12T19:50:36.295+0000] {filesystem.py:64} INFO - Poking for file /opt/***/data/data.json
[2024-02-12T19:50:46.314+0000] {base.py:73} INFO - Using connection ID 'fs_default' for task execution.
[2024-02-12T19:50:46.314+0000] {filesystem.py:64} INFO - Poking for file /opt/***/data/data.json
[2024-02-12T19:50:56.335+0000] {base.py:73} INFO - Using connection ID 'fs_default' for task execution.
[2024-02-12T19:50:56.335+0000] {filesystem.py:64} INFO - Poking for file /opt/***/data/data.json
[2024-02-12T19:51:06.357+0000] {base.py:73} INFO - Using connection ID 'fs_default' for task execution.
[2024-02-12T19:51:06.357+0000] {filesystem.py:64} INFO - Poking for file /opt/***/data/data.json
[2024-02-12T19:51:16.380+0000] {base.py:73} INFO - Using connection ID 'fs_default' for task execution.
[2024-02-12T19:51:16.380+0000] {filesystem.py:64} INFO - Poking for file /opt/***/data/data.json
[2024-02-12T19:51:26.399+0000] {base.py:73} INFO - Using connection ID 'fs_default' for task execution.
[2024-02-12T19:51:26.399+0000] {filesystem.py:64} INFO - Poking for file /opt/***/data/data.json
[2024-02-12T19:51:36.427+0000] {base.py:73} INFO - Using connection ID 'fs_default' for task execution.
[2024-02-12T19:51:36.428+0000] {filesystem.py:64} INFO - Poking for file /opt/***/data/data.json
[2024-02-12T19:51:46.448+0000] {base.py:73} INFO - Using connection ID 'fs_default' for task execution.
[2024-02-12T19:51:46.448+0000] {filesystem.py:64} INFO - Poking for file /opt/***/data/data.json
[2024-02-12T19:51:56.468+0000] {base.py:73} INFO - Using connection ID 'fs_default' for task execution.
[2024-02-12T19:51:56.468+0000] {filesystem.py:64} INFO - Poking for file /opt/***/data/data.json
[2024-02-12T19:52:06.485+0000] {base.py:73} INFO - Using connection ID 'fs_default' for task execution.
[2024-02-12T19:52:06.486+0000] {filesystem.py:64} INFO - Poking for file /opt/***/data/data.json
[2024-02-12T19:52:16.501+0000] {base.py:73} INFO - Using connection ID 'fs_default' for task execution.
[2024-02-12T19:52:16.502+0000] {filesystem.py:64} INFO - Poking for file /opt/***/data/data.json
[2024-02-12T19:52:26.525+0000] {base.py:73} INFO - Using connection ID 'fs_default' for task execution.
[2024-02-12T19:52:26.525+0000] {filesystem.py:64} INFO - Poking for file /opt/***/data/data.json
[2024-02-12T19:52:36.567+0000] {base.py:73} INFO - Using connection ID 'fs_default' for task execution.
[2024-02-12T19:52:36.568+0000] {filesystem.py:64} INFO - Poking for file /opt/***/data/data.json
[2024-02-12T19:52:46.589+0000] {base.py:73} INFO - Using connection ID 'fs_default' for task execution.
[2024-02-12T19:52:46.590+0000] {filesystem.py:64} INFO - Poking for file /opt/***/data/data.json
[2024-02-12T19:52:56.616+0000] {base.py:73} INFO - Using connection ID 'fs_default' for task execution.
[2024-02-12T19:52:56.616+0000] {filesystem.py:64} INFO - Poking for file /opt/***/data/data.json
[2024-02-12T19:53:06.639+0000] {base.py:73} INFO - Using connection ID 'fs_default' for task execution.
[2024-02-12T19:53:06.640+0000] {filesystem.py:64} INFO - Poking for file /opt/***/data/data.json
[2024-02-12T19:53:16.657+0000] {base.py:73} INFO - Using connection ID 'fs_default' for task execution.
[2024-02-12T19:53:16.657+0000] {filesystem.py:64} INFO - Poking for file /opt/***/data/data.json
[2024-02-12T19:53:26.677+0000] {base.py:73} INFO - Using connection ID 'fs_default' for task execution.
[2024-02-12T19:53:26.677+0000] {filesystem.py:64} INFO - Poking for file /opt/***/data/data.json
[2024-02-12T19:53:36.705+0000] {base.py:73} INFO - Using connection ID 'fs_default' for task execution.
[2024-02-12T19:53:36.705+0000] {filesystem.py:64} INFO - Poking for file /opt/***/data/data.json
[2024-02-12T19:53:46.727+0000] {base.py:73} INFO - Using connection ID 'fs_default' for task execution.
[2024-02-12T19:53:46.727+0000] {filesystem.py:64} INFO - Poking for file /opt/***/data/data.json
[2024-02-12T19:53:56.758+0000] {base.py:73} INFO - Using connection ID 'fs_default' for task execution.
[2024-02-12T19:53:56.759+0000] {filesystem.py:64} INFO - Poking for file /opt/***/data/data.json
[2024-02-12T19:54:06.778+0000] {base.py:73} INFO - Using connection ID 'fs_default' for task execution.
[2024-02-12T19:54:06.778+0000] {filesystem.py:64} INFO - Poking for file /opt/***/data/data.json
[2024-02-12T19:54:16.800+0000] {base.py:73} INFO - Using connection ID 'fs_default' for task execution.
[2024-02-12T19:54:16.800+0000] {filesystem.py:64} INFO - Poking for file /opt/***/data/data.json
[2024-02-12T19:54:26.820+0000] {base.py:73} INFO - Using connection ID 'fs_default' for task execution.
[2024-02-12T19:54:26.821+0000] {filesystem.py:64} INFO - Poking for file /opt/***/data/data.json
[2024-02-12T19:54:36.843+0000] {base.py:73} INFO - Using connection ID 'fs_default' for task execution.
[2024-02-12T19:54:36.843+0000] {filesystem.py:64} INFO - Poking for file /opt/***/data/data.json
[2024-02-12T19:54:46.858+0000] {base.py:73} INFO - Using connection ID 'fs_default' for task execution.
[2024-02-12T19:54:46.859+0000] {filesystem.py:64} INFO - Poking for file /opt/***/data/data.json
[2024-02-12T19:54:56.893+0000] {base.py:73} INFO - Using connection ID 'fs_default' for task execution.
[2024-02-12T19:54:56.894+0000] {filesystem.py:64} INFO - Poking for file /opt/***/data/data.json
[2024-02-12T19:55:06.918+0000] {base.py:73} INFO - Using connection ID 'fs_default' for task execution.
[2024-02-12T19:55:06.919+0000] {filesystem.py:64} INFO - Poking for file /opt/***/data/data.json
[2024-02-12T19:55:16.935+0000] {base.py:73} INFO - Using connection ID 'fs_default' for task execution.
[2024-02-12T19:55:16.935+0000] {filesystem.py:64} INFO - Poking for file /opt/***/data/data.json
[2024-02-12T19:55:26.986+0000] {base.py:73} INFO - Using connection ID 'fs_default' for task execution.
[2024-02-12T19:55:26.987+0000] {filesystem.py:64} INFO - Poking for file /opt/***/data/data.json
[2024-02-12T19:55:37.002+0000] {base.py:73} INFO - Using connection ID 'fs_default' for task execution.
[2024-02-12T19:55:37.002+0000] {filesystem.py:64} INFO - Poking for file /opt/***/data/data.json
[2024-02-12T19:55:47.019+0000] {base.py:73} INFO - Using connection ID 'fs_default' for task execution.
[2024-02-12T19:55:47.019+0000] {filesystem.py:64} INFO - Poking for file /opt/***/data/data.json
[2024-02-12T19:55:57.036+0000] {base.py:73} INFO - Using connection ID 'fs_default' for task execution.
[2024-02-12T19:55:57.037+0000] {filesystem.py:64} INFO - Poking for file /opt/***/data/data.json
[2024-02-12T19:56:07.062+0000] {base.py:73} INFO - Using connection ID 'fs_default' for task execution.
[2024-02-12T19:56:07.062+0000] {filesystem.py:64} INFO - Poking for file /opt/***/data/data.json
[2024-02-12T19:56:17.080+0000] {base.py:73} INFO - Using connection ID 'fs_default' for task execution.
[2024-02-12T19:56:17.080+0000] {filesystem.py:64} INFO - Poking for file /opt/***/data/data.json
[2024-02-12T19:56:27.101+0000] {base.py:73} INFO - Using connection ID 'fs_default' for task execution.
[2024-02-12T19:56:27.104+0000] {filesystem.py:64} INFO - Poking for file /opt/***/data/data.json
[2024-02-12T19:56:37.130+0000] {base.py:73} INFO - Using connection ID 'fs_default' for task execution.
[2024-02-12T19:56:37.131+0000] {filesystem.py:64} INFO - Poking for file /opt/***/data/data.json
[2024-02-12T19:56:47.158+0000] {base.py:73} INFO - Using connection ID 'fs_default' for task execution.
[2024-02-12T19:56:47.159+0000] {filesystem.py:64} INFO - Poking for file /opt/***/data/data.json
[2024-02-12T19:56:57.180+0000] {base.py:73} INFO - Using connection ID 'fs_default' for task execution.
[2024-02-12T19:56:57.181+0000] {filesystem.py:64} INFO - Poking for file /opt/***/data/data.json
[2024-02-12T19:57:07.198+0000] {base.py:73} INFO - Using connection ID 'fs_default' for task execution.
[2024-02-12T19:57:07.199+0000] {filesystem.py:64} INFO - Poking for file /opt/***/data/data.json
[2024-02-12T19:57:17.228+0000] {base.py:73} INFO - Using connection ID 'fs_default' for task execution.
[2024-02-12T19:57:17.228+0000] {filesystem.py:64} INFO - Poking for file /opt/***/data/data.json
[2024-02-12T19:57:27.245+0000] {base.py:73} INFO - Using connection ID 'fs_default' for task execution.
[2024-02-12T19:57:27.246+0000] {filesystem.py:64} INFO - Poking for file /opt/***/data/data.json
[2024-02-12T19:57:37.306+0000] {base.py:73} INFO - Using connection ID 'fs_default' for task execution.
[2024-02-12T19:57:37.307+0000] {filesystem.py:64} INFO - Poking for file /opt/***/data/data.json
[2024-02-12T19:57:47.336+0000] {base.py:73} INFO - Using connection ID 'fs_default' for task execution.
[2024-02-12T19:57:47.337+0000] {filesystem.py:64} INFO - Poking for file /opt/***/data/data.json
[2024-02-12T19:57:57.360+0000] {base.py:73} INFO - Using connection ID 'fs_default' for task execution.
[2024-02-12T19:57:57.360+0000] {filesystem.py:64} INFO - Poking for file /opt/***/data/data.json
[2024-02-12T19:58:07.386+0000] {base.py:73} INFO - Using connection ID 'fs_default' for task execution.
[2024-02-12T19:58:07.387+0000] {filesystem.py:64} INFO - Poking for file /opt/***/data/data.json
[2024-02-12T19:58:17.404+0000] {base.py:73} INFO - Using connection ID 'fs_default' for task execution.
[2024-02-12T19:58:17.404+0000] {filesystem.py:64} INFO - Poking for file /opt/***/data/data.json
[2024-02-12T19:58:27.424+0000] {base.py:73} INFO - Using connection ID 'fs_default' for task execution.
[2024-02-12T19:58:27.424+0000] {filesystem.py:64} INFO - Poking for file /opt/***/data/data.json
[2024-02-12T19:58:37.473+0000] {base.py:73} INFO - Using connection ID 'fs_default' for task execution.
[2024-02-12T19:58:37.474+0000] {filesystem.py:64} INFO - Poking for file /opt/***/data/data.json
[2024-02-12T19:58:47.492+0000] {base.py:73} INFO - Using connection ID 'fs_default' for task execution.
[2024-02-12T19:58:47.492+0000] {filesystem.py:64} INFO - Poking for file /opt/***/data/data.json
[2024-02-12T19:58:57.512+0000] {base.py:73} INFO - Using connection ID 'fs_default' for task execution.
[2024-02-12T19:58:57.512+0000] {filesystem.py:64} INFO - Poking for file /opt/***/data/data.json
[2024-02-12T19:59:07.530+0000] {base.py:73} INFO - Using connection ID 'fs_default' for task execution.
[2024-02-12T19:59:07.531+0000] {filesystem.py:64} INFO - Poking for file /opt/***/data/data.json
[2024-02-12T19:59:17.552+0000] {base.py:73} INFO - Using connection ID 'fs_default' for task execution.
[2024-02-12T19:59:17.552+0000] {filesystem.py:64} INFO - Poking for file /opt/***/data/data.json
[2024-02-12T19:59:27.580+0000] {base.py:73} INFO - Using connection ID 'fs_default' for task execution.
[2024-02-12T19:59:27.581+0000] {filesystem.py:64} INFO - Poking for file /opt/***/data/data.json
[2024-02-12T19:59:37.601+0000] {base.py:73} INFO - Using connection ID 'fs_default' for task execution.
[2024-02-12T19:59:37.601+0000] {filesystem.py:64} INFO - Poking for file /opt/***/data/data.json
[2024-02-12T19:59:47.617+0000] {base.py:73} INFO - Using connection ID 'fs_default' for task execution.
[2024-02-12T19:59:47.617+0000] {filesystem.py:64} INFO - Poking for file /opt/***/data/data.json
[2024-02-12T19:59:57.636+0000] {base.py:73} INFO - Using connection ID 'fs_default' for task execution.
[2024-02-12T19:59:57.636+0000] {filesystem.py:64} INFO - Poking for file /opt/***/data/data.json
[2024-02-12T20:00:07.656+0000] {base.py:73} INFO - Using connection ID 'fs_default' for task execution.
[2024-02-12T20:00:07.656+0000] {filesystem.py:64} INFO - Poking for file /opt/***/data/data.json
[2024-02-12T20:00:17.675+0000] {base.py:73} INFO - Using connection ID 'fs_default' for task execution.
[2024-02-12T20:00:17.676+0000] {filesystem.py:64} INFO - Poking for file /opt/***/data/data.json
[2024-02-12T20:00:27.708+0000] {base.py:73} INFO - Using connection ID 'fs_default' for task execution.
[2024-02-12T20:00:27.709+0000] {filesystem.py:64} INFO - Poking for file /opt/***/data/data.json
[2024-02-12T20:00:37.733+0000] {base.py:73} INFO - Using connection ID 'fs_default' for task execution.
[2024-02-12T20:00:37.733+0000] {filesystem.py:64} INFO - Poking for file /opt/***/data/data.json
[2024-02-12T20:00:47.752+0000] {base.py:73} INFO - Using connection ID 'fs_default' for task execution.
[2024-02-12T20:00:47.752+0000] {filesystem.py:64} INFO - Poking for file /opt/***/data/data.json
[2024-02-12T20:00:57.773+0000] {base.py:73} INFO - Using connection ID 'fs_default' for task execution.
[2024-02-12T20:00:57.773+0000] {filesystem.py:64} INFO - Poking for file /opt/***/data/data.json
[2024-02-12T20:01:07.791+0000] {base.py:73} INFO - Using connection ID 'fs_default' for task execution.
[2024-02-12T20:01:07.792+0000] {filesystem.py:64} INFO - Poking for file /opt/***/data/data.json
[2024-02-12T20:01:17.816+0000] {base.py:73} INFO - Using connection ID 'fs_default' for task execution.
[2024-02-12T20:01:17.816+0000] {filesystem.py:64} INFO - Poking for file /opt/***/data/data.json
[2024-02-12T20:01:27.847+0000] {base.py:73} INFO - Using connection ID 'fs_default' for task execution.
[2024-02-12T20:01:27.847+0000] {filesystem.py:64} INFO - Poking for file /opt/***/data/data.json
[2024-02-12T20:01:37.872+0000] {base.py:73} INFO - Using connection ID 'fs_default' for task execution.
[2024-02-12T20:01:37.873+0000] {filesystem.py:64} INFO - Poking for file /opt/***/data/data.json
[2024-02-12T20:01:47.893+0000] {base.py:73} INFO - Using connection ID 'fs_default' for task execution.
[2024-02-12T20:01:47.893+0000] {filesystem.py:64} INFO - Poking for file /opt/***/data/data.json
[2024-02-12T20:01:57.910+0000] {base.py:73} INFO - Using connection ID 'fs_default' for task execution.
[2024-02-12T20:01:57.911+0000] {filesystem.py:64} INFO - Poking for file /opt/***/data/data.json
[2024-02-12T20:02:07.930+0000] {base.py:73} INFO - Using connection ID 'fs_default' for task execution.
[2024-02-12T20:02:07.931+0000] {filesystem.py:64} INFO - Poking for file /opt/***/data/data.json
[2024-02-12T20:02:17.949+0000] {base.py:73} INFO - Using connection ID 'fs_default' for task execution.
[2024-02-12T20:02:17.950+0000] {filesystem.py:64} INFO - Poking for file /opt/***/data/data.json
[2024-02-12T20:02:27.966+0000] {base.py:73} INFO - Using connection ID 'fs_default' for task execution.
[2024-02-12T20:02:27.966+0000] {filesystem.py:64} INFO - Poking for file /opt/***/data/data.json
[2024-02-12T20:02:37.988+0000] {base.py:73} INFO - Using connection ID 'fs_default' for task execution.
[2024-02-12T20:02:37.988+0000] {filesystem.py:64} INFO - Poking for file /opt/***/data/data.json
[2024-02-12T20:02:48.006+0000] {base.py:73} INFO - Using connection ID 'fs_default' for task execution.
[2024-02-12T20:02:48.007+0000] {filesystem.py:64} INFO - Poking for file /opt/***/data/data.json
[2024-02-12T20:02:58.024+0000] {base.py:73} INFO - Using connection ID 'fs_default' for task execution.
[2024-02-12T20:02:58.024+0000] {filesystem.py:64} INFO - Poking for file /opt/***/data/data.json
[2024-02-12T20:03:08.042+0000] {base.py:73} INFO - Using connection ID 'fs_default' for task execution.
[2024-02-12T20:03:08.043+0000] {filesystem.py:64} INFO - Poking for file /opt/***/data/data.json
[2024-02-12T20:03:18.081+0000] {base.py:73} INFO - Using connection ID 'fs_default' for task execution.
[2024-02-12T20:03:18.082+0000] {filesystem.py:64} INFO - Poking for file /opt/***/data/data.json
[2024-02-12T20:03:28.108+0000] {base.py:73} INFO - Using connection ID 'fs_default' for task execution.
[2024-02-12T20:03:28.109+0000] {filesystem.py:64} INFO - Poking for file /opt/***/data/data.json
[2024-02-12T20:03:38.128+0000] {base.py:73} INFO - Using connection ID 'fs_default' for task execution.
[2024-02-12T20:03:38.129+0000] {filesystem.py:64} INFO - Poking for file /opt/***/data/data.json
[2024-02-12T20:03:48.145+0000] {base.py:73} INFO - Using connection ID 'fs_default' for task execution.
[2024-02-12T20:03:48.146+0000] {filesystem.py:64} INFO - Poking for file /opt/***/data/data.json
[2024-02-12T20:03:58.162+0000] {base.py:73} INFO - Using connection ID 'fs_default' for task execution.
[2024-02-12T20:03:58.162+0000] {filesystem.py:64} INFO - Poking for file /opt/***/data/data.json
[2024-02-12T20:04:08.181+0000] {base.py:73} INFO - Using connection ID 'fs_default' for task execution.
[2024-02-12T20:04:08.181+0000] {filesystem.py:64} INFO - Poking for file /opt/***/data/data.json
[2024-02-12T20:04:18.200+0000] {base.py:73} INFO - Using connection ID 'fs_default' for task execution.
[2024-02-12T20:04:18.201+0000] {filesystem.py:64} INFO - Poking for file /opt/***/data/data.json
[2024-02-12T20:04:28.219+0000] {base.py:73} INFO - Using connection ID 'fs_default' for task execution.
[2024-02-12T20:04:28.220+0000] {filesystem.py:64} INFO - Poking for file /opt/***/data/data.json
[2024-02-12T20:04:38.233+0000] {base.py:73} INFO - Using connection ID 'fs_default' for task execution.
[2024-02-12T20:04:38.234+0000] {filesystem.py:64} INFO - Poking for file /opt/***/data/data.json
[2024-02-12T20:04:48.252+0000] {base.py:73} INFO - Using connection ID 'fs_default' for task execution.
[2024-02-12T20:04:48.253+0000] {filesystem.py:64} INFO - Poking for file /opt/***/data/data.json
[2024-02-12T20:04:58.275+0000] {base.py:73} INFO - Using connection ID 'fs_default' for task execution.
[2024-02-12T20:04:58.275+0000] {filesystem.py:64} INFO - Poking for file /opt/***/data/data.json
[2024-02-12T20:05:08.290+0000] {base.py:73} INFO - Using connection ID 'fs_default' for task execution.
[2024-02-12T20:05:08.290+0000] {filesystem.py:64} INFO - Poking for file /opt/***/data/data.json
[2024-02-12T20:05:18.306+0000] {base.py:73} INFO - Using connection ID 'fs_default' for task execution.
[2024-02-12T20:05:18.306+0000] {filesystem.py:64} INFO - Poking for file /opt/***/data/data.json
[2024-02-12T20:05:28.363+0000] {base.py:73} INFO - Using connection ID 'fs_default' for task execution.
[2024-02-12T20:05:28.363+0000] {filesystem.py:64} INFO - Poking for file /opt/***/data/data.json
[2024-02-12T20:05:38.381+0000] {base.py:73} INFO - Using connection ID 'fs_default' for task execution.
[2024-02-12T20:05:38.382+0000] {filesystem.py:64} INFO - Poking for file /opt/***/data/data.json
[2024-02-12T20:05:48.400+0000] {base.py:73} INFO - Using connection ID 'fs_default' for task execution.
[2024-02-12T20:05:48.400+0000] {filesystem.py:64} INFO - Poking for file /opt/***/data/data.json
[2024-02-12T20:05:58.421+0000] {base.py:73} INFO - Using connection ID 'fs_default' for task execution.
[2024-02-12T20:05:58.421+0000] {filesystem.py:64} INFO - Poking for file /opt/***/data/data.json
[2024-02-12T20:06:08.439+0000] {base.py:73} INFO - Using connection ID 'fs_default' for task execution.
[2024-02-12T20:06:08.439+0000] {filesystem.py:64} INFO - Poking for file /opt/***/data/data.json
[2024-02-12T20:06:18.455+0000] {base.py:73} INFO - Using connection ID 'fs_default' for task execution.
[2024-02-12T20:06:18.456+0000] {filesystem.py:64} INFO - Poking for file /opt/***/data/data.json
[2024-02-12T20:06:28.477+0000] {base.py:73} INFO - Using connection ID 'fs_default' for task execution.
[2024-02-12T20:06:28.478+0000] {filesystem.py:64} INFO - Poking for file /opt/***/data/data.json
[2024-02-12T20:06:38.514+0000] {base.py:73} INFO - Using connection ID 'fs_default' for task execution.
[2024-02-12T20:06:38.514+0000] {filesystem.py:64} INFO - Poking for file /opt/***/data/data.json
[2024-02-12T20:06:48.535+0000] {base.py:73} INFO - Using connection ID 'fs_default' for task execution.
[2024-02-12T20:06:48.535+0000] {filesystem.py:64} INFO - Poking for file /opt/***/data/data.json
[2024-02-12T20:06:58.559+0000] {base.py:73} INFO - Using connection ID 'fs_default' for task execution.
[2024-02-12T20:06:58.559+0000] {filesystem.py:64} INFO - Poking for file /opt/***/data/data.json
[2024-02-12T20:07:08.587+0000] {base.py:73} INFO - Using connection ID 'fs_default' for task execution.
[2024-02-12T20:07:08.587+0000] {filesystem.py:64} INFO - Poking for file /opt/***/data/data.json
[2024-02-12T20:07:18.606+0000] {base.py:73} INFO - Using connection ID 'fs_default' for task execution.
[2024-02-12T20:07:18.607+0000] {filesystem.py:64} INFO - Poking for file /opt/***/data/data.json
[2024-02-12T20:07:28.626+0000] {base.py:73} INFO - Using connection ID 'fs_default' for task execution.
[2024-02-12T20:07:28.626+0000] {filesystem.py:64} INFO - Poking for file /opt/***/data/data.json
[2024-02-12T20:07:38.657+0000] {base.py:73} INFO - Using connection ID 'fs_default' for task execution.
[2024-02-12T20:07:38.658+0000] {filesystem.py:64} INFO - Poking for file /opt/***/data/data.json
[2024-02-12T20:07:48.680+0000] {base.py:73} INFO - Using connection ID 'fs_default' for task execution.
[2024-02-12T20:07:48.680+0000] {filesystem.py:64} INFO - Poking for file /opt/***/data/data.json
[2024-02-12T20:07:58.702+0000] {base.py:73} INFO - Using connection ID 'fs_default' for task execution.
[2024-02-12T20:07:58.702+0000] {filesystem.py:64} INFO - Poking for file /opt/***/data/data.json
[2024-02-12T20:08:08.719+0000] {base.py:73} INFO - Using connection ID 'fs_default' for task execution.
[2024-02-12T20:08:08.719+0000] {filesystem.py:64} INFO - Poking for file /opt/***/data/data.json
[2024-02-12T20:08:18.735+0000] {base.py:73} INFO - Using connection ID 'fs_default' for task execution.
[2024-02-12T20:08:18.736+0000] {filesystem.py:64} INFO - Poking for file /opt/***/data/data.json
[2024-02-12T20:08:28.761+0000] {base.py:73} INFO - Using connection ID 'fs_default' for task execution.
[2024-02-12T20:08:28.762+0000] {filesystem.py:64} INFO - Poking for file /opt/***/data/data.json
[2024-02-12T20:08:38.778+0000] {base.py:73} INFO - Using connection ID 'fs_default' for task execution.
[2024-02-12T20:08:38.778+0000] {filesystem.py:64} INFO - Poking for file /opt/***/data/data.json
[2024-02-12T20:08:48.805+0000] {base.py:73} INFO - Using connection ID 'fs_default' for task execution.
[2024-02-12T20:08:48.806+0000] {filesystem.py:64} INFO - Poking for file /opt/***/data/data.json
[2024-02-12T20:08:58.822+0000] {base.py:73} INFO - Using connection ID 'fs_default' for task execution.
[2024-02-12T20:08:58.823+0000] {filesystem.py:64} INFO - Poking for file /opt/***/data/data.json
[2024-02-12T20:09:08.845+0000] {base.py:73} INFO - Using connection ID 'fs_default' for task execution.
[2024-02-12T20:09:08.845+0000] {filesystem.py:64} INFO - Poking for file /opt/***/data/data.json
[2024-02-12T20:09:18.865+0000] {base.py:73} INFO - Using connection ID 'fs_default' for task execution.
[2024-02-12T20:09:18.865+0000] {filesystem.py:64} INFO - Poking for file /opt/***/data/data.json
[2024-02-12T20:09:28.884+0000] {base.py:73} INFO - Using connection ID 'fs_default' for task execution.
[2024-02-12T20:09:28.885+0000] {filesystem.py:64} INFO - Poking for file /opt/***/data/data.json
[2024-02-12T20:09:38.913+0000] {base.py:73} INFO - Using connection ID 'fs_default' for task execution.
[2024-02-12T20:09:38.913+0000] {filesystem.py:64} INFO - Poking for file /opt/***/data/data.json
[2024-02-12T20:09:48.933+0000] {base.py:73} INFO - Using connection ID 'fs_default' for task execution.
[2024-02-12T20:09:48.933+0000] {filesystem.py:64} INFO - Poking for file /opt/***/data/data.json
[2024-02-12T20:09:58.952+0000] {base.py:73} INFO - Using connection ID 'fs_default' for task execution.
[2024-02-12T20:09:58.952+0000] {filesystem.py:64} INFO - Poking for file /opt/***/data/data.json
[2024-02-12T20:10:08.972+0000] {base.py:73} INFO - Using connection ID 'fs_default' for task execution.
[2024-02-12T20:10:08.973+0000] {filesystem.py:64} INFO - Poking for file /opt/***/data/data.json
[2024-02-12T20:10:19.011+0000] {base.py:73} INFO - Using connection ID 'fs_default' for task execution.
[2024-02-12T20:10:19.011+0000] {filesystem.py:64} INFO - Poking for file /opt/***/data/data.json
[2024-02-12T20:10:29.033+0000] {base.py:73} INFO - Using connection ID 'fs_default' for task execution.
[2024-02-12T20:10:29.033+0000] {filesystem.py:64} INFO - Poking for file /opt/***/data/data.json
[2024-02-12T20:10:39.054+0000] {base.py:73} INFO - Using connection ID 'fs_default' for task execution.
[2024-02-12T20:10:39.055+0000] {filesystem.py:64} INFO - Poking for file /opt/***/data/data.json
[2024-02-12T20:10:49.075+0000] {base.py:73} INFO - Using connection ID 'fs_default' for task execution.
[2024-02-12T20:10:49.075+0000] {filesystem.py:64} INFO - Poking for file /opt/***/data/data.json
[2024-02-12T20:10:59.096+0000] {base.py:73} INFO - Using connection ID 'fs_default' for task execution.
[2024-02-12T20:10:59.096+0000] {filesystem.py:64} INFO - Poking for file /opt/***/data/data.json
[2024-02-12T20:11:09.118+0000] {base.py:73} INFO - Using connection ID 'fs_default' for task execution.
[2024-02-12T20:11:09.118+0000] {filesystem.py:64} INFO - Poking for file /opt/***/data/data.json
[2024-02-12T20:11:19.133+0000] {base.py:73} INFO - Using connection ID 'fs_default' for task execution.
[2024-02-12T20:11:19.134+0000] {filesystem.py:64} INFO - Poking for file /opt/***/data/data.json
[2024-02-12T20:11:29.154+0000] {base.py:73} INFO - Using connection ID 'fs_default' for task execution.
[2024-02-12T20:11:29.155+0000] {filesystem.py:64} INFO - Poking for file /opt/***/data/data.json
[2024-02-12T20:11:39.170+0000] {base.py:73} INFO - Using connection ID 'fs_default' for task execution.
[2024-02-12T20:11:39.170+0000] {filesystem.py:64} INFO - Poking for file /opt/***/data/data.json
[2024-02-12T20:11:49.186+0000] {base.py:73} INFO - Using connection ID 'fs_default' for task execution.
[2024-02-12T20:11:49.187+0000] {filesystem.py:64} INFO - Poking for file /opt/***/data/data.json
[2024-02-12T20:11:59.202+0000] {base.py:73} INFO - Using connection ID 'fs_default' for task execution.
[2024-02-12T20:11:59.203+0000] {filesystem.py:64} INFO - Poking for file /opt/***/data/data.json
[2024-02-12T20:12:09.225+0000] {base.py:73} INFO - Using connection ID 'fs_default' for task execution.
[2024-02-12T20:12:09.226+0000] {filesystem.py:64} INFO - Poking for file /opt/***/data/data.json
[2024-02-12T20:12:19.244+0000] {base.py:73} INFO - Using connection ID 'fs_default' for task execution.
[2024-02-12T20:12:19.244+0000] {filesystem.py:64} INFO - Poking for file /opt/***/data/data.json
[2024-02-12T20:12:29.271+0000] {base.py:73} INFO - Using connection ID 'fs_default' for task execution.
[2024-02-12T20:12:29.271+0000] {filesystem.py:64} INFO - Poking for file /opt/***/data/data.json
[2024-02-12T20:12:39.290+0000] {base.py:73} INFO - Using connection ID 'fs_default' for task execution.
[2024-02-12T20:12:39.290+0000] {filesystem.py:64} INFO - Poking for file /opt/***/data/data.json
[2024-02-12T20:12:49.312+0000] {base.py:73} INFO - Using connection ID 'fs_default' for task execution.
[2024-02-12T20:12:49.312+0000] {filesystem.py:64} INFO - Poking for file /opt/***/data/data.json
[2024-02-12T20:12:59.339+0000] {base.py:73} INFO - Using connection ID 'fs_default' for task execution.
[2024-02-12T20:12:59.339+0000] {filesystem.py:64} INFO - Poking for file /opt/***/data/data.json
[2024-02-12T20:13:09.355+0000] {base.py:73} INFO - Using connection ID 'fs_default' for task execution.
[2024-02-12T20:13:09.355+0000] {filesystem.py:64} INFO - Poking for file /opt/***/data/data.json
[2024-02-12T20:13:19.405+0000] {base.py:73} INFO - Using connection ID 'fs_default' for task execution.
[2024-02-12T20:13:19.405+0000] {filesystem.py:64} INFO - Poking for file /opt/***/data/data.json
[2024-02-12T20:13:29.424+0000] {base.py:73} INFO - Using connection ID 'fs_default' for task execution.
[2024-02-12T20:13:29.425+0000] {filesystem.py:64} INFO - Poking for file /opt/***/data/data.json
[2024-02-12T20:13:39.445+0000] {base.py:73} INFO - Using connection ID 'fs_default' for task execution.
[2024-02-12T20:13:39.445+0000] {filesystem.py:64} INFO - Poking for file /opt/***/data/data.json
[2024-02-12T20:13:49.469+0000] {base.py:73} INFO - Using connection ID 'fs_default' for task execution.
[2024-02-12T20:13:49.469+0000] {filesystem.py:64} INFO - Poking for file /opt/***/data/data.json
[2024-02-12T20:13:59.502+0000] {base.py:73} INFO - Using connection ID 'fs_default' for task execution.
[2024-02-12T20:13:59.503+0000] {filesystem.py:64} INFO - Poking for file /opt/***/data/data.json
[2024-02-12T20:14:09.535+0000] {base.py:73} INFO - Using connection ID 'fs_default' for task execution.
[2024-02-12T20:14:09.535+0000] {filesystem.py:64} INFO - Poking for file /opt/***/data/data.json
[2024-02-12T20:14:19.561+0000] {base.py:73} INFO - Using connection ID 'fs_default' for task execution.
[2024-02-12T20:14:19.562+0000] {filesystem.py:64} INFO - Poking for file /opt/***/data/data.json
[2024-02-12T20:14:29.579+0000] {base.py:73} INFO - Using connection ID 'fs_default' for task execution.
[2024-02-12T20:14:29.580+0000] {filesystem.py:64} INFO - Poking for file /opt/***/data/data.json
[2024-02-12T20:14:39.605+0000] {base.py:73} INFO - Using connection ID 'fs_default' for task execution.
[2024-02-12T20:14:39.605+0000] {filesystem.py:64} INFO - Poking for file /opt/***/data/data.json
[2024-02-12T20:14:49.628+0000] {base.py:73} INFO - Using connection ID 'fs_default' for task execution.
[2024-02-12T20:14:49.628+0000] {filesystem.py:64} INFO - Poking for file /opt/***/data/data.json
[2024-02-12T20:14:59.656+0000] {base.py:73} INFO - Using connection ID 'fs_default' for task execution.
[2024-02-12T20:14:59.656+0000] {filesystem.py:64} INFO - Poking for file /opt/***/data/data.json
[2024-02-12T20:15:09.680+0000] {base.py:73} INFO - Using connection ID 'fs_default' for task execution.
[2024-02-12T20:15:09.680+0000] {filesystem.py:64} INFO - Poking for file /opt/***/data/data.json
[2024-02-12T20:15:19.699+0000] {base.py:73} INFO - Using connection ID 'fs_default' for task execution.
[2024-02-12T20:15:19.699+0000] {filesystem.py:64} INFO - Poking for file /opt/***/data/data.json
[2024-02-12T20:15:29.717+0000] {base.py:73} INFO - Using connection ID 'fs_default' for task execution.
[2024-02-12T20:15:29.718+0000] {filesystem.py:64} INFO - Poking for file /opt/***/data/data.json
[2024-02-12T20:15:39.739+0000] {base.py:73} INFO - Using connection ID 'fs_default' for task execution.
[2024-02-12T20:15:39.739+0000] {filesystem.py:64} INFO - Poking for file /opt/***/data/data.json
[2024-02-12T20:15:49.764+0000] {base.py:73} INFO - Using connection ID 'fs_default' for task execution.
[2024-02-12T20:15:49.765+0000] {filesystem.py:64} INFO - Poking for file /opt/***/data/data.json
[2024-02-12T20:15:59.795+0000] {base.py:73} INFO - Using connection ID 'fs_default' for task execution.
[2024-02-12T20:15:59.796+0000] {filesystem.py:64} INFO - Poking for file /opt/***/data/data.json
[2024-02-12T20:16:09.817+0000] {base.py:73} INFO - Using connection ID 'fs_default' for task execution.
[2024-02-12T20:16:09.818+0000] {filesystem.py:64} INFO - Poking for file /opt/***/data/data.json
[2024-02-12T20:16:19.834+0000] {base.py:73} INFO - Using connection ID 'fs_default' for task execution.
[2024-02-12T20:16:19.834+0000] {filesystem.py:64} INFO - Poking for file /opt/***/data/data.json
[2024-02-12T20:16:29.852+0000] {base.py:73} INFO - Using connection ID 'fs_default' for task execution.
[2024-02-12T20:16:29.852+0000] {filesystem.py:64} INFO - Poking for file /opt/***/data/data.json
[2024-02-12T20:16:39.873+0000] {base.py:73} INFO - Using connection ID 'fs_default' for task execution.
[2024-02-12T20:16:39.874+0000] {filesystem.py:64} INFO - Poking for file /opt/***/data/data.json
[2024-02-12T20:16:49.895+0000] {base.py:73} INFO - Using connection ID 'fs_default' for task execution.
[2024-02-12T20:16:49.896+0000] {filesystem.py:64} INFO - Poking for file /opt/***/data/data.json
[2024-02-12T20:16:59.915+0000] {base.py:73} INFO - Using connection ID 'fs_default' for task execution.
[2024-02-12T20:16:59.916+0000] {filesystem.py:64} INFO - Poking for file /opt/***/data/data.json
[2024-02-12T20:17:09.967+0000] {base.py:73} INFO - Using connection ID 'fs_default' for task execution.
[2024-02-12T20:17:09.967+0000] {filesystem.py:64} INFO - Poking for file /opt/***/data/data.json
[2024-02-12T20:17:20.004+0000] {base.py:73} INFO - Using connection ID 'fs_default' for task execution.
[2024-02-12T20:17:20.005+0000] {filesystem.py:64} INFO - Poking for file /opt/***/data/data.json
[2024-02-12T20:17:30.024+0000] {base.py:73} INFO - Using connection ID 'fs_default' for task execution.
[2024-02-12T20:17:30.024+0000] {filesystem.py:64} INFO - Poking for file /opt/***/data/data.json
[2024-02-12T20:17:40.043+0000] {base.py:73} INFO - Using connection ID 'fs_default' for task execution.
[2024-02-12T20:17:40.043+0000] {filesystem.py:64} INFO - Poking for file /opt/***/data/data.json
[2024-02-12T20:17:50.057+0000] {base.py:73} INFO - Using connection ID 'fs_default' for task execution.
[2024-02-12T20:17:50.058+0000] {filesystem.py:64} INFO - Poking for file /opt/***/data/data.json
[2024-02-12T20:18:00.079+0000] {base.py:73} INFO - Using connection ID 'fs_default' for task execution.
[2024-02-12T20:18:00.080+0000] {filesystem.py:64} INFO - Poking for file /opt/***/data/data.json
[2024-02-12T20:18:10.102+0000] {base.py:73} INFO - Using connection ID 'fs_default' for task execution.
[2024-02-12T20:18:10.102+0000] {filesystem.py:64} INFO - Poking for file /opt/***/data/data.json
[2024-02-12T20:18:20.128+0000] {base.py:73} INFO - Using connection ID 'fs_default' for task execution.
[2024-02-12T20:18:20.128+0000] {filesystem.py:64} INFO - Poking for file /opt/***/data/data.json
[2024-02-12T20:18:30.148+0000] {base.py:73} INFO - Using connection ID 'fs_default' for task execution.
[2024-02-12T20:18:30.148+0000] {filesystem.py:64} INFO - Poking for file /opt/***/data/data.json
[2024-02-12T20:18:40.181+0000] {base.py:73} INFO - Using connection ID 'fs_default' for task execution.
[2024-02-12T20:18:40.182+0000] {filesystem.py:64} INFO - Poking for file /opt/***/data/data.json
[2024-02-12T20:18:50.199+0000] {base.py:73} INFO - Using connection ID 'fs_default' for task execution.
[2024-02-12T20:18:50.199+0000] {filesystem.py:64} INFO - Poking for file /opt/***/data/data.json
[2024-02-12T20:19:00.216+0000] {base.py:73} INFO - Using connection ID 'fs_default' for task execution.
[2024-02-12T20:19:00.216+0000] {filesystem.py:64} INFO - Poking for file /opt/***/data/data.json
[2024-02-12T20:19:10.245+0000] {base.py:73} INFO - Using connection ID 'fs_default' for task execution.
[2024-02-12T20:19:10.246+0000] {filesystem.py:64} INFO - Poking for file /opt/***/data/data.json
[2024-02-12T20:19:20.264+0000] {base.py:73} INFO - Using connection ID 'fs_default' for task execution.
[2024-02-12T20:19:20.264+0000] {filesystem.py:64} INFO - Poking for file /opt/***/data/data.json
[2024-02-12T20:19:30.283+0000] {base.py:73} INFO - Using connection ID 'fs_default' for task execution.
[2024-02-12T20:19:30.284+0000] {filesystem.py:64} INFO - Poking for file /opt/***/data/data.json
[2024-02-12T20:19:40.297+0000] {base.py:73} INFO - Using connection ID 'fs_default' for task execution.
[2024-02-12T20:19:40.298+0000] {filesystem.py:64} INFO - Poking for file /opt/***/data/data.json
[2024-02-12T20:19:50.316+0000] {base.py:73} INFO - Using connection ID 'fs_default' for task execution.
[2024-02-12T20:19:50.317+0000] {filesystem.py:64} INFO - Poking for file /opt/***/data/data.json
[2024-02-12T20:20:00.334+0000] {base.py:73} INFO - Using connection ID 'fs_default' for task execution.
[2024-02-12T20:20:00.334+0000] {filesystem.py:64} INFO - Poking for file /opt/***/data/data.json
[2024-02-12T20:20:10.357+0000] {base.py:73} INFO - Using connection ID 'fs_default' for task execution.
[2024-02-12T20:20:10.357+0000] {filesystem.py:64} INFO - Poking for file /opt/***/data/data.json
[2024-02-12T20:20:20.379+0000] {base.py:73} INFO - Using connection ID 'fs_default' for task execution.
[2024-02-12T20:20:20.380+0000] {filesystem.py:64} INFO - Poking for file /opt/***/data/data.json
[2024-02-12T20:20:30.403+0000] {base.py:73} INFO - Using connection ID 'fs_default' for task execution.
[2024-02-12T20:20:30.404+0000] {filesystem.py:64} INFO - Poking for file /opt/***/data/data.json
[2024-02-12T20:20:40.436+0000] {base.py:73} INFO - Using connection ID 'fs_default' for task execution.
[2024-02-12T20:20:40.436+0000] {filesystem.py:64} INFO - Poking for file /opt/***/data/data.json
[2024-02-12T20:20:50.460+0000] {base.py:73} INFO - Using connection ID 'fs_default' for task execution.
[2024-02-12T20:20:50.460+0000] {filesystem.py:64} INFO - Poking for file /opt/***/data/data.json
[2024-02-12T20:21:00.491+0000] {base.py:73} INFO - Using connection ID 'fs_default' for task execution.
[2024-02-12T20:21:00.492+0000] {filesystem.py:64} INFO - Poking for file /opt/***/data/data.json
[2024-02-12T20:21:10.528+0000] {base.py:73} INFO - Using connection ID 'fs_default' for task execution.
[2024-02-12T20:21:10.529+0000] {filesystem.py:64} INFO - Poking for file /opt/***/data/data.json
[2024-02-12T20:21:20.565+0000] {base.py:73} INFO - Using connection ID 'fs_default' for task execution.
[2024-02-12T20:21:20.565+0000] {filesystem.py:64} INFO - Poking for file /opt/***/data/data.json
[2024-02-12T20:21:30.583+0000] {base.py:73} INFO - Using connection ID 'fs_default' for task execution.
[2024-02-12T20:21:30.583+0000] {filesystem.py:64} INFO - Poking for file /opt/***/data/data.json
[2024-02-12T20:21:40.602+0000] {base.py:73} INFO - Using connection ID 'fs_default' for task execution.
[2024-02-12T20:21:40.602+0000] {filesystem.py:64} INFO - Poking for file /opt/***/data/data.json
[2024-02-12T20:21:50.630+0000] {base.py:73} INFO - Using connection ID 'fs_default' for task execution.
[2024-02-12T20:21:50.630+0000] {filesystem.py:64} INFO - Poking for file /opt/***/data/data.json
[2024-02-12T20:22:00.663+0000] {base.py:73} INFO - Using connection ID 'fs_default' for task execution.
[2024-02-12T20:22:00.663+0000] {filesystem.py:64} INFO - Poking for file /opt/***/data/data.json
