[2024-02-12T12:00:51.158+0000] {taskinstance.py:1083} INFO - Dependencies all met for <TaskInstance: defaultargs.tsk2 scheduled__2024-02-12T11:00:00+00:00 [queued]>
[2024-02-12T12:00:51.262+0000] {taskinstance.py:1083} INFO - Dependencies all met for <TaskInstance: defaultargs.tsk2 scheduled__2024-02-12T11:00:00+00:00 [queued]>
[2024-02-12T12:00:51.262+0000] {taskinstance.py:1279} INFO - 
--------------------------------------------------------------------------------
[2024-02-12T12:00:51.263+0000] {taskinstance.py:1280} INFO - Starting attempt 1 of 2
[2024-02-12T12:00:51.263+0000] {taskinstance.py:1281} INFO - 
--------------------------------------------------------------------------------
[2024-02-12T12:00:51.329+0000] {taskinstance.py:1300} INFO - Executing <Task(BashOperator): tsk2> on 2024-02-12 11:00:00+00:00
[2024-02-12T12:00:51.345+0000] {standard_task_runner.py:55} INFO - Started process 1908 to run task
[2024-02-12T12:00:51.363+0000] {standard_task_runner.py:82} INFO - Running: ['***', 'tasks', 'run', 'defaultargs', 'tsk2', 'scheduled__2024-02-12T11:00:00+00:00', '--job-id', '1058', '--raw', '--subdir', 'DAGS_FOLDER/defaultargs.py', '--cfg-path', '/tmp/tmph8x_2ipu']
[2024-02-12T12:00:51.377+0000] {standard_task_runner.py:83} INFO - Job 1058: Subtask tsk2
[2024-02-12T12:00:51.654+0000] {task_command.py:388} INFO - Running <TaskInstance: defaultargs.tsk2 scheduled__2024-02-12T11:00:00+00:00 [running]> on host 253264584ea3
[2024-02-12T12:00:52.124+0000] {taskinstance.py:1509} INFO - Exporting the following env vars:
AIRFLOW_CTX_DAG_EMAIL=teste@teste.com
AIRFLOW_CTX_DAG_OWNER=***
AIRFLOW_CTX_DAG_ID=defaultargs
AIRFLOW_CTX_TASK_ID=tsk2
AIRFLOW_CTX_EXECUTION_DATE=2024-02-12T11:00:00+00:00
AIRFLOW_CTX_TRY_NUMBER=1
AIRFLOW_CTX_DAG_RUN_ID=scheduled__2024-02-12T11:00:00+00:00
[2024-02-12T12:00:52.143+0000] {subprocess.py:63} INFO - Tmp dir root location: 
 /tmp
[2024-02-12T12:00:52.144+0000] {subprocess.py:75} INFO - Running command: ['/bin/bash', '-c', 'sleep 5']
[2024-02-12T12:00:52.215+0000] {subprocess.py:86} INFO - Output:
[2024-02-12T12:00:57.263+0000] {subprocess.py:97} INFO - Command exited with return code 0
[2024-02-12T12:00:57.426+0000] {taskinstance.py:1323} INFO - Marking task as SUCCESS. dag_id=defaultargs, task_id=tsk2, execution_date=20240212T110000, start_date=20240212T120051, end_date=20240212T120057
[2024-02-12T12:00:57.519+0000] {local_task_job.py:208} INFO - Task exited with return code 0
[2024-02-12T12:00:57.585+0000] {taskinstance.py:2578} INFO - 1 downstream tasks scheduled from follow-on schedule check
