[2024-02-06T00:00:14.052+0000] {taskinstance.py:1083} INFO - Dependencies all met for <TaskInstance: defaultargs.tsk3 scheduled__2024-02-05T23:00:00+00:00 [queued]>
[2024-02-06T00:00:14.071+0000] {taskinstance.py:1083} INFO - Dependencies all met for <TaskInstance: defaultargs.tsk3 scheduled__2024-02-05T23:00:00+00:00 [queued]>
[2024-02-06T00:00:14.071+0000] {taskinstance.py:1279} INFO - 
--------------------------------------------------------------------------------
[2024-02-06T00:00:14.072+0000] {taskinstance.py:1280} INFO - Starting attempt 1 of 2
[2024-02-06T00:00:14.072+0000] {taskinstance.py:1281} INFO - 
--------------------------------------------------------------------------------
[2024-02-06T00:00:14.102+0000] {taskinstance.py:1300} INFO - Executing <Task(BashOperator): tsk3> on 2024-02-05 23:00:00+00:00
[2024-02-06T00:00:14.109+0000] {standard_task_runner.py:55} INFO - Started process 8769 to run task
[2024-02-06T00:00:14.113+0000] {standard_task_runner.py:82} INFO - Running: ['***', 'tasks', 'run', 'defaultargs', 'tsk3', 'scheduled__2024-02-05T23:00:00+00:00', '--job-id', '785', '--raw', '--subdir', 'DAGS_FOLDER/defaultargs.py', '--cfg-path', '/tmp/tmpt2m13as5']
[2024-02-06T00:00:14.113+0000] {standard_task_runner.py:83} INFO - Job 785: Subtask tsk3
[2024-02-06T00:00:14.213+0000] {task_command.py:388} INFO - Running <TaskInstance: defaultargs.tsk3 scheduled__2024-02-05T23:00:00+00:00 [running]> on host f8c98ce69515
[2024-02-06T00:00:14.383+0000] {taskinstance.py:1509} INFO - Exporting the following env vars:
AIRFLOW_CTX_DAG_EMAIL=teste@teste.com
AIRFLOW_CTX_DAG_OWNER=***
AIRFLOW_CTX_DAG_ID=defaultargs
AIRFLOW_CTX_TASK_ID=tsk3
AIRFLOW_CTX_EXECUTION_DATE=2024-02-05T23:00:00+00:00
AIRFLOW_CTX_TRY_NUMBER=1
AIRFLOW_CTX_DAG_RUN_ID=scheduled__2024-02-05T23:00:00+00:00
[2024-02-06T00:00:14.384+0000] {subprocess.py:63} INFO - Tmp dir root location: 
 /tmp
[2024-02-06T00:00:14.385+0000] {subprocess.py:75} INFO - Running command: ['/bin/bash', '-c', 'sleep 5']
[2024-02-06T00:00:14.405+0000] {subprocess.py:86} INFO - Output:
[2024-02-06T00:00:19.414+0000] {subprocess.py:97} INFO - Command exited with return code 0
[2024-02-06T00:00:19.457+0000] {taskinstance.py:1323} INFO - Marking task as SUCCESS. dag_id=defaultargs, task_id=tsk3, execution_date=20240205T230000, start_date=20240206T000014, end_date=20240206T000019
[2024-02-06T00:00:19.519+0000] {local_task_job.py:208} INFO - Task exited with return code 0
[2024-02-06T00:00:19.545+0000] {taskinstance.py:2578} INFO - 0 downstream tasks scheduled from follow-on schedule check
