[2024-01-27T18:11:04.623+0000] {taskinstance.py:1083} INFO - Dependencies all met for <TaskInstance: defaultargs.tsk1 manual__2024-01-27T18:11:02.255484+00:00 [queued]>
[2024-01-27T18:11:04.669+0000] {taskinstance.py:1083} INFO - Dependencies all met for <TaskInstance: defaultargs.tsk1 manual__2024-01-27T18:11:02.255484+00:00 [queued]>
[2024-01-27T18:11:04.669+0000] {taskinstance.py:1279} INFO - 
--------------------------------------------------------------------------------
[2024-01-27T18:11:04.669+0000] {taskinstance.py:1280} INFO - Starting attempt 1 of 4
[2024-01-27T18:11:04.669+0000] {taskinstance.py:1281} INFO - 
--------------------------------------------------------------------------------
[2024-01-27T18:11:04.766+0000] {taskinstance.py:1300} INFO - Executing <Task(BashOperator): tsk1> on 2024-01-27 18:11:02.255484+00:00
[2024-01-27T18:11:04.774+0000] {standard_task_runner.py:55} INFO - Started process 70344 to run task
[2024-01-27T18:11:04.782+0000] {standard_task_runner.py:82} INFO - Running: ['***', 'tasks', 'run', 'defaultargs', 'tsk1', 'manual__2024-01-27T18:11:02.255484+00:00', '--job-id', '84', '--raw', '--subdir', 'DAGS_FOLDER/defaultargs.py', '--cfg-path', '/tmp/tmp9sl_w_nk']
[2024-01-27T18:11:04.785+0000] {standard_task_runner.py:83} INFO - Job 84: Subtask tsk1
[2024-01-27T18:11:05.051+0000] {task_command.py:388} INFO - Running <TaskInstance: defaultargs.tsk1 manual__2024-01-27T18:11:02.255484+00:00 [running]> on host cd1b9fd02609
[2024-01-27T18:11:05.277+0000] {taskinstance.py:1509} INFO - Exporting the following env vars:
AIRFLOW_CTX_DAG_EMAIL=teste@teste.com
AIRFLOW_CTX_DAG_OWNER=***
AIRFLOW_CTX_DAG_ID=defaultargs
AIRFLOW_CTX_TASK_ID=tsk1
AIRFLOW_CTX_EXECUTION_DATE=2024-01-27T18:11:02.255484+00:00
AIRFLOW_CTX_TRY_NUMBER=1
AIRFLOW_CTX_DAG_RUN_ID=manual__2024-01-27T18:11:02.255484+00:00
[2024-01-27T18:11:05.280+0000] {subprocess.py:63} INFO - Tmp dir root location: 
 /tmp
[2024-01-27T18:11:05.281+0000] {subprocess.py:75} INFO - Running command: ['/bin/bash', '-c', 'sleep 5']
[2024-01-27T18:11:05.307+0000] {subprocess.py:86} INFO - Output:
[2024-01-27T18:11:10.312+0000] {subprocess.py:97} INFO - Command exited with return code 0
[2024-01-27T18:11:10.365+0000] {taskinstance.py:1323} INFO - Marking task as SUCCESS. dag_id=defaultargs, task_id=tsk1, execution_date=20240127T181102, start_date=20240127T181104, end_date=20240127T181110
[2024-01-27T18:11:10.392+0000] {local_task_job.py:208} INFO - Task exited with return code 0
[2024-01-27T18:11:10.438+0000] {taskinstance.py:2578} INFO - 1 downstream tasks scheduled from follow-on schedule check
