[2024-01-27T22:00:07.825+0000] {taskinstance.py:1083} INFO - Dependencies all met for <TaskInstance: defaultargs.tsk2 scheduled__2024-01-27T21:00:00+00:00 [queued]>
[2024-01-27T22:00:07.837+0000] {taskinstance.py:1083} INFO - Dependencies all met for <TaskInstance: defaultargs.tsk2 scheduled__2024-01-27T21:00:00+00:00 [queued]>
[2024-01-27T22:00:07.838+0000] {taskinstance.py:1279} INFO - 
--------------------------------------------------------------------------------
[2024-01-27T22:00:07.838+0000] {taskinstance.py:1280} INFO - Starting attempt 1 of 2
[2024-01-27T22:00:07.838+0000] {taskinstance.py:1281} INFO - 
--------------------------------------------------------------------------------
[2024-01-27T22:00:07.875+0000] {taskinstance.py:1300} INFO - Executing <Task(BashOperator): tsk2> on 2024-01-27 21:00:00+00:00
[2024-01-27T22:00:07.882+0000] {standard_task_runner.py:55} INFO - Started process 4353 to run task
[2024-01-27T22:00:07.886+0000] {standard_task_runner.py:82} INFO - Running: ['***', 'tasks', 'run', 'defaultargs', 'tsk2', 'scheduled__2024-01-27T21:00:00+00:00', '--job-id', '132', '--raw', '--subdir', 'DAGS_FOLDER/defaultargs.py', '--cfg-path', '/tmp/tmpe6n1w8qu']
[2024-01-27T22:00:07.887+0000] {standard_task_runner.py:83} INFO - Job 132: Subtask tsk2
[2024-01-27T22:00:08.024+0000] {task_command.py:388} INFO - Running <TaskInstance: defaultargs.tsk2 scheduled__2024-01-27T21:00:00+00:00 [running]> on host 5b3777e64f6c
[2024-01-27T22:00:08.227+0000] {taskinstance.py:1509} INFO - Exporting the following env vars:
AIRFLOW_CTX_DAG_EMAIL=teste@teste.com
AIRFLOW_CTX_DAG_OWNER=***
AIRFLOW_CTX_DAG_ID=defaultargs
AIRFLOW_CTX_TASK_ID=tsk2
AIRFLOW_CTX_EXECUTION_DATE=2024-01-27T21:00:00+00:00
AIRFLOW_CTX_TRY_NUMBER=1
AIRFLOW_CTX_DAG_RUN_ID=scheduled__2024-01-27T21:00:00+00:00
[2024-01-27T22:00:08.229+0000] {subprocess.py:63} INFO - Tmp dir root location: 
 /tmp
[2024-01-27T22:00:08.230+0000] {subprocess.py:75} INFO - Running command: ['/bin/bash', '-c', 'sleep 5']
[2024-01-27T22:00:08.243+0000] {subprocess.py:86} INFO - Output:
[2024-01-27T22:00:13.249+0000] {subprocess.py:97} INFO - Command exited with return code 0
[2024-01-27T22:00:13.315+0000] {taskinstance.py:1323} INFO - Marking task as SUCCESS. dag_id=defaultargs, task_id=tsk2, execution_date=20240127T210000, start_date=20240127T220007, end_date=20240127T220013
[2024-01-27T22:00:13.405+0000] {local_task_job.py:208} INFO - Task exited with return code 0
[2024-01-27T22:00:13.482+0000] {taskinstance.py:2578} INFO - 0 downstream tasks scheduled from follow-on schedule check
