[2024-01-22T11:10:40.594+0000] {taskinstance.py:1083} INFO - Dependencies all met for <TaskInstance: example_bash_operator.runme_0 scheduled__2024-01-21T00:00:00+00:00 [queued]>
[2024-01-22T11:10:40.655+0000] {taskinstance.py:1083} INFO - Dependencies all met for <TaskInstance: example_bash_operator.runme_0 scheduled__2024-01-21T00:00:00+00:00 [queued]>
[2024-01-22T11:10:40.655+0000] {taskinstance.py:1279} INFO - 
--------------------------------------------------------------------------------
[2024-01-22T11:10:40.656+0000] {taskinstance.py:1280} INFO - Starting attempt 1 of 1
[2024-01-22T11:10:40.656+0000] {taskinstance.py:1281} INFO - 
--------------------------------------------------------------------------------
[2024-01-22T11:10:40.768+0000] {taskinstance.py:1300} INFO - Executing <Task(BashOperator): runme_0> on 2024-01-21 00:00:00+00:00
[2024-01-22T11:10:40.794+0000] {standard_task_runner.py:55} INFO - Started process 992 to run task
[2024-01-22T11:10:40.803+0000] {standard_task_runner.py:82} INFO - Running: ['***', 'tasks', 'run', 'example_bash_operator', 'runme_0', 'scheduled__2024-01-21T00:00:00+00:00', '--job-id', '8', '--raw', '--subdir', '/home/***/.local/lib/python3.7/site-packages/***/example_dags/example_bash_operator.py', '--cfg-path', '/tmp/tmp03517mq1']
[2024-01-22T11:10:40.804+0000] {standard_task_runner.py:83} INFO - Job 8: Subtask runme_0
[2024-01-22T11:10:41.067+0000] {task_command.py:388} INFO - Running <TaskInstance: example_bash_operator.runme_0 scheduled__2024-01-21T00:00:00+00:00 [running]> on host 3ffaf915da01
[2024-01-22T11:10:41.310+0000] {taskinstance.py:1509} INFO - Exporting the following env vars:
AIRFLOW_CTX_DAG_OWNER=***
AIRFLOW_CTX_DAG_ID=example_bash_operator
AIRFLOW_CTX_TASK_ID=runme_0
AIRFLOW_CTX_EXECUTION_DATE=2024-01-21T00:00:00+00:00
AIRFLOW_CTX_TRY_NUMBER=1
AIRFLOW_CTX_DAG_RUN_ID=scheduled__2024-01-21T00:00:00+00:00
[2024-01-22T11:10:41.312+0000] {subprocess.py:63} INFO - Tmp dir root location: 
 /tmp
[2024-01-22T11:10:41.313+0000] {subprocess.py:75} INFO - Running command: ['/bin/bash', '-c', 'echo "example_bash_operator__runme_0__20240121" && sleep 1']
[2024-01-22T11:10:41.331+0000] {subprocess.py:86} INFO - Output:
[2024-01-22T11:10:41.335+0000] {subprocess.py:93} INFO - example_bash_operator__runme_0__20240121
[2024-01-22T11:10:42.337+0000] {subprocess.py:97} INFO - Command exited with return code 0
[2024-01-22T11:10:42.395+0000] {taskinstance.py:1323} INFO - Marking task as SUCCESS. dag_id=example_bash_operator, task_id=runme_0, execution_date=20240121T000000, start_date=20240122T111040, end_date=20240122T111042
[2024-01-22T11:10:42.461+0000] {local_task_job.py:208} INFO - Task exited with return code 0
[2024-01-22T11:10:42.509+0000] {taskinstance.py:2578} INFO - 1 downstream tasks scheduled from follow-on schedule check
