[2024-01-27T17:37:52.278+0000] {taskinstance.py:1083} INFO - Dependencies all met for <TaskInstance: dagrundag1.tsk2 manual__2024-01-27T17:37:36.382925+00:00 [queued]>
[2024-01-27T17:37:52.318+0000] {taskinstance.py:1083} INFO - Dependencies all met for <TaskInstance: dagrundag1.tsk2 manual__2024-01-27T17:37:36.382925+00:00 [queued]>
[2024-01-27T17:37:52.318+0000] {taskinstance.py:1279} INFO - 
--------------------------------------------------------------------------------
[2024-01-27T17:37:52.318+0000] {taskinstance.py:1280} INFO - Starting attempt 1 of 1
[2024-01-27T17:37:52.319+0000] {taskinstance.py:1281} INFO - 
--------------------------------------------------------------------------------
[2024-01-27T17:37:52.386+0000] {taskinstance.py:1300} INFO - Executing <Task(TriggerDagRunOperator): tsk2> on 2024-01-27 17:37:36.382925+00:00
[2024-01-27T17:37:52.393+0000] {standard_task_runner.py:55} INFO - Started process 68584 to run task
[2024-01-27T17:37:52.402+0000] {standard_task_runner.py:82} INFO - Running: ['***', 'tasks', 'run', 'dagrundag1', 'tsk2', 'manual__2024-01-27T17:37:36.382925+00:00', '--job-id', '76', '--raw', '--subdir', 'DAGS_FOLDER/dagrundag1.py', '--cfg-path', '/tmp/tmpgc5pp3ph']
[2024-01-27T17:37:52.403+0000] {standard_task_runner.py:83} INFO - Job 76: Subtask tsk2
[2024-01-27T17:37:52.603+0000] {task_command.py:388} INFO - Running <TaskInstance: dagrundag1.tsk2 manual__2024-01-27T17:37:36.382925+00:00 [running]> on host cd1b9fd02609
[2024-01-27T17:37:52.865+0000] {taskinstance.py:1509} INFO - Exporting the following env vars:
AIRFLOW_CTX_DAG_OWNER=***
AIRFLOW_CTX_DAG_ID=dagrundag1
AIRFLOW_CTX_TASK_ID=tsk2
AIRFLOW_CTX_EXECUTION_DATE=2024-01-27T17:37:36.382925+00:00
AIRFLOW_CTX_TRY_NUMBER=1
AIRFLOW_CTX_DAG_RUN_ID=manual__2024-01-27T17:37:36.382925+00:00
[2024-01-27T17:37:53.101+0000] {taskinstance.py:1323} INFO - Marking task as SUCCESS. dag_id=dagrundag1, task_id=tsk2, execution_date=20240127T173736, start_date=20240127T173752, end_date=20240127T173753
[2024-01-27T17:37:53.154+0000] {local_task_job.py:208} INFO - Task exited with return code 0
[2024-01-27T17:37:53.190+0000] {taskinstance.py:2578} INFO - 0 downstream tasks scheduled from follow-on schedule check
