[2024-01-24T11:30:25.224+0000] {taskinstance.py:1083} INFO - Dependencies all met for <TaskInstance: dagcomplexa.tsk8 manual__2024-01-24T11:29:56.936033+00:00 [queued]>
[2024-01-24T11:30:25.244+0000] {taskinstance.py:1083} INFO - Dependencies all met for <TaskInstance: dagcomplexa.tsk8 manual__2024-01-24T11:29:56.936033+00:00 [queued]>
[2024-01-24T11:30:25.245+0000] {taskinstance.py:1279} INFO - 
--------------------------------------------------------------------------------
[2024-01-24T11:30:25.245+0000] {taskinstance.py:1280} INFO - Starting attempt 1 of 1
[2024-01-24T11:30:25.245+0000] {taskinstance.py:1281} INFO - 
--------------------------------------------------------------------------------
[2024-01-24T11:30:25.265+0000] {taskinstance.py:1300} INFO - Executing <Task(BashOperator): tsk8> on 2024-01-24 11:29:56.936033+00:00
[2024-01-24T11:30:25.273+0000] {standard_task_runner.py:55} INFO - Started process 4973 to run task
[2024-01-24T11:30:25.278+0000] {standard_task_runner.py:82} INFO - Running: ['***', 'tasks', 'run', 'dagcomplexa', 'tsk8', 'manual__2024-01-24T11:29:56.936033+00:00', '--job-id', '53', '--raw', '--subdir', 'DAGS_FOLDER/dagcomplexa.py', '--cfg-path', '/tmp/tmpyu29z9pg']
[2024-01-24T11:30:25.279+0000] {standard_task_runner.py:83} INFO - Job 53: Subtask tsk8
[2024-01-24T11:30:25.409+0000] {task_command.py:388} INFO - Running <TaskInstance: dagcomplexa.tsk8 manual__2024-01-24T11:29:56.936033+00:00 [running]> on host cd1b9fd02609
[2024-01-24T11:30:25.542+0000] {taskinstance.py:1509} INFO - Exporting the following env vars:
AIRFLOW_CTX_DAG_OWNER=***
AIRFLOW_CTX_DAG_ID=dagcomplexa
AIRFLOW_CTX_TASK_ID=tsk8
AIRFLOW_CTX_EXECUTION_DATE=2024-01-24T11:29:56.936033+00:00
AIRFLOW_CTX_TRY_NUMBER=1
AIRFLOW_CTX_DAG_RUN_ID=manual__2024-01-24T11:29:56.936033+00:00
[2024-01-24T11:30:25.544+0000] {subprocess.py:63} INFO - Tmp dir root location: 
 /tmp
[2024-01-24T11:30:25.545+0000] {subprocess.py:75} INFO - Running command: ['/bin/bash', '-c', 'sleep 5']
[2024-01-24T11:30:25.568+0000] {subprocess.py:86} INFO - Output:
[2024-01-24T11:30:30.573+0000] {subprocess.py:97} INFO - Command exited with return code 0
[2024-01-24T11:30:30.615+0000] {taskinstance.py:1323} INFO - Marking task as SUCCESS. dag_id=dagcomplexa, task_id=tsk8, execution_date=20240124T112956, start_date=20240124T113025, end_date=20240124T113030
[2024-01-24T11:30:30.654+0000] {local_task_job.py:208} INFO - Task exited with return code 0
[2024-01-24T11:30:30.696+0000] {taskinstance.py:2578} INFO - 0 downstream tasks scheduled from follow-on schedule check
