[2024-02-02T11:20:18.531+0000] {taskinstance.py:1083} INFO - Dependencies all met for <TaskInstance: pool.tsk1 manual__2024-02-02T11:20:10.508450+00:00 [queued]>
[2024-02-02T11:20:18.547+0000] {taskinstance.py:1083} INFO - Dependencies all met for <TaskInstance: pool.tsk1 manual__2024-02-02T11:20:10.508450+00:00 [queued]>
[2024-02-02T11:20:18.547+0000] {taskinstance.py:1279} INFO - 
--------------------------------------------------------------------------------
[2024-02-02T11:20:18.547+0000] {taskinstance.py:1280} INFO - Starting attempt 1 of 1
[2024-02-02T11:20:18.547+0000] {taskinstance.py:1281} INFO - 
--------------------------------------------------------------------------------
[2024-02-02T11:20:18.565+0000] {taskinstance.py:1300} INFO - Executing <Task(BashOperator): tsk1> on 2024-02-02 11:20:10.508450+00:00
[2024-02-02T11:20:18.571+0000] {standard_task_runner.py:55} INFO - Started process 2653 to run task
[2024-02-02T11:20:18.577+0000] {standard_task_runner.py:82} INFO - Running: ['***', 'tasks', 'run', 'pool', 'tsk1', 'manual__2024-02-02T11:20:10.508450+00:00', '--job-id', '540', '--raw', '--subdir', 'DAGS_FOLDER/pool.py', '--cfg-path', '/tmp/tmpoiol8_1q']
[2024-02-02T11:20:18.577+0000] {standard_task_runner.py:83} INFO - Job 540: Subtask tsk1
[2024-02-02T11:20:18.662+0000] {task_command.py:388} INFO - Running <TaskInstance: pool.tsk1 manual__2024-02-02T11:20:10.508450+00:00 [running]> on host 5b3777e64f6c
[2024-02-02T11:20:18.760+0000] {taskinstance.py:1509} INFO - Exporting the following env vars:
AIRFLOW_CTX_DAG_OWNER=***
AIRFLOW_CTX_DAG_ID=pool
AIRFLOW_CTX_TASK_ID=tsk1
AIRFLOW_CTX_EXECUTION_DATE=2024-02-02T11:20:10.508450+00:00
AIRFLOW_CTX_TRY_NUMBER=1
AIRFLOW_CTX_DAG_RUN_ID=manual__2024-02-02T11:20:10.508450+00:00
[2024-02-02T11:20:18.761+0000] {subprocess.py:63} INFO - Tmp dir root location: 
 /tmp
[2024-02-02T11:20:18.761+0000] {subprocess.py:75} INFO - Running command: ['/bin/bash', '-c', 'sleep 5']
[2024-02-02T11:20:18.774+0000] {subprocess.py:86} INFO - Output:
[2024-02-02T11:20:23.781+0000] {subprocess.py:97} INFO - Command exited with return code 0
[2024-02-02T11:20:23.823+0000] {taskinstance.py:1323} INFO - Marking task as SUCCESS. dag_id=pool, task_id=tsk1, execution_date=20240202T112010, start_date=20240202T112018, end_date=20240202T112023
[2024-02-02T11:20:23.879+0000] {local_task_job.py:208} INFO - Task exited with return code 0
[2024-02-02T11:20:23.919+0000] {taskinstance.py:2578} INFO - 0 downstream tasks scheduled from follow-on schedule check
