[2024-01-23T11:32:59.691+0000] {taskinstance.py:1083} INFO - Dependencies all met for <TaskInstance: segunda_dag.tsk1 manual__2024-01-23T11:32:58.456032+00:00 [queued]>
[2024-01-23T11:32:59.704+0000] {taskinstance.py:1083} INFO - Dependencies all met for <TaskInstance: segunda_dag.tsk1 manual__2024-01-23T11:32:58.456032+00:00 [queued]>
[2024-01-23T11:32:59.705+0000] {taskinstance.py:1279} INFO - 
--------------------------------------------------------------------------------
[2024-01-23T11:32:59.705+0000] {taskinstance.py:1280} INFO - Starting attempt 1 of 1
[2024-01-23T11:32:59.705+0000] {taskinstance.py:1281} INFO - 
--------------------------------------------------------------------------------
[2024-01-23T11:32:59.722+0000] {taskinstance.py:1300} INFO - Executing <Task(BashOperator): tsk1> on 2024-01-23 11:32:58.456032+00:00
[2024-01-23T11:32:59.728+0000] {standard_task_runner.py:55} INFO - Started process 8440 to run task
[2024-01-23T11:32:59.733+0000] {standard_task_runner.py:82} INFO - Running: ['***', 'tasks', 'run', 'segunda_dag', 'tsk1', 'manual__2024-01-23T11:32:58.456032+00:00', '--job-id', '23', '--raw', '--subdir', 'DAGS_FOLDER/segundadag.py', '--cfg-path', '/tmp/tmpu2rdsif8']
[2024-01-23T11:32:59.734+0000] {standard_task_runner.py:83} INFO - Job 23: Subtask tsk1
[2024-01-23T11:32:59.815+0000] {task_command.py:388} INFO - Running <TaskInstance: segunda_dag.tsk1 manual__2024-01-23T11:32:58.456032+00:00 [running]> on host cd1b9fd02609
[2024-01-23T11:32:59.907+0000] {taskinstance.py:1509} INFO - Exporting the following env vars:
AIRFLOW_CTX_DAG_OWNER=***
AIRFLOW_CTX_DAG_ID=segunda_dag
AIRFLOW_CTX_TASK_ID=tsk1
AIRFLOW_CTX_EXECUTION_DATE=2024-01-23T11:32:58.456032+00:00
AIRFLOW_CTX_TRY_NUMBER=1
AIRFLOW_CTX_DAG_RUN_ID=manual__2024-01-23T11:32:58.456032+00:00
[2024-01-23T11:32:59.908+0000] {subprocess.py:63} INFO - Tmp dir root location: 
 /tmp
[2024-01-23T11:32:59.909+0000] {subprocess.py:75} INFO - Running command: ['/bin/bash', '-c', 'sleep 5']
[2024-01-23T11:32:59.923+0000] {subprocess.py:86} INFO - Output:
[2024-01-23T11:33:04.929+0000] {subprocess.py:97} INFO - Command exited with return code 0
[2024-01-23T11:33:05.008+0000] {taskinstance.py:1323} INFO - Marking task as SUCCESS. dag_id=segunda_dag, task_id=tsk1, execution_date=20240123T113258, start_date=20240123T113259, end_date=20240123T113305
[2024-01-23T11:33:05.066+0000] {local_task_job.py:208} INFO - Task exited with return code 0
[2024-01-23T11:33:05.092+0000] {taskinstance.py:2578} INFO - 2 downstream tasks scheduled from follow-on schedule check
