[2024-01-27T17:39:05.751+0000] {taskinstance.py:1083} INFO - Dependencies all met for <TaskInstance: dagrundag1.tsk2 manual__2024-01-27T17:38:52.662018+00:00 [queued]>
[2024-01-27T17:39:05.774+0000] {taskinstance.py:1083} INFO - Dependencies all met for <TaskInstance: dagrundag1.tsk2 manual__2024-01-27T17:38:52.662018+00:00 [queued]>
[2024-01-27T17:39:05.774+0000] {taskinstance.py:1279} INFO - 
--------------------------------------------------------------------------------
[2024-01-27T17:39:05.774+0000] {taskinstance.py:1280} INFO - Starting attempt 1 of 1
[2024-01-27T17:39:05.774+0000] {taskinstance.py:1281} INFO - 
--------------------------------------------------------------------------------
[2024-01-27T17:39:05.800+0000] {taskinstance.py:1300} INFO - Executing <Task(TriggerDagRunOperator): tsk2> on 2024-01-27 17:38:52.662018+00:00
[2024-01-27T17:39:05.808+0000] {standard_task_runner.py:55} INFO - Started process 68647 to run task
[2024-01-27T17:39:05.812+0000] {standard_task_runner.py:82} INFO - Running: ['***', 'tasks', 'run', 'dagrundag1', 'tsk2', 'manual__2024-01-27T17:38:52.662018+00:00', '--job-id', '80', '--raw', '--subdir', 'DAGS_FOLDER/dagrundag1.py', '--cfg-path', '/tmp/tmpur5qz5v6']
[2024-01-27T17:39:05.813+0000] {standard_task_runner.py:83} INFO - Job 80: Subtask tsk2
[2024-01-27T17:39:05.921+0000] {task_command.py:388} INFO - Running <TaskInstance: dagrundag1.tsk2 manual__2024-01-27T17:38:52.662018+00:00 [running]> on host cd1b9fd02609
[2024-01-27T17:39:06.078+0000] {taskinstance.py:1509} INFO - Exporting the following env vars:
AIRFLOW_CTX_DAG_OWNER=***
AIRFLOW_CTX_DAG_ID=dagrundag1
AIRFLOW_CTX_TASK_ID=tsk2
AIRFLOW_CTX_EXECUTION_DATE=2024-01-27T17:38:52.662018+00:00
AIRFLOW_CTX_TRY_NUMBER=1
AIRFLOW_CTX_DAG_RUN_ID=manual__2024-01-27T17:38:52.662018+00:00
[2024-01-27T17:39:06.265+0000] {taskinstance.py:1323} INFO - Marking task as SUCCESS. dag_id=dagrundag1, task_id=tsk2, execution_date=20240127T173852, start_date=20240127T173905, end_date=20240127T173906
[2024-01-27T17:39:06.314+0000] {local_task_job.py:208} INFO - Task exited with return code 0
[2024-01-27T17:39:06.343+0000] {taskinstance.py:2578} INFO - 0 downstream tasks scheduled from follow-on schedule check
