[2024-02-11T23:26:45.149+0000] {taskinstance.py:1083} INFO - Dependencies all met for <TaskInstance: hook.create_table_task manual__2024-02-11T23:26:43.562242+00:00 [queued]>
[2024-02-11T23:26:45.170+0000] {taskinstance.py:1083} INFO - Dependencies all met for <TaskInstance: hook.create_table_task manual__2024-02-11T23:26:43.562242+00:00 [queued]>
[2024-02-11T23:26:45.170+0000] {taskinstance.py:1279} INFO - 
--------------------------------------------------------------------------------
[2024-02-11T23:26:45.171+0000] {taskinstance.py:1280} INFO - Starting attempt 1 of 1
[2024-02-11T23:26:45.171+0000] {taskinstance.py:1281} INFO - 
--------------------------------------------------------------------------------
[2024-02-11T23:26:45.202+0000] {taskinstance.py:1300} INFO - Executing <Task(PythonOperator): create_table_task> on 2024-02-11 23:26:43.562242+00:00
[2024-02-11T23:26:45.209+0000] {standard_task_runner.py:55} INFO - Started process 117250 to run task
[2024-02-11T23:26:45.218+0000] {standard_task_runner.py:82} INFO - Running: ['***', 'tasks', 'run', 'hook', 'create_table_task', 'manual__2024-02-11T23:26:43.562242+00:00', '--job-id', '1007', '--raw', '--subdir', 'DAGS_FOLDER/hooks.py', '--cfg-path', '/tmp/tmpsqaommqa']
[2024-02-11T23:26:45.219+0000] {standard_task_runner.py:83} INFO - Job 1007: Subtask create_table_task
[2024-02-11T23:26:45.341+0000] {task_command.py:388} INFO - Running <TaskInstance: hook.create_table_task manual__2024-02-11T23:26:43.562242+00:00 [running]> on host f8c98ce69515
[2024-02-11T23:26:45.444+0000] {taskinstance.py:1509} INFO - Exporting the following env vars:
AIRFLOW_CTX_DAG_OWNER=***
AIRFLOW_CTX_DAG_ID=hook
AIRFLOW_CTX_TASK_ID=create_table_task
AIRFLOW_CTX_EXECUTION_DATE=2024-02-11T23:26:43.562242+00:00
AIRFLOW_CTX_TRY_NUMBER=1
AIRFLOW_CTX_DAG_RUN_ID=manual__2024-02-11T23:26:43.562242+00:00
[2024-02-11T23:26:45.457+0000] {base.py:73} INFO - Using connection ID 'postgres' for task execution.
[2024-02-11T23:26:45.468+0000] {sql.py:375} INFO - Running statement: create table if not exists teste2(id int);, parameters: None
[2024-02-11T23:26:45.469+0000] {python.py:177} INFO - Done. Returned value was: None
[2024-02-11T23:26:45.509+0000] {taskinstance.py:1323} INFO - Marking task as SUCCESS. dag_id=hook, task_id=create_table_task, execution_date=20240211T232643, start_date=20240211T232645, end_date=20240211T232645
[2024-02-11T23:26:45.573+0000] {local_task_job.py:208} INFO - Task exited with return code 0
[2024-02-11T23:26:45.659+0000] {taskinstance.py:2578} INFO - 0 downstream tasks scheduled from follow-on schedule check
