[2024-02-12T19:27:06.857+0000] {taskinstance.py:1083} INFO - Dependencies all met for <TaskInstance: windturbine.group_database.create_table scheduled__2024-02-12T19:24:00+00:00 [queued]>
[2024-02-12T19:27:06.881+0000] {taskinstance.py:1083} INFO - Dependencies all met for <TaskInstance: windturbine.group_database.create_table scheduled__2024-02-12T19:24:00+00:00 [queued]>
[2024-02-12T19:27:06.881+0000] {taskinstance.py:1279} INFO - 
--------------------------------------------------------------------------------
[2024-02-12T19:27:06.882+0000] {taskinstance.py:1280} INFO - Starting attempt 1 of 2
[2024-02-12T19:27:06.882+0000] {taskinstance.py:1281} INFO - 
--------------------------------------------------------------------------------
[2024-02-12T19:27:06.919+0000] {taskinstance.py:1300} INFO - Executing <Task(PostgresOperator): group_database.create_table> on 2024-02-12 19:24:00+00:00
[2024-02-12T19:27:06.936+0000] {standard_task_runner.py:82} INFO - Running: ['***', 'tasks', 'run', 'windturbine', 'group_database.create_table', 'scheduled__2024-02-12T19:24:00+00:00', '--job-id', '1130', '--raw', '--subdir', 'DAGS_FOLDER/windturbine.py', '--cfg-path', '/tmp/tmpewruukug']
[2024-02-12T19:27:06.939+0000] {standard_task_runner.py:83} INFO - Job 1130: Subtask group_database.create_table
[2024-02-12T19:27:06.929+0000] {standard_task_runner.py:55} INFO - Started process 2157 to run task
[2024-02-12T19:27:07.192+0000] {task_command.py:388} INFO - Running <TaskInstance: windturbine.group_database.create_table scheduled__2024-02-12T19:24:00+00:00 [running]> on host b5b8d61630c3
[2024-02-12T19:27:07.446+0000] {taskinstance.py:1509} INFO - Exporting the following env vars:
AIRFLOW_CTX_DAG_EMAIL=guilherme.ribeiro.business@gmail.com
AIRFLOW_CTX_DAG_OWNER=***
AIRFLOW_CTX_DAG_ID=windturbine
AIRFLOW_CTX_TASK_ID=group_database.create_table
AIRFLOW_CTX_EXECUTION_DATE=2024-02-12T19:24:00+00:00
AIRFLOW_CTX_TRY_NUMBER=1
AIRFLOW_CTX_DAG_RUN_ID=scheduled__2024-02-12T19:24:00+00:00
[2024-02-12T19:27:07.447+0000] {sql.py:254} INFO - Executing: create table if not exists
                                sensors (idtemp varchar, powerfactor varchar,
                                hydraulicpressure varchar, temperature varchar,
                                timestamp varchar);
                                
[2024-02-12T19:27:07.487+0000] {base.py:73} INFO - Using connection ID 'postgres' for task execution.
[2024-02-12T19:27:08.510+0000] {base.py:73} INFO - Using connection ID 'postgres' for task execution.
[2024-02-12T19:27:08.525+0000] {sql.py:375} INFO - Running statement: create table if not exists
                                sensors (idtemp varchar, powerfactor varchar,
                                hydraulicpressure varchar, temperature varchar,
                                timestamp varchar);
                                , parameters: None
[2024-02-12T19:27:08.574+0000] {taskinstance.py:1323} INFO - Marking task as SUCCESS. dag_id=windturbine, task_id=group_database.create_table, execution_date=20240212T192400, start_date=20240212T192706, end_date=20240212T192708
[2024-02-12T19:27:08.669+0000] {local_task_job.py:208} INFO - Task exited with return code 0
[2024-02-12T19:27:08.751+0000] {taskinstance.py:2578} INFO - 1 downstream tasks scheduled from follow-on schedule check
