[2024-01-23T11:36:37.043+0000] {taskinstance.py:1083} INFO - Dependencies all met for <TaskInstance: terceira_dag.tsk2 manual__2024-01-23T11:36:35.397021+00:00 [queued]>
[2024-01-23T11:36:37.063+0000] {taskinstance.py:1083} INFO - Dependencies all met for <TaskInstance: terceira_dag.tsk2 manual__2024-01-23T11:36:35.397021+00:00 [queued]>
[2024-01-23T11:36:37.064+0000] {taskinstance.py:1279} INFO - 
--------------------------------------------------------------------------------
[2024-01-23T11:36:37.064+0000] {taskinstance.py:1280} INFO - Starting attempt 1 of 1
[2024-01-23T11:36:37.065+0000] {taskinstance.py:1281} INFO - 
--------------------------------------------------------------------------------
[2024-01-23T11:36:37.087+0000] {taskinstance.py:1300} INFO - Executing <Task(BashOperator): tsk2> on 2024-01-23 11:36:35.397021+00:00
[2024-01-23T11:36:37.095+0000] {standard_task_runner.py:55} INFO - Started process 8646 to run task
[2024-01-23T11:36:37.100+0000] {standard_task_runner.py:82} INFO - Running: ['***', 'tasks', 'run', 'terceira_dag', 'tsk2', 'manual__2024-01-23T11:36:35.397021+00:00', '--job-id', '27', '--raw', '--subdir', 'DAGS_FOLDER/terceiradag.py', '--cfg-path', '/tmp/tmp1bl2d3zo']
[2024-01-23T11:36:37.100+0000] {standard_task_runner.py:83} INFO - Job 27: Subtask tsk2
[2024-01-23T11:36:37.214+0000] {task_command.py:388} INFO - Running <TaskInstance: terceira_dag.tsk2 manual__2024-01-23T11:36:35.397021+00:00 [running]> on host cd1b9fd02609
[2024-01-23T11:36:37.350+0000] {taskinstance.py:1509} INFO - Exporting the following env vars:
AIRFLOW_CTX_DAG_OWNER=***
AIRFLOW_CTX_DAG_ID=terceira_dag
AIRFLOW_CTX_TASK_ID=tsk2
AIRFLOW_CTX_EXECUTION_DATE=2024-01-23T11:36:35.397021+00:00
AIRFLOW_CTX_TRY_NUMBER=1
AIRFLOW_CTX_DAG_RUN_ID=manual__2024-01-23T11:36:35.397021+00:00
[2024-01-23T11:36:37.351+0000] {subprocess.py:63} INFO - Tmp dir root location: 
 /tmp
[2024-01-23T11:36:37.352+0000] {subprocess.py:75} INFO - Running command: ['/bin/bash', '-c', 'sleep 5']
[2024-01-23T11:36:37.369+0000] {subprocess.py:86} INFO - Output:
[2024-01-23T11:36:42.376+0000] {subprocess.py:97} INFO - Command exited with return code 0
[2024-01-23T11:36:42.428+0000] {taskinstance.py:1323} INFO - Marking task as SUCCESS. dag_id=terceira_dag, task_id=tsk2, execution_date=20240123T113635, start_date=20240123T113637, end_date=20240123T113642
[2024-01-23T11:36:42.469+0000] {local_task_job.py:208} INFO - Task exited with return code 0
[2024-01-23T11:36:42.520+0000] {taskinstance.py:2578} INFO - 0 downstream tasks scheduled from follow-on schedule check
