[2024-02-02T12:06:04.050+0000] {taskinstance.py:1083} INFO - Dependencies all met for <TaskInstance: branch.branch_task manual__2024-02-02T12:06:00.152970+00:00 [queued]>
[2024-02-02T12:06:04.077+0000] {taskinstance.py:1083} INFO - Dependencies all met for <TaskInstance: branch.branch_task manual__2024-02-02T12:06:00.152970+00:00 [queued]>
[2024-02-02T12:06:04.078+0000] {taskinstance.py:1279} INFO - 
--------------------------------------------------------------------------------
[2024-02-02T12:06:04.079+0000] {taskinstance.py:1280} INFO - Starting attempt 1 of 1
[2024-02-02T12:06:04.079+0000] {taskinstance.py:1281} INFO - 
--------------------------------------------------------------------------------
[2024-02-02T12:06:04.112+0000] {taskinstance.py:1300} INFO - Executing <Task(BranchPythonOperator): branch_task> on 2024-02-02 12:06:00.152970+00:00
[2024-02-02T12:06:04.125+0000] {standard_task_runner.py:55} INFO - Started process 5013 to run task
[2024-02-02T12:06:04.135+0000] {standard_task_runner.py:82} INFO - Running: ['***', 'tasks', 'run', 'branch', 'branch_task', 'manual__2024-02-02T12:06:00.152970+00:00', '--job-id', '568', '--raw', '--subdir', 'DAGS_FOLDER/branchs.py', '--cfg-path', '/tmp/tmp5tqp_9ls']
[2024-02-02T12:06:04.136+0000] {standard_task_runner.py:83} INFO - Job 568: Subtask branch_task
[2024-02-02T12:06:04.274+0000] {task_command.py:388} INFO - Running <TaskInstance: branch.branch_task manual__2024-02-02T12:06:00.152970+00:00 [running]> on host 5b3777e64f6c
[2024-02-02T12:06:04.394+0000] {taskinstance.py:1509} INFO - Exporting the following env vars:
AIRFLOW_CTX_DAG_OWNER=***
AIRFLOW_CTX_DAG_ID=branch
AIRFLOW_CTX_TASK_ID=branch_task
AIRFLOW_CTX_EXECUTION_DATE=2024-02-02T12:06:00.152970+00:00
AIRFLOW_CTX_TRY_NUMBER=1
AIRFLOW_CTX_DAG_RUN_ID=manual__2024-02-02T12:06:00.152970+00:00
[2024-02-02T12:06:04.414+0000] {python.py:177} INFO - Done. Returned value was: par_task
[2024-02-02T12:06:04.415+0000] {python.py:211} INFO - Branch callable return par_task
[2024-02-02T12:06:04.415+0000] {skipmixin.py:155} INFO - Following branch par_task
[2024-02-02T12:06:04.415+0000] {skipmixin.py:211} INFO - Skipping tasks ['impar_task']
[2024-02-02T12:06:04.474+0000] {taskinstance.py:1323} INFO - Marking task as SUCCESS. dag_id=branch, task_id=branch_task, execution_date=20240202T120600, start_date=20240202T120604, end_date=20240202T120604
[2024-02-02T12:06:04.501+0000] {local_task_job.py:208} INFO - Task exited with return code 0
[2024-02-02T12:06:04.548+0000] {taskinstance.py:2578} INFO - 1 downstream tasks scheduled from follow-on schedule check
