[2024-02-10T22:08:10.920+0000] {taskinstance.py:1083} INFO - Dependencies all met for <TaskInstance: bancodedados.create_table manual__2024-02-10T22:08:09.917998+00:00 [queued]>
[2024-02-10T22:08:10.940+0000] {taskinstance.py:1083} INFO - Dependencies all met for <TaskInstance: bancodedados.create_table manual__2024-02-10T22:08:09.917998+00:00 [queued]>
[2024-02-10T22:08:10.941+0000] {taskinstance.py:1279} INFO - 
--------------------------------------------------------------------------------
[2024-02-10T22:08:10.941+0000] {taskinstance.py:1280} INFO - Starting attempt 1 of 1
[2024-02-10T22:08:10.941+0000] {taskinstance.py:1281} INFO - 
--------------------------------------------------------------------------------
[2024-02-10T22:08:10.973+0000] {taskinstance.py:1300} INFO - Executing <Task(PostgresOperator): create_table> on 2024-02-10 22:08:09.917998+00:00
[2024-02-10T22:08:10.980+0000] {standard_task_runner.py:55} INFO - Started process 34792 to run task
[2024-02-10T22:08:10.985+0000] {standard_task_runner.py:82} INFO - Running: ['***', 'tasks', 'run', 'bancodedados', 'create_table', 'manual__2024-02-10T22:08:09.917998+00:00', '--job-id', '924', '--raw', '--subdir', 'DAGS_FOLDER/bancodedados.py', '--cfg-path', '/tmp/tmpfpw7600j']
[2024-02-10T22:08:10.986+0000] {standard_task_runner.py:83} INFO - Job 924: Subtask create_table
[2024-02-10T22:08:11.089+0000] {task_command.py:388} INFO - Running <TaskInstance: bancodedados.create_table manual__2024-02-10T22:08:09.917998+00:00 [running]> on host f8c98ce69515
[2024-02-10T22:08:11.186+0000] {taskinstance.py:1509} INFO - Exporting the following env vars:
AIRFLOW_CTX_DAG_OWNER=***
AIRFLOW_CTX_DAG_ID=bancodedados
AIRFLOW_CTX_TASK_ID=create_table
AIRFLOW_CTX_EXECUTION_DATE=2024-02-10T22:08:09.917998+00:00
AIRFLOW_CTX_TRY_NUMBER=1
AIRFLOW_CTX_DAG_RUN_ID=manual__2024-02-10T22:08:09.917998+00:00
[2024-02-10T22:08:11.186+0000] {sql.py:254} INFO - Executing: create table if not exists teste(id int);
[2024-02-10T22:08:11.197+0000] {base.py:73} INFO - Using connection ID 'postgres' for task execution.
[2024-02-10T22:08:11.548+0000] {base.py:73} INFO - Using connection ID 'postgres' for task execution.
[2024-02-10T22:08:11.554+0000] {sql.py:375} INFO - Running statement: create table if not exists teste(id int);, parameters: None
[2024-02-10T22:08:11.575+0000] {taskinstance.py:1323} INFO - Marking task as SUCCESS. dag_id=bancodedados, task_id=create_table, execution_date=20240210T220809, start_date=20240210T220810, end_date=20240210T220811
[2024-02-10T22:08:11.639+0000] {local_task_job.py:208} INFO - Task exited with return code 0
[2024-02-10T22:08:11.711+0000] {taskinstance.py:2578} INFO - 1 downstream tasks scheduled from follow-on schedule check
