[2024-02-06T08:00:07.397+0000] {taskinstance.py:1083} INFO - Dependencies all met for <TaskInstance: defaultargs.tsk2 scheduled__2024-02-06T07:00:00+00:00 [queued]>
[2024-02-06T08:00:07.410+0000] {taskinstance.py:1083} INFO - Dependencies all met for <TaskInstance: defaultargs.tsk2 scheduled__2024-02-06T07:00:00+00:00 [queued]>
[2024-02-06T08:00:07.411+0000] {taskinstance.py:1279} INFO - 
--------------------------------------------------------------------------------
[2024-02-06T08:00:07.411+0000] {taskinstance.py:1280} INFO - Starting attempt 1 of 2
[2024-02-06T08:00:07.411+0000] {taskinstance.py:1281} INFO - 
--------------------------------------------------------------------------------
[2024-02-06T08:00:07.427+0000] {taskinstance.py:1300} INFO - Executing <Task(BashOperator): tsk2> on 2024-02-06 07:00:00+00:00
[2024-02-06T08:00:07.433+0000] {standard_task_runner.py:55} INFO - Started process 35318 to run task
[2024-02-06T08:00:07.437+0000] {standard_task_runner.py:82} INFO - Running: ['***', 'tasks', 'run', 'defaultargs', 'tsk2', 'scheduled__2024-02-06T07:00:00+00:00', '--job-id', '808', '--raw', '--subdir', 'DAGS_FOLDER/defaultargs.py', '--cfg-path', '/tmp/tmpm6xj1rj8']
[2024-02-06T08:00:07.438+0000] {standard_task_runner.py:83} INFO - Job 808: Subtask tsk2
[2024-02-06T08:00:07.517+0000] {task_command.py:388} INFO - Running <TaskInstance: defaultargs.tsk2 scheduled__2024-02-06T07:00:00+00:00 [running]> on host f8c98ce69515
[2024-02-06T08:00:07.611+0000] {taskinstance.py:1509} INFO - Exporting the following env vars:
AIRFLOW_CTX_DAG_EMAIL=teste@teste.com
AIRFLOW_CTX_DAG_OWNER=***
AIRFLOW_CTX_DAG_ID=defaultargs
AIRFLOW_CTX_TASK_ID=tsk2
AIRFLOW_CTX_EXECUTION_DATE=2024-02-06T07:00:00+00:00
AIRFLOW_CTX_TRY_NUMBER=1
AIRFLOW_CTX_DAG_RUN_ID=scheduled__2024-02-06T07:00:00+00:00
[2024-02-06T08:00:07.612+0000] {subprocess.py:63} INFO - Tmp dir root location: 
 /tmp
[2024-02-06T08:00:07.613+0000] {subprocess.py:75} INFO - Running command: ['/bin/bash', '-c', 'sleep 5']
[2024-02-06T08:00:07.625+0000] {subprocess.py:86} INFO - Output:
[2024-02-06T08:00:12.631+0000] {subprocess.py:97} INFO - Command exited with return code 0
[2024-02-06T08:00:12.699+0000] {taskinstance.py:1323} INFO - Marking task as SUCCESS. dag_id=defaultargs, task_id=tsk2, execution_date=20240206T070000, start_date=20240206T080007, end_date=20240206T080012
[2024-02-06T08:00:12.758+0000] {local_task_job.py:208} INFO - Task exited with return code 0
[2024-02-06T08:00:12.791+0000] {taskinstance.py:2578} INFO - 1 downstream tasks scheduled from follow-on schedule check
