[2024-02-07T11:00:15.390+0000] {taskinstance.py:1083} INFO - Dependencies all met for <TaskInstance: defaultargs.tsk3 scheduled__2024-02-07T10:00:00+00:00 [queued]>
[2024-02-07T11:00:15.412+0000] {taskinstance.py:1083} INFO - Dependencies all met for <TaskInstance: defaultargs.tsk3 scheduled__2024-02-07T10:00:00+00:00 [queued]>
[2024-02-07T11:00:15.413+0000] {taskinstance.py:1279} INFO - 
--------------------------------------------------------------------------------
[2024-02-07T11:00:15.413+0000] {taskinstance.py:1280} INFO - Starting attempt 1 of 2
[2024-02-07T11:00:15.413+0000] {taskinstance.py:1281} INFO - 
--------------------------------------------------------------------------------
[2024-02-07T11:00:15.452+0000] {taskinstance.py:1300} INFO - Executing <Task(BashOperator): tsk3> on 2024-02-07 10:00:00+00:00
[2024-02-07T11:00:15.459+0000] {standard_task_runner.py:55} INFO - Started process 7933 to run task
[2024-02-07T11:00:15.464+0000] {standard_task_runner.py:82} INFO - Running: ['***', 'tasks', 'run', 'defaultargs', 'tsk3', 'scheduled__2024-02-07T10:00:00+00:00', '--job-id', '850', '--raw', '--subdir', 'DAGS_FOLDER/defaultargs.py', '--cfg-path', '/tmp/tmp12apwfht']
[2024-02-07T11:00:15.465+0000] {standard_task_runner.py:83} INFO - Job 850: Subtask tsk3
[2024-02-07T11:00:15.621+0000] {task_command.py:388} INFO - Running <TaskInstance: defaultargs.tsk3 scheduled__2024-02-07T10:00:00+00:00 [running]> on host f8c98ce69515
[2024-02-07T11:00:15.814+0000] {taskinstance.py:1509} INFO - Exporting the following env vars:
AIRFLOW_CTX_DAG_EMAIL=teste@teste.com
AIRFLOW_CTX_DAG_OWNER=***
AIRFLOW_CTX_DAG_ID=defaultargs
AIRFLOW_CTX_TASK_ID=tsk3
AIRFLOW_CTX_EXECUTION_DATE=2024-02-07T10:00:00+00:00
AIRFLOW_CTX_TRY_NUMBER=1
AIRFLOW_CTX_DAG_RUN_ID=scheduled__2024-02-07T10:00:00+00:00
[2024-02-07T11:00:15.816+0000] {subprocess.py:63} INFO - Tmp dir root location: 
 /tmp
[2024-02-07T11:00:15.817+0000] {subprocess.py:75} INFO - Running command: ['/bin/bash', '-c', 'sleep 5']
[2024-02-07T11:00:15.836+0000] {subprocess.py:86} INFO - Output:
[2024-02-07T11:00:20.846+0000] {subprocess.py:97} INFO - Command exited with return code 0
[2024-02-07T11:00:20.929+0000] {taskinstance.py:1323} INFO - Marking task as SUCCESS. dag_id=defaultargs, task_id=tsk3, execution_date=20240207T100000, start_date=20240207T110015, end_date=20240207T110020
[2024-02-07T11:00:21.013+0000] {local_task_job.py:208} INFO - Task exited with return code 0
[2024-02-07T11:00:21.066+0000] {taskinstance.py:2578} INFO - 0 downstream tasks scheduled from follow-on schedule check
